[2020/08/17-08:42:44][main][INFO ][net.blog.BlogApplication]:BlogApplication run...
[2020/08/17-08:42:45][main][INFO ][net.blog.BlogApplication]:Starting BlogApplication on Innovation with PID 8568 (D:\Codes\BlogSystem\target\classes started by ETNJL in D:\Codes\BlogSystem)
[2020/08/17-08:42:45][main][INFO ][net.blog.BlogApplication]:The following profiles are active: dev
[2020/08/17-08:42:53][main][INFO ][net.blog.BlogApplication]:Started BlogApplication in 8.631 seconds (JVM running for 9.974)
[2020/08/17-08:45:46][main][INFO ][net.blog.BlogApplication]:BlogApplication run...
[2020/08/17-08:45:46][main][INFO ][net.blog.BlogApplication]:Starting BlogApplication on Innovation with PID 14472 (D:\Codes\BlogSystem\target\classes started by ETNJL in D:\Codes\BlogSystem)
[2020/08/17-08:45:46][main][INFO ][net.blog.BlogApplication]:The following profiles are active: dev
[2020/08/17-08:45:53][main][INFO ][net.blog.BlogApplication]:Started BlogApplication in 7.432 seconds (JVM running for 8.553)
[2020/08/17-08:48:57][main][INFO ][net.blog.BlogApplication]:BlogApplication run...
[2020/08/17-08:48:57][main][INFO ][net.blog.BlogApplication]:Starting BlogApplication on Innovation with PID 2876 (D:\Codes\BlogSystem\target\classes started by ETNJL in D:\Codes\BlogSystem)
[2020/08/17-08:48:57][main][INFO ][net.blog.BlogApplication]:The following profiles are active: dev
[2020/08/17-08:49:08][main][INFO ][net.blog.BlogApplication]:BlogApplication run...
[2020/08/17-08:49:08][main][INFO ][net.blog.BlogApplication]:Starting BlogApplication on Innovation with PID 13960 (D:\Codes\BlogSystem\target\classes started by ETNJL in D:\Codes\BlogSystem)
[2020/08/17-08:49:08][main][INFO ][net.blog.BlogApplication]:The following profiles are active: dev
[2020/08/17-08:49:17][main][INFO ][net.blog.BlogApplication]:Started BlogApplication in 9.252 seconds (JVM running for 10.619)
[2020/08/17-08:50:15][main][INFO ][net.blog.BlogApplication]:BlogApplication run...
[2020/08/17-08:50:17][main][INFO ][net.blog.BlogApplication]:Starting BlogApplication on Innovation with PID 3600 (D:\Codes\BlogSystem\target\classes started by ETNJL in D:\Codes\BlogSystem)
[2020/08/17-08:50:17][main][INFO ][net.blog.BlogApplication]:The following profiles are active: dev
[2020/08/17-08:50:17][main][INFO ][net.blog.BlogApplication]:BlogApplication run...
[2020/08/17-08:50:18][main][INFO ][net.blog.BlogApplication]:Starting BlogApplication on Innovation with PID 15868 (D:\Codes\BlogSystem\target\classes started by ETNJL in D:\Codes\BlogSystem)
[2020/08/17-08:50:18][main][INFO ][net.blog.BlogApplication]:The following profiles are active: dev
[2020/08/17-08:50:28][main][INFO ][net.blog.BlogApplication]:Started BlogApplication in 10.907 seconds (JVM running for 12.214)
[2020/08/17-08:52:58][main][INFO ][net.blog.BlogApplication]:BlogApplication run...
[2020/08/17-08:52:59][main][INFO ][net.blog.BlogApplication]:Starting BlogApplication on Innovation with PID 12024 (D:\Codes\BlogSystem\target\classes started by ETNJL in D:\Codes\BlogSystem)
[2020/08/17-08:52:59][main][INFO ][net.blog.BlogApplication]:The following profiles are active: dev
[2020/08/17-08:53:08][main][INFO ][net.blog.BlogApplication]:Started BlogApplication in 9.31 seconds (JVM running for 10.572)
[2020/08/17-08:59:26][main][INFO ][net.blog.BlogApplication]:BlogApplication run...
[2020/08/17-08:59:27][main][INFO ][net.blog.BlogApplication]:Starting BlogApplication on Innovation with PID 15320 (D:\Codes\BlogSystem\target\classes started by ETNJL in D:\Codes\BlogSystem)
[2020/08/17-08:59:27][main][INFO ][net.blog.BlogApplication]:The following profiles are active: dev
[2020/08/17-08:59:35][main][INFO ][net.blog.BlogApplication]:Started BlogApplication in 8.404 seconds (JVM running for 9.593)
[2020/08/17-09:01:54][main][INFO ][net.blog.BlogApplication]:BlogApplication run...
[2020/08/17-09:01:55][main][INFO ][net.blog.BlogApplication]:Starting BlogApplication on Innovation with PID 7480 (D:\Codes\BlogSystem\target\classes started by ETNJL in D:\Codes\BlogSystem)
[2020/08/17-09:01:55][main][INFO ][net.blog.BlogApplication]:The following profiles are active: dev
[2020/08/17-09:02:04][main][INFO ][net.blog.BlogApplication]:Started BlogApplication in 9.32 seconds (JVM running for 10.625)
[2020/08/17-10:34:14][main][INFO ][net.blog.BlogApplication]:BlogApplication run...
[2020/08/17-10:34:15][main][INFO ][net.blog.BlogApplication]:Starting BlogApplication on Innovation with PID 3964 (D:\Codes\BlogSystem\target\classes started by ETNJL in D:\Codes\BlogSystem)
[2020/08/17-10:34:15][main][INFO ][net.blog.BlogApplication]:The following profiles are active: dev
[2020/08/17-10:53:48][main][INFO ][net.blog.BlogApplication]:BlogApplication run...
[2020/08/17-10:53:48][main][INFO ][net.blog.BlogApplication]:Starting BlogApplication on Innovation with PID 9300 (D:\Codes\BlogSystem\target\classes started by ETNJL in D:\Codes\BlogSystem)
[2020/08/17-10:53:48][main][INFO ][net.blog.BlogApplication]:The following profiles are active: dev
[2020/08/17-12:52:18][main][INFO ][net.blog.BlogApplication]:BlogApplication run...
[2020/08/17-12:52:19][main][INFO ][net.blog.BlogApplication]:Starting BlogApplication on Innovation with PID 7392 (D:\Codes\BlogSystem\target\classes started by ETNJL in D:\Codes\BlogSystem)
[2020/08/17-12:52:19][main][INFO ][net.blog.BlogApplication]:The following profiles are active: dev
[2020/08/17-12:52:26][main][INFO ][net.blog.BlogApplication]:Started BlogApplication in 7.753 seconds (JVM running for 8.903)
[2020/08/17-19:09:28][main][INFO ][net.blog.BlogApplication]:BlogApplication run...
[2020/08/17-19:09:29][main][INFO ][net.blog.BlogApplication]:Starting BlogApplication on Innovation with PID 15268 (D:\Codes\BlogSystem\target\classes started by ETNJL in D:\Codes\BlogSystem)
[2020/08/17-19:09:29][main][INFO ][net.blog.BlogApplication]:The following profiles are active: dev
[2020/08/17-19:09:36][main][INFO ][net.blog.BlogApplication]:Started BlogApplication in 7.356 seconds (JVM running for 8.381)
[2020/08/17-20:17:57][main][INFO ][net.blog.BlogApplication]:BlogApplication run...
[2020/08/17-20:17:57][main][INFO ][net.blog.BlogApplication]:Starting BlogApplication on Innovation with PID 16316 (D:\Codes\BlogSystem\target\classes started by ETNJL in D:\Codes\BlogSystem)
[2020/08/17-20:17:57][main][INFO ][net.blog.BlogApplication]:The following profiles are active: dev
[2020/08/17-20:18:04][main][INFO ][net.blog.BlogApplication]:Started BlogApplication in 7.015 seconds (JVM running for 8.207)
[2020/08/17-20:18:32][http-nio-8081-exec-9][INFO ][net.blog.services.impl.SolrServiceImpl]:{}
[2020/08/17-20:18:32][http-nio-8081-exec-9][INFO ][net.blog.services.impl.SolrServiceImpl]:[]
[2020/08/17-20:19:07][http-nio-8081-exec-3][INFO ][net.blog.services.impl.SolrServiceImpl]:{}
[2020/08/17-20:19:07][http-nio-8081-exec-3][INFO ][net.blog.services.impl.SolrServiceImpl]:[]
[2020/08/17-20:20:17][http-nio-8081-exec-7][INFO ][net.blog.services.impl.SolrServiceImpl]:{}
[2020/08/17-20:20:17][http-nio-8081-exec-7][INFO ][net.blog.services.impl.SolrServiceImpl]:[]
[2020/08/17-20:20:27][http-nio-8081-exec-8][INFO ][net.blog.services.impl.SolrServiceImpl]:{123={blog_content=[<font color='red'>1233</font>]}}
[2020/08/17-20:20:27][http-nio-8081-exec-8][INFO ][net.blog.services.impl.SolrServiceImpl]:[SearchResult{blog_content='null', blog_create_time=null, blog_labels='null', blog_url='null', blog_title='null', blog_view_count=0}]
[2020/08/17-20:24:02][main][INFO ][net.blog.BlogApplication]:BlogApplication run...
[2020/08/17-20:24:03][main][INFO ][net.blog.BlogApplication]:Starting BlogApplication on Innovation with PID 14532 (D:\Codes\BlogSystem\target\classes started by ETNJL in D:\Codes\BlogSystem)
[2020/08/17-20:24:03][main][INFO ][net.blog.BlogApplication]:The following profiles are active: dev
[2020/08/17-20:24:10][main][INFO ][net.blog.BlogApplication]:Started BlogApplication in 7.368 seconds (JVM running for 8.593)
[2020/08/17-20:24:11][http-nio-8081-exec-1][INFO ][net.blog.services.impl.SolrServiceImpl]:{123={blog_content=[<font color='red'>1233</font>]}}
[2020/08/17-20:24:11][http-nio-8081-exec-1][INFO ][net.blog.services.impl.SolrServiceImpl]:[net.blog.pojo.SearchResult@e7fa64b8]
[2020/08/17-20:26:14][http-nio-8081-exec-3][INFO ][net.blog.services.impl.SolrServiceImpl]:{123={blog_title=[<font color='red'>linux</font>是如何编写的]}}
[2020/08/17-20:26:14][http-nio-8081-exec-3][INFO ][net.blog.services.impl.SolrServiceImpl]:[net.blog.pojo.SearchResult@dbf7d69e]
[2020/08/17-20:26:25][http-nio-8081-exec-4][INFO ][net.blog.services.impl.SolrServiceImpl]:{123={blog_title=[linux是如何<font color='red'>编写</font>的]}}
[2020/08/17-20:26:25][http-nio-8081-exec-4][INFO ][net.blog.services.impl.SolrServiceImpl]:[net.blog.pojo.SearchResult@44fa8088]
[2020/08/17-20:39:46][main][INFO ][net.blog.BlogApplication]:BlogApplication run...
[2020/08/17-20:39:47][main][INFO ][net.blog.BlogApplication]:Starting BlogApplication on Innovation with PID 14428 (D:\Codes\BlogSystem\target\classes started by ETNJL in D:\Codes\BlogSystem)
[2020/08/17-20:39:47][main][INFO ][net.blog.BlogApplication]:The following profiles are active: dev
[2020/08/17-20:39:54][main][INFO ][net.blog.BlogApplication]:Started BlogApplication in 7.293 seconds (JVM running for 8.511)
[2020/08/17-20:42:18][main][INFO ][net.blog.BlogApplication]:BlogApplication run...
[2020/08/17-20:42:18][main][INFO ][net.blog.BlogApplication]:Starting BlogApplication on Innovation with PID 14804 (D:\Codes\BlogSystem\target\classes started by ETNJL in D:\Codes\BlogSystem)
[2020/08/17-20:42:18][main][INFO ][net.blog.BlogApplication]:The following profiles are active: dev
[2020/08/17-20:42:25][main][INFO ][net.blog.BlogApplication]:Started BlogApplication in 6.982 seconds (JVM running for 7.935)
[2020/08/17-20:46:58][main][INFO ][net.blog.BlogApplication]:BlogApplication run...
[2020/08/17-20:46:59][main][INFO ][net.blog.BlogApplication]:Starting BlogApplication on Innovation with PID 8980 (D:\Codes\BlogSystem\target\classes started by ETNJL in D:\Codes\BlogSystem)
[2020/08/17-20:46:59][main][INFO ][net.blog.BlogApplication]:The following profiles are active: dev
[2020/08/17-20:47:05][main][INFO ][net.blog.BlogApplication]:Started BlogApplication in 6.945 seconds (JVM running for 7.997)
[2020/08/17-20:57:29][main][INFO ][net.blog.BlogApplication]:BlogApplication run...
[2020/08/17-20:57:30][main][INFO ][net.blog.BlogApplication]:Starting BlogApplication on Innovation with PID 6276 (D:\Codes\BlogSystem\target\classes started by ETNJL in D:\Codes\BlogSystem)
[2020/08/17-20:57:30][main][INFO ][net.blog.BlogApplication]:The following profiles are active: dev
[2020/08/17-20:57:37][main][INFO ][net.blog.BlogApplication]:Started BlogApplication in 8.055 seconds (JVM running for 9.479)
[2020/08/17-21:00:59][main][INFO ][net.blog.BlogApplication]:BlogApplication run...
[2020/08/17-21:00:59][main][INFO ][net.blog.BlogApplication]:Starting BlogApplication on Innovation with PID 16172 (D:\Codes\BlogSystem\target\classes started by ETNJL in D:\Codes\BlogSystem)
[2020/08/17-21:00:59][main][INFO ][net.blog.BlogApplication]:The following profiles are active: dev
[2020/08/17-21:01:05][main][INFO ][net.blog.BlogApplication]:Started BlogApplication in 6.192 seconds (JVM running for 7.167)
[2020/08/17-21:09:07][main][INFO ][net.blog.BlogApplication]:BlogApplication run...
[2020/08/17-21:09:08][main][INFO ][net.blog.BlogApplication]:Starting BlogApplication on Innovation with PID 8252 (D:\Codes\BlogSystem\target\classes started by ETNJL in D:\Codes\BlogSystem)
[2020/08/17-21:09:08][main][INFO ][net.blog.BlogApplication]:The following profiles are active: dev
[2020/08/17-21:09:14][main][INFO ][net.blog.BlogApplication]:Started BlogApplication in 6.713 seconds (JVM running for 7.821)
