[2020/08/31-12:59:02][main][INFO ][net.blog.BlogApplication]:BlogApplication run...
[2020/08/31-12:59:03][main][INFO ][net.blog.BlogApplication]:Starting BlogApplication on Innovation with PID 16208 (D:\Codes\BlogSystem\target\classes started by ETNJL in D:\Codes\BlogSystem)
[2020/08/31-12:59:03][main][INFO ][net.blog.BlogApplication]:The following profiles are active: prod
[2020/08/31-12:59:12][main][INFO ][net.blog.BlogApplication]:Started BlogApplication in 9.742 seconds (JVM running for 10.957)
[2020/08/31-12:59:49][http-nio-8082-exec-1][INFO ][net.blog.interceptor.ApiInterceptor]:method name == > parseToken
[2020/08/31-12:59:49][http-nio-8082-exec-1][INFO ][net.blog.services.impl.UserServiceImpl]:checkUser tokenKey == > p_9799ec4ca9715c1d8906cf00f264903a
[2020/08/31-12:59:50][http-nio-8082-exec-1][INFO ][net.blog.services.impl.UserServiceImpl]:parseByTokenKey token == >null
[2020/08/31-12:59:51][http-nio-8082-exec-1][INFO ][net.blog.services.impl.UserServiceImpl]:create new token and refresh token...
[2020/08/31-12:59:51][http-nio-8082-exec-1][INFO ][net.blog.services.impl.UserServiceImpl]:parseByTokenKey token == >eyJhbGciOiJIUzI1NiJ9.eyJ1c2VyX25hbWUiOiJBZG1pbkNodWFuIiwicm9sZXMiOiJyb2xlX2FkbWluIiwic2lnbiI6IkxCV05CIiwiZnJvbSI6InBfIiwiaWQiOiI3NDE2MjY0ODU1Mzc3Njc0MjQiLCJhdmF0YXIiOiJodHRwczovL2F2YXRhcnMwLmdpdGh1YnVzZXJjb250ZW50LmNvbS91LzQyMjkzNzU4P3M9NDYwJnU9MjFiNjcyZmZmNmUzNDcxNzJiMWRmOWQ3ZWJmMjE2ZTljNGM5YzlmYiZ2PTQiLCJleHAiOjE1OTg4NTM1OTEsImVtYWlsIjoiYWRtaW5AZXhhbXBsZS5jb20ifQ.ZmKHJGVTumoGiDDVuJih3P1FKyXuMRiwh5JWjDZUY2U
[2020/08/31-12:59:52][http-nio-8082-exec-2][INFO ][net.blog.interceptor.ApiInterceptor]:method name == > parseToken
[2020/08/31-12:59:52][http-nio-8082-exec-2][INFO ][net.blog.services.impl.UserServiceImpl]:checkUser tokenKey == > p_2fca792fdededc5293754d0c6a5e2b1f
[2020/08/31-12:59:52][http-nio-8082-exec-2][INFO ][net.blog.services.impl.UserServiceImpl]:parseByTokenKey token == >eyJhbGciOiJIUzI1NiJ9.eyJ1c2VyX25hbWUiOiJBZG1pbkNodWFuIiwicm9sZXMiOiJyb2xlX2FkbWluIiwic2lnbiI6IkxCV05CIiwiZnJvbSI6InBfIiwiaWQiOiI3NDE2MjY0ODU1Mzc3Njc0MjQiLCJhdmF0YXIiOiJodHRwczovL2F2YXRhcnMwLmdpdGh1YnVzZXJjb250ZW50LmNvbS91LzQyMjkzNzU4P3M9NDYwJnU9MjFiNjcyZmZmNmUzNDcxNzJiMWRmOWQ3ZWJmMjE2ZTljNGM5YzlmYiZ2PTQiLCJleHAiOjE1OTg4NTM1OTEsImVtYWlsIjoiYWRtaW5AZXhhbXBsZS5jb20ifQ.ZmKHJGVTumoGiDDVuJih3P1FKyXuMRiwh5JWjDZUY2U
[2020/08/31-12:59:54][http-nio-8082-exec-3][INFO ][net.blog.interceptor.ApiInterceptor]:method name == > parseToken
[2020/08/31-12:59:54][http-nio-8082-exec-3][INFO ][net.blog.services.impl.UserServiceImpl]:checkUser tokenKey == > p_2fca792fdededc5293754d0c6a5e2b1f
[2020/08/31-12:59:54][http-nio-8082-exec-3][INFO ][net.blog.services.impl.UserServiceImpl]:parseByTokenKey token == >eyJhbGciOiJIUzI1NiJ9.eyJ1c2VyX25hbWUiOiJBZG1pbkNodWFuIiwicm9sZXMiOiJyb2xlX2FkbWluIiwic2lnbiI6IkxCV05CIiwiZnJvbSI6InBfIiwiaWQiOiI3NDE2MjY0ODU1Mzc3Njc0MjQiLCJhdmF0YXIiOiJodHRwczovL2F2YXRhcnMwLmdpdGh1YnVzZXJjb250ZW50LmNvbS91LzQyMjkzNzU4P3M9NDYwJnU9MjFiNjcyZmZmNmUzNDcxNzJiMWRmOWQ3ZWJmMjE2ZTljNGM5YzlmYiZ2PTQiLCJleHAiOjE1OTg4NTM1OTEsImVtYWlsIjoiYWRtaW5AZXhhbXBsZS5jb20ifQ.ZmKHJGVTumoGiDDVuJih3P1FKyXuMRiwh5JWjDZUY2U
[2020/08/31-12:59:54][http-nio-8082-exec-4][INFO ][net.blog.interceptor.ApiInterceptor]:method name == > listUser
[2020/08/31-12:59:54][http-nio-8082-exec-4][INFO ][net.blog.services.impl.UserServiceImpl]:checkUser tokenKey == > p_2fca792fdededc5293754d0c6a5e2b1f
[2020/08/31-12:59:54][http-nio-8082-exec-4][INFO ][net.blog.services.impl.UserServiceImpl]:parseByTokenKey token == >eyJhbGciOiJIUzI1NiJ9.eyJ1c2VyX25hbWUiOiJBZG1pbkNodWFuIiwicm9sZXMiOiJyb2xlX2FkbWluIiwic2lnbiI6IkxCV05CIiwiZnJvbSI6InBfIiwiaWQiOiI3NDE2MjY0ODU1Mzc3Njc0MjQiLCJhdmF0YXIiOiJodHRwczovL2F2YXRhcnMwLmdpdGh1YnVzZXJjb250ZW50LmNvbS91LzQyMjkzNzU4P3M9NDYwJnU9MjFiNjcyZmZmNmUzNDcxNzJiMWRmOWQ3ZWJmMjE2ZTljNGM5YzlmYiZ2PTQiLCJleHAiOjE1OTg4NTM1OTEsImVtYWlsIjoiYWRtaW5AZXhhbXBsZS5jb20ifQ.ZmKHJGVTumoGiDDVuJih3P1FKyXuMRiwh5JWjDZUY2U
[2020/08/31-15:43:45][http-nio-8082-exec-1][INFO ][net.blog.interceptor.ApiInterceptor]:method name == > uiConfiguration
[2020/08/31-15:43:45][http-nio-8082-exec-2][INFO ][net.blog.interceptor.ApiInterceptor]:method name == > securityConfiguration
[2020/08/31-15:43:45][http-nio-8082-exec-3][INFO ][net.blog.interceptor.ApiInterceptor]:method name == > swaggerResources
[2020/08/31-15:43:45][http-nio-8082-exec-5][INFO ][net.blog.interceptor.ApiInterceptor]:method name == > page404
[2020/08/31-15:43:45][http-nio-8082-exec-10][INFO ][net.blog.interceptor.ApiInterceptor]:method name == > page404
[2020/08/31-15:49:02][http-nio-8082-exec-9][INFO ][net.blog.interceptor.ApiInterceptor]:method name == > parseToken
[2020/08/31-15:49:02][http-nio-8082-exec-9][INFO ][net.blog.services.impl.UserServiceImpl]:checkUser tokenKey == > p_2fca792fdededc5293754d0c6a5e2b1f
[2020/08/31-15:49:02][http-nio-8082-exec-9][INFO ][net.blog.services.impl.UserServiceImpl]:parseByTokenKey token == >null
[2020/08/31-15:49:02][http-nio-8082-exec-9][INFO ][net.blog.services.impl.UserServiceImpl]:create new token and refresh token...
[2020/08/31-15:49:02][http-nio-8082-exec-9][INFO ][net.blog.services.impl.UserServiceImpl]:parseByTokenKey token == >eyJhbGciOiJIUzI1NiJ9.eyJ1c2VyX25hbWUiOiJBZG1pbkNodWFuIiwicm9sZXMiOiJyb2xlX2FkbWluIiwic2lnbiI6IkxCV05CIiwiZnJvbSI6InBfIiwiaWQiOiI3NDE2MjY0ODU1Mzc3Njc0MjQiLCJhdmF0YXIiOiJodHRwczovL2F2YXRhcnMwLmdpdGh1YnVzZXJjb250ZW50LmNvbS91LzQyMjkzNzU4P3M9NDYwJnU9MjFiNjcyZmZmNmUzNDcxNzJiMWRmOWQ3ZWJmMjE2ZTljNGM5YzlmYiZ2PTQiLCJleHAiOjE1OTg4NjM3NDIsImVtYWlsIjoiYWRtaW5AZXhhbXBsZS5jb20ifQ.Cs3QeRG_hGNLT7L1PM5x3BlONBK4KGlGMoLfCHFA8gA
[2020/08/31-15:49:02][http-nio-8082-exec-8][INFO ][net.blog.interceptor.ApiInterceptor]:method name == > listUser
[2020/08/31-15:49:02][http-nio-8082-exec-8][INFO ][net.blog.services.impl.UserServiceImpl]:checkUser tokenKey == > p_d65b5ad4fe9c5a826d5ed946fc012953
[2020/08/31-15:49:02][http-nio-8082-exec-8][INFO ][net.blog.services.impl.UserServiceImpl]:parseByTokenKey token == >eyJhbGciOiJIUzI1NiJ9.eyJ1c2VyX25hbWUiOiJBZG1pbkNodWFuIiwicm9sZXMiOiJyb2xlX2FkbWluIiwic2lnbiI6IkxCV05CIiwiZnJvbSI6InBfIiwiaWQiOiI3NDE2MjY0ODU1Mzc3Njc0MjQiLCJhdmF0YXIiOiJodHRwczovL2F2YXRhcnMwLmdpdGh1YnVzZXJjb250ZW50LmNvbS91LzQyMjkzNzU4P3M9NDYwJnU9MjFiNjcyZmZmNmUzNDcxNzJiMWRmOWQ3ZWJmMjE2ZTljNGM5YzlmYiZ2PTQiLCJleHAiOjE1OTg4NjM3NDIsImVtYWlsIjoiYWRtaW5AZXhhbXBsZS5jb20ifQ.Cs3QeRG_hGNLT7L1PM5x3BlONBK4KGlGMoLfCHFA8gA
[2020/08/31-15:51:37][http-nio-8082-exec-1][INFO ][net.blog.interceptor.ApiInterceptor]:method name == > listUser
[2020/08/31-15:51:37][http-nio-8082-exec-1][INFO ][net.blog.services.impl.UserServiceImpl]:checkUser tokenKey == > p_d65b5ad4fe9c5a826d5ed946fc012953
[2020/08/31-15:51:37][http-nio-8082-exec-1][INFO ][net.blog.services.impl.UserServiceImpl]:parseByTokenKey token == >eyJhbGciOiJIUzI1NiJ9.eyJ1c2VyX25hbWUiOiJBZG1pbkNodWFuIiwicm9sZXMiOiJyb2xlX2FkbWluIiwic2lnbiI6IkxCV05CIiwiZnJvbSI6InBfIiwiaWQiOiI3NDE2MjY0ODU1Mzc3Njc0MjQiLCJhdmF0YXIiOiJodHRwczovL2F2YXRhcnMwLmdpdGh1YnVzZXJjb250ZW50LmNvbS91LzQyMjkzNzU4P3M9NDYwJnU9MjFiNjcyZmZmNmUzNDcxNzJiMWRmOWQ3ZWJmMjE2ZTljNGM5YzlmYiZ2PTQiLCJleHAiOjE1OTg4NjM3NDIsImVtYWlsIjoiYWRtaW5AZXhhbXBsZS5jb20ifQ.Cs3QeRG_hGNLT7L1PM5x3BlONBK4KGlGMoLfCHFA8gA
[2020/08/31-15:51:55][http-nio-8082-exec-7][INFO ][net.blog.interceptor.ApiInterceptor]:method name == > listUser
[2020/08/31-15:51:55][http-nio-8082-exec-7][INFO ][net.blog.services.impl.UserServiceImpl]:checkUser tokenKey == > p_d65b5ad4fe9c5a826d5ed946fc012953
[2020/08/31-15:51:55][http-nio-8082-exec-7][INFO ][net.blog.services.impl.UserServiceImpl]:parseByTokenKey token == >eyJhbGciOiJIUzI1NiJ9.eyJ1c2VyX25hbWUiOiJBZG1pbkNodWFuIiwicm9sZXMiOiJyb2xlX2FkbWluIiwic2lnbiI6IkxCV05CIiwiZnJvbSI6InBfIiwiaWQiOiI3NDE2MjY0ODU1Mzc3Njc0MjQiLCJhdmF0YXIiOiJodHRwczovL2F2YXRhcnMwLmdpdGh1YnVzZXJjb250ZW50LmNvbS91LzQyMjkzNzU4P3M9NDYwJnU9MjFiNjcyZmZmNmUzNDcxNzJiMWRmOWQ3ZWJmMjE2ZTljNGM5YzlmYiZ2PTQiLCJleHAiOjE1OTg4NjM3NDIsImVtYWlsIjoiYWRtaW5AZXhhbXBsZS5jb20ifQ.Cs3QeRG_hGNLT7L1PM5x3BlONBK4KGlGMoLfCHFA8gA
[2020/08/31-15:52:14][http-nio-8082-exec-2][INFO ][net.blog.interceptor.ApiInterceptor]:method name == > listUser
[2020/08/31-15:52:14][http-nio-8082-exec-2][INFO ][net.blog.services.impl.UserServiceImpl]:checkUser tokenKey == > p_d65b5ad4fe9c5a826d5ed946fc012953
[2020/08/31-15:52:14][http-nio-8082-exec-2][INFO ][net.blog.services.impl.UserServiceImpl]:parseByTokenKey token == >eyJhbGciOiJIUzI1NiJ9.eyJ1c2VyX25hbWUiOiJBZG1pbkNodWFuIiwicm9sZXMiOiJyb2xlX2FkbWluIiwic2lnbiI6IkxCV05CIiwiZnJvbSI6InBfIiwiaWQiOiI3NDE2MjY0ODU1Mzc3Njc0MjQiLCJhdmF0YXIiOiJodHRwczovL2F2YXRhcnMwLmdpdGh1YnVzZXJjb250ZW50LmNvbS91LzQyMjkzNzU4P3M9NDYwJnU9MjFiNjcyZmZmNmUzNDcxNzJiMWRmOWQ3ZWJmMjE2ZTljNGM5YzlmYiZ2PTQiLCJleHAiOjE1OTg4NjM3NDIsImVtYWlsIjoiYWRtaW5AZXhhbXBsZS5jb20ifQ.Cs3QeRG_hGNLT7L1PM5x3BlONBK4KGlGMoLfCHFA8gA
[2020/08/31-15:52:20][http-nio-8082-exec-3][INFO ][net.blog.interceptor.ApiInterceptor]:method name == > parseToken
[2020/08/31-15:52:20][http-nio-8082-exec-3][INFO ][net.blog.services.impl.UserServiceImpl]:checkUser tokenKey == > p_d65b5ad4fe9c5a826d5ed946fc012953
[2020/08/31-15:52:20][http-nio-8082-exec-3][INFO ][net.blog.services.impl.UserServiceImpl]:parseByTokenKey token == >eyJhbGciOiJIUzI1NiJ9.eyJ1c2VyX25hbWUiOiJBZG1pbkNodWFuIiwicm9sZXMiOiJyb2xlX2FkbWluIiwic2lnbiI6IkxCV05CIiwiZnJvbSI6InBfIiwiaWQiOiI3NDE2MjY0ODU1Mzc3Njc0MjQiLCJhdmF0YXIiOiJodHRwczovL2F2YXRhcnMwLmdpdGh1YnVzZXJjb250ZW50LmNvbS91LzQyMjkzNzU4P3M9NDYwJnU9MjFiNjcyZmZmNmUzNDcxNzJiMWRmOWQ3ZWJmMjE2ZTljNGM5YzlmYiZ2PTQiLCJleHAiOjE1OTg4NjM3NDIsImVtYWlsIjoiYWRtaW5AZXhhbXBsZS5jb20ifQ.Cs3QeRG_hGNLT7L1PM5x3BlONBK4KGlGMoLfCHFA8gA
[2020/08/31-15:52:21][http-nio-8082-exec-5][INFO ][net.blog.interceptor.ApiInterceptor]:method name == > listUser
[2020/08/31-15:52:21][http-nio-8082-exec-5][INFO ][net.blog.services.impl.UserServiceImpl]:checkUser tokenKey == > p_d65b5ad4fe9c5a826d5ed946fc012953
[2020/08/31-15:52:21][http-nio-8082-exec-5][INFO ][net.blog.services.impl.UserServiceImpl]:parseByTokenKey token == >eyJhbGciOiJIUzI1NiJ9.eyJ1c2VyX25hbWUiOiJBZG1pbkNodWFuIiwicm9sZXMiOiJyb2xlX2FkbWluIiwic2lnbiI6IkxCV05CIiwiZnJvbSI6InBfIiwiaWQiOiI3NDE2MjY0ODU1Mzc3Njc0MjQiLCJhdmF0YXIiOiJodHRwczovL2F2YXRhcnMwLmdpdGh1YnVzZXJjb250ZW50LmNvbS91LzQyMjkzNzU4P3M9NDYwJnU9MjFiNjcyZmZmNmUzNDcxNzJiMWRmOWQ3ZWJmMjE2ZTljNGM5YzlmYiZ2PTQiLCJleHAiOjE1OTg4NjM3NDIsImVtYWlsIjoiYWRtaW5AZXhhbXBsZS5jb20ifQ.Cs3QeRG_hGNLT7L1PM5x3BlONBK4KGlGMoLfCHFA8gA
[2020/08/31-15:53:09][http-nio-8082-exec-6][INFO ][net.blog.interceptor.ApiInterceptor]:method name == > parseToken
[2020/08/31-15:53:09][http-nio-8082-exec-6][INFO ][net.blog.services.impl.UserServiceImpl]:checkUser tokenKey == > p_d65b5ad4fe9c5a826d5ed946fc012953
[2020/08/31-15:53:09][http-nio-8082-exec-6][INFO ][net.blog.services.impl.UserServiceImpl]:parseByTokenKey token == >eyJhbGciOiJIUzI1NiJ9.eyJ1c2VyX25hbWUiOiJBZG1pbkNodWFuIiwicm9sZXMiOiJyb2xlX2FkbWluIiwic2lnbiI6IkxCV05CIiwiZnJvbSI6InBfIiwiaWQiOiI3NDE2MjY0ODU1Mzc3Njc0MjQiLCJhdmF0YXIiOiJodHRwczovL2F2YXRhcnMwLmdpdGh1YnVzZXJjb250ZW50LmNvbS91LzQyMjkzNzU4P3M9NDYwJnU9MjFiNjcyZmZmNmUzNDcxNzJiMWRmOWQ3ZWJmMjE2ZTljNGM5YzlmYiZ2PTQiLCJleHAiOjE1OTg4NjM3NDIsImVtYWlsIjoiYWRtaW5AZXhhbXBsZS5jb20ifQ.Cs3QeRG_hGNLT7L1PM5x3BlONBK4KGlGMoLfCHFA8gA
[2020/08/31-15:53:09][http-nio-8082-exec-10][INFO ][net.blog.interceptor.ApiInterceptor]:method name == > listUser
[2020/08/31-15:53:09][http-nio-8082-exec-10][INFO ][net.blog.services.impl.UserServiceImpl]:checkUser tokenKey == > p_d65b5ad4fe9c5a826d5ed946fc012953
[2020/08/31-15:53:09][http-nio-8082-exec-10][INFO ][net.blog.services.impl.UserServiceImpl]:parseByTokenKey token == >eyJhbGciOiJIUzI1NiJ9.eyJ1c2VyX25hbWUiOiJBZG1pbkNodWFuIiwicm9sZXMiOiJyb2xlX2FkbWluIiwic2lnbiI6IkxCV05CIiwiZnJvbSI6InBfIiwiaWQiOiI3NDE2MjY0ODU1Mzc3Njc0MjQiLCJhdmF0YXIiOiJodHRwczovL2F2YXRhcnMwLmdpdGh1YnVzZXJjb250ZW50LmNvbS91LzQyMjkzNzU4P3M9NDYwJnU9MjFiNjcyZmZmNmUzNDcxNzJiMWRmOWQ3ZWJmMjE2ZTljNGM5YzlmYiZ2PTQiLCJleHAiOjE1OTg4NjM3NDIsImVtYWlsIjoiYWRtaW5AZXhhbXBsZS5jb20ifQ.Cs3QeRG_hGNLT7L1PM5x3BlONBK4KGlGMoLfCHFA8gA
[2020/08/31-15:53:24][http-nio-8082-exec-4][INFO ][net.blog.interceptor.ApiInterceptor]:method name == > resetPassword
[2020/08/31-15:53:24][http-nio-8082-exec-4][INFO ][net.blog.interceptor.ApiInterceptor]:method name == > error
[2020/08/31-15:53:25][http-nio-8082-exec-9][INFO ][net.blog.interceptor.ApiInterceptor]:method name == > resetPassword
[2020/08/31-15:53:25][http-nio-8082-exec-9][INFO ][net.blog.interceptor.ApiInterceptor]:method name == > error
[2020/08/31-15:54:24][http-nio-8082-exec-8][INFO ][net.blog.interceptor.ApiInterceptor]:method name == > parseToken
[2020/08/31-15:54:24][http-nio-8082-exec-8][INFO ][net.blog.services.impl.UserServiceImpl]:checkUser tokenKey == > p_d65b5ad4fe9c5a826d5ed946fc012953
[2020/08/31-15:54:24][http-nio-8082-exec-8][INFO ][net.blog.services.impl.UserServiceImpl]:parseByTokenKey token == >eyJhbGciOiJIUzI1NiJ9.eyJ1c2VyX25hbWUiOiJBZG1pbkNodWFuIiwicm9sZXMiOiJyb2xlX2FkbWluIiwic2lnbiI6IkxCV05CIiwiZnJvbSI6InBfIiwiaWQiOiI3NDE2MjY0ODU1Mzc3Njc0MjQiLCJhdmF0YXIiOiJodHRwczovL2F2YXRhcnMwLmdpdGh1YnVzZXJjb250ZW50LmNvbS91LzQyMjkzNzU4P3M9NDYwJnU9MjFiNjcyZmZmNmUzNDcxNzJiMWRmOWQ3ZWJmMjE2ZTljNGM5YzlmYiZ2PTQiLCJleHAiOjE1OTg4NjM3NDIsImVtYWlsIjoiYWRtaW5AZXhhbXBsZS5jb20ifQ.Cs3QeRG_hGNLT7L1PM5x3BlONBK4KGlGMoLfCHFA8gA
[2020/08/31-15:54:25][http-nio-8082-exec-1][INFO ][net.blog.interceptor.ApiInterceptor]:method name == > listUser
[2020/08/31-15:54:25][http-nio-8082-exec-1][INFO ][net.blog.services.impl.UserServiceImpl]:checkUser tokenKey == > p_d65b5ad4fe9c5a826d5ed946fc012953
[2020/08/31-15:54:25][http-nio-8082-exec-1][INFO ][net.blog.services.impl.UserServiceImpl]:parseByTokenKey token == >eyJhbGciOiJIUzI1NiJ9.eyJ1c2VyX25hbWUiOiJBZG1pbkNodWFuIiwicm9sZXMiOiJyb2xlX2FkbWluIiwic2lnbiI6IkxCV05CIiwiZnJvbSI6InBfIiwiaWQiOiI3NDE2MjY0ODU1Mzc3Njc0MjQiLCJhdmF0YXIiOiJodHRwczovL2F2YXRhcnMwLmdpdGh1YnVzZXJjb250ZW50LmNvbS91LzQyMjkzNzU4P3M9NDYwJnU9MjFiNjcyZmZmNmUzNDcxNzJiMWRmOWQ3ZWJmMjE2ZTljNGM5YzlmYiZ2PTQiLCJleHAiOjE1OTg4NjM3NDIsImVtYWlsIjoiYWRtaW5AZXhhbXBsZS5jb20ifQ.Cs3QeRG_hGNLT7L1PM5x3BlONBK4KGlGMoLfCHFA8gA
[2020/08/31-15:54:27][http-nio-8082-exec-7][INFO ][net.blog.interceptor.ApiInterceptor]:method name == > parseToken
[2020/08/31-15:54:27][http-nio-8082-exec-7][INFO ][net.blog.services.impl.UserServiceImpl]:checkUser tokenKey == > p_d65b5ad4fe9c5a826d5ed946fc012953
[2020/08/31-15:54:27][http-nio-8082-exec-7][INFO ][net.blog.services.impl.UserServiceImpl]:parseByTokenKey token == >eyJhbGciOiJIUzI1NiJ9.eyJ1c2VyX25hbWUiOiJBZG1pbkNodWFuIiwicm9sZXMiOiJyb2xlX2FkbWluIiwic2lnbiI6IkxCV05CIiwiZnJvbSI6InBfIiwiaWQiOiI3NDE2MjY0ODU1Mzc3Njc0MjQiLCJhdmF0YXIiOiJodHRwczovL2F2YXRhcnMwLmdpdGh1YnVzZXJjb250ZW50LmNvbS91LzQyMjkzNzU4P3M9NDYwJnU9MjFiNjcyZmZmNmUzNDcxNzJiMWRmOWQ3ZWJmMjE2ZTljNGM5YzlmYiZ2PTQiLCJleHAiOjE1OTg4NjM3NDIsImVtYWlsIjoiYWRtaW5AZXhhbXBsZS5jb20ifQ.Cs3QeRG_hGNLT7L1PM5x3BlONBK4KGlGMoLfCHFA8gA
[2020/08/31-15:54:28][http-nio-8082-exec-2][INFO ][net.blog.interceptor.ApiInterceptor]:method name == > listUser
[2020/08/31-15:54:28][http-nio-8082-exec-2][INFO ][net.blog.services.impl.UserServiceImpl]:checkUser tokenKey == > p_d65b5ad4fe9c5a826d5ed946fc012953
[2020/08/31-15:54:28][http-nio-8082-exec-2][INFO ][net.blog.services.impl.UserServiceImpl]:parseByTokenKey token == >eyJhbGciOiJIUzI1NiJ9.eyJ1c2VyX25hbWUiOiJBZG1pbkNodWFuIiwicm9sZXMiOiJyb2xlX2FkbWluIiwic2lnbiI6IkxCV05CIiwiZnJvbSI6InBfIiwiaWQiOiI3NDE2MjY0ODU1Mzc3Njc0MjQiLCJhdmF0YXIiOiJodHRwczovL2F2YXRhcnMwLmdpdGh1YnVzZXJjb250ZW50LmNvbS91LzQyMjkzNzU4P3M9NDYwJnU9MjFiNjcyZmZmNmUzNDcxNzJiMWRmOWQ3ZWJmMjE2ZTljNGM5YzlmYiZ2PTQiLCJleHAiOjE1OTg4NjM3NDIsImVtYWlsIjoiYWRtaW5AZXhhbXBsZS5jb20ifQ.Cs3QeRG_hGNLT7L1PM5x3BlONBK4KGlGMoLfCHFA8gA
[2020/08/31-15:54:34][http-nio-8082-exec-3][INFO ][net.blog.interceptor.ApiInterceptor]:method name == > resetPassword
[2020/08/31-15:54:34][http-nio-8082-exec-3][INFO ][net.blog.interceptor.ApiInterceptor]:method name == > error
[2020/08/31-15:54:34][http-nio-8082-exec-5][INFO ][net.blog.interceptor.ApiInterceptor]:method name == > resetPassword
[2020/08/31-15:54:34][http-nio-8082-exec-5][INFO ][net.blog.interceptor.ApiInterceptor]:method name == > error
[2020/08/31-15:55:12][http-nio-8082-exec-6][INFO ][net.blog.interceptor.ApiInterceptor]:method name == > parseToken
[2020/08/31-15:55:12][http-nio-8082-exec-6][INFO ][net.blog.services.impl.UserServiceImpl]:checkUser tokenKey == > p_d65b5ad4fe9c5a826d5ed946fc012953
[2020/08/31-15:55:12][http-nio-8082-exec-6][INFO ][net.blog.services.impl.UserServiceImpl]:parseByTokenKey token == >eyJhbGciOiJIUzI1NiJ9.eyJ1c2VyX25hbWUiOiJBZG1pbkNodWFuIiwicm9sZXMiOiJyb2xlX2FkbWluIiwic2lnbiI6IkxCV05CIiwiZnJvbSI6InBfIiwiaWQiOiI3NDE2MjY0ODU1Mzc3Njc0MjQiLCJhdmF0YXIiOiJodHRwczovL2F2YXRhcnMwLmdpdGh1YnVzZXJjb250ZW50LmNvbS91LzQyMjkzNzU4P3M9NDYwJnU9MjFiNjcyZmZmNmUzNDcxNzJiMWRmOWQ3ZWJmMjE2ZTljNGM5YzlmYiZ2PTQiLCJleHAiOjE1OTg4NjM3NDIsImVtYWlsIjoiYWRtaW5AZXhhbXBsZS5jb20ifQ.Cs3QeRG_hGNLT7L1PM5x3BlONBK4KGlGMoLfCHFA8gA
[2020/08/31-15:55:13][http-nio-8082-exec-10][INFO ][net.blog.interceptor.ApiInterceptor]:method name == > listUser
[2020/08/31-15:55:13][http-nio-8082-exec-10][INFO ][net.blog.services.impl.UserServiceImpl]:checkUser tokenKey == > p_d65b5ad4fe9c5a826d5ed946fc012953
[2020/08/31-15:55:13][http-nio-8082-exec-10][INFO ][net.blog.services.impl.UserServiceImpl]:parseByTokenKey token == >eyJhbGciOiJIUzI1NiJ9.eyJ1c2VyX25hbWUiOiJBZG1pbkNodWFuIiwicm9sZXMiOiJyb2xlX2FkbWluIiwic2lnbiI6IkxCV05CIiwiZnJvbSI6InBfIiwiaWQiOiI3NDE2MjY0ODU1Mzc3Njc0MjQiLCJhdmF0YXIiOiJodHRwczovL2F2YXRhcnMwLmdpdGh1YnVzZXJjb250ZW50LmNvbS91LzQyMjkzNzU4P3M9NDYwJnU9MjFiNjcyZmZmNmUzNDcxNzJiMWRmOWQ3ZWJmMjE2ZTljNGM5YzlmYiZ2PTQiLCJleHAiOjE1OTg4NjM3NDIsImVtYWlsIjoiYWRtaW5AZXhhbXBsZS5jb20ifQ.Cs3QeRG_hGNLT7L1PM5x3BlONBK4KGlGMoLfCHFA8gA
[2020/08/31-15:55:18][http-nio-8082-exec-4][INFO ][net.blog.interceptor.ApiInterceptor]:method name == > resetPassword
[2020/08/31-15:55:18][http-nio-8082-exec-4][INFO ][net.blog.services.impl.UserServiceImpl]:checkUser tokenKey == > p_d65b5ad4fe9c5a826d5ed946fc012953
[2020/08/31-15:55:18][http-nio-8082-exec-4][INFO ][net.blog.services.impl.UserServiceImpl]:parseByTokenKey token == >eyJhbGciOiJIUzI1NiJ9.eyJ1c2VyX25hbWUiOiJBZG1pbkNodWFuIiwicm9sZXMiOiJyb2xlX2FkbWluIiwic2lnbiI6IkxCV05CIiwiZnJvbSI6InBfIiwiaWQiOiI3NDE2MjY0ODU1Mzc3Njc0MjQiLCJhdmF0YXIiOiJodHRwczovL2F2YXRhcnMwLmdpdGh1YnVzZXJjb250ZW50LmNvbS91LzQyMjkzNzU4P3M9NDYwJnU9MjFiNjcyZmZmNmUzNDcxNzJiMWRmOWQ3ZWJmMjE2ZTljNGM5YzlmYiZ2PTQiLCJleHAiOjE1OTg4NjM3NDIsImVtYWlsIjoiYWRtaW5AZXhhbXBsZS5jb20ifQ.Cs3QeRG_hGNLT7L1PM5x3BlONBK4KGlGMoLfCHFA8gA
[2020/08/31-15:55:36][http-nio-8082-exec-8][INFO ][net.blog.interceptor.ApiInterceptor]:method name == > getCaptcha
[2020/08/31-15:55:36][http-nio-8082-exec-8][INFO ][net.blog.services.impl.UserServiceImpl]:captcha font type index ==> 1
[2020/08/31-15:55:36][http-nio-8082-exec-8][INFO ][net.blog.services.impl.UserServiceImpl]:captcha content == > -1
[2020/08/31-15:56:04][http-nio-8082-exec-1][INFO ][net.blog.interceptor.ApiInterceptor]:method name == > login
[2020/08/31-15:56:07][http-nio-8082-exec-7][INFO ][net.blog.interceptor.ApiInterceptor]:method name == > getCaptcha
[2020/08/31-15:56:07][http-nio-8082-exec-7][INFO ][net.blog.services.impl.UserServiceImpl]:captcha font type index ==> 5
[2020/08/31-15:56:07][http-nio-8082-exec-7][INFO ][net.blog.services.impl.UserServiceImpl]:captcha content == > gftfu
[2020/08/31-15:56:36][http-nio-8082-exec-2][INFO ][net.blog.interceptor.ApiInterceptor]:method name == > login
[2020/08/31-15:56:43][http-nio-8082-exec-3][INFO ][net.blog.interceptor.ApiInterceptor]:method name == > login
[2020/08/31-15:56:47][http-nio-8082-exec-5][INFO ][net.blog.interceptor.ApiInterceptor]:method name == > getCaptcha
[2020/08/31-15:56:47][http-nio-8082-exec-5][INFO ][net.blog.services.impl.UserServiceImpl]:captcha font type index ==> 6
[2020/08/31-15:56:47][http-nio-8082-exec-5][INFO ][net.blog.services.impl.UserServiceImpl]:captcha content == > vtmc3
[2020/08/31-15:57:10][http-nio-8082-exec-6][INFO ][net.blog.interceptor.ApiInterceptor]:method name == > resetPassword
[2020/08/31-15:57:10][http-nio-8082-exec-6][INFO ][net.blog.services.impl.UserServiceImpl]:checkUser tokenKey == > p_d65b5ad4fe9c5a826d5ed946fc012953
[2020/08/31-15:57:10][http-nio-8082-exec-6][INFO ][net.blog.services.impl.UserServiceImpl]:parseByTokenKey token == >eyJhbGciOiJIUzI1NiJ9.eyJ1c2VyX25hbWUiOiJBZG1pbkNodWFuIiwicm9sZXMiOiJyb2xlX2FkbWluIiwic2lnbiI6IkxCV05CIiwiZnJvbSI6InBfIiwiaWQiOiI3NDE2MjY0ODU1Mzc3Njc0MjQiLCJhdmF0YXIiOiJodHRwczovL2F2YXRhcnMwLmdpdGh1YnVzZXJjb250ZW50LmNvbS91LzQyMjkzNzU4P3M9NDYwJnU9MjFiNjcyZmZmNmUzNDcxNzJiMWRmOWQ3ZWJmMjE2ZTljNGM5YzlmYiZ2PTQiLCJleHAiOjE1OTg4NjM3NDIsImVtYWlsIjoiYWRtaW5AZXhhbXBsZS5jb20ifQ.Cs3QeRG_hGNLT7L1PM5x3BlONBK4KGlGMoLfCHFA8gA
[2020/08/31-15:57:14][http-nio-8082-exec-10][INFO ][net.blog.interceptor.ApiInterceptor]:method name == > login
