[2020/08/27-19:18:03][main][INFO ][net.blog.BlogApplication]:BlogApplication run...
[2020/08/27-19:18:04][main][INFO ][net.blog.BlogApplication]:Starting BlogApplication on Innovation with PID 13540 (D:\Codes\BlogSystem\target\classes started by ETNJL in D:\Codes\BlogSystem)
[2020/08/27-19:18:04][main][INFO ][net.blog.BlogApplication]:The following profiles are active: prod
[2020/08/27-19:18:14][main][INFO ][net.blog.BlogApplication]:Started BlogApplication in 10.958 seconds (JVM running for 12.008)
[2020/08/27-19:19:03][http-nio-8082-exec-6][INFO ][net.blog.interceptor.ApiInterceptor]:method name == > uiConfiguration
[2020/08/27-19:19:03][http-nio-8082-exec-5][INFO ][net.blog.interceptor.ApiInterceptor]:method name == > securityConfiguration
[2020/08/27-19:19:03][http-nio-8082-exec-10][INFO ][net.blog.interceptor.ApiInterceptor]:method name == > swaggerResources
[2020/08/27-19:19:03][http-nio-8082-exec-3][INFO ][net.blog.interceptor.ApiInterceptor]:method name == > page404
[2020/08/27-19:19:03][http-nio-8082-exec-8][INFO ][net.blog.interceptor.ApiInterceptor]:method name == > page404
[2020/08/27-19:19:25][http-nio-8082-exec-5][INFO ][net.blog.interceptor.ApiInterceptor]:method name == > parseToken
[2020/08/27-19:19:25][http-nio-8082-exec-5][INFO ][net.blog.services.impl.UserServiceImpl]:checkUser tokenKey == > p_c7f38b99dc671ec6486b0018ac3e33ef
[2020/08/27-19:19:26][http-nio-8082-exec-5][INFO ][net.blog.services.impl.UserServiceImpl]:parseByTokenKey token == >null
[2020/08/27-19:19:26][http-nio-8082-exec-5][INFO ][net.blog.services.impl.UserServiceImpl]:create new token and refresh token...
[2020/08/27-19:19:26][http-nio-8082-exec-5][INFO ][net.blog.services.impl.UserServiceImpl]:parseByTokenKey token == >eyJhbGciOiJIUzI1NiJ9.eyJ1c2VyX25hbWUiOiJBZG1pbkNodWFuIiwicm9sZXMiOiJyb2xlX2FkbWluIiwic2lnbiI6IkxCV05CIiwiZnJvbSI6InBfIiwiaWQiOiI3NDE2MjY0ODU1Mzc3Njc0MjQiLCJhdmF0YXIiOiJodHRwczovL2F2YXRhcnMwLmdpdGh1YnVzZXJjb250ZW50LmNvbS91LzQyMjkzNzU4P3M9NDYwJnU9MjFiNjcyZmZmNmUzNDcxNzJiMWRmOWQ3ZWJmMjE2ZTljNGM5YzlmYiZ2PTQiLCJleHAiOjE1OTg1MzA3NjYsImVtYWlsIjoiYWRtaW5AZXhhbXBsZS5jb20ifQ.rG2mfW3BS6sOOf8_yJbhKCwHgbSAJvMsRLzvdjbkFUQ
[2020/08/27-19:19:30][http-nio-8082-exec-10][INFO ][net.blog.interceptor.ApiInterceptor]:method name == > parseToken
[2020/08/27-19:19:30][http-nio-8082-exec-10][INFO ][net.blog.services.impl.UserServiceImpl]:checkUser tokenKey == > p_70b14ed9389251c5dc953cb6b55fa39f
[2020/08/27-19:19:30][http-nio-8082-exec-10][INFO ][net.blog.services.impl.UserServiceImpl]:parseByTokenKey token == >eyJhbGciOiJIUzI1NiJ9.eyJ1c2VyX25hbWUiOiJBZG1pbkNodWFuIiwicm9sZXMiOiJyb2xlX2FkbWluIiwic2lnbiI6IkxCV05CIiwiZnJvbSI6InBfIiwiaWQiOiI3NDE2MjY0ODU1Mzc3Njc0MjQiLCJhdmF0YXIiOiJodHRwczovL2F2YXRhcnMwLmdpdGh1YnVzZXJjb250ZW50LmNvbS91LzQyMjkzNzU4P3M9NDYwJnU9MjFiNjcyZmZmNmUzNDcxNzJiMWRmOWQ3ZWJmMjE2ZTljNGM5YzlmYiZ2PTQiLCJleHAiOjE1OTg1MzA3NjYsImVtYWlsIjoiYWRtaW5AZXhhbXBsZS5jb20ifQ.rG2mfW3BS6sOOf8_yJbhKCwHgbSAJvMsRLzvdjbkFUQ
[2020/08/27-19:19:30][http-nio-8082-exec-7][INFO ][net.blog.interceptor.ApiInterceptor]:method name == > listCategories
[2020/08/27-19:19:30][http-nio-8082-exec-7][INFO ][net.blog.services.impl.UserServiceImpl]:checkUser tokenKey == > p_70b14ed9389251c5dc953cb6b55fa39f
[2020/08/27-19:19:30][http-nio-8082-exec-7][INFO ][net.blog.services.impl.UserServiceImpl]:parseByTokenKey token == >eyJhbGciOiJIUzI1NiJ9.eyJ1c2VyX25hbWUiOiJBZG1pbkNodWFuIiwicm9sZXMiOiJyb2xlX2FkbWluIiwic2lnbiI6IkxCV05CIiwiZnJvbSI6InBfIiwiaWQiOiI3NDE2MjY0ODU1Mzc3Njc0MjQiLCJhdmF0YXIiOiJodHRwczovL2F2YXRhcnMwLmdpdGh1YnVzZXJjb250ZW50LmNvbS91LzQyMjkzNzU4P3M9NDYwJnU9MjFiNjcyZmZmNmUzNDcxNzJiMWRmOWQ3ZWJmMjE2ZTljNGM5YzlmYiZ2PTQiLCJleHAiOjE1OTg1MzA3NjYsImVtYWlsIjoiYWRtaW5AZXhhbXBsZS5jb20ifQ.rG2mfW3BS6sOOf8_yJbhKCwHgbSAJvMsRLzvdjbkFUQ
[2020/08/27-19:19:30][http-nio-8082-exec-7][INFO ][net.blog.services.impl.UserServiceImpl]:checkUser tokenKey == > p_70b14ed9389251c5dc953cb6b55fa39f
[2020/08/27-19:19:30][http-nio-8082-exec-7][INFO ][net.blog.services.impl.UserServiceImpl]:parseByTokenKey token == >eyJhbGciOiJIUzI1NiJ9.eyJ1c2VyX25hbWUiOiJBZG1pbkNodWFuIiwicm9sZXMiOiJyb2xlX2FkbWluIiwic2lnbiI6IkxCV05CIiwiZnJvbSI6InBfIiwiaWQiOiI3NDE2MjY0ODU1Mzc3Njc0MjQiLCJhdmF0YXIiOiJodHRwczovL2F2YXRhcnMwLmdpdGh1YnVzZXJjb250ZW50LmNvbS91LzQyMjkzNzU4P3M9NDYwJnU9MjFiNjcyZmZmNmUzNDcxNzJiMWRmOWQ3ZWJmMjE2ZTljNGM5YzlmYiZ2PTQiLCJleHAiOjE1OTg1MzA3NjYsImVtYWlsIjoiYWRtaW5AZXhhbXBsZS5jb20ifQ.rG2mfW3BS6sOOf8_yJbhKCwHgbSAJvMsRLzvdjbkFUQ
[2020/08/27-19:25:01][http-nio-8082-exec-9][INFO ][net.blog.interceptor.ApiInterceptor]:method name == > listCategories
[2020/08/27-19:25:01][http-nio-8082-exec-9][INFO ][net.blog.services.impl.UserServiceImpl]:checkUser tokenKey == > p_70b14ed9389251c5dc953cb6b55fa39f
[2020/08/27-19:25:01][http-nio-8082-exec-9][INFO ][net.blog.services.impl.UserServiceImpl]:parseByTokenKey token == >eyJhbGciOiJIUzI1NiJ9.eyJ1c2VyX25hbWUiOiJBZG1pbkNodWFuIiwicm9sZXMiOiJyb2xlX2FkbWluIiwic2lnbiI6IkxCV05CIiwiZnJvbSI6InBfIiwiaWQiOiI3NDE2MjY0ODU1Mzc3Njc0MjQiLCJhdmF0YXIiOiJodHRwczovL2F2YXRhcnMwLmdpdGh1YnVzZXJjb250ZW50LmNvbS91LzQyMjkzNzU4P3M9NDYwJnU9MjFiNjcyZmZmNmUzNDcxNzJiMWRmOWQ3ZWJmMjE2ZTljNGM5YzlmYiZ2PTQiLCJleHAiOjE1OTg1MzA3NjYsImVtYWlsIjoiYWRtaW5AZXhhbXBsZS5jb20ifQ.rG2mfW3BS6sOOf8_yJbhKCwHgbSAJvMsRLzvdjbkFUQ
[2020/08/27-19:25:01][http-nio-8082-exec-9][INFO ][net.blog.services.impl.UserServiceImpl]:checkUser tokenKey == > p_70b14ed9389251c5dc953cb6b55fa39f
[2020/08/27-19:25:01][http-nio-8082-exec-9][INFO ][net.blog.services.impl.UserServiceImpl]:parseByTokenKey token == >eyJhbGciOiJIUzI1NiJ9.eyJ1c2VyX25hbWUiOiJBZG1pbkNodWFuIiwicm9sZXMiOiJyb2xlX2FkbWluIiwic2lnbiI6IkxCV05CIiwiZnJvbSI6InBfIiwiaWQiOiI3NDE2MjY0ODU1Mzc3Njc0MjQiLCJhdmF0YXIiOiJodHRwczovL2F2YXRhcnMwLmdpdGh1YnVzZXJjb250ZW50LmNvbS91LzQyMjkzNzU4P3M9NDYwJnU9MjFiNjcyZmZmNmUzNDcxNzJiMWRmOWQ3ZWJmMjE2ZTljNGM5YzlmYiZ2PTQiLCJleHAiOjE1OTg1MzA3NjYsImVtYWlsIjoiYWRtaW5AZXhhbXBsZS5jb20ifQ.rG2mfW3BS6sOOf8_yJbhKCwHgbSAJvMsRLzvdjbkFUQ
[2020/08/27-19:32:40][http-nio-8082-exec-6][INFO ][net.blog.interceptor.ApiInterceptor]:method name == > listCategories
[2020/08/27-19:32:40][http-nio-8082-exec-6][INFO ][net.blog.services.impl.UserServiceImpl]:checkUser tokenKey == > p_70b14ed9389251c5dc953cb6b55fa39f
[2020/08/27-19:32:40][http-nio-8082-exec-6][INFO ][net.blog.services.impl.UserServiceImpl]:parseByTokenKey token == >eyJhbGciOiJIUzI1NiJ9.eyJ1c2VyX25hbWUiOiJBZG1pbkNodWFuIiwicm9sZXMiOiJyb2xlX2FkbWluIiwic2lnbiI6IkxCV05CIiwiZnJvbSI6InBfIiwiaWQiOiI3NDE2MjY0ODU1Mzc3Njc0MjQiLCJhdmF0YXIiOiJodHRwczovL2F2YXRhcnMwLmdpdGh1YnVzZXJjb250ZW50LmNvbS91LzQyMjkzNzU4P3M9NDYwJnU9MjFiNjcyZmZmNmUzNDcxNzJiMWRmOWQ3ZWJmMjE2ZTljNGM5YzlmYiZ2PTQiLCJleHAiOjE1OTg1MzA3NjYsImVtYWlsIjoiYWRtaW5AZXhhbXBsZS5jb20ifQ.rG2mfW3BS6sOOf8_yJbhKCwHgbSAJvMsRLzvdjbkFUQ
[2020/08/27-19:32:40][http-nio-8082-exec-6][INFO ][net.blog.services.impl.UserServiceImpl]:checkUser tokenKey == > p_70b14ed9389251c5dc953cb6b55fa39f
[2020/08/27-19:32:40][http-nio-8082-exec-6][INFO ][net.blog.services.impl.UserServiceImpl]:parseByTokenKey token == >eyJhbGciOiJIUzI1NiJ9.eyJ1c2VyX25hbWUiOiJBZG1pbkNodWFuIiwicm9sZXMiOiJyb2xlX2FkbWluIiwic2lnbiI6IkxCV05CIiwiZnJvbSI6InBfIiwiaWQiOiI3NDE2MjY0ODU1Mzc3Njc0MjQiLCJhdmF0YXIiOiJodHRwczovL2F2YXRhcnMwLmdpdGh1YnVzZXJjb250ZW50LmNvbS91LzQyMjkzNzU4P3M9NDYwJnU9MjFiNjcyZmZmNmUzNDcxNzJiMWRmOWQ3ZWJmMjE2ZTljNGM5YzlmYiZ2PTQiLCJleHAiOjE1OTg1MzA3NjYsImVtYWlsIjoiYWRtaW5AZXhhbXBsZS5jb20ifQ.rG2mfW3BS6sOOf8_yJbhKCwHgbSAJvMsRLzvdjbkFUQ
[2020/08/27-19:33:13][http-nio-8082-exec-5][INFO ][net.blog.interceptor.ApiInterceptor]:method name == > listCategories
[2020/08/27-19:33:13][http-nio-8082-exec-5][INFO ][net.blog.services.impl.UserServiceImpl]:checkUser tokenKey == > p_70b14ed9389251c5dc953cb6b55fa39f
[2020/08/27-19:33:13][http-nio-8082-exec-5][INFO ][net.blog.services.impl.UserServiceImpl]:parseByTokenKey token == >eyJhbGciOiJIUzI1NiJ9.eyJ1c2VyX25hbWUiOiJBZG1pbkNodWFuIiwicm9sZXMiOiJyb2xlX2FkbWluIiwic2lnbiI6IkxCV05CIiwiZnJvbSI6InBfIiwiaWQiOiI3NDE2MjY0ODU1Mzc3Njc0MjQiLCJhdmF0YXIiOiJodHRwczovL2F2YXRhcnMwLmdpdGh1YnVzZXJjb250ZW50LmNvbS91LzQyMjkzNzU4P3M9NDYwJnU9MjFiNjcyZmZmNmUzNDcxNzJiMWRmOWQ3ZWJmMjE2ZTljNGM5YzlmYiZ2PTQiLCJleHAiOjE1OTg1MzA3NjYsImVtYWlsIjoiYWRtaW5AZXhhbXBsZS5jb20ifQ.rG2mfW3BS6sOOf8_yJbhKCwHgbSAJvMsRLzvdjbkFUQ
[2020/08/27-19:33:13][http-nio-8082-exec-5][INFO ][net.blog.services.impl.UserServiceImpl]:checkUser tokenKey == > p_70b14ed9389251c5dc953cb6b55fa39f
[2020/08/27-19:33:13][http-nio-8082-exec-5][INFO ][net.blog.services.impl.UserServiceImpl]:parseByTokenKey token == >eyJhbGciOiJIUzI1NiJ9.eyJ1c2VyX25hbWUiOiJBZG1pbkNodWFuIiwicm9sZXMiOiJyb2xlX2FkbWluIiwic2lnbiI6IkxCV05CIiwiZnJvbSI6InBfIiwiaWQiOiI3NDE2MjY0ODU1Mzc3Njc0MjQiLCJhdmF0YXIiOiJodHRwczovL2F2YXRhcnMwLmdpdGh1YnVzZXJjb250ZW50LmNvbS91LzQyMjkzNzU4P3M9NDYwJnU9MjFiNjcyZmZmNmUzNDcxNzJiMWRmOWQ3ZWJmMjE2ZTljNGM5YzlmYiZ2PTQiLCJleHAiOjE1OTg1MzA3NjYsImVtYWlsIjoiYWRtaW5AZXhhbXBsZS5jb20ifQ.rG2mfW3BS6sOOf8_yJbhKCwHgbSAJvMsRLzvdjbkFUQ
[2020/08/27-19:34:27][http-nio-8082-exec-10][INFO ][net.blog.interceptor.ApiInterceptor]:method name == > listCategories
[2020/08/27-19:34:27][http-nio-8082-exec-10][INFO ][net.blog.services.impl.UserServiceImpl]:checkUser tokenKey == > p_70b14ed9389251c5dc953cb6b55fa39f
[2020/08/27-19:34:27][http-nio-8082-exec-10][INFO ][net.blog.services.impl.UserServiceImpl]:parseByTokenKey token == >eyJhbGciOiJIUzI1NiJ9.eyJ1c2VyX25hbWUiOiJBZG1pbkNodWFuIiwicm9sZXMiOiJyb2xlX2FkbWluIiwic2lnbiI6IkxCV05CIiwiZnJvbSI6InBfIiwiaWQiOiI3NDE2MjY0ODU1Mzc3Njc0MjQiLCJhdmF0YXIiOiJodHRwczovL2F2YXRhcnMwLmdpdGh1YnVzZXJjb250ZW50LmNvbS91LzQyMjkzNzU4P3M9NDYwJnU9MjFiNjcyZmZmNmUzNDcxNzJiMWRmOWQ3ZWJmMjE2ZTljNGM5YzlmYiZ2PTQiLCJleHAiOjE1OTg1MzA3NjYsImVtYWlsIjoiYWRtaW5AZXhhbXBsZS5jb20ifQ.rG2mfW3BS6sOOf8_yJbhKCwHgbSAJvMsRLzvdjbkFUQ
[2020/08/27-19:34:27][http-nio-8082-exec-10][INFO ][net.blog.services.impl.UserServiceImpl]:checkUser tokenKey == > p_70b14ed9389251c5dc953cb6b55fa39f
[2020/08/27-19:34:27][http-nio-8082-exec-10][INFO ][net.blog.services.impl.UserServiceImpl]:parseByTokenKey token == >eyJhbGciOiJIUzI1NiJ9.eyJ1c2VyX25hbWUiOiJBZG1pbkNodWFuIiwicm9sZXMiOiJyb2xlX2FkbWluIiwic2lnbiI6IkxCV05CIiwiZnJvbSI6InBfIiwiaWQiOiI3NDE2MjY0ODU1Mzc3Njc0MjQiLCJhdmF0YXIiOiJodHRwczovL2F2YXRhcnMwLmdpdGh1YnVzZXJjb250ZW50LmNvbS91LzQyMjkzNzU4P3M9NDYwJnU9MjFiNjcyZmZmNmUzNDcxNzJiMWRmOWQ3ZWJmMjE2ZTljNGM5YzlmYiZ2PTQiLCJleHAiOjE1OTg1MzA3NjYsImVtYWlsIjoiYWRtaW5AZXhhbXBsZS5jb20ifQ.rG2mfW3BS6sOOf8_yJbhKCwHgbSAJvMsRLzvdjbkFUQ
[2020/08/27-19:37:22][http-nio-8082-exec-7][INFO ][net.blog.interceptor.ApiInterceptor]:method name == > listCategories
[2020/08/27-19:37:22][http-nio-8082-exec-7][INFO ][net.blog.services.impl.UserServiceImpl]:checkUser tokenKey == > p_70b14ed9389251c5dc953cb6b55fa39f
[2020/08/27-19:37:22][http-nio-8082-exec-7][INFO ][net.blog.services.impl.UserServiceImpl]:parseByTokenKey token == >eyJhbGciOiJIUzI1NiJ9.eyJ1c2VyX25hbWUiOiJBZG1pbkNodWFuIiwicm9sZXMiOiJyb2xlX2FkbWluIiwic2lnbiI6IkxCV05CIiwiZnJvbSI6InBfIiwiaWQiOiI3NDE2MjY0ODU1Mzc3Njc0MjQiLCJhdmF0YXIiOiJodHRwczovL2F2YXRhcnMwLmdpdGh1YnVzZXJjb250ZW50LmNvbS91LzQyMjkzNzU4P3M9NDYwJnU9MjFiNjcyZmZmNmUzNDcxNzJiMWRmOWQ3ZWJmMjE2ZTljNGM5YzlmYiZ2PTQiLCJleHAiOjE1OTg1MzA3NjYsImVtYWlsIjoiYWRtaW5AZXhhbXBsZS5jb20ifQ.rG2mfW3BS6sOOf8_yJbhKCwHgbSAJvMsRLzvdjbkFUQ
[2020/08/27-19:37:22][http-nio-8082-exec-7][INFO ][net.blog.services.impl.UserServiceImpl]:checkUser tokenKey == > p_70b14ed9389251c5dc953cb6b55fa39f
[2020/08/27-19:37:22][http-nio-8082-exec-7][INFO ][net.blog.services.impl.UserServiceImpl]:parseByTokenKey token == >eyJhbGciOiJIUzI1NiJ9.eyJ1c2VyX25hbWUiOiJBZG1pbkNodWFuIiwicm9sZXMiOiJyb2xlX2FkbWluIiwic2lnbiI6IkxCV05CIiwiZnJvbSI6InBfIiwiaWQiOiI3NDE2MjY0ODU1Mzc3Njc0MjQiLCJhdmF0YXIiOiJodHRwczovL2F2YXRhcnMwLmdpdGh1YnVzZXJjb250ZW50LmNvbS91LzQyMjkzNzU4P3M9NDYwJnU9MjFiNjcyZmZmNmUzNDcxNzJiMWRmOWQ3ZWJmMjE2ZTljNGM5YzlmYiZ2PTQiLCJleHAiOjE1OTg1MzA3NjYsImVtYWlsIjoiYWRtaW5AZXhhbXBsZS5jb20ifQ.rG2mfW3BS6sOOf8_yJbhKCwHgbSAJvMsRLzvdjbkFUQ
[2020/08/27-19:57:19][http-nio-8082-exec-3][INFO ][net.blog.interceptor.ApiInterceptor]:method name == > parseToken
[2020/08/27-19:57:19][http-nio-8082-exec-3][INFO ][net.blog.services.impl.UserServiceImpl]:checkUser tokenKey == > p_70b14ed9389251c5dc953cb6b55fa39f
[2020/08/27-19:57:19][http-nio-8082-exec-3][INFO ][net.blog.services.impl.UserServiceImpl]:parseByTokenKey token == >eyJhbGciOiJIUzI1NiJ9.eyJ1c2VyX25hbWUiOiJBZG1pbkNodWFuIiwicm9sZXMiOiJyb2xlX2FkbWluIiwic2lnbiI6IkxCV05CIiwiZnJvbSI6InBfIiwiaWQiOiI3NDE2MjY0ODU1Mzc3Njc0MjQiLCJhdmF0YXIiOiJodHRwczovL2F2YXRhcnMwLmdpdGh1YnVzZXJjb250ZW50LmNvbS91LzQyMjkzNzU4P3M9NDYwJnU9MjFiNjcyZmZmNmUzNDcxNzJiMWRmOWQ3ZWJmMjE2ZTljNGM5YzlmYiZ2PTQiLCJleHAiOjE1OTg1MzA3NjYsImVtYWlsIjoiYWRtaW5AZXhhbXBsZS5jb20ifQ.rG2mfW3BS6sOOf8_yJbhKCwHgbSAJvMsRLzvdjbkFUQ
[2020/08/27-19:57:19][http-nio-8082-exec-8][INFO ][net.blog.interceptor.ApiInterceptor]:method name == > listCategories
[2020/08/27-19:57:19][http-nio-8082-exec-8][INFO ][net.blog.services.impl.UserServiceImpl]:checkUser tokenKey == > p_70b14ed9389251c5dc953cb6b55fa39f
[2020/08/27-19:57:19][http-nio-8082-exec-8][INFO ][net.blog.services.impl.UserServiceImpl]:parseByTokenKey token == >eyJhbGciOiJIUzI1NiJ9.eyJ1c2VyX25hbWUiOiJBZG1pbkNodWFuIiwicm9sZXMiOiJyb2xlX2FkbWluIiwic2lnbiI6IkxCV05CIiwiZnJvbSI6InBfIiwiaWQiOiI3NDE2MjY0ODU1Mzc3Njc0MjQiLCJhdmF0YXIiOiJodHRwczovL2F2YXRhcnMwLmdpdGh1YnVzZXJjb250ZW50LmNvbS91LzQyMjkzNzU4P3M9NDYwJnU9MjFiNjcyZmZmNmUzNDcxNzJiMWRmOWQ3ZWJmMjE2ZTljNGM5YzlmYiZ2PTQiLCJleHAiOjE1OTg1MzA3NjYsImVtYWlsIjoiYWRtaW5AZXhhbXBsZS5jb20ifQ.rG2mfW3BS6sOOf8_yJbhKCwHgbSAJvMsRLzvdjbkFUQ
[2020/08/27-19:57:19][http-nio-8082-exec-8][INFO ][net.blog.services.impl.UserServiceImpl]:checkUser tokenKey == > p_70b14ed9389251c5dc953cb6b55fa39f
[2020/08/27-19:57:19][http-nio-8082-exec-8][INFO ][net.blog.services.impl.UserServiceImpl]:parseByTokenKey token == >eyJhbGciOiJIUzI1NiJ9.eyJ1c2VyX25hbWUiOiJBZG1pbkNodWFuIiwicm9sZXMiOiJyb2xlX2FkbWluIiwic2lnbiI6IkxCV05CIiwiZnJvbSI6InBfIiwiaWQiOiI3NDE2MjY0ODU1Mzc3Njc0MjQiLCJhdmF0YXIiOiJodHRwczovL2F2YXRhcnMwLmdpdGh1YnVzZXJjb250ZW50LmNvbS91LzQyMjkzNzU4P3M9NDYwJnU9MjFiNjcyZmZmNmUzNDcxNzJiMWRmOWQ3ZWJmMjE2ZTljNGM5YzlmYiZ2PTQiLCJleHAiOjE1OTg1MzA3NjYsImVtYWlsIjoiYWRtaW5AZXhhbXBsZS5jb20ifQ.rG2mfW3BS6sOOf8_yJbhKCwHgbSAJvMsRLzvdjbkFUQ
[2020/08/27-20:05:58][http-nio-8082-exec-4][INFO ][net.blog.interceptor.ApiInterceptor]:method name == > parseToken
[2020/08/27-20:05:58][http-nio-8082-exec-4][INFO ][net.blog.services.impl.UserServiceImpl]:checkUser tokenKey == > p_70b14ed9389251c5dc953cb6b55fa39f
[2020/08/27-20:05:58][http-nio-8082-exec-4][INFO ][net.blog.services.impl.UserServiceImpl]:parseByTokenKey token == >eyJhbGciOiJIUzI1NiJ9.eyJ1c2VyX25hbWUiOiJBZG1pbkNodWFuIiwicm9sZXMiOiJyb2xlX2FkbWluIiwic2lnbiI6IkxCV05CIiwiZnJvbSI6InBfIiwiaWQiOiI3NDE2MjY0ODU1Mzc3Njc0MjQiLCJhdmF0YXIiOiJodHRwczovL2F2YXRhcnMwLmdpdGh1YnVzZXJjb250ZW50LmNvbS91LzQyMjkzNzU4P3M9NDYwJnU9MjFiNjcyZmZmNmUzNDcxNzJiMWRmOWQ3ZWJmMjE2ZTljNGM5YzlmYiZ2PTQiLCJleHAiOjE1OTg1MzA3NjYsImVtYWlsIjoiYWRtaW5AZXhhbXBsZS5jb20ifQ.rG2mfW3BS6sOOf8_yJbhKCwHgbSAJvMsRLzvdjbkFUQ
[2020/08/27-20:05:59][http-nio-8082-exec-1][INFO ][net.blog.interceptor.ApiInterceptor]:method name == > listCategories
[2020/08/27-20:05:59][http-nio-8082-exec-1][INFO ][net.blog.services.impl.UserServiceImpl]:checkUser tokenKey == > p_70b14ed9389251c5dc953cb6b55fa39f
[2020/08/27-20:05:59][http-nio-8082-exec-1][INFO ][net.blog.services.impl.UserServiceImpl]:parseByTokenKey token == >eyJhbGciOiJIUzI1NiJ9.eyJ1c2VyX25hbWUiOiJBZG1pbkNodWFuIiwicm9sZXMiOiJyb2xlX2FkbWluIiwic2lnbiI6IkxCV05CIiwiZnJvbSI6InBfIiwiaWQiOiI3NDE2MjY0ODU1Mzc3Njc0MjQiLCJhdmF0YXIiOiJodHRwczovL2F2YXRhcnMwLmdpdGh1YnVzZXJjb250ZW50LmNvbS91LzQyMjkzNzU4P3M9NDYwJnU9MjFiNjcyZmZmNmUzNDcxNzJiMWRmOWQ3ZWJmMjE2ZTljNGM5YzlmYiZ2PTQiLCJleHAiOjE1OTg1MzA3NjYsImVtYWlsIjoiYWRtaW5AZXhhbXBsZS5jb20ifQ.rG2mfW3BS6sOOf8_yJbhKCwHgbSAJvMsRLzvdjbkFUQ
[2020/08/27-20:05:59][http-nio-8082-exec-1][INFO ][net.blog.services.impl.UserServiceImpl]:checkUser tokenKey == > p_70b14ed9389251c5dc953cb6b55fa39f
[2020/08/27-20:05:59][http-nio-8082-exec-1][INFO ][net.blog.services.impl.UserServiceImpl]:parseByTokenKey token == >eyJhbGciOiJIUzI1NiJ9.eyJ1c2VyX25hbWUiOiJBZG1pbkNodWFuIiwicm9sZXMiOiJyb2xlX2FkbWluIiwic2lnbiI6IkxCV05CIiwiZnJvbSI6InBfIiwiaWQiOiI3NDE2MjY0ODU1Mzc3Njc0MjQiLCJhdmF0YXIiOiJodHRwczovL2F2YXRhcnMwLmdpdGh1YnVzZXJjb250ZW50LmNvbS91LzQyMjkzNzU4P3M9NDYwJnU9MjFiNjcyZmZmNmUzNDcxNzJiMWRmOWQ3ZWJmMjE2ZTljNGM5YzlmYiZ2PTQiLCJleHAiOjE1OTg1MzA3NjYsImVtYWlsIjoiYWRtaW5AZXhhbXBsZS5jb20ifQ.rG2mfW3BS6sOOf8_yJbhKCwHgbSAJvMsRLzvdjbkFUQ
[2020/08/27-20:07:22][http-nio-8082-exec-2][INFO ][net.blog.interceptor.ApiInterceptor]:method name == > listCategories
[2020/08/27-20:07:22][http-nio-8082-exec-2][INFO ][net.blog.services.impl.UserServiceImpl]:checkUser tokenKey == > p_70b14ed9389251c5dc953cb6b55fa39f
[2020/08/27-20:07:22][http-nio-8082-exec-2][INFO ][net.blog.services.impl.UserServiceImpl]:parseByTokenKey token == >eyJhbGciOiJIUzI1NiJ9.eyJ1c2VyX25hbWUiOiJBZG1pbkNodWFuIiwicm9sZXMiOiJyb2xlX2FkbWluIiwic2lnbiI6IkxCV05CIiwiZnJvbSI6InBfIiwiaWQiOiI3NDE2MjY0ODU1Mzc3Njc0MjQiLCJhdmF0YXIiOiJodHRwczovL2F2YXRhcnMwLmdpdGh1YnVzZXJjb250ZW50LmNvbS91LzQyMjkzNzU4P3M9NDYwJnU9MjFiNjcyZmZmNmUzNDcxNzJiMWRmOWQ3ZWJmMjE2ZTljNGM5YzlmYiZ2PTQiLCJleHAiOjE1OTg1MzA3NjYsImVtYWlsIjoiYWRtaW5AZXhhbXBsZS5jb20ifQ.rG2mfW3BS6sOOf8_yJbhKCwHgbSAJvMsRLzvdjbkFUQ
[2020/08/27-20:07:22][http-nio-8082-exec-2][INFO ][net.blog.services.impl.UserServiceImpl]:checkUser tokenKey == > p_70b14ed9389251c5dc953cb6b55fa39f
[2020/08/27-20:07:22][http-nio-8082-exec-2][INFO ][net.blog.services.impl.UserServiceImpl]:parseByTokenKey token == >eyJhbGciOiJIUzI1NiJ9.eyJ1c2VyX25hbWUiOiJBZG1pbkNodWFuIiwicm9sZXMiOiJyb2xlX2FkbWluIiwic2lnbiI6IkxCV05CIiwiZnJvbSI6InBfIiwiaWQiOiI3NDE2MjY0ODU1Mzc3Njc0MjQiLCJhdmF0YXIiOiJodHRwczovL2F2YXRhcnMwLmdpdGh1YnVzZXJjb250ZW50LmNvbS91LzQyMjkzNzU4P3M9NDYwJnU9MjFiNjcyZmZmNmUzNDcxNzJiMWRmOWQ3ZWJmMjE2ZTljNGM5YzlmYiZ2PTQiLCJleHAiOjE1OTg1MzA3NjYsImVtYWlsIjoiYWRtaW5AZXhhbXBsZS5jb20ifQ.rG2mfW3BS6sOOf8_yJbhKCwHgbSAJvMsRLzvdjbkFUQ
[2020/08/27-20:07:41][http-nio-8082-exec-9][INFO ][net.blog.interceptor.ApiInterceptor]:method name == > listCategories
[2020/08/27-20:07:41][http-nio-8082-exec-9][INFO ][net.blog.services.impl.UserServiceImpl]:checkUser tokenKey == > p_70b14ed9389251c5dc953cb6b55fa39f
[2020/08/27-20:07:41][http-nio-8082-exec-9][INFO ][net.blog.services.impl.UserServiceImpl]:parseByTokenKey token == >eyJhbGciOiJIUzI1NiJ9.eyJ1c2VyX25hbWUiOiJBZG1pbkNodWFuIiwicm9sZXMiOiJyb2xlX2FkbWluIiwic2lnbiI6IkxCV05CIiwiZnJvbSI6InBfIiwiaWQiOiI3NDE2MjY0ODU1Mzc3Njc0MjQiLCJhdmF0YXIiOiJodHRwczovL2F2YXRhcnMwLmdpdGh1YnVzZXJjb250ZW50LmNvbS91LzQyMjkzNzU4P3M9NDYwJnU9MjFiNjcyZmZmNmUzNDcxNzJiMWRmOWQ3ZWJmMjE2ZTljNGM5YzlmYiZ2PTQiLCJleHAiOjE1OTg1MzA3NjYsImVtYWlsIjoiYWRtaW5AZXhhbXBsZS5jb20ifQ.rG2mfW3BS6sOOf8_yJbhKCwHgbSAJvMsRLzvdjbkFUQ
[2020/08/27-20:07:41][http-nio-8082-exec-9][INFO ][net.blog.services.impl.UserServiceImpl]:checkUser tokenKey == > p_70b14ed9389251c5dc953cb6b55fa39f
[2020/08/27-20:07:41][http-nio-8082-exec-9][INFO ][net.blog.services.impl.UserServiceImpl]:parseByTokenKey token == >eyJhbGciOiJIUzI1NiJ9.eyJ1c2VyX25hbWUiOiJBZG1pbkNodWFuIiwicm9sZXMiOiJyb2xlX2FkbWluIiwic2lnbiI6IkxCV05CIiwiZnJvbSI6InBfIiwiaWQiOiI3NDE2MjY0ODU1Mzc3Njc0MjQiLCJhdmF0YXIiOiJodHRwczovL2F2YXRhcnMwLmdpdGh1YnVzZXJjb250ZW50LmNvbS91LzQyMjkzNzU4P3M9NDYwJnU9MjFiNjcyZmZmNmUzNDcxNzJiMWRmOWQ3ZWJmMjE2ZTljNGM5YzlmYiZ2PTQiLCJleHAiOjE1OTg1MzA3NjYsImVtYWlsIjoiYWRtaW5AZXhhbXBsZS5jb20ifQ.rG2mfW3BS6sOOf8_yJbhKCwHgbSAJvMsRLzvdjbkFUQ
[2020/08/27-20:32:04][http-nio-8082-exec-6][INFO ][net.blog.interceptor.ApiInterceptor]:method name == > listCategories
[2020/08/27-20:32:04][http-nio-8082-exec-6][INFO ][net.blog.services.impl.UserServiceImpl]:checkUser tokenKey == > p_70b14ed9389251c5dc953cb6b55fa39f
[2020/08/27-20:32:04][http-nio-8082-exec-6][INFO ][net.blog.services.impl.UserServiceImpl]:parseByTokenKey token == >null
[2020/08/27-20:32:04][http-nio-8082-exec-6][INFO ][net.blog.services.impl.UserServiceImpl]:create new token and refresh token...
[2020/08/27-20:32:04][http-nio-8082-exec-6][INFO ][net.blog.services.impl.UserServiceImpl]:parseByTokenKey token == >eyJhbGciOiJIUzI1NiJ9.eyJ1c2VyX25hbWUiOiJBZG1pbkNodWFuIiwicm9sZXMiOiJyb2xlX2FkbWluIiwic2lnbiI6IkxCV05CIiwiZnJvbSI6InBfIiwiaWQiOiI3NDE2MjY0ODU1Mzc3Njc0MjQiLCJhdmF0YXIiOiJodHRwczovL2F2YXRhcnMwLmdpdGh1YnVzZXJjb250ZW50LmNvbS91LzQyMjkzNzU4P3M9NDYwJnU9MjFiNjcyZmZmNmUzNDcxNzJiMWRmOWQ3ZWJmMjE2ZTljNGM5YzlmYiZ2PTQiLCJleHAiOjE1OTg1MzUxMjQsImVtYWlsIjoiYWRtaW5AZXhhbXBsZS5jb20ifQ.R3ZSx5O7QGQjkvhYhl2s3Y3coCluLdbMbEga5cddLoM
[2020/08/27-20:32:04][http-nio-8082-exec-6][INFO ][net.blog.services.impl.UserServiceImpl]:checkUser tokenKey == > p_70b14ed9389251c5dc953cb6b55fa39f
[2020/08/27-20:32:04][http-nio-8082-exec-6][INFO ][net.blog.services.impl.UserServiceImpl]:parseByTokenKey token == >null
[2020/08/27-20:32:04][http-nio-8082-exec-6][INFO ][net.blog.services.impl.UserServiceImpl]:refresh token is null...
[2020/08/27-20:33:08][http-nio-8082-exec-5][INFO ][net.blog.interceptor.ApiInterceptor]:method name == > listCategories
[2020/08/27-20:33:08][http-nio-8082-exec-5][INFO ][net.blog.services.impl.UserServiceImpl]:checkUser tokenKey == > p_41bbeb7ac31e6ac067bcb3db0d2a5a64
[2020/08/27-20:33:08][http-nio-8082-exec-5][INFO ][net.blog.services.impl.UserServiceImpl]:parseByTokenKey token == >eyJhbGciOiJIUzI1NiJ9.eyJ1c2VyX25hbWUiOiJBZG1pbkNodWFuIiwicm9sZXMiOiJyb2xlX2FkbWluIiwic2lnbiI6IkxCV05CIiwiZnJvbSI6InBfIiwiaWQiOiI3NDE2MjY0ODU1Mzc3Njc0MjQiLCJhdmF0YXIiOiJodHRwczovL2F2YXRhcnMwLmdpdGh1YnVzZXJjb250ZW50LmNvbS91LzQyMjkzNzU4P3M9NDYwJnU9MjFiNjcyZmZmNmUzNDcxNzJiMWRmOWQ3ZWJmMjE2ZTljNGM5YzlmYiZ2PTQiLCJleHAiOjE1OTg1MzUxMjQsImVtYWlsIjoiYWRtaW5AZXhhbXBsZS5jb20ifQ.R3ZSx5O7QGQjkvhYhl2s3Y3coCluLdbMbEga5cddLoM
[2020/08/27-20:33:08][http-nio-8082-exec-5][INFO ][net.blog.services.impl.UserServiceImpl]:checkUser tokenKey == > p_41bbeb7ac31e6ac067bcb3db0d2a5a64
[2020/08/27-20:33:08][http-nio-8082-exec-5][INFO ][net.blog.services.impl.UserServiceImpl]:parseByTokenKey token == >eyJhbGciOiJIUzI1NiJ9.eyJ1c2VyX25hbWUiOiJBZG1pbkNodWFuIiwicm9sZXMiOiJyb2xlX2FkbWluIiwic2lnbiI6IkxCV05CIiwiZnJvbSI6InBfIiwiaWQiOiI3NDE2MjY0ODU1Mzc3Njc0MjQiLCJhdmF0YXIiOiJodHRwczovL2F2YXRhcnMwLmdpdGh1YnVzZXJjb250ZW50LmNvbS91LzQyMjkzNzU4P3M9NDYwJnU9MjFiNjcyZmZmNmUzNDcxNzJiMWRmOWQ3ZWJmMjE2ZTljNGM5YzlmYiZ2PTQiLCJleHAiOjE1OTg1MzUxMjQsImVtYWlsIjoiYWRtaW5AZXhhbXBsZS5jb20ifQ.R3ZSx5O7QGQjkvhYhl2s3Y3coCluLdbMbEga5cddLoM
[2020/08/27-20:35:36][http-nio-8082-exec-10][INFO ][net.blog.interceptor.ApiInterceptor]:method name == > parseToken
[2020/08/27-20:35:36][http-nio-8082-exec-10][INFO ][net.blog.services.impl.UserServiceImpl]:checkUser tokenKey == > p_41bbeb7ac31e6ac067bcb3db0d2a5a64
[2020/08/27-20:35:36][http-nio-8082-exec-10][INFO ][net.blog.services.impl.UserServiceImpl]:parseByTokenKey token == >eyJhbGciOiJIUzI1NiJ9.eyJ1c2VyX25hbWUiOiJBZG1pbkNodWFuIiwicm9sZXMiOiJyb2xlX2FkbWluIiwic2lnbiI6IkxCV05CIiwiZnJvbSI6InBfIiwiaWQiOiI3NDE2MjY0ODU1Mzc3Njc0MjQiLCJhdmF0YXIiOiJodHRwczovL2F2YXRhcnMwLmdpdGh1YnVzZXJjb250ZW50LmNvbS91LzQyMjkzNzU4P3M9NDYwJnU9MjFiNjcyZmZmNmUzNDcxNzJiMWRmOWQ3ZWJmMjE2ZTljNGM5YzlmYiZ2PTQiLCJleHAiOjE1OTg1MzUxMjQsImVtYWlsIjoiYWRtaW5AZXhhbXBsZS5jb20ifQ.R3ZSx5O7QGQjkvhYhl2s3Y3coCluLdbMbEga5cddLoM
[2020/08/27-20:35:37][http-nio-8082-exec-7][INFO ][net.blog.interceptor.ApiInterceptor]:method name == > listCategories
[2020/08/27-20:35:37][http-nio-8082-exec-7][INFO ][net.blog.services.impl.UserServiceImpl]:checkUser tokenKey == > p_41bbeb7ac31e6ac067bcb3db0d2a5a64
[2020/08/27-20:35:37][http-nio-8082-exec-7][INFO ][net.blog.services.impl.UserServiceImpl]:parseByTokenKey token == >eyJhbGciOiJIUzI1NiJ9.eyJ1c2VyX25hbWUiOiJBZG1pbkNodWFuIiwicm9sZXMiOiJyb2xlX2FkbWluIiwic2lnbiI6IkxCV05CIiwiZnJvbSI6InBfIiwiaWQiOiI3NDE2MjY0ODU1Mzc3Njc0MjQiLCJhdmF0YXIiOiJodHRwczovL2F2YXRhcnMwLmdpdGh1YnVzZXJjb250ZW50LmNvbS91LzQyMjkzNzU4P3M9NDYwJnU9MjFiNjcyZmZmNmUzNDcxNzJiMWRmOWQ3ZWJmMjE2ZTljNGM5YzlmYiZ2PTQiLCJleHAiOjE1OTg1MzUxMjQsImVtYWlsIjoiYWRtaW5AZXhhbXBsZS5jb20ifQ.R3ZSx5O7QGQjkvhYhl2s3Y3coCluLdbMbEga5cddLoM
[2020/08/27-20:35:37][http-nio-8082-exec-7][INFO ][net.blog.services.impl.UserServiceImpl]:checkUser tokenKey == > p_41bbeb7ac31e6ac067bcb3db0d2a5a64
[2020/08/27-20:35:37][http-nio-8082-exec-7][INFO ][net.blog.services.impl.UserServiceImpl]:parseByTokenKey token == >eyJhbGciOiJIUzI1NiJ9.eyJ1c2VyX25hbWUiOiJBZG1pbkNodWFuIiwicm9sZXMiOiJyb2xlX2FkbWluIiwic2lnbiI6IkxCV05CIiwiZnJvbSI6InBfIiwiaWQiOiI3NDE2MjY0ODU1Mzc3Njc0MjQiLCJhdmF0YXIiOiJodHRwczovL2F2YXRhcnMwLmdpdGh1YnVzZXJjb250ZW50LmNvbS91LzQyMjkzNzU4P3M9NDYwJnU9MjFiNjcyZmZmNmUzNDcxNzJiMWRmOWQ3ZWJmMjE2ZTljNGM5YzlmYiZ2PTQiLCJleHAiOjE1OTg1MzUxMjQsImVtYWlsIjoiYWRtaW5AZXhhbXBsZS5jb20ifQ.R3ZSx5O7QGQjkvhYhl2s3Y3coCluLdbMbEga5cddLoM
[2020/08/27-20:37:04][http-nio-8082-exec-3][INFO ][net.blog.interceptor.ApiInterceptor]:method name == > parseToken
[2020/08/27-20:37:04][http-nio-8082-exec-3][INFO ][net.blog.services.impl.UserServiceImpl]:checkUser tokenKey == > p_41bbeb7ac31e6ac067bcb3db0d2a5a64
[2020/08/27-20:37:04][http-nio-8082-exec-3][INFO ][net.blog.services.impl.UserServiceImpl]:parseByTokenKey token == >eyJhbGciOiJIUzI1NiJ9.eyJ1c2VyX25hbWUiOiJBZG1pbkNodWFuIiwicm9sZXMiOiJyb2xlX2FkbWluIiwic2lnbiI6IkxCV05CIiwiZnJvbSI6InBfIiwiaWQiOiI3NDE2MjY0ODU1Mzc3Njc0MjQiLCJhdmF0YXIiOiJodHRwczovL2F2YXRhcnMwLmdpdGh1YnVzZXJjb250ZW50LmNvbS91LzQyMjkzNzU4P3M9NDYwJnU9MjFiNjcyZmZmNmUzNDcxNzJiMWRmOWQ3ZWJmMjE2ZTljNGM5YzlmYiZ2PTQiLCJleHAiOjE1OTg1MzUxMjQsImVtYWlsIjoiYWRtaW5AZXhhbXBsZS5jb20ifQ.R3ZSx5O7QGQjkvhYhl2s3Y3coCluLdbMbEga5cddLoM
[2020/08/27-20:37:05][http-nio-8082-exec-8][INFO ][net.blog.interceptor.ApiInterceptor]:method name == > listCategories
[2020/08/27-20:37:05][http-nio-8082-exec-8][INFO ][net.blog.services.impl.UserServiceImpl]:checkUser tokenKey == > p_41bbeb7ac31e6ac067bcb3db0d2a5a64
[2020/08/27-20:37:05][http-nio-8082-exec-8][INFO ][net.blog.services.impl.UserServiceImpl]:parseByTokenKey token == >eyJhbGciOiJIUzI1NiJ9.eyJ1c2VyX25hbWUiOiJBZG1pbkNodWFuIiwicm9sZXMiOiJyb2xlX2FkbWluIiwic2lnbiI6IkxCV05CIiwiZnJvbSI6InBfIiwiaWQiOiI3NDE2MjY0ODU1Mzc3Njc0MjQiLCJhdmF0YXIiOiJodHRwczovL2F2YXRhcnMwLmdpdGh1YnVzZXJjb250ZW50LmNvbS91LzQyMjkzNzU4P3M9NDYwJnU9MjFiNjcyZmZmNmUzNDcxNzJiMWRmOWQ3ZWJmMjE2ZTljNGM5YzlmYiZ2PTQiLCJleHAiOjE1OTg1MzUxMjQsImVtYWlsIjoiYWRtaW5AZXhhbXBsZS5jb20ifQ.R3ZSx5O7QGQjkvhYhl2s3Y3coCluLdbMbEga5cddLoM
[2020/08/27-20:37:05][http-nio-8082-exec-8][INFO ][net.blog.services.impl.UserServiceImpl]:checkUser tokenKey == > p_41bbeb7ac31e6ac067bcb3db0d2a5a64
[2020/08/27-20:37:05][http-nio-8082-exec-8][INFO ][net.blog.services.impl.UserServiceImpl]:parseByTokenKey token == >eyJhbGciOiJIUzI1NiJ9.eyJ1c2VyX25hbWUiOiJBZG1pbkNodWFuIiwicm9sZXMiOiJyb2xlX2FkbWluIiwic2lnbiI6IkxCV05CIiwiZnJvbSI6InBfIiwiaWQiOiI3NDE2MjY0ODU1Mzc3Njc0MjQiLCJhdmF0YXIiOiJodHRwczovL2F2YXRhcnMwLmdpdGh1YnVzZXJjb250ZW50LmNvbS91LzQyMjkzNzU4P3M9NDYwJnU9MjFiNjcyZmZmNmUzNDcxNzJiMWRmOWQ3ZWJmMjE2ZTljNGM5YzlmYiZ2PTQiLCJleHAiOjE1OTg1MzUxMjQsImVtYWlsIjoiYWRtaW5AZXhhbXBsZS5jb20ifQ.R3ZSx5O7QGQjkvhYhl2s3Y3coCluLdbMbEga5cddLoM
[2020/08/27-20:37:30][http-nio-8082-exec-4][INFO ][net.blog.interceptor.ApiInterceptor]:method name == > parseToken
[2020/08/27-20:37:30][http-nio-8082-exec-4][INFO ][net.blog.services.impl.UserServiceImpl]:checkUser tokenKey == > p_41bbeb7ac31e6ac067bcb3db0d2a5a64
[2020/08/27-20:37:30][http-nio-8082-exec-4][INFO ][net.blog.services.impl.UserServiceImpl]:parseByTokenKey token == >eyJhbGciOiJIUzI1NiJ9.eyJ1c2VyX25hbWUiOiJBZG1pbkNodWFuIiwicm9sZXMiOiJyb2xlX2FkbWluIiwic2lnbiI6IkxCV05CIiwiZnJvbSI6InBfIiwiaWQiOiI3NDE2MjY0ODU1Mzc3Njc0MjQiLCJhdmF0YXIiOiJodHRwczovL2F2YXRhcnMwLmdpdGh1YnVzZXJjb250ZW50LmNvbS91LzQyMjkzNzU4P3M9NDYwJnU9MjFiNjcyZmZmNmUzNDcxNzJiMWRmOWQ3ZWJmMjE2ZTljNGM5YzlmYiZ2PTQiLCJleHAiOjE1OTg1MzUxMjQsImVtYWlsIjoiYWRtaW5AZXhhbXBsZS5jb20ifQ.R3ZSx5O7QGQjkvhYhl2s3Y3coCluLdbMbEga5cddLoM
[2020/08/27-20:37:31][http-nio-8082-exec-1][INFO ][net.blog.interceptor.ApiInterceptor]:method name == > listCategories
[2020/08/27-20:37:31][http-nio-8082-exec-1][INFO ][net.blog.services.impl.UserServiceImpl]:checkUser tokenKey == > p_41bbeb7ac31e6ac067bcb3db0d2a5a64
[2020/08/27-20:37:31][http-nio-8082-exec-1][INFO ][net.blog.services.impl.UserServiceImpl]:parseByTokenKey token == >eyJhbGciOiJIUzI1NiJ9.eyJ1c2VyX25hbWUiOiJBZG1pbkNodWFuIiwicm9sZXMiOiJyb2xlX2FkbWluIiwic2lnbiI6IkxCV05CIiwiZnJvbSI6InBfIiwiaWQiOiI3NDE2MjY0ODU1Mzc3Njc0MjQiLCJhdmF0YXIiOiJodHRwczovL2F2YXRhcnMwLmdpdGh1YnVzZXJjb250ZW50LmNvbS91LzQyMjkzNzU4P3M9NDYwJnU9MjFiNjcyZmZmNmUzNDcxNzJiMWRmOWQ3ZWJmMjE2ZTljNGM5YzlmYiZ2PTQiLCJleHAiOjE1OTg1MzUxMjQsImVtYWlsIjoiYWRtaW5AZXhhbXBsZS5jb20ifQ.R3ZSx5O7QGQjkvhYhl2s3Y3coCluLdbMbEga5cddLoM
[2020/08/27-20:37:31][http-nio-8082-exec-1][INFO ][net.blog.services.impl.UserServiceImpl]:checkUser tokenKey == > p_41bbeb7ac31e6ac067bcb3db0d2a5a64
[2020/08/27-20:37:31][http-nio-8082-exec-1][INFO ][net.blog.services.impl.UserServiceImpl]:parseByTokenKey token == >eyJhbGciOiJIUzI1NiJ9.eyJ1c2VyX25hbWUiOiJBZG1pbkNodWFuIiwicm9sZXMiOiJyb2xlX2FkbWluIiwic2lnbiI6IkxCV05CIiwiZnJvbSI6InBfIiwiaWQiOiI3NDE2MjY0ODU1Mzc3Njc0MjQiLCJhdmF0YXIiOiJodHRwczovL2F2YXRhcnMwLmdpdGh1YnVzZXJjb250ZW50LmNvbS91LzQyMjkzNzU4P3M9NDYwJnU9MjFiNjcyZmZmNmUzNDcxNzJiMWRmOWQ3ZWJmMjE2ZTljNGM5YzlmYiZ2PTQiLCJleHAiOjE1OTg1MzUxMjQsImVtYWlsIjoiYWRtaW5AZXhhbXBsZS5jb20ifQ.R3ZSx5O7QGQjkvhYhl2s3Y3coCluLdbMbEga5cddLoM
[2020/08/27-20:40:41][http-nio-8082-exec-2][INFO ][net.blog.interceptor.ApiInterceptor]:method name == > listCategories
[2020/08/27-20:40:41][http-nio-8082-exec-2][INFO ][net.blog.services.impl.UserServiceImpl]:checkUser tokenKey == > p_41bbeb7ac31e6ac067bcb3db0d2a5a64
[2020/08/27-20:40:41][http-nio-8082-exec-2][INFO ][net.blog.services.impl.UserServiceImpl]:parseByTokenKey token == >eyJhbGciOiJIUzI1NiJ9.eyJ1c2VyX25hbWUiOiJBZG1pbkNodWFuIiwicm9sZXMiOiJyb2xlX2FkbWluIiwic2lnbiI6IkxCV05CIiwiZnJvbSI6InBfIiwiaWQiOiI3NDE2MjY0ODU1Mzc3Njc0MjQiLCJhdmF0YXIiOiJodHRwczovL2F2YXRhcnMwLmdpdGh1YnVzZXJjb250ZW50LmNvbS91LzQyMjkzNzU4P3M9NDYwJnU9MjFiNjcyZmZmNmUzNDcxNzJiMWRmOWQ3ZWJmMjE2ZTljNGM5YzlmYiZ2PTQiLCJleHAiOjE1OTg1MzUxMjQsImVtYWlsIjoiYWRtaW5AZXhhbXBsZS5jb20ifQ.R3ZSx5O7QGQjkvhYhl2s3Y3coCluLdbMbEga5cddLoM
[2020/08/27-20:40:41][http-nio-8082-exec-2][INFO ][net.blog.services.impl.UserServiceImpl]:checkUser tokenKey == > p_41bbeb7ac31e6ac067bcb3db0d2a5a64
[2020/08/27-20:40:41][http-nio-8082-exec-2][INFO ][net.blog.services.impl.UserServiceImpl]:parseByTokenKey token == >eyJhbGciOiJIUzI1NiJ9.eyJ1c2VyX25hbWUiOiJBZG1pbkNodWFuIiwicm9sZXMiOiJyb2xlX2FkbWluIiwic2lnbiI6IkxCV05CIiwiZnJvbSI6InBfIiwiaWQiOiI3NDE2MjY0ODU1Mzc3Njc0MjQiLCJhdmF0YXIiOiJodHRwczovL2F2YXRhcnMwLmdpdGh1YnVzZXJjb250ZW50LmNvbS91LzQyMjkzNzU4P3M9NDYwJnU9MjFiNjcyZmZmNmUzNDcxNzJiMWRmOWQ3ZWJmMjE2ZTljNGM5YzlmYiZ2PTQiLCJleHAiOjE1OTg1MzUxMjQsImVtYWlsIjoiYWRtaW5AZXhhbXBsZS5jb20ifQ.R3ZSx5O7QGQjkvhYhl2s3Y3coCluLdbMbEga5cddLoM
[2020/08/27-20:40:57][http-nio-8082-exec-9][INFO ][net.blog.interceptor.ApiInterceptor]:method name == > listCategories
[2020/08/27-20:40:57][http-nio-8082-exec-9][INFO ][net.blog.services.impl.UserServiceImpl]:checkUser tokenKey == > p_41bbeb7ac31e6ac067bcb3db0d2a5a64
[2020/08/27-20:40:57][http-nio-8082-exec-9][INFO ][net.blog.services.impl.UserServiceImpl]:parseByTokenKey token == >eyJhbGciOiJIUzI1NiJ9.eyJ1c2VyX25hbWUiOiJBZG1pbkNodWFuIiwicm9sZXMiOiJyb2xlX2FkbWluIiwic2lnbiI6IkxCV05CIiwiZnJvbSI6InBfIiwiaWQiOiI3NDE2MjY0ODU1Mzc3Njc0MjQiLCJhdmF0YXIiOiJodHRwczovL2F2YXRhcnMwLmdpdGh1YnVzZXJjb250ZW50LmNvbS91LzQyMjkzNzU4P3M9NDYwJnU9MjFiNjcyZmZmNmUzNDcxNzJiMWRmOWQ3ZWJmMjE2ZTljNGM5YzlmYiZ2PTQiLCJleHAiOjE1OTg1MzUxMjQsImVtYWlsIjoiYWRtaW5AZXhhbXBsZS5jb20ifQ.R3ZSx5O7QGQjkvhYhl2s3Y3coCluLdbMbEga5cddLoM
[2020/08/27-20:40:57][http-nio-8082-exec-9][INFO ][net.blog.services.impl.UserServiceImpl]:checkUser tokenKey == > p_41bbeb7ac31e6ac067bcb3db0d2a5a64
[2020/08/27-20:40:57][http-nio-8082-exec-9][INFO ][net.blog.services.impl.UserServiceImpl]:parseByTokenKey token == >eyJhbGciOiJIUzI1NiJ9.eyJ1c2VyX25hbWUiOiJBZG1pbkNodWFuIiwicm9sZXMiOiJyb2xlX2FkbWluIiwic2lnbiI6IkxCV05CIiwiZnJvbSI6InBfIiwiaWQiOiI3NDE2MjY0ODU1Mzc3Njc0MjQiLCJhdmF0YXIiOiJodHRwczovL2F2YXRhcnMwLmdpdGh1YnVzZXJjb250ZW50LmNvbS91LzQyMjkzNzU4P3M9NDYwJnU9MjFiNjcyZmZmNmUzNDcxNzJiMWRmOWQ3ZWJmMjE2ZTljNGM5YzlmYiZ2PTQiLCJleHAiOjE1OTg1MzUxMjQsImVtYWlsIjoiYWRtaW5AZXhhbXBsZS5jb20ifQ.R3ZSx5O7QGQjkvhYhl2s3Y3coCluLdbMbEga5cddLoM
[2020/08/27-20:41:13][http-nio-8082-exec-6][INFO ][net.blog.interceptor.ApiInterceptor]:method name == > listCategories
[2020/08/27-20:41:13][http-nio-8082-exec-6][INFO ][net.blog.services.impl.UserServiceImpl]:checkUser tokenKey == > p_41bbeb7ac31e6ac067bcb3db0d2a5a64
[2020/08/27-20:41:13][http-nio-8082-exec-6][INFO ][net.blog.services.impl.UserServiceImpl]:parseByTokenKey token == >eyJhbGciOiJIUzI1NiJ9.eyJ1c2VyX25hbWUiOiJBZG1pbkNodWFuIiwicm9sZXMiOiJyb2xlX2FkbWluIiwic2lnbiI6IkxCV05CIiwiZnJvbSI6InBfIiwiaWQiOiI3NDE2MjY0ODU1Mzc3Njc0MjQiLCJhdmF0YXIiOiJodHRwczovL2F2YXRhcnMwLmdpdGh1YnVzZXJjb250ZW50LmNvbS91LzQyMjkzNzU4P3M9NDYwJnU9MjFiNjcyZmZmNmUzNDcxNzJiMWRmOWQ3ZWJmMjE2ZTljNGM5YzlmYiZ2PTQiLCJleHAiOjE1OTg1MzUxMjQsImVtYWlsIjoiYWRtaW5AZXhhbXBsZS5jb20ifQ.R3ZSx5O7QGQjkvhYhl2s3Y3coCluLdbMbEga5cddLoM
[2020/08/27-20:41:13][http-nio-8082-exec-6][INFO ][net.blog.services.impl.UserServiceImpl]:checkUser tokenKey == > p_41bbeb7ac31e6ac067bcb3db0d2a5a64
[2020/08/27-20:41:13][http-nio-8082-exec-6][INFO ][net.blog.services.impl.UserServiceImpl]:parseByTokenKey token == >eyJhbGciOiJIUzI1NiJ9.eyJ1c2VyX25hbWUiOiJBZG1pbkNodWFuIiwicm9sZXMiOiJyb2xlX2FkbWluIiwic2lnbiI6IkxCV05CIiwiZnJvbSI6InBfIiwiaWQiOiI3NDE2MjY0ODU1Mzc3Njc0MjQiLCJhdmF0YXIiOiJodHRwczovL2F2YXRhcnMwLmdpdGh1YnVzZXJjb250ZW50LmNvbS91LzQyMjkzNzU4P3M9NDYwJnU9MjFiNjcyZmZmNmUzNDcxNzJiMWRmOWQ3ZWJmMjE2ZTljNGM5YzlmYiZ2PTQiLCJleHAiOjE1OTg1MzUxMjQsImVtYWlsIjoiYWRtaW5AZXhhbXBsZS5jb20ifQ.R3ZSx5O7QGQjkvhYhl2s3Y3coCluLdbMbEga5cddLoM
[2020/08/27-20:52:40][http-nio-8082-exec-5][INFO ][net.blog.interceptor.ApiInterceptor]:method name == > listCategories
[2020/08/27-20:52:40][http-nio-8082-exec-5][INFO ][net.blog.services.impl.UserServiceImpl]:checkUser tokenKey == > p_41bbeb7ac31e6ac067bcb3db0d2a5a64
[2020/08/27-20:52:40][http-nio-8082-exec-5][INFO ][net.blog.services.impl.UserServiceImpl]:parseByTokenKey token == >eyJhbGciOiJIUzI1NiJ9.eyJ1c2VyX25hbWUiOiJBZG1pbkNodWFuIiwicm9sZXMiOiJyb2xlX2FkbWluIiwic2lnbiI6IkxCV05CIiwiZnJvbSI6InBfIiwiaWQiOiI3NDE2MjY0ODU1Mzc3Njc0MjQiLCJhdmF0YXIiOiJodHRwczovL2F2YXRhcnMwLmdpdGh1YnVzZXJjb250ZW50LmNvbS91LzQyMjkzNzU4P3M9NDYwJnU9MjFiNjcyZmZmNmUzNDcxNzJiMWRmOWQ3ZWJmMjE2ZTljNGM5YzlmYiZ2PTQiLCJleHAiOjE1OTg1MzUxMjQsImVtYWlsIjoiYWRtaW5AZXhhbXBsZS5jb20ifQ.R3ZSx5O7QGQjkvhYhl2s3Y3coCluLdbMbEga5cddLoM
[2020/08/27-20:52:40][http-nio-8082-exec-5][INFO ][net.blog.services.impl.UserServiceImpl]:checkUser tokenKey == > p_41bbeb7ac31e6ac067bcb3db0d2a5a64
[2020/08/27-20:52:40][http-nio-8082-exec-5][INFO ][net.blog.services.impl.UserServiceImpl]:parseByTokenKey token == >eyJhbGciOiJIUzI1NiJ9.eyJ1c2VyX25hbWUiOiJBZG1pbkNodWFuIiwicm9sZXMiOiJyb2xlX2FkbWluIiwic2lnbiI6IkxCV05CIiwiZnJvbSI6InBfIiwiaWQiOiI3NDE2MjY0ODU1Mzc3Njc0MjQiLCJhdmF0YXIiOiJodHRwczovL2F2YXRhcnMwLmdpdGh1YnVzZXJjb250ZW50LmNvbS91LzQyMjkzNzU4P3M9NDYwJnU9MjFiNjcyZmZmNmUzNDcxNzJiMWRmOWQ3ZWJmMjE2ZTljNGM5YzlmYiZ2PTQiLCJleHAiOjE1OTg1MzUxMjQsImVtYWlsIjoiYWRtaW5AZXhhbXBsZS5jb20ifQ.R3ZSx5O7QGQjkvhYhl2s3Y3coCluLdbMbEga5cddLoM
[2020/08/27-20:52:40][http-nio-8082-exec-10][INFO ][net.blog.interceptor.ApiInterceptor]:method name == > listCategories
[2020/08/27-20:52:40][http-nio-8082-exec-10][INFO ][net.blog.services.impl.UserServiceImpl]:checkUser tokenKey == > p_41bbeb7ac31e6ac067bcb3db0d2a5a64
[2020/08/27-20:52:40][http-nio-8082-exec-10][INFO ][net.blog.services.impl.UserServiceImpl]:parseByTokenKey token == >eyJhbGciOiJIUzI1NiJ9.eyJ1c2VyX25hbWUiOiJBZG1pbkNodWFuIiwicm9sZXMiOiJyb2xlX2FkbWluIiwic2lnbiI6IkxCV05CIiwiZnJvbSI6InBfIiwiaWQiOiI3NDE2MjY0ODU1Mzc3Njc0MjQiLCJhdmF0YXIiOiJodHRwczovL2F2YXRhcnMwLmdpdGh1YnVzZXJjb250ZW50LmNvbS91LzQyMjkzNzU4P3M9NDYwJnU9MjFiNjcyZmZmNmUzNDcxNzJiMWRmOWQ3ZWJmMjE2ZTljNGM5YzlmYiZ2PTQiLCJleHAiOjE1OTg1MzUxMjQsImVtYWlsIjoiYWRtaW5AZXhhbXBsZS5jb20ifQ.R3ZSx5O7QGQjkvhYhl2s3Y3coCluLdbMbEga5cddLoM
[2020/08/27-20:52:40][http-nio-8082-exec-10][INFO ][net.blog.services.impl.UserServiceImpl]:checkUser tokenKey == > p_41bbeb7ac31e6ac067bcb3db0d2a5a64
[2020/08/27-20:52:40][http-nio-8082-exec-10][INFO ][net.blog.services.impl.UserServiceImpl]:parseByTokenKey token == >eyJhbGciOiJIUzI1NiJ9.eyJ1c2VyX25hbWUiOiJBZG1pbkNodWFuIiwicm9sZXMiOiJyb2xlX2FkbWluIiwic2lnbiI6IkxCV05CIiwiZnJvbSI6InBfIiwiaWQiOiI3NDE2MjY0ODU1Mzc3Njc0MjQiLCJhdmF0YXIiOiJodHRwczovL2F2YXRhcnMwLmdpdGh1YnVzZXJjb250ZW50LmNvbS91LzQyMjkzNzU4P3M9NDYwJnU9MjFiNjcyZmZmNmUzNDcxNzJiMWRmOWQ3ZWJmMjE2ZTljNGM5YzlmYiZ2PTQiLCJleHAiOjE1OTg1MzUxMjQsImVtYWlsIjoiYWRtaW5AZXhhbXBsZS5jb20ifQ.R3ZSx5O7QGQjkvhYhl2s3Y3coCluLdbMbEga5cddLoM
[2020/08/27-20:52:40][http-nio-8082-exec-7][INFO ][net.blog.interceptor.ApiInterceptor]:method name == > listCategories
[2020/08/27-20:52:40][http-nio-8082-exec-7][INFO ][net.blog.services.impl.UserServiceImpl]:checkUser tokenKey == > p_41bbeb7ac31e6ac067bcb3db0d2a5a64
[2020/08/27-20:52:40][http-nio-8082-exec-7][INFO ][net.blog.services.impl.UserServiceImpl]:parseByTokenKey token == >eyJhbGciOiJIUzI1NiJ9.eyJ1c2VyX25hbWUiOiJBZG1pbkNodWFuIiwicm9sZXMiOiJyb2xlX2FkbWluIiwic2lnbiI6IkxCV05CIiwiZnJvbSI6InBfIiwiaWQiOiI3NDE2MjY0ODU1Mzc3Njc0MjQiLCJhdmF0YXIiOiJodHRwczovL2F2YXRhcnMwLmdpdGh1YnVzZXJjb250ZW50LmNvbS91LzQyMjkzNzU4P3M9NDYwJnU9MjFiNjcyZmZmNmUzNDcxNzJiMWRmOWQ3ZWJmMjE2ZTljNGM5YzlmYiZ2PTQiLCJleHAiOjE1OTg1MzUxMjQsImVtYWlsIjoiYWRtaW5AZXhhbXBsZS5jb20ifQ.R3ZSx5O7QGQjkvhYhl2s3Y3coCluLdbMbEga5cddLoM
[2020/08/27-20:52:40][http-nio-8082-exec-7][INFO ][net.blog.services.impl.UserServiceImpl]:checkUser tokenKey == > p_41bbeb7ac31e6ac067bcb3db0d2a5a64
[2020/08/27-20:52:40][http-nio-8082-exec-7][INFO ][net.blog.services.impl.UserServiceImpl]:parseByTokenKey token == >eyJhbGciOiJIUzI1NiJ9.eyJ1c2VyX25hbWUiOiJBZG1pbkNodWFuIiwicm9sZXMiOiJyb2xlX2FkbWluIiwic2lnbiI6IkxCV05CIiwiZnJvbSI6InBfIiwiaWQiOiI3NDE2MjY0ODU1Mzc3Njc0MjQiLCJhdmF0YXIiOiJodHRwczovL2F2YXRhcnMwLmdpdGh1YnVzZXJjb250ZW50LmNvbS91LzQyMjkzNzU4P3M9NDYwJnU9MjFiNjcyZmZmNmUzNDcxNzJiMWRmOWQ3ZWJmMjE2ZTljNGM5YzlmYiZ2PTQiLCJleHAiOjE1OTg1MzUxMjQsImVtYWlsIjoiYWRtaW5AZXhhbXBsZS5jb20ifQ.R3ZSx5O7QGQjkvhYhl2s3Y3coCluLdbMbEga5cddLoM
[2020/08/27-21:03:46][http-nio-8082-exec-3][INFO ][net.blog.interceptor.ApiInterceptor]:method name == > listCategories
[2020/08/27-21:03:46][http-nio-8082-exec-3][INFO ][net.blog.services.impl.UserServiceImpl]:checkUser tokenKey == > p_41bbeb7ac31e6ac067bcb3db0d2a5a64
[2020/08/27-21:03:46][http-nio-8082-exec-3][INFO ][net.blog.services.impl.UserServiceImpl]:parseByTokenKey token == >eyJhbGciOiJIUzI1NiJ9.eyJ1c2VyX25hbWUiOiJBZG1pbkNodWFuIiwicm9sZXMiOiJyb2xlX2FkbWluIiwic2lnbiI6IkxCV05CIiwiZnJvbSI6InBfIiwiaWQiOiI3NDE2MjY0ODU1Mzc3Njc0MjQiLCJhdmF0YXIiOiJodHRwczovL2F2YXRhcnMwLmdpdGh1YnVzZXJjb250ZW50LmNvbS91LzQyMjkzNzU4P3M9NDYwJnU9MjFiNjcyZmZmNmUzNDcxNzJiMWRmOWQ3ZWJmMjE2ZTljNGM5YzlmYiZ2PTQiLCJleHAiOjE1OTg1MzUxMjQsImVtYWlsIjoiYWRtaW5AZXhhbXBsZS5jb20ifQ.R3ZSx5O7QGQjkvhYhl2s3Y3coCluLdbMbEga5cddLoM
[2020/08/27-21:03:46][http-nio-8082-exec-3][INFO ][net.blog.services.impl.UserServiceImpl]:checkUser tokenKey == > p_41bbeb7ac31e6ac067bcb3db0d2a5a64
[2020/08/27-21:03:46][http-nio-8082-exec-3][INFO ][net.blog.services.impl.UserServiceImpl]:parseByTokenKey token == >eyJhbGciOiJIUzI1NiJ9.eyJ1c2VyX25hbWUiOiJBZG1pbkNodWFuIiwicm9sZXMiOiJyb2xlX2FkbWluIiwic2lnbiI6IkxCV05CIiwiZnJvbSI6InBfIiwiaWQiOiI3NDE2MjY0ODU1Mzc3Njc0MjQiLCJhdmF0YXIiOiJodHRwczovL2F2YXRhcnMwLmdpdGh1YnVzZXJjb250ZW50LmNvbS91LzQyMjkzNzU4P3M9NDYwJnU9MjFiNjcyZmZmNmUzNDcxNzJiMWRmOWQ3ZWJmMjE2ZTljNGM5YzlmYiZ2PTQiLCJleHAiOjE1OTg1MzUxMjQsImVtYWlsIjoiYWRtaW5AZXhhbXBsZS5jb20ifQ.R3ZSx5O7QGQjkvhYhl2s3Y3coCluLdbMbEga5cddLoM
[2020/08/27-21:08:00][http-nio-8082-exec-8][INFO ][net.blog.interceptor.ApiInterceptor]:method name == > parseToken
[2020/08/27-21:08:00][http-nio-8082-exec-8][INFO ][net.blog.services.impl.UserServiceImpl]:checkUser tokenKey == > p_41bbeb7ac31e6ac067bcb3db0d2a5a64
[2020/08/27-21:08:00][http-nio-8082-exec-8][INFO ][net.blog.services.impl.UserServiceImpl]:parseByTokenKey token == >eyJhbGciOiJIUzI1NiJ9.eyJ1c2VyX25hbWUiOiJBZG1pbkNodWFuIiwicm9sZXMiOiJyb2xlX2FkbWluIiwic2lnbiI6IkxCV05CIiwiZnJvbSI6InBfIiwiaWQiOiI3NDE2MjY0ODU1Mzc3Njc0MjQiLCJhdmF0YXIiOiJodHRwczovL2F2YXRhcnMwLmdpdGh1YnVzZXJjb250ZW50LmNvbS91LzQyMjkzNzU4P3M9NDYwJnU9MjFiNjcyZmZmNmUzNDcxNzJiMWRmOWQ3ZWJmMjE2ZTljNGM5YzlmYiZ2PTQiLCJleHAiOjE1OTg1MzUxMjQsImVtYWlsIjoiYWRtaW5AZXhhbXBsZS5jb20ifQ.R3ZSx5O7QGQjkvhYhl2s3Y3coCluLdbMbEga5cddLoM
[2020/08/27-21:08:01][http-nio-8082-exec-4][INFO ][net.blog.interceptor.ApiInterceptor]:method name == > listCategories
[2020/08/27-21:08:01][http-nio-8082-exec-4][INFO ][net.blog.services.impl.UserServiceImpl]:checkUser tokenKey == > p_41bbeb7ac31e6ac067bcb3db0d2a5a64
[2020/08/27-21:08:01][http-nio-8082-exec-4][INFO ][net.blog.services.impl.UserServiceImpl]:parseByTokenKey token == >eyJhbGciOiJIUzI1NiJ9.eyJ1c2VyX25hbWUiOiJBZG1pbkNodWFuIiwicm9sZXMiOiJyb2xlX2FkbWluIiwic2lnbiI6IkxCV05CIiwiZnJvbSI6InBfIiwiaWQiOiI3NDE2MjY0ODU1Mzc3Njc0MjQiLCJhdmF0YXIiOiJodHRwczovL2F2YXRhcnMwLmdpdGh1YnVzZXJjb250ZW50LmNvbS91LzQyMjkzNzU4P3M9NDYwJnU9MjFiNjcyZmZmNmUzNDcxNzJiMWRmOWQ3ZWJmMjE2ZTljNGM5YzlmYiZ2PTQiLCJleHAiOjE1OTg1MzUxMjQsImVtYWlsIjoiYWRtaW5AZXhhbXBsZS5jb20ifQ.R3ZSx5O7QGQjkvhYhl2s3Y3coCluLdbMbEga5cddLoM
[2020/08/27-21:08:01][http-nio-8082-exec-4][INFO ][net.blog.services.impl.UserServiceImpl]:checkUser tokenKey == > p_41bbeb7ac31e6ac067bcb3db0d2a5a64
[2020/08/27-21:08:01][http-nio-8082-exec-4][INFO ][net.blog.services.impl.UserServiceImpl]:parseByTokenKey token == >eyJhbGciOiJIUzI1NiJ9.eyJ1c2VyX25hbWUiOiJBZG1pbkNodWFuIiwicm9sZXMiOiJyb2xlX2FkbWluIiwic2lnbiI6IkxCV05CIiwiZnJvbSI6InBfIiwiaWQiOiI3NDE2MjY0ODU1Mzc3Njc0MjQiLCJhdmF0YXIiOiJodHRwczovL2F2YXRhcnMwLmdpdGh1YnVzZXJjb250ZW50LmNvbS91LzQyMjkzNzU4P3M9NDYwJnU9MjFiNjcyZmZmNmUzNDcxNzJiMWRmOWQ3ZWJmMjE2ZTljNGM5YzlmYiZ2PTQiLCJleHAiOjE1OTg1MzUxMjQsImVtYWlsIjoiYWRtaW5AZXhhbXBsZS5jb20ifQ.R3ZSx5O7QGQjkvhYhl2s3Y3coCluLdbMbEga5cddLoM
[2020/08/27-21:08:26][http-nio-8082-exec-1][INFO ][net.blog.interceptor.ApiInterceptor]:method name == > listCategories
[2020/08/27-21:08:26][http-nio-8082-exec-1][INFO ][net.blog.services.impl.UserServiceImpl]:checkUser tokenKey == > p_41bbeb7ac31e6ac067bcb3db0d2a5a64
[2020/08/27-21:08:26][http-nio-8082-exec-1][INFO ][net.blog.services.impl.UserServiceImpl]:parseByTokenKey token == >eyJhbGciOiJIUzI1NiJ9.eyJ1c2VyX25hbWUiOiJBZG1pbkNodWFuIiwicm9sZXMiOiJyb2xlX2FkbWluIiwic2lnbiI6IkxCV05CIiwiZnJvbSI6InBfIiwiaWQiOiI3NDE2MjY0ODU1Mzc3Njc0MjQiLCJhdmF0YXIiOiJodHRwczovL2F2YXRhcnMwLmdpdGh1YnVzZXJjb250ZW50LmNvbS91LzQyMjkzNzU4P3M9NDYwJnU9MjFiNjcyZmZmNmUzNDcxNzJiMWRmOWQ3ZWJmMjE2ZTljNGM5YzlmYiZ2PTQiLCJleHAiOjE1OTg1MzUxMjQsImVtYWlsIjoiYWRtaW5AZXhhbXBsZS5jb20ifQ.R3ZSx5O7QGQjkvhYhl2s3Y3coCluLdbMbEga5cddLoM
[2020/08/27-21:08:26][http-nio-8082-exec-1][INFO ][net.blog.services.impl.UserServiceImpl]:checkUser tokenKey == > p_41bbeb7ac31e6ac067bcb3db0d2a5a64
[2020/08/27-21:08:26][http-nio-8082-exec-1][INFO ][net.blog.services.impl.UserServiceImpl]:parseByTokenKey token == >eyJhbGciOiJIUzI1NiJ9.eyJ1c2VyX25hbWUiOiJBZG1pbkNodWFuIiwicm9sZXMiOiJyb2xlX2FkbWluIiwic2lnbiI6IkxCV05CIiwiZnJvbSI6InBfIiwiaWQiOiI3NDE2MjY0ODU1Mzc3Njc0MjQiLCJhdmF0YXIiOiJodHRwczovL2F2YXRhcnMwLmdpdGh1YnVzZXJjb250ZW50LmNvbS91LzQyMjkzNzU4P3M9NDYwJnU9MjFiNjcyZmZmNmUzNDcxNzJiMWRmOWQ3ZWJmMjE2ZTljNGM5YzlmYiZ2PTQiLCJleHAiOjE1OTg1MzUxMjQsImVtYWlsIjoiYWRtaW5AZXhhbXBsZS5jb20ifQ.R3ZSx5O7QGQjkvhYhl2s3Y3coCluLdbMbEga5cddLoM
[2020/08/27-21:11:39][main][INFO ][net.blog.BlogApplication]:BlogApplication run...
[2020/08/27-21:11:40][main][INFO ][net.blog.BlogApplication]:Starting BlogApplication on Innovation with PID 17012 (D:\Codes\BlogSystem\target\classes started by ETNJL in D:\Codes\BlogSystem)
[2020/08/27-21:11:40][main][INFO ][net.blog.BlogApplication]:The following profiles are active: prod
[2020/08/27-21:12:40][main][INFO ][net.blog.BlogApplication]:BlogApplication run...
[2020/08/27-21:12:41][main][INFO ][net.blog.BlogApplication]:Starting BlogApplication on Innovation with PID 480 (D:\Codes\BlogSystem\target\classes started by ETNJL in D:\Codes\BlogSystem)
[2020/08/27-21:12:41][main][INFO ][net.blog.BlogApplication]:The following profiles are active: prod
[2020/08/27-21:13:54][http-nio-8082-exec-10][INFO ][net.blog.interceptor.ApiInterceptor]:method name == > listCategories
[2020/08/27-21:13:54][http-nio-8082-exec-10][INFO ][net.blog.services.impl.UserServiceImpl]:checkUser tokenKey == > p_41bbeb7ac31e6ac067bcb3db0d2a5a64
[2020/08/27-21:13:54][http-nio-8082-exec-10][INFO ][net.blog.services.impl.UserServiceImpl]:parseByTokenKey token == >eyJhbGciOiJIUzI1NiJ9.eyJ1c2VyX25hbWUiOiJBZG1pbkNodWFuIiwicm9sZXMiOiJyb2xlX2FkbWluIiwic2lnbiI6IkxCV05CIiwiZnJvbSI6InBfIiwiaWQiOiI3NDE2MjY0ODU1Mzc3Njc0MjQiLCJhdmF0YXIiOiJodHRwczovL2F2YXRhcnMwLmdpdGh1YnVzZXJjb250ZW50LmNvbS91LzQyMjkzNzU4P3M9NDYwJnU9MjFiNjcyZmZmNmUzNDcxNzJiMWRmOWQ3ZWJmMjE2ZTljNGM5YzlmYiZ2PTQiLCJleHAiOjE1OTg1MzUxMjQsImVtYWlsIjoiYWRtaW5AZXhhbXBsZS5jb20ifQ.R3ZSx5O7QGQjkvhYhl2s3Y3coCluLdbMbEga5cddLoM
[2020/08/27-21:13:54][http-nio-8082-exec-10][INFO ][net.blog.services.impl.UserServiceImpl]:checkUser tokenKey == > p_41bbeb7ac31e6ac067bcb3db0d2a5a64
[2020/08/27-21:13:54][http-nio-8082-exec-10][INFO ][net.blog.services.impl.UserServiceImpl]:parseByTokenKey token == >eyJhbGciOiJIUzI1NiJ9.eyJ1c2VyX25hbWUiOiJBZG1pbkNodWFuIiwicm9sZXMiOiJyb2xlX2FkbWluIiwic2lnbiI6IkxCV05CIiwiZnJvbSI6InBfIiwiaWQiOiI3NDE2MjY0ODU1Mzc3Njc0MjQiLCJhdmF0YXIiOiJodHRwczovL2F2YXRhcnMwLmdpdGh1YnVzZXJjb250ZW50LmNvbS91LzQyMjkzNzU4P3M9NDYwJnU9MjFiNjcyZmZmNmUzNDcxNzJiMWRmOWQ3ZWJmMjE2ZTljNGM5YzlmYiZ2PTQiLCJleHAiOjE1OTg1MzUxMjQsImVtYWlsIjoiYWRtaW5AZXhhbXBsZS5jb20ifQ.R3ZSx5O7QGQjkvhYhl2s3Y3coCluLdbMbEga5cddLoM
[2020/08/27-21:14:19][http-nio-8082-exec-7][INFO ][net.blog.interceptor.ApiInterceptor]:method name == > listCategories
[2020/08/27-21:14:19][http-nio-8082-exec-7][INFO ][net.blog.services.impl.UserServiceImpl]:checkUser tokenKey == > p_41bbeb7ac31e6ac067bcb3db0d2a5a64
[2020/08/27-21:14:19][http-nio-8082-exec-7][INFO ][net.blog.services.impl.UserServiceImpl]:parseByTokenKey token == >eyJhbGciOiJIUzI1NiJ9.eyJ1c2VyX25hbWUiOiJBZG1pbkNodWFuIiwicm9sZXMiOiJyb2xlX2FkbWluIiwic2lnbiI6IkxCV05CIiwiZnJvbSI6InBfIiwiaWQiOiI3NDE2MjY0ODU1Mzc3Njc0MjQiLCJhdmF0YXIiOiJodHRwczovL2F2YXRhcnMwLmdpdGh1YnVzZXJjb250ZW50LmNvbS91LzQyMjkzNzU4P3M9NDYwJnU9MjFiNjcyZmZmNmUzNDcxNzJiMWRmOWQ3ZWJmMjE2ZTljNGM5YzlmYiZ2PTQiLCJleHAiOjE1OTg1MzUxMjQsImVtYWlsIjoiYWRtaW5AZXhhbXBsZS5jb20ifQ.R3ZSx5O7QGQjkvhYhl2s3Y3coCluLdbMbEga5cddLoM
[2020/08/27-21:14:19][http-nio-8082-exec-7][INFO ][net.blog.services.impl.UserServiceImpl]:checkUser tokenKey == > p_41bbeb7ac31e6ac067bcb3db0d2a5a64
[2020/08/27-21:14:19][http-nio-8082-exec-7][INFO ][net.blog.services.impl.UserServiceImpl]:parseByTokenKey token == >eyJhbGciOiJIUzI1NiJ9.eyJ1c2VyX25hbWUiOiJBZG1pbkNodWFuIiwicm9sZXMiOiJyb2xlX2FkbWluIiwic2lnbiI6IkxCV05CIiwiZnJvbSI6InBfIiwiaWQiOiI3NDE2MjY0ODU1Mzc3Njc0MjQiLCJhdmF0YXIiOiJodHRwczovL2F2YXRhcnMwLmdpdGh1YnVzZXJjb250ZW50LmNvbS91LzQyMjkzNzU4P3M9NDYwJnU9MjFiNjcyZmZmNmUzNDcxNzJiMWRmOWQ3ZWJmMjE2ZTljNGM5YzlmYiZ2PTQiLCJleHAiOjE1OTg1MzUxMjQsImVtYWlsIjoiYWRtaW5AZXhhbXBsZS5jb20ifQ.R3ZSx5O7QGQjkvhYhl2s3Y3coCluLdbMbEga5cddLoM
[2020/08/27-21:14:45][http-nio-8082-exec-3][INFO ][net.blog.interceptor.ApiInterceptor]:method name == > listCategories
[2020/08/27-21:14:45][http-nio-8082-exec-3][INFO ][net.blog.services.impl.UserServiceImpl]:checkUser tokenKey == > p_41bbeb7ac31e6ac067bcb3db0d2a5a64
[2020/08/27-21:14:45][http-nio-8082-exec-3][INFO ][net.blog.services.impl.UserServiceImpl]:parseByTokenKey token == >eyJhbGciOiJIUzI1NiJ9.eyJ1c2VyX25hbWUiOiJBZG1pbkNodWFuIiwicm9sZXMiOiJyb2xlX2FkbWluIiwic2lnbiI6IkxCV05CIiwiZnJvbSI6InBfIiwiaWQiOiI3NDE2MjY0ODU1Mzc3Njc0MjQiLCJhdmF0YXIiOiJodHRwczovL2F2YXRhcnMwLmdpdGh1YnVzZXJjb250ZW50LmNvbS91LzQyMjkzNzU4P3M9NDYwJnU9MjFiNjcyZmZmNmUzNDcxNzJiMWRmOWQ3ZWJmMjE2ZTljNGM5YzlmYiZ2PTQiLCJleHAiOjE1OTg1MzUxMjQsImVtYWlsIjoiYWRtaW5AZXhhbXBsZS5jb20ifQ.R3ZSx5O7QGQjkvhYhl2s3Y3coCluLdbMbEga5cddLoM
[2020/08/27-21:14:45][http-nio-8082-exec-3][INFO ][net.blog.services.impl.UserServiceImpl]:checkUser tokenKey == > p_41bbeb7ac31e6ac067bcb3db0d2a5a64
[2020/08/27-21:14:45][http-nio-8082-exec-3][INFO ][net.blog.services.impl.UserServiceImpl]:parseByTokenKey token == >eyJhbGciOiJIUzI1NiJ9.eyJ1c2VyX25hbWUiOiJBZG1pbkNodWFuIiwicm9sZXMiOiJyb2xlX2FkbWluIiwic2lnbiI6IkxCV05CIiwiZnJvbSI6InBfIiwiaWQiOiI3NDE2MjY0ODU1Mzc3Njc0MjQiLCJhdmF0YXIiOiJodHRwczovL2F2YXRhcnMwLmdpdGh1YnVzZXJjb250ZW50LmNvbS91LzQyMjkzNzU4P3M9NDYwJnU9MjFiNjcyZmZmNmUzNDcxNzJiMWRmOWQ3ZWJmMjE2ZTljNGM5YzlmYiZ2PTQiLCJleHAiOjE1OTg1MzUxMjQsImVtYWlsIjoiYWRtaW5AZXhhbXBsZS5jb20ifQ.R3ZSx5O7QGQjkvhYhl2s3Y3coCluLdbMbEga5cddLoM
[2020/08/27-21:19:47][http-nio-8082-exec-8][INFO ][net.blog.interceptor.ApiInterceptor]:method name == > parseToken
[2020/08/27-21:19:47][http-nio-8082-exec-8][INFO ][net.blog.services.impl.UserServiceImpl]:checkUser tokenKey == > p_41bbeb7ac31e6ac067bcb3db0d2a5a64
[2020/08/27-21:19:47][http-nio-8082-exec-8][INFO ][net.blog.services.impl.UserServiceImpl]:parseByTokenKey token == >eyJhbGciOiJIUzI1NiJ9.eyJ1c2VyX25hbWUiOiJBZG1pbkNodWFuIiwicm9sZXMiOiJyb2xlX2FkbWluIiwic2lnbiI6IkxCV05CIiwiZnJvbSI6InBfIiwiaWQiOiI3NDE2MjY0ODU1Mzc3Njc0MjQiLCJhdmF0YXIiOiJodHRwczovL2F2YXRhcnMwLmdpdGh1YnVzZXJjb250ZW50LmNvbS91LzQyMjkzNzU4P3M9NDYwJnU9MjFiNjcyZmZmNmUzNDcxNzJiMWRmOWQ3ZWJmMjE2ZTljNGM5YzlmYiZ2PTQiLCJleHAiOjE1OTg1MzUxMjQsImVtYWlsIjoiYWRtaW5AZXhhbXBsZS5jb20ifQ.R3ZSx5O7QGQjkvhYhl2s3Y3coCluLdbMbEga5cddLoM
[2020/08/27-21:19:48][http-nio-8082-exec-4][INFO ][net.blog.interceptor.ApiInterceptor]:method name == > listCategories
[2020/08/27-21:19:48][http-nio-8082-exec-4][INFO ][net.blog.services.impl.UserServiceImpl]:checkUser tokenKey == > p_41bbeb7ac31e6ac067bcb3db0d2a5a64
[2020/08/27-21:19:48][http-nio-8082-exec-4][INFO ][net.blog.services.impl.UserServiceImpl]:parseByTokenKey token == >eyJhbGciOiJIUzI1NiJ9.eyJ1c2VyX25hbWUiOiJBZG1pbkNodWFuIiwicm9sZXMiOiJyb2xlX2FkbWluIiwic2lnbiI6IkxCV05CIiwiZnJvbSI6InBfIiwiaWQiOiI3NDE2MjY0ODU1Mzc3Njc0MjQiLCJhdmF0YXIiOiJodHRwczovL2F2YXRhcnMwLmdpdGh1YnVzZXJjb250ZW50LmNvbS91LzQyMjkzNzU4P3M9NDYwJnU9MjFiNjcyZmZmNmUzNDcxNzJiMWRmOWQ3ZWJmMjE2ZTljNGM5YzlmYiZ2PTQiLCJleHAiOjE1OTg1MzUxMjQsImVtYWlsIjoiYWRtaW5AZXhhbXBsZS5jb20ifQ.R3ZSx5O7QGQjkvhYhl2s3Y3coCluLdbMbEga5cddLoM
[2020/08/27-21:19:48][http-nio-8082-exec-4][INFO ][net.blog.services.impl.UserServiceImpl]:checkUser tokenKey == > p_41bbeb7ac31e6ac067bcb3db0d2a5a64
[2020/08/27-21:19:48][http-nio-8082-exec-4][INFO ][net.blog.services.impl.UserServiceImpl]:parseByTokenKey token == >eyJhbGciOiJIUzI1NiJ9.eyJ1c2VyX25hbWUiOiJBZG1pbkNodWFuIiwicm9sZXMiOiJyb2xlX2FkbWluIiwic2lnbiI6IkxCV05CIiwiZnJvbSI6InBfIiwiaWQiOiI3NDE2MjY0ODU1Mzc3Njc0MjQiLCJhdmF0YXIiOiJodHRwczovL2F2YXRhcnMwLmdpdGh1YnVzZXJjb250ZW50LmNvbS91LzQyMjkzNzU4P3M9NDYwJnU9MjFiNjcyZmZmNmUzNDcxNzJiMWRmOWQ3ZWJmMjE2ZTljNGM5YzlmYiZ2PTQiLCJleHAiOjE1OTg1MzUxMjQsImVtYWlsIjoiYWRtaW5AZXhhbXBsZS5jb20ifQ.R3ZSx5O7QGQjkvhYhl2s3Y3coCluLdbMbEga5cddLoM
[2020/08/27-21:23:31][http-nio-8082-exec-1][INFO ][net.blog.interceptor.ApiInterceptor]:method name == > listCategories
[2020/08/27-21:23:31][http-nio-8082-exec-1][INFO ][net.blog.services.impl.UserServiceImpl]:checkUser tokenKey == > p_41bbeb7ac31e6ac067bcb3db0d2a5a64
[2020/08/27-21:23:31][http-nio-8082-exec-1][INFO ][net.blog.services.impl.UserServiceImpl]:parseByTokenKey token == >eyJhbGciOiJIUzI1NiJ9.eyJ1c2VyX25hbWUiOiJBZG1pbkNodWFuIiwicm9sZXMiOiJyb2xlX2FkbWluIiwic2lnbiI6IkxCV05CIiwiZnJvbSI6InBfIiwiaWQiOiI3NDE2MjY0ODU1Mzc3Njc0MjQiLCJhdmF0YXIiOiJodHRwczovL2F2YXRhcnMwLmdpdGh1YnVzZXJjb250ZW50LmNvbS91LzQyMjkzNzU4P3M9NDYwJnU9MjFiNjcyZmZmNmUzNDcxNzJiMWRmOWQ3ZWJmMjE2ZTljNGM5YzlmYiZ2PTQiLCJleHAiOjE1OTg1MzUxMjQsImVtYWlsIjoiYWRtaW5AZXhhbXBsZS5jb20ifQ.R3ZSx5O7QGQjkvhYhl2s3Y3coCluLdbMbEga5cddLoM
[2020/08/27-21:23:31][http-nio-8082-exec-1][INFO ][net.blog.services.impl.UserServiceImpl]:checkUser tokenKey == > p_41bbeb7ac31e6ac067bcb3db0d2a5a64
[2020/08/27-21:23:31][http-nio-8082-exec-1][INFO ][net.blog.services.impl.UserServiceImpl]:parseByTokenKey token == >eyJhbGciOiJIUzI1NiJ9.eyJ1c2VyX25hbWUiOiJBZG1pbkNodWFuIiwicm9sZXMiOiJyb2xlX2FkbWluIiwic2lnbiI6IkxCV05CIiwiZnJvbSI6InBfIiwiaWQiOiI3NDE2MjY0ODU1Mzc3Njc0MjQiLCJhdmF0YXIiOiJodHRwczovL2F2YXRhcnMwLmdpdGh1YnVzZXJjb250ZW50LmNvbS91LzQyMjkzNzU4P3M9NDYwJnU9MjFiNjcyZmZmNmUzNDcxNzJiMWRmOWQ3ZWJmMjE2ZTljNGM5YzlmYiZ2PTQiLCJleHAiOjE1OTg1MzUxMjQsImVtYWlsIjoiYWRtaW5AZXhhbXBsZS5jb20ifQ.R3ZSx5O7QGQjkvhYhl2s3Y3coCluLdbMbEga5cddLoM
[2020/08/27-21:25:54][http-nio-8082-exec-2][INFO ][net.blog.interceptor.ApiInterceptor]:method name == > listCategories
[2020/08/27-21:25:54][http-nio-8082-exec-2][INFO ][net.blog.services.impl.UserServiceImpl]:checkUser tokenKey == > p_41bbeb7ac31e6ac067bcb3db0d2a5a64
[2020/08/27-21:25:54][http-nio-8082-exec-2][INFO ][net.blog.services.impl.UserServiceImpl]:parseByTokenKey token == >eyJhbGciOiJIUzI1NiJ9.eyJ1c2VyX25hbWUiOiJBZG1pbkNodWFuIiwicm9sZXMiOiJyb2xlX2FkbWluIiwic2lnbiI6IkxCV05CIiwiZnJvbSI6InBfIiwiaWQiOiI3NDE2MjY0ODU1Mzc3Njc0MjQiLCJhdmF0YXIiOiJodHRwczovL2F2YXRhcnMwLmdpdGh1YnVzZXJjb250ZW50LmNvbS91LzQyMjkzNzU4P3M9NDYwJnU9MjFiNjcyZmZmNmUzNDcxNzJiMWRmOWQ3ZWJmMjE2ZTljNGM5YzlmYiZ2PTQiLCJleHAiOjE1OTg1MzUxMjQsImVtYWlsIjoiYWRtaW5AZXhhbXBsZS5jb20ifQ.R3ZSx5O7QGQjkvhYhl2s3Y3coCluLdbMbEga5cddLoM
[2020/08/27-21:25:54][http-nio-8082-exec-2][INFO ][net.blog.services.impl.UserServiceImpl]:checkUser tokenKey == > p_41bbeb7ac31e6ac067bcb3db0d2a5a64
[2020/08/27-21:25:54][http-nio-8082-exec-2][INFO ][net.blog.services.impl.UserServiceImpl]:parseByTokenKey token == >eyJhbGciOiJIUzI1NiJ9.eyJ1c2VyX25hbWUiOiJBZG1pbkNodWFuIiwicm9sZXMiOiJyb2xlX2FkbWluIiwic2lnbiI6IkxCV05CIiwiZnJvbSI6InBfIiwiaWQiOiI3NDE2MjY0ODU1Mzc3Njc0MjQiLCJhdmF0YXIiOiJodHRwczovL2F2YXRhcnMwLmdpdGh1YnVzZXJjb250ZW50LmNvbS91LzQyMjkzNzU4P3M9NDYwJnU9MjFiNjcyZmZmNmUzNDcxNzJiMWRmOWQ3ZWJmMjE2ZTljNGM5YzlmYiZ2PTQiLCJleHAiOjE1OTg1MzUxMjQsImVtYWlsIjoiYWRtaW5AZXhhbXBsZS5jb20ifQ.R3ZSx5O7QGQjkvhYhl2s3Y3coCluLdbMbEga5cddLoM
[2020/08/27-21:25:54][http-nio-8082-exec-9][INFO ][net.blog.interceptor.ApiInterceptor]:method name == > listCategories
[2020/08/27-21:25:54][http-nio-8082-exec-9][INFO ][net.blog.services.impl.UserServiceImpl]:checkUser tokenKey == > p_41bbeb7ac31e6ac067bcb3db0d2a5a64
[2020/08/27-21:25:54][http-nio-8082-exec-9][INFO ][net.blog.services.impl.UserServiceImpl]:parseByTokenKey token == >eyJhbGciOiJIUzI1NiJ9.eyJ1c2VyX25hbWUiOiJBZG1pbkNodWFuIiwicm9sZXMiOiJyb2xlX2FkbWluIiwic2lnbiI6IkxCV05CIiwiZnJvbSI6InBfIiwiaWQiOiI3NDE2MjY0ODU1Mzc3Njc0MjQiLCJhdmF0YXIiOiJodHRwczovL2F2YXRhcnMwLmdpdGh1YnVzZXJjb250ZW50LmNvbS91LzQyMjkzNzU4P3M9NDYwJnU9MjFiNjcyZmZmNmUzNDcxNzJiMWRmOWQ3ZWJmMjE2ZTljNGM5YzlmYiZ2PTQiLCJleHAiOjE1OTg1MzUxMjQsImVtYWlsIjoiYWRtaW5AZXhhbXBsZS5jb20ifQ.R3ZSx5O7QGQjkvhYhl2s3Y3coCluLdbMbEga5cddLoM
[2020/08/27-21:25:54][http-nio-8082-exec-9][INFO ][net.blog.services.impl.UserServiceImpl]:checkUser tokenKey == > p_41bbeb7ac31e6ac067bcb3db0d2a5a64
[2020/08/27-21:25:54][http-nio-8082-exec-9][INFO ][net.blog.services.impl.UserServiceImpl]:parseByTokenKey token == >eyJhbGciOiJIUzI1NiJ9.eyJ1c2VyX25hbWUiOiJBZG1pbkNodWFuIiwicm9sZXMiOiJyb2xlX2FkbWluIiwic2lnbiI6IkxCV05CIiwiZnJvbSI6InBfIiwiaWQiOiI3NDE2MjY0ODU1Mzc3Njc0MjQiLCJhdmF0YXIiOiJodHRwczovL2F2YXRhcnMwLmdpdGh1YnVzZXJjb250ZW50LmNvbS91LzQyMjkzNzU4P3M9NDYwJnU9MjFiNjcyZmZmNmUzNDcxNzJiMWRmOWQ3ZWJmMjE2ZTljNGM5YzlmYiZ2PTQiLCJleHAiOjE1OTg1MzUxMjQsImVtYWlsIjoiYWRtaW5AZXhhbXBsZS5jb20ifQ.R3ZSx5O7QGQjkvhYhl2s3Y3coCluLdbMbEga5cddLoM
[2020/08/27-21:26:56][http-nio-8082-exec-6][INFO ][net.blog.interceptor.ApiInterceptor]:method name == > parseToken
[2020/08/27-21:26:56][http-nio-8082-exec-6][INFO ][net.blog.services.impl.UserServiceImpl]:checkUser tokenKey == > p_41bbeb7ac31e6ac067bcb3db0d2a5a64
[2020/08/27-21:26:56][http-nio-8082-exec-6][INFO ][net.blog.services.impl.UserServiceImpl]:parseByTokenKey token == >eyJhbGciOiJIUzI1NiJ9.eyJ1c2VyX25hbWUiOiJBZG1pbkNodWFuIiwicm9sZXMiOiJyb2xlX2FkbWluIiwic2lnbiI6IkxCV05CIiwiZnJvbSI6InBfIiwiaWQiOiI3NDE2MjY0ODU1Mzc3Njc0MjQiLCJhdmF0YXIiOiJodHRwczovL2F2YXRhcnMwLmdpdGh1YnVzZXJjb250ZW50LmNvbS91LzQyMjkzNzU4P3M9NDYwJnU9MjFiNjcyZmZmNmUzNDcxNzJiMWRmOWQ3ZWJmMjE2ZTljNGM5YzlmYiZ2PTQiLCJleHAiOjE1OTg1MzUxMjQsImVtYWlsIjoiYWRtaW5AZXhhbXBsZS5jb20ifQ.R3ZSx5O7QGQjkvhYhl2s3Y3coCluLdbMbEga5cddLoM
[2020/08/27-21:26:57][http-nio-8082-exec-5][INFO ][net.blog.interceptor.ApiInterceptor]:method name == > listCategories
[2020/08/27-21:26:57][http-nio-8082-exec-5][INFO ][net.blog.services.impl.UserServiceImpl]:checkUser tokenKey == > p_41bbeb7ac31e6ac067bcb3db0d2a5a64
[2020/08/27-21:26:57][http-nio-8082-exec-5][INFO ][net.blog.services.impl.UserServiceImpl]:parseByTokenKey token == >eyJhbGciOiJIUzI1NiJ9.eyJ1c2VyX25hbWUiOiJBZG1pbkNodWFuIiwicm9sZXMiOiJyb2xlX2FkbWluIiwic2lnbiI6IkxCV05CIiwiZnJvbSI6InBfIiwiaWQiOiI3NDE2MjY0ODU1Mzc3Njc0MjQiLCJhdmF0YXIiOiJodHRwczovL2F2YXRhcnMwLmdpdGh1YnVzZXJjb250ZW50LmNvbS91LzQyMjkzNzU4P3M9NDYwJnU9MjFiNjcyZmZmNmUzNDcxNzJiMWRmOWQ3ZWJmMjE2ZTljNGM5YzlmYiZ2PTQiLCJleHAiOjE1OTg1MzUxMjQsImVtYWlsIjoiYWRtaW5AZXhhbXBsZS5jb20ifQ.R3ZSx5O7QGQjkvhYhl2s3Y3coCluLdbMbEga5cddLoM
[2020/08/27-21:26:57][http-nio-8082-exec-5][INFO ][net.blog.services.impl.UserServiceImpl]:checkUser tokenKey == > p_41bbeb7ac31e6ac067bcb3db0d2a5a64
[2020/08/27-21:26:57][http-nio-8082-exec-5][INFO ][net.blog.services.impl.UserServiceImpl]:parseByTokenKey token == >eyJhbGciOiJIUzI1NiJ9.eyJ1c2VyX25hbWUiOiJBZG1pbkNodWFuIiwicm9sZXMiOiJyb2xlX2FkbWluIiwic2lnbiI6IkxCV05CIiwiZnJvbSI6InBfIiwiaWQiOiI3NDE2MjY0ODU1Mzc3Njc0MjQiLCJhdmF0YXIiOiJodHRwczovL2F2YXRhcnMwLmdpdGh1YnVzZXJjb250ZW50LmNvbS91LzQyMjkzNzU4P3M9NDYwJnU9MjFiNjcyZmZmNmUzNDcxNzJiMWRmOWQ3ZWJmMjE2ZTljNGM5YzlmYiZ2PTQiLCJleHAiOjE1OTg1MzUxMjQsImVtYWlsIjoiYWRtaW5AZXhhbXBsZS5jb20ifQ.R3ZSx5O7QGQjkvhYhl2s3Y3coCluLdbMbEga5cddLoM
[2020/08/27-21:45:37][http-nio-8082-exec-10][INFO ][net.blog.interceptor.ApiInterceptor]:method name == > listCategories
[2020/08/27-21:45:37][http-nio-8082-exec-10][INFO ][net.blog.services.impl.UserServiceImpl]:checkUser tokenKey == > p_41bbeb7ac31e6ac067bcb3db0d2a5a64
[2020/08/27-21:45:37][http-nio-8082-exec-10][INFO ][net.blog.services.impl.UserServiceImpl]:parseByTokenKey token == >null
[2020/08/27-21:45:37][http-nio-8082-exec-10][INFO ][net.blog.services.impl.UserServiceImpl]:create new token and refresh token...
[2020/08/27-21:45:37][http-nio-8082-exec-10][INFO ][net.blog.services.impl.UserServiceImpl]:parseByTokenKey token == >eyJhbGciOiJIUzI1NiJ9.eyJ1c2VyX25hbWUiOiJBZG1pbkNodWFuIiwicm9sZXMiOiJyb2xlX2FkbWluIiwic2lnbiI6IkxCV05CIiwiZnJvbSI6InBfIiwiaWQiOiI3NDE2MjY0ODU1Mzc3Njc0MjQiLCJhdmF0YXIiOiJodHRwczovL2F2YXRhcnMwLmdpdGh1YnVzZXJjb250ZW50LmNvbS91LzQyMjkzNzU4P3M9NDYwJnU9MjFiNjcyZmZmNmUzNDcxNzJiMWRmOWQ3ZWJmMjE2ZTljNGM5YzlmYiZ2PTQiLCJleHAiOjE1OTg1Mzk1MzcsImVtYWlsIjoiYWRtaW5AZXhhbXBsZS5jb20ifQ.1UD0lkshvO_jFDHJaKkMq7ZHpSrCoY__f2455wWkY1c
[2020/08/27-21:45:37][http-nio-8082-exec-10][INFO ][net.blog.services.impl.UserServiceImpl]:checkUser tokenKey == > p_41bbeb7ac31e6ac067bcb3db0d2a5a64
[2020/08/27-21:45:37][http-nio-8082-exec-10][INFO ][net.blog.services.impl.UserServiceImpl]:parseByTokenKey token == >null
[2020/08/27-21:45:37][http-nio-8082-exec-10][INFO ][net.blog.services.impl.UserServiceImpl]:refresh token is null...
[2020/08/27-21:45:37][http-nio-8082-exec-7][INFO ][net.blog.interceptor.ApiInterceptor]:method name == > listCategories
[2020/08/27-21:45:37][http-nio-8082-exec-7][INFO ][net.blog.services.impl.UserServiceImpl]:checkUser tokenKey == > p_e486494c3ee9b628049619dc31ae1cef
[2020/08/27-21:45:37][http-nio-8082-exec-7][INFO ][net.blog.services.impl.UserServiceImpl]:parseByTokenKey token == >eyJhbGciOiJIUzI1NiJ9.eyJ1c2VyX25hbWUiOiJBZG1pbkNodWFuIiwicm9sZXMiOiJyb2xlX2FkbWluIiwic2lnbiI6IkxCV05CIiwiZnJvbSI6InBfIiwiaWQiOiI3NDE2MjY0ODU1Mzc3Njc0MjQiLCJhdmF0YXIiOiJodHRwczovL2F2YXRhcnMwLmdpdGh1YnVzZXJjb250ZW50LmNvbS91LzQyMjkzNzU4P3M9NDYwJnU9MjFiNjcyZmZmNmUzNDcxNzJiMWRmOWQ3ZWJmMjE2ZTljNGM5YzlmYiZ2PTQiLCJleHAiOjE1OTg1Mzk1MzcsImVtYWlsIjoiYWRtaW5AZXhhbXBsZS5jb20ifQ.1UD0lkshvO_jFDHJaKkMq7ZHpSrCoY__f2455wWkY1c
[2020/08/27-21:45:37][http-nio-8082-exec-7][INFO ][net.blog.services.impl.UserServiceImpl]:checkUser tokenKey == > p_e486494c3ee9b628049619dc31ae1cef
[2020/08/27-21:45:37][http-nio-8082-exec-7][INFO ][net.blog.services.impl.UserServiceImpl]:parseByTokenKey token == >eyJhbGciOiJIUzI1NiJ9.eyJ1c2VyX25hbWUiOiJBZG1pbkNodWFuIiwicm9sZXMiOiJyb2xlX2FkbWluIiwic2lnbiI6IkxCV05CIiwiZnJvbSI6InBfIiwiaWQiOiI3NDE2MjY0ODU1Mzc3Njc0MjQiLCJhdmF0YXIiOiJodHRwczovL2F2YXRhcnMwLmdpdGh1YnVzZXJjb250ZW50LmNvbS91LzQyMjkzNzU4P3M9NDYwJnU9MjFiNjcyZmZmNmUzNDcxNzJiMWRmOWQ3ZWJmMjE2ZTljNGM5YzlmYiZ2PTQiLCJleHAiOjE1OTg1Mzk1MzcsImVtYWlsIjoiYWRtaW5AZXhhbXBsZS5jb20ifQ.1UD0lkshvO_jFDHJaKkMq7ZHpSrCoY__f2455wWkY1c
[2020/08/27-21:45:37][http-nio-8082-exec-3][INFO ][net.blog.interceptor.ApiInterceptor]:method name == > listCategories
[2020/08/27-21:45:37][http-nio-8082-exec-3][INFO ][net.blog.services.impl.UserServiceImpl]:checkUser tokenKey == > p_e486494c3ee9b628049619dc31ae1cef
[2020/08/27-21:45:37][http-nio-8082-exec-3][INFO ][net.blog.services.impl.UserServiceImpl]:parseByTokenKey token == >eyJhbGciOiJIUzI1NiJ9.eyJ1c2VyX25hbWUiOiJBZG1pbkNodWFuIiwicm9sZXMiOiJyb2xlX2FkbWluIiwic2lnbiI6IkxCV05CIiwiZnJvbSI6InBfIiwiaWQiOiI3NDE2MjY0ODU1Mzc3Njc0MjQiLCJhdmF0YXIiOiJodHRwczovL2F2YXRhcnMwLmdpdGh1YnVzZXJjb250ZW50LmNvbS91LzQyMjkzNzU4P3M9NDYwJnU9MjFiNjcyZmZmNmUzNDcxNzJiMWRmOWQ3ZWJmMjE2ZTljNGM5YzlmYiZ2PTQiLCJleHAiOjE1OTg1Mzk1MzcsImVtYWlsIjoiYWRtaW5AZXhhbXBsZS5jb20ifQ.1UD0lkshvO_jFDHJaKkMq7ZHpSrCoY__f2455wWkY1c
[2020/08/27-21:45:37][http-nio-8082-exec-3][INFO ][net.blog.services.impl.UserServiceImpl]:checkUser tokenKey == > p_e486494c3ee9b628049619dc31ae1cef
[2020/08/27-21:45:37][http-nio-8082-exec-3][INFO ][net.blog.services.impl.UserServiceImpl]:parseByTokenKey token == >eyJhbGciOiJIUzI1NiJ9.eyJ1c2VyX25hbWUiOiJBZG1pbkNodWFuIiwicm9sZXMiOiJyb2xlX2FkbWluIiwic2lnbiI6IkxCV05CIiwiZnJvbSI6InBfIiwiaWQiOiI3NDE2MjY0ODU1Mzc3Njc0MjQiLCJhdmF0YXIiOiJodHRwczovL2F2YXRhcnMwLmdpdGh1YnVzZXJjb250ZW50LmNvbS91LzQyMjkzNzU4P3M9NDYwJnU9MjFiNjcyZmZmNmUzNDcxNzJiMWRmOWQ3ZWJmMjE2ZTljNGM5YzlmYiZ2PTQiLCJleHAiOjE1OTg1Mzk1MzcsImVtYWlsIjoiYWRtaW5AZXhhbXBsZS5jb20ifQ.1UD0lkshvO_jFDHJaKkMq7ZHpSrCoY__f2455wWkY1c
[2020/08/27-21:45:37][http-nio-8082-exec-8][INFO ][net.blog.interceptor.ApiInterceptor]:method name == > listCategories
[2020/08/27-21:45:37][http-nio-8082-exec-8][INFO ][net.blog.services.impl.UserServiceImpl]:checkUser tokenKey == > p_e486494c3ee9b628049619dc31ae1cef
[2020/08/27-21:45:37][http-nio-8082-exec-8][INFO ][net.blog.services.impl.UserServiceImpl]:parseByTokenKey token == >eyJhbGciOiJIUzI1NiJ9.eyJ1c2VyX25hbWUiOiJBZG1pbkNodWFuIiwicm9sZXMiOiJyb2xlX2FkbWluIiwic2lnbiI6IkxCV05CIiwiZnJvbSI6InBfIiwiaWQiOiI3NDE2MjY0ODU1Mzc3Njc0MjQiLCJhdmF0YXIiOiJodHRwczovL2F2YXRhcnMwLmdpdGh1YnVzZXJjb250ZW50LmNvbS91LzQyMjkzNzU4P3M9NDYwJnU9MjFiNjcyZmZmNmUzNDcxNzJiMWRmOWQ3ZWJmMjE2ZTljNGM5YzlmYiZ2PTQiLCJleHAiOjE1OTg1Mzk1MzcsImVtYWlsIjoiYWRtaW5AZXhhbXBsZS5jb20ifQ.1UD0lkshvO_jFDHJaKkMq7ZHpSrCoY__f2455wWkY1c
[2020/08/27-21:45:37][http-nio-8082-exec-8][INFO ][net.blog.services.impl.UserServiceImpl]:checkUser tokenKey == > p_e486494c3ee9b628049619dc31ae1cef
[2020/08/27-21:45:37][http-nio-8082-exec-8][INFO ][net.blog.services.impl.UserServiceImpl]:parseByTokenKey token == >eyJhbGciOiJIUzI1NiJ9.eyJ1c2VyX25hbWUiOiJBZG1pbkNodWFuIiwicm9sZXMiOiJyb2xlX2FkbWluIiwic2lnbiI6IkxCV05CIiwiZnJvbSI6InBfIiwiaWQiOiI3NDE2MjY0ODU1Mzc3Njc0MjQiLCJhdmF0YXIiOiJodHRwczovL2F2YXRhcnMwLmdpdGh1YnVzZXJjb250ZW50LmNvbS91LzQyMjkzNzU4P3M9NDYwJnU9MjFiNjcyZmZmNmUzNDcxNzJiMWRmOWQ3ZWJmMjE2ZTljNGM5YzlmYiZ2PTQiLCJleHAiOjE1OTg1Mzk1MzcsImVtYWlsIjoiYWRtaW5AZXhhbXBsZS5jb20ifQ.1UD0lkshvO_jFDHJaKkMq7ZHpSrCoY__f2455wWkY1c
[2020/08/27-21:45:37][http-nio-8082-exec-4][INFO ][net.blog.interceptor.ApiInterceptor]:method name == > listCategories
[2020/08/27-21:45:37][http-nio-8082-exec-4][INFO ][net.blog.services.impl.UserServiceImpl]:checkUser tokenKey == > p_e486494c3ee9b628049619dc31ae1cef
[2020/08/27-21:45:37][http-nio-8082-exec-4][INFO ][net.blog.services.impl.UserServiceImpl]:parseByTokenKey token == >eyJhbGciOiJIUzI1NiJ9.eyJ1c2VyX25hbWUiOiJBZG1pbkNodWFuIiwicm9sZXMiOiJyb2xlX2FkbWluIiwic2lnbiI6IkxCV05CIiwiZnJvbSI6InBfIiwiaWQiOiI3NDE2MjY0ODU1Mzc3Njc0MjQiLCJhdmF0YXIiOiJodHRwczovL2F2YXRhcnMwLmdpdGh1YnVzZXJjb250ZW50LmNvbS91LzQyMjkzNzU4P3M9NDYwJnU9MjFiNjcyZmZmNmUzNDcxNzJiMWRmOWQ3ZWJmMjE2ZTljNGM5YzlmYiZ2PTQiLCJleHAiOjE1OTg1Mzk1MzcsImVtYWlsIjoiYWRtaW5AZXhhbXBsZS5jb20ifQ.1UD0lkshvO_jFDHJaKkMq7ZHpSrCoY__f2455wWkY1c
[2020/08/27-21:45:37][http-nio-8082-exec-4][INFO ][net.blog.services.impl.UserServiceImpl]:checkUser tokenKey == > p_e486494c3ee9b628049619dc31ae1cef
[2020/08/27-21:45:37][http-nio-8082-exec-4][INFO ][net.blog.services.impl.UserServiceImpl]:parseByTokenKey token == >eyJhbGciOiJIUzI1NiJ9.eyJ1c2VyX25hbWUiOiJBZG1pbkNodWFuIiwicm9sZXMiOiJyb2xlX2FkbWluIiwic2lnbiI6IkxCV05CIiwiZnJvbSI6InBfIiwiaWQiOiI3NDE2MjY0ODU1Mzc3Njc0MjQiLCJhdmF0YXIiOiJodHRwczovL2F2YXRhcnMwLmdpdGh1YnVzZXJjb250ZW50LmNvbS91LzQyMjkzNzU4P3M9NDYwJnU9MjFiNjcyZmZmNmUzNDcxNzJiMWRmOWQ3ZWJmMjE2ZTljNGM5YzlmYiZ2PTQiLCJleHAiOjE1OTg1Mzk1MzcsImVtYWlsIjoiYWRtaW5AZXhhbXBsZS5jb20ifQ.1UD0lkshvO_jFDHJaKkMq7ZHpSrCoY__f2455wWkY1c
[2020/08/27-21:45:37][http-nio-8082-exec-1][INFO ][net.blog.interceptor.ApiInterceptor]:method name == > listCategories
[2020/08/27-21:45:37][http-nio-8082-exec-1][INFO ][net.blog.services.impl.UserServiceImpl]:checkUser tokenKey == > p_e486494c3ee9b628049619dc31ae1cef
[2020/08/27-21:45:37][http-nio-8082-exec-1][INFO ][net.blog.services.impl.UserServiceImpl]:parseByTokenKey token == >eyJhbGciOiJIUzI1NiJ9.eyJ1c2VyX25hbWUiOiJBZG1pbkNodWFuIiwicm9sZXMiOiJyb2xlX2FkbWluIiwic2lnbiI6IkxCV05CIiwiZnJvbSI6InBfIiwiaWQiOiI3NDE2MjY0ODU1Mzc3Njc0MjQiLCJhdmF0YXIiOiJodHRwczovL2F2YXRhcnMwLmdpdGh1YnVzZXJjb250ZW50LmNvbS91LzQyMjkzNzU4P3M9NDYwJnU9MjFiNjcyZmZmNmUzNDcxNzJiMWRmOWQ3ZWJmMjE2ZTljNGM5YzlmYiZ2PTQiLCJleHAiOjE1OTg1Mzk1MzcsImVtYWlsIjoiYWRtaW5AZXhhbXBsZS5jb20ifQ.1UD0lkshvO_jFDHJaKkMq7ZHpSrCoY__f2455wWkY1c
[2020/08/27-21:45:37][http-nio-8082-exec-1][INFO ][net.blog.services.impl.UserServiceImpl]:checkUser tokenKey == > p_e486494c3ee9b628049619dc31ae1cef
[2020/08/27-21:45:37][http-nio-8082-exec-1][INFO ][net.blog.services.impl.UserServiceImpl]:parseByTokenKey token == >eyJhbGciOiJIUzI1NiJ9.eyJ1c2VyX25hbWUiOiJBZG1pbkNodWFuIiwicm9sZXMiOiJyb2xlX2FkbWluIiwic2lnbiI6IkxCV05CIiwiZnJvbSI6InBfIiwiaWQiOiI3NDE2MjY0ODU1Mzc3Njc0MjQiLCJhdmF0YXIiOiJodHRwczovL2F2YXRhcnMwLmdpdGh1YnVzZXJjb250ZW50LmNvbS91LzQyMjkzNzU4P3M9NDYwJnU9MjFiNjcyZmZmNmUzNDcxNzJiMWRmOWQ3ZWJmMjE2ZTljNGM5YzlmYiZ2PTQiLCJleHAiOjE1OTg1Mzk1MzcsImVtYWlsIjoiYWRtaW5AZXhhbXBsZS5jb20ifQ.1UD0lkshvO_jFDHJaKkMq7ZHpSrCoY__f2455wWkY1c
[2020/08/27-21:45:37][http-nio-8082-exec-2][INFO ][net.blog.interceptor.ApiInterceptor]:method name == > listCategories
[2020/08/27-21:45:37][http-nio-8082-exec-2][INFO ][net.blog.services.impl.UserServiceImpl]:checkUser tokenKey == > p_e486494c3ee9b628049619dc31ae1cef
[2020/08/27-21:45:37][http-nio-8082-exec-2][INFO ][net.blog.services.impl.UserServiceImpl]:parseByTokenKey token == >eyJhbGciOiJIUzI1NiJ9.eyJ1c2VyX25hbWUiOiJBZG1pbkNodWFuIiwicm9sZXMiOiJyb2xlX2FkbWluIiwic2lnbiI6IkxCV05CIiwiZnJvbSI6InBfIiwiaWQiOiI3NDE2MjY0ODU1Mzc3Njc0MjQiLCJhdmF0YXIiOiJodHRwczovL2F2YXRhcnMwLmdpdGh1YnVzZXJjb250ZW50LmNvbS91LzQyMjkzNzU4P3M9NDYwJnU9MjFiNjcyZmZmNmUzNDcxNzJiMWRmOWQ3ZWJmMjE2ZTljNGM5YzlmYiZ2PTQiLCJleHAiOjE1OTg1Mzk1MzcsImVtYWlsIjoiYWRtaW5AZXhhbXBsZS5jb20ifQ.1UD0lkshvO_jFDHJaKkMq7ZHpSrCoY__f2455wWkY1c
[2020/08/27-21:45:37][http-nio-8082-exec-2][INFO ][net.blog.services.impl.UserServiceImpl]:checkUser tokenKey == > p_e486494c3ee9b628049619dc31ae1cef
[2020/08/27-21:45:37][http-nio-8082-exec-2][INFO ][net.blog.services.impl.UserServiceImpl]:parseByTokenKey token == >eyJhbGciOiJIUzI1NiJ9.eyJ1c2VyX25hbWUiOiJBZG1pbkNodWFuIiwicm9sZXMiOiJyb2xlX2FkbWluIiwic2lnbiI6IkxCV05CIiwiZnJvbSI6InBfIiwiaWQiOiI3NDE2MjY0ODU1Mzc3Njc0MjQiLCJhdmF0YXIiOiJodHRwczovL2F2YXRhcnMwLmdpdGh1YnVzZXJjb250ZW50LmNvbS91LzQyMjkzNzU4P3M9NDYwJnU9MjFiNjcyZmZmNmUzNDcxNzJiMWRmOWQ3ZWJmMjE2ZTljNGM5YzlmYiZ2PTQiLCJleHAiOjE1OTg1Mzk1MzcsImVtYWlsIjoiYWRtaW5AZXhhbXBsZS5jb20ifQ.1UD0lkshvO_jFDHJaKkMq7ZHpSrCoY__f2455wWkY1c
[2020/08/27-21:45:37][http-nio-8082-exec-9][INFO ][net.blog.interceptor.ApiInterceptor]:method name == > listCategories
[2020/08/27-21:45:37][http-nio-8082-exec-9][INFO ][net.blog.services.impl.UserServiceImpl]:checkUser tokenKey == > p_e486494c3ee9b628049619dc31ae1cef
[2020/08/27-21:45:37][http-nio-8082-exec-9][INFO ][net.blog.services.impl.UserServiceImpl]:parseByTokenKey token == >eyJhbGciOiJIUzI1NiJ9.eyJ1c2VyX25hbWUiOiJBZG1pbkNodWFuIiwicm9sZXMiOiJyb2xlX2FkbWluIiwic2lnbiI6IkxCV05CIiwiZnJvbSI6InBfIiwiaWQiOiI3NDE2MjY0ODU1Mzc3Njc0MjQiLCJhdmF0YXIiOiJodHRwczovL2F2YXRhcnMwLmdpdGh1YnVzZXJjb250ZW50LmNvbS91LzQyMjkzNzU4P3M9NDYwJnU9MjFiNjcyZmZmNmUzNDcxNzJiMWRmOWQ3ZWJmMjE2ZTljNGM5YzlmYiZ2PTQiLCJleHAiOjE1OTg1Mzk1MzcsImVtYWlsIjoiYWRtaW5AZXhhbXBsZS5jb20ifQ.1UD0lkshvO_jFDHJaKkMq7ZHpSrCoY__f2455wWkY1c
[2020/08/27-21:45:37][http-nio-8082-exec-9][INFO ][net.blog.services.impl.UserServiceImpl]:checkUser tokenKey == > p_e486494c3ee9b628049619dc31ae1cef
[2020/08/27-21:45:37][http-nio-8082-exec-9][INFO ][net.blog.services.impl.UserServiceImpl]:parseByTokenKey token == >eyJhbGciOiJIUzI1NiJ9.eyJ1c2VyX25hbWUiOiJBZG1pbkNodWFuIiwicm9sZXMiOiJyb2xlX2FkbWluIiwic2lnbiI6IkxCV05CIiwiZnJvbSI6InBfIiwiaWQiOiI3NDE2MjY0ODU1Mzc3Njc0MjQiLCJhdmF0YXIiOiJodHRwczovL2F2YXRhcnMwLmdpdGh1YnVzZXJjb250ZW50LmNvbS91LzQyMjkzNzU4P3M9NDYwJnU9MjFiNjcyZmZmNmUzNDcxNzJiMWRmOWQ3ZWJmMjE2ZTljNGM5YzlmYiZ2PTQiLCJleHAiOjE1OTg1Mzk1MzcsImVtYWlsIjoiYWRtaW5AZXhhbXBsZS5jb20ifQ.1UD0lkshvO_jFDHJaKkMq7ZHpSrCoY__f2455wWkY1c
[2020/08/27-21:45:37][http-nio-8082-exec-6][INFO ][net.blog.interceptor.ApiInterceptor]:method name == > listCategories
[2020/08/27-21:45:37][http-nio-8082-exec-6][INFO ][net.blog.services.impl.UserServiceImpl]:checkUser tokenKey == > p_e486494c3ee9b628049619dc31ae1cef
[2020/08/27-21:45:37][http-nio-8082-exec-6][INFO ][net.blog.services.impl.UserServiceImpl]:parseByTokenKey token == >eyJhbGciOiJIUzI1NiJ9.eyJ1c2VyX25hbWUiOiJBZG1pbkNodWFuIiwicm9sZXMiOiJyb2xlX2FkbWluIiwic2lnbiI6IkxCV05CIiwiZnJvbSI6InBfIiwiaWQiOiI3NDE2MjY0ODU1Mzc3Njc0MjQiLCJhdmF0YXIiOiJodHRwczovL2F2YXRhcnMwLmdpdGh1YnVzZXJjb250ZW50LmNvbS91LzQyMjkzNzU4P3M9NDYwJnU9MjFiNjcyZmZmNmUzNDcxNzJiMWRmOWQ3ZWJmMjE2ZTljNGM5YzlmYiZ2PTQiLCJleHAiOjE1OTg1Mzk1MzcsImVtYWlsIjoiYWRtaW5AZXhhbXBsZS5jb20ifQ.1UD0lkshvO_jFDHJaKkMq7ZHpSrCoY__f2455wWkY1c
[2020/08/27-21:45:37][http-nio-8082-exec-6][INFO ][net.blog.services.impl.UserServiceImpl]:checkUser tokenKey == > p_e486494c3ee9b628049619dc31ae1cef
[2020/08/27-21:45:37][http-nio-8082-exec-6][INFO ][net.blog.services.impl.UserServiceImpl]:parseByTokenKey token == >eyJhbGciOiJIUzI1NiJ9.eyJ1c2VyX25hbWUiOiJBZG1pbkNodWFuIiwicm9sZXMiOiJyb2xlX2FkbWluIiwic2lnbiI6IkxCV05CIiwiZnJvbSI6InBfIiwiaWQiOiI3NDE2MjY0ODU1Mzc3Njc0MjQiLCJhdmF0YXIiOiJodHRwczovL2F2YXRhcnMwLmdpdGh1YnVzZXJjb250ZW50LmNvbS91LzQyMjkzNzU4P3M9NDYwJnU9MjFiNjcyZmZmNmUzNDcxNzJiMWRmOWQ3ZWJmMjE2ZTljNGM5YzlmYiZ2PTQiLCJleHAiOjE1OTg1Mzk1MzcsImVtYWlsIjoiYWRtaW5AZXhhbXBsZS5jb20ifQ.1UD0lkshvO_jFDHJaKkMq7ZHpSrCoY__f2455wWkY1c
[2020/08/27-21:45:37][http-nio-8082-exec-5][INFO ][net.blog.interceptor.ApiInterceptor]:method name == > listCategories
[2020/08/27-21:45:37][http-nio-8082-exec-5][INFO ][net.blog.services.impl.UserServiceImpl]:checkUser tokenKey == > p_e486494c3ee9b628049619dc31ae1cef
[2020/08/27-21:45:37][http-nio-8082-exec-5][INFO ][net.blog.services.impl.UserServiceImpl]:parseByTokenKey token == >eyJhbGciOiJIUzI1NiJ9.eyJ1c2VyX25hbWUiOiJBZG1pbkNodWFuIiwicm9sZXMiOiJyb2xlX2FkbWluIiwic2lnbiI6IkxCV05CIiwiZnJvbSI6InBfIiwiaWQiOiI3NDE2MjY0ODU1Mzc3Njc0MjQiLCJhdmF0YXIiOiJodHRwczovL2F2YXRhcnMwLmdpdGh1YnVzZXJjb250ZW50LmNvbS91LzQyMjkzNzU4P3M9NDYwJnU9MjFiNjcyZmZmNmUzNDcxNzJiMWRmOWQ3ZWJmMjE2ZTljNGM5YzlmYiZ2PTQiLCJleHAiOjE1OTg1Mzk1MzcsImVtYWlsIjoiYWRtaW5AZXhhbXBsZS5jb20ifQ.1UD0lkshvO_jFDHJaKkMq7ZHpSrCoY__f2455wWkY1c
[2020/08/27-21:45:37][http-nio-8082-exec-5][INFO ][net.blog.services.impl.UserServiceImpl]:checkUser tokenKey == > p_e486494c3ee9b628049619dc31ae1cef
[2020/08/27-21:45:37][http-nio-8082-exec-5][INFO ][net.blog.services.impl.UserServiceImpl]:parseByTokenKey token == >eyJhbGciOiJIUzI1NiJ9.eyJ1c2VyX25hbWUiOiJBZG1pbkNodWFuIiwicm9sZXMiOiJyb2xlX2FkbWluIiwic2lnbiI6IkxCV05CIiwiZnJvbSI6InBfIiwiaWQiOiI3NDE2MjY0ODU1Mzc3Njc0MjQiLCJhdmF0YXIiOiJodHRwczovL2F2YXRhcnMwLmdpdGh1YnVzZXJjb250ZW50LmNvbS91LzQyMjkzNzU4P3M9NDYwJnU9MjFiNjcyZmZmNmUzNDcxNzJiMWRmOWQ3ZWJmMjE2ZTljNGM5YzlmYiZ2PTQiLCJleHAiOjE1OTg1Mzk1MzcsImVtYWlsIjoiYWRtaW5AZXhhbXBsZS5jb20ifQ.1UD0lkshvO_jFDHJaKkMq7ZHpSrCoY__f2455wWkY1c
[2020/08/27-21:45:37][http-nio-8082-exec-10][INFO ][net.blog.interceptor.ApiInterceptor]:method name == > listCategories
[2020/08/27-21:45:37][http-nio-8082-exec-10][INFO ][net.blog.services.impl.UserServiceImpl]:checkUser tokenKey == > p_e486494c3ee9b628049619dc31ae1cef
[2020/08/27-21:45:37][http-nio-8082-exec-10][INFO ][net.blog.services.impl.UserServiceImpl]:parseByTokenKey token == >eyJhbGciOiJIUzI1NiJ9.eyJ1c2VyX25hbWUiOiJBZG1pbkNodWFuIiwicm9sZXMiOiJyb2xlX2FkbWluIiwic2lnbiI6IkxCV05CIiwiZnJvbSI6InBfIiwiaWQiOiI3NDE2MjY0ODU1Mzc3Njc0MjQiLCJhdmF0YXIiOiJodHRwczovL2F2YXRhcnMwLmdpdGh1YnVzZXJjb250ZW50LmNvbS91LzQyMjkzNzU4P3M9NDYwJnU9MjFiNjcyZmZmNmUzNDcxNzJiMWRmOWQ3ZWJmMjE2ZTljNGM5YzlmYiZ2PTQiLCJleHAiOjE1OTg1Mzk1MzcsImVtYWlsIjoiYWRtaW5AZXhhbXBsZS5jb20ifQ.1UD0lkshvO_jFDHJaKkMq7ZHpSrCoY__f2455wWkY1c
[2020/08/27-21:45:37][http-nio-8082-exec-10][INFO ][net.blog.services.impl.UserServiceImpl]:checkUser tokenKey == > p_e486494c3ee9b628049619dc31ae1cef
[2020/08/27-21:45:37][http-nio-8082-exec-10][INFO ][net.blog.services.impl.UserServiceImpl]:parseByTokenKey token == >eyJhbGciOiJIUzI1NiJ9.eyJ1c2VyX25hbWUiOiJBZG1pbkNodWFuIiwicm9sZXMiOiJyb2xlX2FkbWluIiwic2lnbiI6IkxCV05CIiwiZnJvbSI6InBfIiwiaWQiOiI3NDE2MjY0ODU1Mzc3Njc0MjQiLCJhdmF0YXIiOiJodHRwczovL2F2YXRhcnMwLmdpdGh1YnVzZXJjb250ZW50LmNvbS91LzQyMjkzNzU4P3M9NDYwJnU9MjFiNjcyZmZmNmUzNDcxNzJiMWRmOWQ3ZWJmMjE2ZTljNGM5YzlmYiZ2PTQiLCJleHAiOjE1OTg1Mzk1MzcsImVtYWlsIjoiYWRtaW5AZXhhbXBsZS5jb20ifQ.1UD0lkshvO_jFDHJaKkMq7ZHpSrCoY__f2455wWkY1c
[2020/08/27-21:45:37][http-nio-8082-exec-7][INFO ][net.blog.interceptor.ApiInterceptor]:method name == > listCategories
[2020/08/27-21:45:37][http-nio-8082-exec-7][INFO ][net.blog.services.impl.UserServiceImpl]:checkUser tokenKey == > p_e486494c3ee9b628049619dc31ae1cef
[2020/08/27-21:45:37][http-nio-8082-exec-7][INFO ][net.blog.services.impl.UserServiceImpl]:parseByTokenKey token == >eyJhbGciOiJIUzI1NiJ9.eyJ1c2VyX25hbWUiOiJBZG1pbkNodWFuIiwicm9sZXMiOiJyb2xlX2FkbWluIiwic2lnbiI6IkxCV05CIiwiZnJvbSI6InBfIiwiaWQiOiI3NDE2MjY0ODU1Mzc3Njc0MjQiLCJhdmF0YXIiOiJodHRwczovL2F2YXRhcnMwLmdpdGh1YnVzZXJjb250ZW50LmNvbS91LzQyMjkzNzU4P3M9NDYwJnU9MjFiNjcyZmZmNmUzNDcxNzJiMWRmOWQ3ZWJmMjE2ZTljNGM5YzlmYiZ2PTQiLCJleHAiOjE1OTg1Mzk1MzcsImVtYWlsIjoiYWRtaW5AZXhhbXBsZS5jb20ifQ.1UD0lkshvO_jFDHJaKkMq7ZHpSrCoY__f2455wWkY1c
[2020/08/27-21:45:37][http-nio-8082-exec-7][INFO ][net.blog.services.impl.UserServiceImpl]:checkUser tokenKey == > p_e486494c3ee9b628049619dc31ae1cef
[2020/08/27-21:45:37][http-nio-8082-exec-7][INFO ][net.blog.services.impl.UserServiceImpl]:parseByTokenKey token == >eyJhbGciOiJIUzI1NiJ9.eyJ1c2VyX25hbWUiOiJBZG1pbkNodWFuIiwicm9sZXMiOiJyb2xlX2FkbWluIiwic2lnbiI6IkxCV05CIiwiZnJvbSI6InBfIiwiaWQiOiI3NDE2MjY0ODU1Mzc3Njc0MjQiLCJhdmF0YXIiOiJodHRwczovL2F2YXRhcnMwLmdpdGh1YnVzZXJjb250ZW50LmNvbS91LzQyMjkzNzU4P3M9NDYwJnU9MjFiNjcyZmZmNmUzNDcxNzJiMWRmOWQ3ZWJmMjE2ZTljNGM5YzlmYiZ2PTQiLCJleHAiOjE1OTg1Mzk1MzcsImVtYWlsIjoiYWRtaW5AZXhhbXBsZS5jb20ifQ.1UD0lkshvO_jFDHJaKkMq7ZHpSrCoY__f2455wWkY1c
[2020/08/27-21:45:37][http-nio-8082-exec-3][INFO ][net.blog.interceptor.ApiInterceptor]:method name == > listCategories
[2020/08/27-21:45:37][http-nio-8082-exec-3][INFO ][net.blog.services.impl.UserServiceImpl]:checkUser tokenKey == > p_e486494c3ee9b628049619dc31ae1cef
[2020/08/27-21:45:37][http-nio-8082-exec-3][INFO ][net.blog.services.impl.UserServiceImpl]:parseByTokenKey token == >eyJhbGciOiJIUzI1NiJ9.eyJ1c2VyX25hbWUiOiJBZG1pbkNodWFuIiwicm9sZXMiOiJyb2xlX2FkbWluIiwic2lnbiI6IkxCV05CIiwiZnJvbSI6InBfIiwiaWQiOiI3NDE2MjY0ODU1Mzc3Njc0MjQiLCJhdmF0YXIiOiJodHRwczovL2F2YXRhcnMwLmdpdGh1YnVzZXJjb250ZW50LmNvbS91LzQyMjkzNzU4P3M9NDYwJnU9MjFiNjcyZmZmNmUzNDcxNzJiMWRmOWQ3ZWJmMjE2ZTljNGM5YzlmYiZ2PTQiLCJleHAiOjE1OTg1Mzk1MzcsImVtYWlsIjoiYWRtaW5AZXhhbXBsZS5jb20ifQ.1UD0lkshvO_jFDHJaKkMq7ZHpSrCoY__f2455wWkY1c
[2020/08/27-21:45:37][http-nio-8082-exec-3][INFO ][net.blog.services.impl.UserServiceImpl]:checkUser tokenKey == > p_e486494c3ee9b628049619dc31ae1cef
[2020/08/27-21:45:37][http-nio-8082-exec-3][INFO ][net.blog.services.impl.UserServiceImpl]:parseByTokenKey token == >eyJhbGciOiJIUzI1NiJ9.eyJ1c2VyX25hbWUiOiJBZG1pbkNodWFuIiwicm9sZXMiOiJyb2xlX2FkbWluIiwic2lnbiI6IkxCV05CIiwiZnJvbSI6InBfIiwiaWQiOiI3NDE2MjY0ODU1Mzc3Njc0MjQiLCJhdmF0YXIiOiJodHRwczovL2F2YXRhcnMwLmdpdGh1YnVzZXJjb250ZW50LmNvbS91LzQyMjkzNzU4P3M9NDYwJnU9MjFiNjcyZmZmNmUzNDcxNzJiMWRmOWQ3ZWJmMjE2ZTljNGM5YzlmYiZ2PTQiLCJleHAiOjE1OTg1Mzk1MzcsImVtYWlsIjoiYWRtaW5AZXhhbXBsZS5jb20ifQ.1UD0lkshvO_jFDHJaKkMq7ZHpSrCoY__f2455wWkY1c
