[2020/10/01-00:12:09][main][INFO ][net.blog.BlogApplication]:BlogApplication run...
[2020/10/01-00:12:11][main][INFO ][net.blog.BlogApplication]:Starting BlogApplication on Innovation with PID 19340 (D:\Codes\BlogSystem\target\classes started by ETNJL in D:\Codes\BlogSystem)
[2020/10/01-00:12:11][main][INFO ][net.blog.BlogApplication]:The following profiles are active: prod
[2020/10/01-00:12:28][main][INFO ][net.blog.BlogApplication]:Started BlogApplication in 18.589 seconds (JVM running for 19.712)
[2020/10/01-00:12:51][http-nio-8082-exec-7][INFO ][net.blog.interceptor.ApiInterceptor]:method name == > parseToken
[2020/10/01-00:12:51][http-nio-8082-exec-7][INFO ][net.blog.services.impl.UserServiceImpl]:checkUser tokenKey == > p_3eb9acdfb08ea81a5a499f2288544c4e
[2020/10/01-00:12:52][http-nio-8082-exec-7][INFO ][net.blog.services.impl.UserServiceImpl]:parseByTokenKey token == >null
[2020/10/01-00:12:52][http-nio-8082-exec-7][INFO ][net.blog.services.impl.UserServiceImpl]:create new token and refresh token...
[2020/10/01-00:12:52][http-nio-8082-exec-7][INFO ][net.blog.services.impl.UserServiceImpl]:parseByTokenKey token == >eyJhbGciOiJIUzI1NiJ9.eyJ1c2VyX25hbWUiOiJjaHVhbmNhaSIsInJvbGVzIjoicm9sZV9ub3JtYWwiLCJzaWduIjoiIiwiZnJvbSI6InBfIiwiaWQiOiI3NDE2MjY3NjE4NDU5MzIwMzIiLCJhdmF0YXIiOiJodHRwczovL2F2YXRhcnMwLmdpdGh1YnVzZXJjb250ZW50LmNvbS91LzQyMjkzNzU4P3M9NDYwJnU9MjFiNjcyZmZmNmUzNDcxNzJiMWRmOWQ3ZWJmMjE2ZTljNGM5YzlmYiZ2PTQiLCJleHAiOjE2MDE0ODU5NzIsImVtYWlsIjoiemgtYmVib3BAb3V0bG9vay5jb20ifQ.E2Au2k4EOHUn8lr56nWaRaKF-y_aisaYEw4nToSjBBc
[2020/10/01-00:12:58][http-nio-8082-exec-8][INFO ][net.blog.interceptor.ApiInterceptor]:method name == > parseToken
[2020/10/01-00:12:58][http-nio-8082-exec-8][INFO ][net.blog.services.impl.UserServiceImpl]:checkUser tokenKey == > m_c5034f940087a8314befeab71216d509
[2020/10/01-00:12:58][http-nio-8082-exec-8][INFO ][net.blog.services.impl.UserServiceImpl]:parseByTokenKey token == >null
[2020/10/01-00:12:58][http-nio-8082-exec-8][INFO ][net.blog.services.impl.UserServiceImpl]:create new token and refresh token...
[2020/10/01-00:12:58][http-nio-8082-exec-8][INFO ][net.blog.services.impl.UserServiceImpl]:parseByTokenKey token == >eyJhbGciOiJIUzI1NiJ9.eyJ1c2VyX25hbWUiOiJBZG1pbkNodWFuIiwicm9sZXMiOiJyb2xlX2FkbWluIiwic2lnbiI6IkxCV05CMTIzIiwiZnJvbSI6Im1fIiwiaWQiOiI3NDE2MjY0ODU1Mzc3Njc0MjQiLCJhdmF0YXIiOiJodHRwOi8vbG9jYWxob3N0OjgwODIvcG9ydGFsL2ltYWdlLzE1OTkwMjE2MDg5NzJfNzUwNjk2NTY3NTUxMjk1NDg4LnBuZyIsImV4cCI6MTYwMTQ4NTk3OCwiZW1haWwiOiJldG5qbEBvdXRsb29rLmNvbSJ9.d5nmWTJqVF3dyA6k4QziwION8KgvFbMxMA--gjlHZ1Y
[2020/10/01-00:12:58][http-nio-8082-exec-5][INFO ][net.blog.interceptor.ApiInterceptor]:method name == > getArticleCount
[2020/10/01-00:12:58][http-nio-8082-exec-9][INFO ][net.blog.interceptor.ApiInterceptor]:method name == > getRegisterCount
[2020/10/01-00:12:58][http-nio-8082-exec-3][INFO ][net.blog.interceptor.ApiInterceptor]:method name == > getCommentCount
[2020/10/01-00:12:58][http-nio-8082-exec-6][INFO ][net.blog.interceptor.ApiInterceptor]:method name == > getWebSiteViewCount
[2020/10/01-00:12:58][http-nio-8082-exec-4][INFO ][net.blog.interceptor.ApiInterceptor]:method name == > getImage
[2020/10/01-00:12:58][http-nio-8082-exec-9][INFO ][net.blog.services.impl.UserServiceImpl]:checkUser tokenKey == > m_c013cfcb6334873b53e59831cb9704c0
[2020/10/01-00:12:58][http-nio-8082-exec-1][INFO ][net.blog.interceptor.ApiInterceptor]:method name == > listComments
[2020/10/01-00:12:58][http-nio-8082-exec-5][INFO ][net.blog.services.impl.UserServiceImpl]:checkUser tokenKey == > m_c013cfcb6334873b53e59831cb9704c0
[2020/10/01-00:12:58][http-nio-8082-exec-3][INFO ][net.blog.services.impl.UserServiceImpl]:checkUser tokenKey == > m_c013cfcb6334873b53e59831cb9704c0
[2020/10/01-00:12:58][http-nio-8082-exec-6][INFO ][net.blog.services.impl.UserServiceImpl]:checkUser tokenKey == > m_c013cfcb6334873b53e59831cb9704c0
[2020/10/01-00:12:58][http-nio-8082-exec-9][INFO ][net.blog.services.impl.UserServiceImpl]:parseByTokenKey token == >eyJhbGciOiJIUzI1NiJ9.eyJ1c2VyX25hbWUiOiJBZG1pbkNodWFuIiwicm9sZXMiOiJyb2xlX2FkbWluIiwic2lnbiI6IkxCV05CMTIzIiwiZnJvbSI6Im1fIiwiaWQiOiI3NDE2MjY0ODU1Mzc3Njc0MjQiLCJhdmF0YXIiOiJodHRwOi8vbG9jYWxob3N0OjgwODIvcG9ydGFsL2ltYWdlLzE1OTkwMjE2MDg5NzJfNzUwNjk2NTY3NTUxMjk1NDg4LnBuZyIsImV4cCI6MTYwMTQ4NTk3OCwiZW1haWwiOiJldG5qbEBvdXRsb29rLmNvbSJ9.d5nmWTJqVF3dyA6k4QziwION8KgvFbMxMA--gjlHZ1Y
[2020/10/01-00:12:58][http-nio-8082-exec-5][INFO ][net.blog.services.impl.UserServiceImpl]:parseByTokenKey token == >eyJhbGciOiJIUzI1NiJ9.eyJ1c2VyX25hbWUiOiJBZG1pbkNodWFuIiwicm9sZXMiOiJyb2xlX2FkbWluIiwic2lnbiI6IkxCV05CMTIzIiwiZnJvbSI6Im1fIiwiaWQiOiI3NDE2MjY0ODU1Mzc3Njc0MjQiLCJhdmF0YXIiOiJodHRwOi8vbG9jYWxob3N0OjgwODIvcG9ydGFsL2ltYWdlLzE1OTkwMjE2MDg5NzJfNzUwNjk2NTY3NTUxMjk1NDg4LnBuZyIsImV4cCI6MTYwMTQ4NTk3OCwiZW1haWwiOiJldG5qbEBvdXRsb29rLmNvbSJ9.d5nmWTJqVF3dyA6k4QziwION8KgvFbMxMA--gjlHZ1Y
[2020/10/01-00:12:58][http-nio-8082-exec-3][INFO ][net.blog.services.impl.UserServiceImpl]:parseByTokenKey token == >eyJhbGciOiJIUzI1NiJ9.eyJ1c2VyX25hbWUiOiJBZG1pbkNodWFuIiwicm9sZXMiOiJyb2xlX2FkbWluIiwic2lnbiI6IkxCV05CMTIzIiwiZnJvbSI6Im1fIiwiaWQiOiI3NDE2MjY0ODU1Mzc3Njc0MjQiLCJhdmF0YXIiOiJodHRwOi8vbG9jYWxob3N0OjgwODIvcG9ydGFsL2ltYWdlLzE1OTkwMjE2MDg5NzJfNzUwNjk2NTY3NTUxMjk1NDg4LnBuZyIsImV4cCI6MTYwMTQ4NTk3OCwiZW1haWwiOiJldG5qbEBvdXRsb29rLmNvbSJ9.d5nmWTJqVF3dyA6k4QziwION8KgvFbMxMA--gjlHZ1Y
[2020/10/01-00:12:58][http-nio-8082-exec-6][INFO ][net.blog.services.impl.UserServiceImpl]:parseByTokenKey token == >eyJhbGciOiJIUzI1NiJ9.eyJ1c2VyX25hbWUiOiJBZG1pbkNodWFuIiwicm9sZXMiOiJyb2xlX2FkbWluIiwic2lnbiI6IkxCV05CMTIzIiwiZnJvbSI6Im1fIiwiaWQiOiI3NDE2MjY0ODU1Mzc3Njc0MjQiLCJhdmF0YXIiOiJodHRwOi8vbG9jYWxob3N0OjgwODIvcG9ydGFsL2ltYWdlLzE1OTkwMjE2MDg5NzJfNzUwNjk2NTY3NTUxMjk1NDg4LnBuZyIsImV4cCI6MTYwMTQ4NTk3OCwiZW1haWwiOiJldG5qbEBvdXRsb29rLmNvbSJ9.d5nmWTJqVF3dyA6k4QziwION8KgvFbMxMA--gjlHZ1Y
[2020/10/01-00:12:58][http-nio-8082-exec-1][INFO ][net.blog.services.impl.UserServiceImpl]:checkUser tokenKey == > m_c013cfcb6334873b53e59831cb9704c0
[2020/10/01-00:12:58][http-nio-8082-exec-4][INFO ][net.blog.services.impl.ImageServiceImpl]:viewImage format == >2020_09_02
[2020/10/01-00:12:58][http-nio-8082-exec-4][INFO ][net.blog.services.impl.ImageServiceImpl]:get image target path == >D:\Codes\BlogSystem\logs\images\2020_09_02\png\750696567551295488.png
[2020/10/01-00:12:58][http-nio-8082-exec-1][INFO ][net.blog.services.impl.UserServiceImpl]:parseByTokenKey token == >eyJhbGciOiJIUzI1NiJ9.eyJ1c2VyX25hbWUiOiJBZG1pbkNodWFuIiwicm9sZXMiOiJyb2xlX2FkbWluIiwic2lnbiI6IkxCV05CMTIzIiwiZnJvbSI6Im1fIiwiaWQiOiI3NDE2MjY0ODU1Mzc3Njc0MjQiLCJhdmF0YXIiOiJodHRwOi8vbG9jYWxob3N0OjgwODIvcG9ydGFsL2ltYWdlLzE1OTkwMjE2MDg5NzJfNzUwNjk2NTY3NTUxMjk1NDg4LnBuZyIsImV4cCI6MTYwMTQ4NTk3OCwiZW1haWwiOiJldG5qbEBvdXRsb29rLmNvbSJ9.d5nmWTJqVF3dyA6k4QziwION8KgvFbMxMA--gjlHZ1Y
[2020/10/01-00:13:07][http-nio-8082-exec-10][INFO ][net.blog.interceptor.ApiInterceptor]:method name == > parseToken
[2020/10/01-00:13:07][http-nio-8082-exec-10][INFO ][net.blog.services.impl.UserServiceImpl]:checkUser tokenKey == > m_c013cfcb6334873b53e59831cb9704c0
[2020/10/01-00:13:07][http-nio-8082-exec-10][INFO ][net.blog.services.impl.UserServiceImpl]:parseByTokenKey token == >eyJhbGciOiJIUzI1NiJ9.eyJ1c2VyX25hbWUiOiJBZG1pbkNodWFuIiwicm9sZXMiOiJyb2xlX2FkbWluIiwic2lnbiI6IkxCV05CMTIzIiwiZnJvbSI6Im1fIiwiaWQiOiI3NDE2MjY0ODU1Mzc3Njc0MjQiLCJhdmF0YXIiOiJodHRwOi8vbG9jYWxob3N0OjgwODIvcG9ydGFsL2ltYWdlLzE1OTkwMjE2MDg5NzJfNzUwNjk2NTY3NTUxMjk1NDg4LnBuZyIsImV4cCI6MTYwMTQ4NTk3OCwiZW1haWwiOiJldG5qbEBvdXRsb29rLmNvbSJ9.d5nmWTJqVF3dyA6k4QziwION8KgvFbMxMA--gjlHZ1Y
[2020/10/01-00:13:08][http-nio-8082-exec-2][INFO ][net.blog.interceptor.ApiInterceptor]:method name == > listCategories
[2020/10/01-00:13:08][http-nio-8082-exec-2][INFO ][net.blog.services.impl.UserServiceImpl]:checkUser tokenKey == > m_c013cfcb6334873b53e59831cb9704c0
[2020/10/01-00:13:08][http-nio-8082-exec-2][INFO ][net.blog.services.impl.UserServiceImpl]:parseByTokenKey token == >eyJhbGciOiJIUzI1NiJ9.eyJ1c2VyX25hbWUiOiJBZG1pbkNodWFuIiwicm9sZXMiOiJyb2xlX2FkbWluIiwic2lnbiI6IkxCV05CMTIzIiwiZnJvbSI6Im1fIiwiaWQiOiI3NDE2MjY0ODU1Mzc3Njc0MjQiLCJhdmF0YXIiOiJodHRwOi8vbG9jYWxob3N0OjgwODIvcG9ydGFsL2ltYWdlLzE1OTkwMjE2MDg5NzJfNzUwNjk2NTY3NTUxMjk1NDg4LnBuZyIsImV4cCI6MTYwMTQ4NTk3OCwiZW1haWwiOiJldG5qbEBvdXRsb29rLmNvbSJ9.d5nmWTJqVF3dyA6k4QziwION8KgvFbMxMA--gjlHZ1Y
[2020/10/01-00:13:08][http-nio-8082-exec-2][INFO ][net.blog.services.impl.UserServiceImpl]:checkUser tokenKey == > m_c013cfcb6334873b53e59831cb9704c0
[2020/10/01-00:13:08][http-nio-8082-exec-2][INFO ][net.blog.services.impl.UserServiceImpl]:parseByTokenKey token == >eyJhbGciOiJIUzI1NiJ9.eyJ1c2VyX25hbWUiOiJBZG1pbkNodWFuIiwicm9sZXMiOiJyb2xlX2FkbWluIiwic2lnbiI6IkxCV05CMTIzIiwiZnJvbSI6Im1fIiwiaWQiOiI3NDE2MjY0ODU1Mzc3Njc0MjQiLCJhdmF0YXIiOiJodHRwOi8vbG9jYWxob3N0OjgwODIvcG9ydGFsL2ltYWdlLzE1OTkwMjE2MDg5NzJfNzUwNjk2NTY3NTUxMjk1NDg4LnBuZyIsImV4cCI6MTYwMTQ4NTk3OCwiZW1haWwiOiJldG5qbEBvdXRsb29rLmNvbSJ9.d5nmWTJqVF3dyA6k4QziwION8KgvFbMxMA--gjlHZ1Y
[2020/10/01-00:13:08][http-nio-8082-exec-7][INFO ][net.blog.interceptor.ApiInterceptor]:method name == > listImages
[2020/10/01-00:13:08][http-nio-8082-exec-7][INFO ][net.blog.services.impl.UserServiceImpl]:checkUser tokenKey == > m_c013cfcb6334873b53e59831cb9704c0
[2020/10/01-00:13:08][http-nio-8082-exec-7][INFO ][net.blog.services.impl.UserServiceImpl]:parseByTokenKey token == >eyJhbGciOiJIUzI1NiJ9.eyJ1c2VyX25hbWUiOiJBZG1pbkNodWFuIiwicm9sZXMiOiJyb2xlX2FkbWluIiwic2lnbiI6IkxCV05CMTIzIiwiZnJvbSI6Im1fIiwiaWQiOiI3NDE2MjY0ODU1Mzc3Njc0MjQiLCJhdmF0YXIiOiJodHRwOi8vbG9jYWxob3N0OjgwODIvcG9ydGFsL2ltYWdlLzE1OTkwMjE2MDg5NzJfNzUwNjk2NTY3NTUxMjk1NDg4LnBuZyIsImV4cCI6MTYwMTQ4NTk3OCwiZW1haWwiOiJldG5qbEBvdXRsb29rLmNvbSJ9.d5nmWTJqVF3dyA6k4QziwION8KgvFbMxMA--gjlHZ1Y
[2020/10/01-00:13:08][http-nio-8082-exec-7][INFO ][net.blog.services.impl.UserServiceImpl]:checkUser tokenKey == > m_c013cfcb6334873b53e59831cb9704c0
[2020/10/01-00:13:08][http-nio-8082-exec-8][INFO ][net.blog.interceptor.ApiInterceptor]:method name == > parseToken
[2020/10/01-00:13:08][http-nio-8082-exec-7][INFO ][net.blog.services.impl.UserServiceImpl]:parseByTokenKey token == >eyJhbGciOiJIUzI1NiJ9.eyJ1c2VyX25hbWUiOiJBZG1pbkNodWFuIiwicm9sZXMiOiJyb2xlX2FkbWluIiwic2lnbiI6IkxCV05CMTIzIiwiZnJvbSI6Im1fIiwiaWQiOiI3NDE2MjY0ODU1Mzc3Njc0MjQiLCJhdmF0YXIiOiJodHRwOi8vbG9jYWxob3N0OjgwODIvcG9ydGFsL2ltYWdlLzE1OTkwMjE2MDg5NzJfNzUwNjk2NTY3NTUxMjk1NDg4LnBuZyIsImV4cCI6MTYwMTQ4NTk3OCwiZW1haWwiOiJldG5qbEBvdXRsb29rLmNvbSJ9.d5nmWTJqVF3dyA6k4QziwION8KgvFbMxMA--gjlHZ1Y
[2020/10/01-00:13:08][http-nio-8082-exec-8][INFO ][net.blog.services.impl.UserServiceImpl]:checkUser tokenKey == > m_c013cfcb6334873b53e59831cb9704c0
[2020/10/01-00:13:08][http-nio-8082-exec-8][INFO ][net.blog.services.impl.UserServiceImpl]:parseByTokenKey token == >eyJhbGciOiJIUzI1NiJ9.eyJ1c2VyX25hbWUiOiJBZG1pbkNodWFuIiwicm9sZXMiOiJyb2xlX2FkbWluIiwic2lnbiI6IkxCV05CMTIzIiwiZnJvbSI6Im1fIiwiaWQiOiI3NDE2MjY0ODU1Mzc3Njc0MjQiLCJhdmF0YXIiOiJodHRwOi8vbG9jYWxob3N0OjgwODIvcG9ydGFsL2ltYWdlLzE1OTkwMjE2MDg5NzJfNzUwNjk2NTY3NTUxMjk1NDg4LnBuZyIsImV4cCI6MTYwMTQ4NTk3OCwiZW1haWwiOiJldG5qbEBvdXRsb29rLmNvbSJ9.d5nmWTJqVF3dyA6k4QziwION8KgvFbMxMA--gjlHZ1Y
[2020/10/01-00:13:08][http-nio-8082-exec-5][INFO ][net.blog.interceptor.ApiInterceptor]:method name == > listArticles
[2020/10/01-00:13:08][http-nio-8082-exec-5][INFO ][net.blog.services.impl.UserServiceImpl]:checkUser tokenKey == > m_c013cfcb6334873b53e59831cb9704c0
[2020/10/01-00:13:08][http-nio-8082-exec-5][INFO ][net.blog.services.impl.UserServiceImpl]:parseByTokenKey token == >eyJhbGciOiJIUzI1NiJ9.eyJ1c2VyX25hbWUiOiJBZG1pbkNodWFuIiwicm9sZXMiOiJyb2xlX2FkbWluIiwic2lnbiI6IkxCV05CMTIzIiwiZnJvbSI6Im1fIiwiaWQiOiI3NDE2MjY0ODU1Mzc3Njc0MjQiLCJhdmF0YXIiOiJodHRwOi8vbG9jYWxob3N0OjgwODIvcG9ydGFsL2ltYWdlLzE1OTkwMjE2MDg5NzJfNzUwNjk2NTY3NTUxMjk1NDg4LnBuZyIsImV4cCI6MTYwMTQ4NTk3OCwiZW1haWwiOiJldG5qbEBvdXRsb29rLmNvbSJ9.d5nmWTJqVF3dyA6k4QziwION8KgvFbMxMA--gjlHZ1Y
[2020/10/01-00:13:08][http-nio-8082-exec-4][INFO ][net.blog.interceptor.ApiInterceptor]:method name == > listCategories
[2020/10/01-00:13:08][http-nio-8082-exec-4][INFO ][net.blog.services.impl.UserServiceImpl]:checkUser tokenKey == > m_c013cfcb6334873b53e59831cb9704c0
[2020/10/01-00:13:08][http-nio-8082-exec-4][INFO ][net.blog.services.impl.UserServiceImpl]:parseByTokenKey token == >eyJhbGciOiJIUzI1NiJ9.eyJ1c2VyX25hbWUiOiJBZG1pbkNodWFuIiwicm9sZXMiOiJyb2xlX2FkbWluIiwic2lnbiI6IkxCV05CMTIzIiwiZnJvbSI6Im1fIiwiaWQiOiI3NDE2MjY0ODU1Mzc3Njc0MjQiLCJhdmF0YXIiOiJodHRwOi8vbG9jYWxob3N0OjgwODIvcG9ydGFsL2ltYWdlLzE1OTkwMjE2MDg5NzJfNzUwNjk2NTY3NTUxMjk1NDg4LnBuZyIsImV4cCI6MTYwMTQ4NTk3OCwiZW1haWwiOiJldG5qbEBvdXRsb29rLmNvbSJ9.d5nmWTJqVF3dyA6k4QziwION8KgvFbMxMA--gjlHZ1Y
[2020/10/01-00:13:08][http-nio-8082-exec-4][INFO ][net.blog.services.impl.UserServiceImpl]:checkUser tokenKey == > m_c013cfcb6334873b53e59831cb9704c0
[2020/10/01-00:13:08][http-nio-8082-exec-4][INFO ][net.blog.services.impl.UserServiceImpl]:parseByTokenKey token == >eyJhbGciOiJIUzI1NiJ9.eyJ1c2VyX25hbWUiOiJBZG1pbkNodWFuIiwicm9sZXMiOiJyb2xlX2FkbWluIiwic2lnbiI6IkxCV05CMTIzIiwiZnJvbSI6Im1fIiwiaWQiOiI3NDE2MjY0ODU1Mzc3Njc0MjQiLCJhdmF0YXIiOiJodHRwOi8vbG9jYWxob3N0OjgwODIvcG9ydGFsL2ltYWdlLzE1OTkwMjE2MDg5NzJfNzUwNjk2NTY3NTUxMjk1NDg4LnBuZyIsImV4cCI6MTYwMTQ4NTk3OCwiZW1haWwiOiJldG5qbEBvdXRsb29rLmNvbSJ9.d5nmWTJqVF3dyA6k4QziwION8KgvFbMxMA--gjlHZ1Y
[2020/10/01-00:13:09][http-nio-8082-exec-9][INFO ][net.blog.interceptor.ApiInterceptor]:method name == > parseToken
[2020/10/01-00:13:09][http-nio-8082-exec-9][INFO ][net.blog.services.impl.UserServiceImpl]:checkUser tokenKey == > m_c013cfcb6334873b53e59831cb9704c0
[2020/10/01-00:13:09][http-nio-8082-exec-9][INFO ][net.blog.services.impl.UserServiceImpl]:parseByTokenKey token == >eyJhbGciOiJIUzI1NiJ9.eyJ1c2VyX25hbWUiOiJBZG1pbkNodWFuIiwicm9sZXMiOiJyb2xlX2FkbWluIiwic2lnbiI6IkxCV05CMTIzIiwiZnJvbSI6Im1fIiwiaWQiOiI3NDE2MjY0ODU1Mzc3Njc0MjQiLCJhdmF0YXIiOiJodHRwOi8vbG9jYWxob3N0OjgwODIvcG9ydGFsL2ltYWdlLzE1OTkwMjE2MDg5NzJfNzUwNjk2NTY3NTUxMjk1NDg4LnBuZyIsImV4cCI6MTYwMTQ4NTk3OCwiZW1haWwiOiJldG5qbEBvdXRsb29rLmNvbSJ9.d5nmWTJqVF3dyA6k4QziwION8KgvFbMxMA--gjlHZ1Y
[2020/10/01-00:13:09][http-nio-8082-exec-3][INFO ][net.blog.interceptor.ApiInterceptor]:method name == > listComments
[2020/10/01-00:13:09][http-nio-8082-exec-3][INFO ][net.blog.services.impl.UserServiceImpl]:checkUser tokenKey == > m_c013cfcb6334873b53e59831cb9704c0
[2020/10/01-00:13:09][http-nio-8082-exec-3][INFO ][net.blog.services.impl.UserServiceImpl]:parseByTokenKey token == >eyJhbGciOiJIUzI1NiJ9.eyJ1c2VyX25hbWUiOiJBZG1pbkNodWFuIiwicm9sZXMiOiJyb2xlX2FkbWluIiwic2lnbiI6IkxCV05CMTIzIiwiZnJvbSI6Im1fIiwiaWQiOiI3NDE2MjY0ODU1Mzc3Njc0MjQiLCJhdmF0YXIiOiJodHRwOi8vbG9jYWxob3N0OjgwODIvcG9ydGFsL2ltYWdlLzE1OTkwMjE2MDg5NzJfNzUwNjk2NTY3NTUxMjk1NDg4LnBuZyIsImV4cCI6MTYwMTQ4NTk3OCwiZW1haWwiOiJldG5qbEBvdXRsb29rLmNvbSJ9.d5nmWTJqVF3dyA6k4QziwION8KgvFbMxMA--gjlHZ1Y
[2020/10/01-00:20:35][http-nio-8082-exec-1][INFO ][net.blog.interceptor.ApiInterceptor]:method name == > parseToken
[2020/10/01-00:20:35][http-nio-8082-exec-1][INFO ][net.blog.services.impl.UserServiceImpl]:checkUser tokenKey == > m_c013cfcb6334873b53e59831cb9704c0
[2020/10/01-00:20:35][http-nio-8082-exec-1][INFO ][net.blog.services.impl.UserServiceImpl]:parseByTokenKey token == >eyJhbGciOiJIUzI1NiJ9.eyJ1c2VyX25hbWUiOiJBZG1pbkNodWFuIiwicm9sZXMiOiJyb2xlX2FkbWluIiwic2lnbiI6IkxCV05CMTIzIiwiZnJvbSI6Im1fIiwiaWQiOiI3NDE2MjY0ODU1Mzc3Njc0MjQiLCJhdmF0YXIiOiJodHRwOi8vbG9jYWxob3N0OjgwODIvcG9ydGFsL2ltYWdlLzE1OTkwMjE2MDg5NzJfNzUwNjk2NTY3NTUxMjk1NDg4LnBuZyIsImV4cCI6MTYwMTQ4NTk3OCwiZW1haWwiOiJldG5qbEBvdXRsb29rLmNvbSJ9.d5nmWTJqVF3dyA6k4QziwION8KgvFbMxMA--gjlHZ1Y
[2020/10/01-00:20:35][http-nio-8082-exec-10][INFO ][net.blog.interceptor.ApiInterceptor]:method name == > getImage
[2020/10/01-00:20:35][http-nio-8082-exec-10][INFO ][net.blog.services.impl.ImageServiceImpl]:viewImage format == >2020_09_02
[2020/10/01-00:20:35][http-nio-8082-exec-10][INFO ][net.blog.services.impl.ImageServiceImpl]:get image target path == >D:\Codes\BlogSystem\logs\images\2020_09_02\png\750696567551295488.png
[2020/10/01-00:20:36][http-nio-8082-exec-2][INFO ][net.blog.interceptor.ApiInterceptor]:method name == > listComments
[2020/10/01-00:20:36][http-nio-8082-exec-2][INFO ][net.blog.services.impl.UserServiceImpl]:checkUser tokenKey == > m_c013cfcb6334873b53e59831cb9704c0
[2020/10/01-00:20:36][http-nio-8082-exec-2][INFO ][net.blog.services.impl.UserServiceImpl]:parseByTokenKey token == >eyJhbGciOiJIUzI1NiJ9.eyJ1c2VyX25hbWUiOiJBZG1pbkNodWFuIiwicm9sZXMiOiJyb2xlX2FkbWluIiwic2lnbiI6IkxCV05CMTIzIiwiZnJvbSI6Im1fIiwiaWQiOiI3NDE2MjY0ODU1Mzc3Njc0MjQiLCJhdmF0YXIiOiJodHRwOi8vbG9jYWxob3N0OjgwODIvcG9ydGFsL2ltYWdlLzE1OTkwMjE2MDg5NzJfNzUwNjk2NTY3NTUxMjk1NDg4LnBuZyIsImV4cCI6MTYwMTQ4NTk3OCwiZW1haWwiOiJldG5qbEBvdXRsb29rLmNvbSJ9.d5nmWTJqVF3dyA6k4QziwION8KgvFbMxMA--gjlHZ1Y
[2020/10/01-00:21:29][http-nio-8082-exec-8][INFO ][net.blog.interceptor.ApiInterceptor]:method name == > parseToken
[2020/10/01-00:21:29][http-nio-8082-exec-8][INFO ][net.blog.services.impl.UserServiceImpl]:checkUser tokenKey == > p_8b446e7e6a85d1b99607f823e549eb3e
[2020/10/01-00:21:29][http-nio-8082-exec-8][INFO ][net.blog.services.impl.UserServiceImpl]:parseByTokenKey token == >eyJhbGciOiJIUzI1NiJ9.eyJ1c2VyX25hbWUiOiJjaHVhbmNhaSIsInJvbGVzIjoicm9sZV9ub3JtYWwiLCJzaWduIjoiIiwiZnJvbSI6InBfIiwiaWQiOiI3NDE2MjY3NjE4NDU5MzIwMzIiLCJhdmF0YXIiOiJodHRwczovL2F2YXRhcnMwLmdpdGh1YnVzZXJjb250ZW50LmNvbS91LzQyMjkzNzU4P3M9NDYwJnU9MjFiNjcyZmZmNmUzNDcxNzJiMWRmOWQ3ZWJmMjE2ZTljNGM5YzlmYiZ2PTQiLCJleHAiOjE2MDE0ODU5NzIsImVtYWlsIjoiemgtYmVib3BAb3V0bG9vay5jb20ifQ.E2Au2k4EOHUn8lr56nWaRaKF-y_aisaYEw4nToSjBBc
[2020/10/01-00:21:29][http-nio-8082-exec-7][INFO ][net.blog.interceptor.ApiInterceptor]:method name == > listComments
[2020/10/01-00:21:29][http-nio-8082-exec-5][INFO ][net.blog.interceptor.ApiInterceptor]:method name == > getArticleCount
[2020/10/01-00:21:29][http-nio-8082-exec-4][INFO ][net.blog.interceptor.ApiInterceptor]:method name == > getRegisterCount
[2020/10/01-00:21:29][http-nio-8082-exec-9][INFO ][net.blog.interceptor.ApiInterceptor]:method name == > getCommentCount
[2020/10/01-00:21:29][http-nio-8082-exec-3][INFO ][net.blog.interceptor.ApiInterceptor]:method name == > getWebSiteViewCount
[2020/10/01-00:21:29][http-nio-8082-exec-9][INFO ][net.blog.services.impl.UserServiceImpl]:checkUser tokenKey == > p_8b446e7e6a85d1b99607f823e549eb3e
[2020/10/01-00:21:29][http-nio-8082-exec-3][INFO ][net.blog.services.impl.UserServiceImpl]:checkUser tokenKey == > p_8b446e7e6a85d1b99607f823e549eb3e
[2020/10/01-00:21:29][http-nio-8082-exec-9][INFO ][net.blog.services.impl.UserServiceImpl]:parseByTokenKey token == >eyJhbGciOiJIUzI1NiJ9.eyJ1c2VyX25hbWUiOiJjaHVhbmNhaSIsInJvbGVzIjoicm9sZV9ub3JtYWwiLCJzaWduIjoiIiwiZnJvbSI6InBfIiwiaWQiOiI3NDE2MjY3NjE4NDU5MzIwMzIiLCJhdmF0YXIiOiJodHRwczovL2F2YXRhcnMwLmdpdGh1YnVzZXJjb250ZW50LmNvbS91LzQyMjkzNzU4P3M9NDYwJnU9MjFiNjcyZmZmNmUzNDcxNzJiMWRmOWQ3ZWJmMjE2ZTljNGM5YzlmYiZ2PTQiLCJleHAiOjE2MDE0ODU5NzIsImVtYWlsIjoiemgtYmVib3BAb3V0bG9vay5jb20ifQ.E2Au2k4EOHUn8lr56nWaRaKF-y_aisaYEw4nToSjBBc
[2020/10/01-00:21:29][http-nio-8082-exec-7][INFO ][net.blog.services.impl.UserServiceImpl]:checkUser tokenKey == > p_8b446e7e6a85d1b99607f823e549eb3e
[2020/10/01-00:21:29][http-nio-8082-exec-5][INFO ][net.blog.services.impl.UserServiceImpl]:checkUser tokenKey == > p_8b446e7e6a85d1b99607f823e549eb3e
[2020/10/01-00:21:29][http-nio-8082-exec-4][INFO ][net.blog.services.impl.UserServiceImpl]:checkUser tokenKey == > p_8b446e7e6a85d1b99607f823e549eb3e
[2020/10/01-00:21:29][http-nio-8082-exec-3][INFO ][net.blog.services.impl.UserServiceImpl]:parseByTokenKey token == >eyJhbGciOiJIUzI1NiJ9.eyJ1c2VyX25hbWUiOiJjaHVhbmNhaSIsInJvbGVzIjoicm9sZV9ub3JtYWwiLCJzaWduIjoiIiwiZnJvbSI6InBfIiwiaWQiOiI3NDE2MjY3NjE4NDU5MzIwMzIiLCJhdmF0YXIiOiJodHRwczovL2F2YXRhcnMwLmdpdGh1YnVzZXJjb250ZW50LmNvbS91LzQyMjkzNzU4P3M9NDYwJnU9MjFiNjcyZmZmNmUzNDcxNzJiMWRmOWQ3ZWJmMjE2ZTljNGM5YzlmYiZ2PTQiLCJleHAiOjE2MDE0ODU5NzIsImVtYWlsIjoiemgtYmVib3BAb3V0bG9vay5jb20ifQ.E2Au2k4EOHUn8lr56nWaRaKF-y_aisaYEw4nToSjBBc
[2020/10/01-00:21:29][http-nio-8082-exec-7][INFO ][net.blog.services.impl.UserServiceImpl]:parseByTokenKey token == >eyJhbGciOiJIUzI1NiJ9.eyJ1c2VyX25hbWUiOiJjaHVhbmNhaSIsInJvbGVzIjoicm9sZV9ub3JtYWwiLCJzaWduIjoiIiwiZnJvbSI6InBfIiwiaWQiOiI3NDE2MjY3NjE4NDU5MzIwMzIiLCJhdmF0YXIiOiJodHRwczovL2F2YXRhcnMwLmdpdGh1YnVzZXJjb250ZW50LmNvbS91LzQyMjkzNzU4P3M9NDYwJnU9MjFiNjcyZmZmNmUzNDcxNzJiMWRmOWQ3ZWJmMjE2ZTljNGM5YzlmYiZ2PTQiLCJleHAiOjE2MDE0ODU5NzIsImVtYWlsIjoiemgtYmVib3BAb3V0bG9vay5jb20ifQ.E2Au2k4EOHUn8lr56nWaRaKF-y_aisaYEw4nToSjBBc
[2020/10/01-00:21:29][http-nio-8082-exec-5][INFO ][net.blog.services.impl.UserServiceImpl]:parseByTokenKey token == >eyJhbGciOiJIUzI1NiJ9.eyJ1c2VyX25hbWUiOiJjaHVhbmNhaSIsInJvbGVzIjoicm9sZV9ub3JtYWwiLCJzaWduIjoiIiwiZnJvbSI6InBfIiwiaWQiOiI3NDE2MjY3NjE4NDU5MzIwMzIiLCJhdmF0YXIiOiJodHRwczovL2F2YXRhcnMwLmdpdGh1YnVzZXJjb250ZW50LmNvbS91LzQyMjkzNzU4P3M9NDYwJnU9MjFiNjcyZmZmNmUzNDcxNzJiMWRmOWQ3ZWJmMjE2ZTljNGM5YzlmYiZ2PTQiLCJleHAiOjE2MDE0ODU5NzIsImVtYWlsIjoiemgtYmVib3BAb3V0bG9vay5jb20ifQ.E2Au2k4EOHUn8lr56nWaRaKF-y_aisaYEw4nToSjBBc
[2020/10/01-00:21:29][http-nio-8082-exec-4][INFO ][net.blog.services.impl.UserServiceImpl]:parseByTokenKey token == >eyJhbGciOiJIUzI1NiJ9.eyJ1c2VyX25hbWUiOiJjaHVhbmNhaSIsInJvbGVzIjoicm9sZV9ub3JtYWwiLCJzaWduIjoiIiwiZnJvbSI6InBfIiwiaWQiOiI3NDE2MjY3NjE4NDU5MzIwMzIiLCJhdmF0YXIiOiJodHRwczovL2F2YXRhcnMwLmdpdGh1YnVzZXJjb250ZW50LmNvbS91LzQyMjkzNzU4P3M9NDYwJnU9MjFiNjcyZmZmNmUzNDcxNzJiMWRmOWQ3ZWJmMjE2ZTljNGM5YzlmYiZ2PTQiLCJleHAiOjE2MDE0ODU5NzIsImVtYWlsIjoiemgtYmVib3BAb3V0bG9vay5jb20ifQ.E2Au2k4EOHUn8lr56nWaRaKF-y_aisaYEw4nToSjBBc
[2020/10/01-00:21:29][http-nio-8082-exec-9][INFO ][net.blog.interceptor.ApiInterceptor]:method name == > page403
[2020/10/01-00:21:29][http-nio-8082-exec-3][INFO ][net.blog.interceptor.ApiInterceptor]:method name == > page403
[2020/10/01-00:21:29][http-nio-8082-exec-7][INFO ][net.blog.interceptor.ApiInterceptor]:method name == > page403
[2020/10/01-00:21:29][http-nio-8082-exec-4][INFO ][net.blog.interceptor.ApiInterceptor]:method name == > page403
[2020/10/01-00:21:29][http-nio-8082-exec-5][INFO ][net.blog.interceptor.ApiInterceptor]:method name == > page403
[2020/10/01-00:21:32][http-nio-8082-exec-6][INFO ][net.blog.interceptor.ApiInterceptor]:method name == > parseToken
[2020/10/01-00:21:32][http-nio-8082-exec-6][INFO ][net.blog.services.impl.UserServiceImpl]:checkUser tokenKey == > p_8b446e7e6a85d1b99607f823e549eb3e
[2020/10/01-00:21:32][http-nio-8082-exec-6][INFO ][net.blog.services.impl.UserServiceImpl]:parseByTokenKey token == >eyJhbGciOiJIUzI1NiJ9.eyJ1c2VyX25hbWUiOiJjaHVhbmNhaSIsInJvbGVzIjoicm9sZV9ub3JtYWwiLCJzaWduIjoiIiwiZnJvbSI6InBfIiwiaWQiOiI3NDE2MjY3NjE4NDU5MzIwMzIiLCJhdmF0YXIiOiJodHRwczovL2F2YXRhcnMwLmdpdGh1YnVzZXJjb250ZW50LmNvbS91LzQyMjkzNzU4P3M9NDYwJnU9MjFiNjcyZmZmNmUzNDcxNzJiMWRmOWQ3ZWJmMjE2ZTljNGM5YzlmYiZ2PTQiLCJleHAiOjE2MDE0ODU5NzIsImVtYWlsIjoiemgtYmVib3BAb3V0bG9vay5jb20ifQ.E2Au2k4EOHUn8lr56nWaRaKF-y_aisaYEw4nToSjBBc
[2020/10/01-00:21:32][http-nio-8082-exec-1][INFO ][net.blog.interceptor.ApiInterceptor]:method name == > listUser
[2020/10/01-00:21:32][http-nio-8082-exec-1][INFO ][net.blog.services.impl.UserServiceImpl]:checkUser tokenKey == > p_8b446e7e6a85d1b99607f823e549eb3e
[2020/10/01-00:21:32][http-nio-8082-exec-1][INFO ][net.blog.services.impl.UserServiceImpl]:parseByTokenKey token == >eyJhbGciOiJIUzI1NiJ9.eyJ1c2VyX25hbWUiOiJjaHVhbmNhaSIsInJvbGVzIjoicm9sZV9ub3JtYWwiLCJzaWduIjoiIiwiZnJvbSI6InBfIiwiaWQiOiI3NDE2MjY3NjE4NDU5MzIwMzIiLCJhdmF0YXIiOiJodHRwczovL2F2YXRhcnMwLmdpdGh1YnVzZXJjb250ZW50LmNvbS91LzQyMjkzNzU4P3M9NDYwJnU9MjFiNjcyZmZmNmUzNDcxNzJiMWRmOWQ3ZWJmMjE2ZTljNGM5YzlmYiZ2PTQiLCJleHAiOjE2MDE0ODU5NzIsImVtYWlsIjoiemgtYmVib3BAb3V0bG9vay5jb20ifQ.E2Au2k4EOHUn8lr56nWaRaKF-y_aisaYEw4nToSjBBc
[2020/10/01-00:21:32][http-nio-8082-exec-1][INFO ][net.blog.interceptor.ApiInterceptor]:method name == > page403
[2020/10/01-00:21:34][http-nio-8082-exec-10][INFO ][net.blog.interceptor.ApiInterceptor]:method name == > parseToken
[2020/10/01-00:21:34][http-nio-8082-exec-10][INFO ][net.blog.services.impl.UserServiceImpl]:checkUser tokenKey == > p_8b446e7e6a85d1b99607f823e549eb3e
[2020/10/01-00:21:34][http-nio-8082-exec-10][INFO ][net.blog.services.impl.UserServiceImpl]:parseByTokenKey token == >eyJhbGciOiJIUzI1NiJ9.eyJ1c2VyX25hbWUiOiJjaHVhbmNhaSIsInJvbGVzIjoicm9sZV9ub3JtYWwiLCJzaWduIjoiIiwiZnJvbSI6InBfIiwiaWQiOiI3NDE2MjY3NjE4NDU5MzIwMzIiLCJhdmF0YXIiOiJodHRwczovL2F2YXRhcnMwLmdpdGh1YnVzZXJjb250ZW50LmNvbS91LzQyMjkzNzU4P3M9NDYwJnU9MjFiNjcyZmZmNmUzNDcxNzJiMWRmOWQ3ZWJmMjE2ZTljNGM5YzlmYiZ2PTQiLCJleHAiOjE2MDE0ODU5NzIsImVtYWlsIjoiemgtYmVib3BAb3V0bG9vay5jb20ifQ.E2Au2k4EOHUn8lr56nWaRaKF-y_aisaYEw4nToSjBBc
[2020/10/01-00:21:34][http-nio-8082-exec-2][INFO ][net.blog.interceptor.ApiInterceptor]:method name == > listCategories
[2020/10/01-00:21:34][http-nio-8082-exec-8][INFO ][net.blog.interceptor.ApiInterceptor]:method name == > listImages
[2020/10/01-00:21:34][http-nio-8082-exec-2][INFO ][net.blog.services.impl.UserServiceImpl]:checkUser tokenKey == > p_8b446e7e6a85d1b99607f823e549eb3e
[2020/10/01-00:21:34][http-nio-8082-exec-8][INFO ][net.blog.services.impl.UserServiceImpl]:checkUser tokenKey == > p_8b446e7e6a85d1b99607f823e549eb3e
[2020/10/01-00:21:34][http-nio-8082-exec-2][INFO ][net.blog.services.impl.UserServiceImpl]:parseByTokenKey token == >eyJhbGciOiJIUzI1NiJ9.eyJ1c2VyX25hbWUiOiJjaHVhbmNhaSIsInJvbGVzIjoicm9sZV9ub3JtYWwiLCJzaWduIjoiIiwiZnJvbSI6InBfIiwiaWQiOiI3NDE2MjY3NjE4NDU5MzIwMzIiLCJhdmF0YXIiOiJodHRwczovL2F2YXRhcnMwLmdpdGh1YnVzZXJjb250ZW50LmNvbS91LzQyMjkzNzU4P3M9NDYwJnU9MjFiNjcyZmZmNmUzNDcxNzJiMWRmOWQ3ZWJmMjE2ZTljNGM5YzlmYiZ2PTQiLCJleHAiOjE2MDE0ODU5NzIsImVtYWlsIjoiemgtYmVib3BAb3V0bG9vay5jb20ifQ.E2Au2k4EOHUn8lr56nWaRaKF-y_aisaYEw4nToSjBBc
[2020/10/01-00:21:34][http-nio-8082-exec-8][INFO ][net.blog.services.impl.UserServiceImpl]:parseByTokenKey token == >eyJhbGciOiJIUzI1NiJ9.eyJ1c2VyX25hbWUiOiJjaHVhbmNhaSIsInJvbGVzIjoicm9sZV9ub3JtYWwiLCJzaWduIjoiIiwiZnJvbSI6InBfIiwiaWQiOiI3NDE2MjY3NjE4NDU5MzIwMzIiLCJhdmF0YXIiOiJodHRwczovL2F2YXRhcnMwLmdpdGh1YnVzZXJjb250ZW50LmNvbS91LzQyMjkzNzU4P3M9NDYwJnU9MjFiNjcyZmZmNmUzNDcxNzJiMWRmOWQ3ZWJmMjE2ZTljNGM5YzlmYiZ2PTQiLCJleHAiOjE2MDE0ODU5NzIsImVtYWlsIjoiemgtYmVib3BAb3V0bG9vay5jb20ifQ.E2Au2k4EOHUn8lr56nWaRaKF-y_aisaYEw4nToSjBBc
[2020/10/01-00:21:34][http-nio-8082-exec-2][INFO ][net.blog.interceptor.ApiInterceptor]:method name == > page403
[2020/10/01-00:21:34][http-nio-8082-exec-8][INFO ][net.blog.interceptor.ApiInterceptor]:method name == > page403
[2020/10/01-00:21:35][http-nio-8082-exec-9][INFO ][net.blog.interceptor.ApiInterceptor]:method name == > parseToken
[2020/10/01-00:21:35][http-nio-8082-exec-9][INFO ][net.blog.services.impl.UserServiceImpl]:checkUser tokenKey == > p_8b446e7e6a85d1b99607f823e549eb3e
[2020/10/01-00:21:35][http-nio-8082-exec-9][INFO ][net.blog.services.impl.UserServiceImpl]:parseByTokenKey token == >eyJhbGciOiJIUzI1NiJ9.eyJ1c2VyX25hbWUiOiJjaHVhbmNhaSIsInJvbGVzIjoicm9sZV9ub3JtYWwiLCJzaWduIjoiIiwiZnJvbSI6InBfIiwiaWQiOiI3NDE2MjY3NjE4NDU5MzIwMzIiLCJhdmF0YXIiOiJodHRwczovL2F2YXRhcnMwLmdpdGh1YnVzZXJjb250ZW50LmNvbS91LzQyMjkzNzU4P3M9NDYwJnU9MjFiNjcyZmZmNmUzNDcxNzJiMWRmOWQ3ZWJmMjE2ZTljNGM5YzlmYiZ2PTQiLCJleHAiOjE2MDE0ODU5NzIsImVtYWlsIjoiemgtYmVib3BAb3V0bG9vay5jb20ifQ.E2Au2k4EOHUn8lr56nWaRaKF-y_aisaYEw4nToSjBBc
[2020/10/01-00:21:35][http-nio-8082-exec-7][INFO ][net.blog.interceptor.ApiInterceptor]:method name == > listCategories
[2020/10/01-00:21:35][http-nio-8082-exec-3][INFO ][net.blog.interceptor.ApiInterceptor]:method name == > listArticles
[2020/10/01-00:21:35][http-nio-8082-exec-7][INFO ][net.blog.services.impl.UserServiceImpl]:checkUser tokenKey == > p_8b446e7e6a85d1b99607f823e549eb3e
[2020/10/01-00:21:35][http-nio-8082-exec-3][INFO ][net.blog.services.impl.UserServiceImpl]:checkUser tokenKey == > p_8b446e7e6a85d1b99607f823e549eb3e
[2020/10/01-00:21:35][http-nio-8082-exec-7][INFO ][net.blog.services.impl.UserServiceImpl]:parseByTokenKey token == >eyJhbGciOiJIUzI1NiJ9.eyJ1c2VyX25hbWUiOiJjaHVhbmNhaSIsInJvbGVzIjoicm9sZV9ub3JtYWwiLCJzaWduIjoiIiwiZnJvbSI6InBfIiwiaWQiOiI3NDE2MjY3NjE4NDU5MzIwMzIiLCJhdmF0YXIiOiJodHRwczovL2F2YXRhcnMwLmdpdGh1YnVzZXJjb250ZW50LmNvbS91LzQyMjkzNzU4P3M9NDYwJnU9MjFiNjcyZmZmNmUzNDcxNzJiMWRmOWQ3ZWJmMjE2ZTljNGM5YzlmYiZ2PTQiLCJleHAiOjE2MDE0ODU5NzIsImVtYWlsIjoiemgtYmVib3BAb3V0bG9vay5jb20ifQ.E2Au2k4EOHUn8lr56nWaRaKF-y_aisaYEw4nToSjBBc
[2020/10/01-00:21:35][http-nio-8082-exec-3][INFO ][net.blog.services.impl.UserServiceImpl]:parseByTokenKey token == >eyJhbGciOiJIUzI1NiJ9.eyJ1c2VyX25hbWUiOiJjaHVhbmNhaSIsInJvbGVzIjoicm9sZV9ub3JtYWwiLCJzaWduIjoiIiwiZnJvbSI6InBfIiwiaWQiOiI3NDE2MjY3NjE4NDU5MzIwMzIiLCJhdmF0YXIiOiJodHRwczovL2F2YXRhcnMwLmdpdGh1YnVzZXJjb250ZW50LmNvbS91LzQyMjkzNzU4P3M9NDYwJnU9MjFiNjcyZmZmNmUzNDcxNzJiMWRmOWQ3ZWJmMjE2ZTljNGM5YzlmYiZ2PTQiLCJleHAiOjE2MDE0ODU5NzIsImVtYWlsIjoiemgtYmVib3BAb3V0bG9vay5jb20ifQ.E2Au2k4EOHUn8lr56nWaRaKF-y_aisaYEw4nToSjBBc
[2020/10/01-00:21:35][http-nio-8082-exec-7][INFO ][net.blog.interceptor.ApiInterceptor]:method name == > page403
[2020/10/01-00:21:35][http-nio-8082-exec-3][INFO ][net.blog.interceptor.ApiInterceptor]:method name == > page403
[2020/10/01-00:21:36][http-nio-8082-exec-4][INFO ][net.blog.interceptor.ApiInterceptor]:method name == > parseToken
[2020/10/01-00:21:36][http-nio-8082-exec-4][INFO ][net.blog.services.impl.UserServiceImpl]:checkUser tokenKey == > p_8b446e7e6a85d1b99607f823e549eb3e
[2020/10/01-00:21:36][http-nio-8082-exec-4][INFO ][net.blog.services.impl.UserServiceImpl]:parseByTokenKey token == >eyJhbGciOiJIUzI1NiJ9.eyJ1c2VyX25hbWUiOiJjaHVhbmNhaSIsInJvbGVzIjoicm9sZV9ub3JtYWwiLCJzaWduIjoiIiwiZnJvbSI6InBfIiwiaWQiOiI3NDE2MjY3NjE4NDU5MzIwMzIiLCJhdmF0YXIiOiJodHRwczovL2F2YXRhcnMwLmdpdGh1YnVzZXJjb250ZW50LmNvbS91LzQyMjkzNzU4P3M9NDYwJnU9MjFiNjcyZmZmNmUzNDcxNzJiMWRmOWQ3ZWJmMjE2ZTljNGM5YzlmYiZ2PTQiLCJleHAiOjE2MDE0ODU5NzIsImVtYWlsIjoiemgtYmVib3BAb3V0bG9vay5jb20ifQ.E2Au2k4EOHUn8lr56nWaRaKF-y_aisaYEw4nToSjBBc
[2020/10/01-00:21:36][http-nio-8082-exec-5][INFO ][net.blog.interceptor.ApiInterceptor]:method name == > listComments
[2020/10/01-00:21:36][http-nio-8082-exec-5][INFO ][net.blog.services.impl.UserServiceImpl]:checkUser tokenKey == > p_8b446e7e6a85d1b99607f823e549eb3e
[2020/10/01-00:21:36][http-nio-8082-exec-5][INFO ][net.blog.services.impl.UserServiceImpl]:parseByTokenKey token == >eyJhbGciOiJIUzI1NiJ9.eyJ1c2VyX25hbWUiOiJjaHVhbmNhaSIsInJvbGVzIjoicm9sZV9ub3JtYWwiLCJzaWduIjoiIiwiZnJvbSI6InBfIiwiaWQiOiI3NDE2MjY3NjE4NDU5MzIwMzIiLCJhdmF0YXIiOiJodHRwczovL2F2YXRhcnMwLmdpdGh1YnVzZXJjb250ZW50LmNvbS91LzQyMjkzNzU4P3M9NDYwJnU9MjFiNjcyZmZmNmUzNDcxNzJiMWRmOWQ3ZWJmMjE2ZTljNGM5YzlmYiZ2PTQiLCJleHAiOjE2MDE0ODU5NzIsImVtYWlsIjoiemgtYmVib3BAb3V0bG9vay5jb20ifQ.E2Au2k4EOHUn8lr56nWaRaKF-y_aisaYEw4nToSjBBc
[2020/10/01-00:21:36][http-nio-8082-exec-5][INFO ][net.blog.interceptor.ApiInterceptor]:method name == > page403
[2020/10/01-00:21:37][http-nio-8082-exec-1][INFO ][net.blog.interceptor.ApiInterceptor]:method name == > parseToken
[2020/10/01-00:21:37][http-nio-8082-exec-1][INFO ][net.blog.services.impl.UserServiceImpl]:checkUser tokenKey == > p_8b446e7e6a85d1b99607f823e549eb3e
[2020/10/01-00:21:37][http-nio-8082-exec-1][INFO ][net.blog.services.impl.UserServiceImpl]:parseByTokenKey token == >eyJhbGciOiJIUzI1NiJ9.eyJ1c2VyX25hbWUiOiJjaHVhbmNhaSIsInJvbGVzIjoicm9sZV9ub3JtYWwiLCJzaWduIjoiIiwiZnJvbSI6InBfIiwiaWQiOiI3NDE2MjY3NjE4NDU5MzIwMzIiLCJhdmF0YXIiOiJodHRwczovL2F2YXRhcnMwLmdpdGh1YnVzZXJjb250ZW50LmNvbS91LzQyMjkzNzU4P3M9NDYwJnU9MjFiNjcyZmZmNmUzNDcxNzJiMWRmOWQ3ZWJmMjE2ZTljNGM5YzlmYiZ2PTQiLCJleHAiOjE2MDE0ODU5NzIsImVtYWlsIjoiemgtYmVib3BAb3V0bG9vay5jb20ifQ.E2Au2k4EOHUn8lr56nWaRaKF-y_aisaYEw4nToSjBBc
[2020/10/01-00:21:37][http-nio-8082-exec-10][INFO ][net.blog.interceptor.ApiInterceptor]:method name == > listImages
[2020/10/01-00:21:37][http-nio-8082-exec-10][INFO ][net.blog.services.impl.UserServiceImpl]:checkUser tokenKey == > p_8b446e7e6a85d1b99607f823e549eb3e
[2020/10/01-00:21:37][http-nio-8082-exec-10][INFO ][net.blog.services.impl.UserServiceImpl]:parseByTokenKey token == >eyJhbGciOiJIUzI1NiJ9.eyJ1c2VyX25hbWUiOiJjaHVhbmNhaSIsInJvbGVzIjoicm9sZV9ub3JtYWwiLCJzaWduIjoiIiwiZnJvbSI6InBfIiwiaWQiOiI3NDE2MjY3NjE4NDU5MzIwMzIiLCJhdmF0YXIiOiJodHRwczovL2F2YXRhcnMwLmdpdGh1YnVzZXJjb250ZW50LmNvbS91LzQyMjkzNzU4P3M9NDYwJnU9MjFiNjcyZmZmNmUzNDcxNzJiMWRmOWQ3ZWJmMjE2ZTljNGM5YzlmYiZ2PTQiLCJleHAiOjE2MDE0ODU5NzIsImVtYWlsIjoiemgtYmVib3BAb3V0bG9vay5jb20ifQ.E2Au2k4EOHUn8lr56nWaRaKF-y_aisaYEw4nToSjBBc
[2020/10/01-00:21:37][http-nio-8082-exec-10][INFO ][net.blog.interceptor.ApiInterceptor]:method name == > page403
[2020/10/01-00:21:38][http-nio-8082-exec-2][INFO ][net.blog.interceptor.ApiInterceptor]:method name == > parseToken
[2020/10/01-00:21:38][http-nio-8082-exec-2][INFO ][net.blog.services.impl.UserServiceImpl]:checkUser tokenKey == > p_8b446e7e6a85d1b99607f823e549eb3e
[2020/10/01-00:21:38][http-nio-8082-exec-2][INFO ][net.blog.services.impl.UserServiceImpl]:parseByTokenKey token == >eyJhbGciOiJIUzI1NiJ9.eyJ1c2VyX25hbWUiOiJjaHVhbmNhaSIsInJvbGVzIjoicm9sZV9ub3JtYWwiLCJzaWduIjoiIiwiZnJvbSI6InBfIiwiaWQiOiI3NDE2MjY3NjE4NDU5MzIwMzIiLCJhdmF0YXIiOiJodHRwczovL2F2YXRhcnMwLmdpdGh1YnVzZXJjb250ZW50LmNvbS91LzQyMjkzNzU4P3M9NDYwJnU9MjFiNjcyZmZmNmUzNDcxNzJiMWRmOWQ3ZWJmMjE2ZTljNGM5YzlmYiZ2PTQiLCJleHAiOjE2MDE0ODU5NzIsImVtYWlsIjoiemgtYmVib3BAb3V0bG9vay5jb20ifQ.E2Au2k4EOHUn8lr56nWaRaKF-y_aisaYEw4nToSjBBc
[2020/10/01-00:21:38][http-nio-8082-exec-8][INFO ][net.blog.interceptor.ApiInterceptor]:method name == > listComments
[2020/10/01-00:21:38][http-nio-8082-exec-9][INFO ][net.blog.interceptor.ApiInterceptor]:method name == > getArticleCount
[2020/10/01-00:21:38][http-nio-8082-exec-3][INFO ][net.blog.interceptor.ApiInterceptor]:method name == > getRegisterCount
[2020/10/01-00:21:38][http-nio-8082-exec-7][INFO ][net.blog.interceptor.ApiInterceptor]:method name == > getWebSiteViewCount
[2020/10/01-00:21:38][http-nio-8082-exec-9][INFO ][net.blog.services.impl.UserServiceImpl]:checkUser tokenKey == > p_8b446e7e6a85d1b99607f823e549eb3e
[2020/10/01-00:21:38][http-nio-8082-exec-8][INFO ][net.blog.services.impl.UserServiceImpl]:checkUser tokenKey == > p_8b446e7e6a85d1b99607f823e549eb3e
[2020/10/01-00:21:38][http-nio-8082-exec-3][INFO ][net.blog.services.impl.UserServiceImpl]:checkUser tokenKey == > p_8b446e7e6a85d1b99607f823e549eb3e
[2020/10/01-00:21:38][http-nio-8082-exec-4][INFO ][net.blog.interceptor.ApiInterceptor]:method name == > getCommentCount
[2020/10/01-00:21:38][http-nio-8082-exec-7][INFO ][net.blog.services.impl.UserServiceImpl]:checkUser tokenKey == > p_8b446e7e6a85d1b99607f823e549eb3e
[2020/10/01-00:21:38][http-nio-8082-exec-9][INFO ][net.blog.services.impl.UserServiceImpl]:parseByTokenKey token == >eyJhbGciOiJIUzI1NiJ9.eyJ1c2VyX25hbWUiOiJjaHVhbmNhaSIsInJvbGVzIjoicm9sZV9ub3JtYWwiLCJzaWduIjoiIiwiZnJvbSI6InBfIiwiaWQiOiI3NDE2MjY3NjE4NDU5MzIwMzIiLCJhdmF0YXIiOiJodHRwczovL2F2YXRhcnMwLmdpdGh1YnVzZXJjb250ZW50LmNvbS91LzQyMjkzNzU4P3M9NDYwJnU9MjFiNjcyZmZmNmUzNDcxNzJiMWRmOWQ3ZWJmMjE2ZTljNGM5YzlmYiZ2PTQiLCJleHAiOjE2MDE0ODU5NzIsImVtYWlsIjoiemgtYmVib3BAb3V0bG9vay5jb20ifQ.E2Au2k4EOHUn8lr56nWaRaKF-y_aisaYEw4nToSjBBc
[2020/10/01-00:21:38][http-nio-8082-exec-8][INFO ][net.blog.services.impl.UserServiceImpl]:parseByTokenKey token == >eyJhbGciOiJIUzI1NiJ9.eyJ1c2VyX25hbWUiOiJjaHVhbmNhaSIsInJvbGVzIjoicm9sZV9ub3JtYWwiLCJzaWduIjoiIiwiZnJvbSI6InBfIiwiaWQiOiI3NDE2MjY3NjE4NDU5MzIwMzIiLCJhdmF0YXIiOiJodHRwczovL2F2YXRhcnMwLmdpdGh1YnVzZXJjb250ZW50LmNvbS91LzQyMjkzNzU4P3M9NDYwJnU9MjFiNjcyZmZmNmUzNDcxNzJiMWRmOWQ3ZWJmMjE2ZTljNGM5YzlmYiZ2PTQiLCJleHAiOjE2MDE0ODU5NzIsImVtYWlsIjoiemgtYmVib3BAb3V0bG9vay5jb20ifQ.E2Au2k4EOHUn8lr56nWaRaKF-y_aisaYEw4nToSjBBc
[2020/10/01-00:21:38][http-nio-8082-exec-3][INFO ][net.blog.services.impl.UserServiceImpl]:parseByTokenKey token == >eyJhbGciOiJIUzI1NiJ9.eyJ1c2VyX25hbWUiOiJjaHVhbmNhaSIsInJvbGVzIjoicm9sZV9ub3JtYWwiLCJzaWduIjoiIiwiZnJvbSI6InBfIiwiaWQiOiI3NDE2MjY3NjE4NDU5MzIwMzIiLCJhdmF0YXIiOiJodHRwczovL2F2YXRhcnMwLmdpdGh1YnVzZXJjb250ZW50LmNvbS91LzQyMjkzNzU4P3M9NDYwJnU9MjFiNjcyZmZmNmUzNDcxNzJiMWRmOWQ3ZWJmMjE2ZTljNGM5YzlmYiZ2PTQiLCJleHAiOjE2MDE0ODU5NzIsImVtYWlsIjoiemgtYmVib3BAb3V0bG9vay5jb20ifQ.E2Au2k4EOHUn8lr56nWaRaKF-y_aisaYEw4nToSjBBc
[2020/10/01-00:21:38][http-nio-8082-exec-7][INFO ][net.blog.services.impl.UserServiceImpl]:parseByTokenKey token == >eyJhbGciOiJIUzI1NiJ9.eyJ1c2VyX25hbWUiOiJjaHVhbmNhaSIsInJvbGVzIjoicm9sZV9ub3JtYWwiLCJzaWduIjoiIiwiZnJvbSI6InBfIiwiaWQiOiI3NDE2MjY3NjE4NDU5MzIwMzIiLCJhdmF0YXIiOiJodHRwczovL2F2YXRhcnMwLmdpdGh1YnVzZXJjb250ZW50LmNvbS91LzQyMjkzNzU4P3M9NDYwJnU9MjFiNjcyZmZmNmUzNDcxNzJiMWRmOWQ3ZWJmMjE2ZTljNGM5YzlmYiZ2PTQiLCJleHAiOjE2MDE0ODU5NzIsImVtYWlsIjoiemgtYmVib3BAb3V0bG9vay5jb20ifQ.E2Au2k4EOHUn8lr56nWaRaKF-y_aisaYEw4nToSjBBc
[2020/10/01-00:21:38][http-nio-8082-exec-4][INFO ][net.blog.services.impl.UserServiceImpl]:checkUser tokenKey == > p_8b446e7e6a85d1b99607f823e549eb3e
[2020/10/01-00:21:38][http-nio-8082-exec-4][INFO ][net.blog.services.impl.UserServiceImpl]:parseByTokenKey token == >eyJhbGciOiJIUzI1NiJ9.eyJ1c2VyX25hbWUiOiJjaHVhbmNhaSIsInJvbGVzIjoicm9sZV9ub3JtYWwiLCJzaWduIjoiIiwiZnJvbSI6InBfIiwiaWQiOiI3NDE2MjY3NjE4NDU5MzIwMzIiLCJhdmF0YXIiOiJodHRwczovL2F2YXRhcnMwLmdpdGh1YnVzZXJjb250ZW50LmNvbS91LzQyMjkzNzU4P3M9NDYwJnU9MjFiNjcyZmZmNmUzNDcxNzJiMWRmOWQ3ZWJmMjE2ZTljNGM5YzlmYiZ2PTQiLCJleHAiOjE2MDE0ODU5NzIsImVtYWlsIjoiemgtYmVib3BAb3V0bG9vay5jb20ifQ.E2Au2k4EOHUn8lr56nWaRaKF-y_aisaYEw4nToSjBBc
[2020/10/01-00:21:38][http-nio-8082-exec-9][INFO ][net.blog.interceptor.ApiInterceptor]:method name == > page403
[2020/10/01-00:21:38][http-nio-8082-exec-7][INFO ][net.blog.interceptor.ApiInterceptor]:method name == > page403
[2020/10/01-00:21:38][http-nio-8082-exec-3][INFO ][net.blog.interceptor.ApiInterceptor]:method name == > page403
[2020/10/01-00:21:38][http-nio-8082-exec-8][INFO ][net.blog.interceptor.ApiInterceptor]:method name == > page403
[2020/10/01-00:21:38][http-nio-8082-exec-4][INFO ][net.blog.interceptor.ApiInterceptor]:method name == > page403
[2020/10/01-00:21:40][http-nio-8082-exec-5][INFO ][net.blog.interceptor.ApiInterceptor]:method name == > parseToken
[2020/10/01-00:21:40][http-nio-8082-exec-5][INFO ][net.blog.services.impl.UserServiceImpl]:checkUser tokenKey == > p_8b446e7e6a85d1b99607f823e549eb3e
[2020/10/01-00:21:40][http-nio-8082-exec-5][INFO ][net.blog.services.impl.UserServiceImpl]:parseByTokenKey token == >eyJhbGciOiJIUzI1NiJ9.eyJ1c2VyX25hbWUiOiJjaHVhbmNhaSIsInJvbGVzIjoicm9sZV9ub3JtYWwiLCJzaWduIjoiIiwiZnJvbSI6InBfIiwiaWQiOiI3NDE2MjY3NjE4NDU5MzIwMzIiLCJhdmF0YXIiOiJodHRwczovL2F2YXRhcnMwLmdpdGh1YnVzZXJjb250ZW50LmNvbS91LzQyMjkzNzU4P3M9NDYwJnU9MjFiNjcyZmZmNmUzNDcxNzJiMWRmOWQ3ZWJmMjE2ZTljNGM5YzlmYiZ2PTQiLCJleHAiOjE2MDE0ODU5NzIsImVtYWlsIjoiemgtYmVib3BAb3V0bG9vay5jb20ifQ.E2Au2k4EOHUn8lr56nWaRaKF-y_aisaYEw4nToSjBBc
[2020/10/01-00:21:40][http-nio-8082-exec-6][INFO ][net.blog.interceptor.ApiInterceptor]:method name == > listLoops
[2020/10/01-00:21:40][http-nio-8082-exec-6][INFO ][net.blog.services.impl.UserServiceImpl]:checkUser tokenKey == > p_8b446e7e6a85d1b99607f823e549eb3e
[2020/10/01-00:21:40][http-nio-8082-exec-6][INFO ][net.blog.services.impl.UserServiceImpl]:parseByTokenKey token == >eyJhbGciOiJIUzI1NiJ9.eyJ1c2VyX25hbWUiOiJjaHVhbmNhaSIsInJvbGVzIjoicm9sZV9ub3JtYWwiLCJzaWduIjoiIiwiZnJvbSI6InBfIiwiaWQiOiI3NDE2MjY3NjE4NDU5MzIwMzIiLCJhdmF0YXIiOiJodHRwczovL2F2YXRhcnMwLmdpdGh1YnVzZXJjb250ZW50LmNvbS91LzQyMjkzNzU4P3M9NDYwJnU9MjFiNjcyZmZmNmUzNDcxNzJiMWRmOWQ3ZWJmMjE2ZTljNGM5YzlmYiZ2PTQiLCJleHAiOjE2MDE0ODU5NzIsImVtYWlsIjoiemgtYmVib3BAb3V0bG9vay5jb20ifQ.E2Au2k4EOHUn8lr56nWaRaKF-y_aisaYEw4nToSjBBc
[2020/10/01-00:21:40][http-nio-8082-exec-6][INFO ][net.blog.interceptor.ApiInterceptor]:method name == > page403
[2020/10/01-00:21:41][http-nio-8082-exec-1][INFO ][net.blog.interceptor.ApiInterceptor]:method name == > parseToken
[2020/10/01-00:21:41][http-nio-8082-exec-1][INFO ][net.blog.services.impl.UserServiceImpl]:checkUser tokenKey == > p_8b446e7e6a85d1b99607f823e549eb3e
[2020/10/01-00:21:41][http-nio-8082-exec-1][INFO ][net.blog.services.impl.UserServiceImpl]:parseByTokenKey token == >eyJhbGciOiJIUzI1NiJ9.eyJ1c2VyX25hbWUiOiJjaHVhbmNhaSIsInJvbGVzIjoicm9sZV9ub3JtYWwiLCJzaWduIjoiIiwiZnJvbSI6InBfIiwiaWQiOiI3NDE2MjY3NjE4NDU5MzIwMzIiLCJhdmF0YXIiOiJodHRwczovL2F2YXRhcnMwLmdpdGh1YnVzZXJjb250ZW50LmNvbS91LzQyMjkzNzU4P3M9NDYwJnU9MjFiNjcyZmZmNmUzNDcxNzJiMWRmOWQ3ZWJmMjE2ZTljNGM5YzlmYiZ2PTQiLCJleHAiOjE2MDE0ODU5NzIsImVtYWlsIjoiemgtYmVib3BAb3V0bG9vay5jb20ifQ.E2Au2k4EOHUn8lr56nWaRaKF-y_aisaYEw4nToSjBBc
[2020/10/01-00:21:41][http-nio-8082-exec-10][INFO ][net.blog.interceptor.ApiInterceptor]:method name == > listCategories
[2020/10/01-00:21:41][http-nio-8082-exec-10][INFO ][net.blog.services.impl.UserServiceImpl]:checkUser tokenKey == > p_8b446e7e6a85d1b99607f823e549eb3e
[2020/10/01-00:21:41][http-nio-8082-exec-10][INFO ][net.blog.services.impl.UserServiceImpl]:parseByTokenKey token == >eyJhbGciOiJIUzI1NiJ9.eyJ1c2VyX25hbWUiOiJjaHVhbmNhaSIsInJvbGVzIjoicm9sZV9ub3JtYWwiLCJzaWduIjoiIiwiZnJvbSI6InBfIiwiaWQiOiI3NDE2MjY3NjE4NDU5MzIwMzIiLCJhdmF0YXIiOiJodHRwczovL2F2YXRhcnMwLmdpdGh1YnVzZXJjb250ZW50LmNvbS91LzQyMjkzNzU4P3M9NDYwJnU9MjFiNjcyZmZmNmUzNDcxNzJiMWRmOWQ3ZWJmMjE2ZTljNGM5YzlmYiZ2PTQiLCJleHAiOjE2MDE0ODU5NzIsImVtYWlsIjoiemgtYmVib3BAb3V0bG9vay5jb20ifQ.E2Au2k4EOHUn8lr56nWaRaKF-y_aisaYEw4nToSjBBc
[2020/10/01-00:21:41][http-nio-8082-exec-10][INFO ][net.blog.interceptor.ApiInterceptor]:method name == > page403
[2020/10/01-00:21:43][http-nio-8082-exec-2][INFO ][net.blog.interceptor.ApiInterceptor]:method name == > parseToken
[2020/10/01-00:21:43][http-nio-8082-exec-2][INFO ][net.blog.services.impl.UserServiceImpl]:checkUser tokenKey == > p_8b446e7e6a85d1b99607f823e549eb3e
[2020/10/01-00:21:43][http-nio-8082-exec-2][INFO ][net.blog.services.impl.UserServiceImpl]:parseByTokenKey token == >eyJhbGciOiJIUzI1NiJ9.eyJ1c2VyX25hbWUiOiJjaHVhbmNhaSIsInJvbGVzIjoicm9sZV9ub3JtYWwiLCJzaWduIjoiIiwiZnJvbSI6InBfIiwiaWQiOiI3NDE2MjY3NjE4NDU5MzIwMzIiLCJhdmF0YXIiOiJodHRwczovL2F2YXRhcnMwLmdpdGh1YnVzZXJjb250ZW50LmNvbS91LzQyMjkzNzU4P3M9NDYwJnU9MjFiNjcyZmZmNmUzNDcxNzJiMWRmOWQ3ZWJmMjE2ZTljNGM5YzlmYiZ2PTQiLCJleHAiOjE2MDE0ODU5NzIsImVtYWlsIjoiemgtYmVib3BAb3V0bG9vay5jb20ifQ.E2Au2k4EOHUn8lr56nWaRaKF-y_aisaYEw4nToSjBBc
[2020/10/01-00:21:44][http-nio-8082-exec-9][INFO ][net.blog.interceptor.ApiInterceptor]:method name == > parseToken
[2020/10/01-00:21:44][http-nio-8082-exec-9][INFO ][net.blog.services.impl.UserServiceImpl]:checkUser tokenKey == > p_8b446e7e6a85d1b99607f823e549eb3e
[2020/10/01-00:21:44][http-nio-8082-exec-9][INFO ][net.blog.services.impl.UserServiceImpl]:parseByTokenKey token == >eyJhbGciOiJIUzI1NiJ9.eyJ1c2VyX25hbWUiOiJjaHVhbmNhaSIsInJvbGVzIjoicm9sZV9ub3JtYWwiLCJzaWduIjoiIiwiZnJvbSI6InBfIiwiaWQiOiI3NDE2MjY3NjE4NDU5MzIwMzIiLCJhdmF0YXIiOiJodHRwczovL2F2YXRhcnMwLmdpdGh1YnVzZXJjb250ZW50LmNvbS91LzQyMjkzNzU4P3M9NDYwJnU9MjFiNjcyZmZmNmUzNDcxNzJiMWRmOWQ3ZWJmMjE2ZTljNGM5YzlmYiZ2PTQiLCJleHAiOjE2MDE0ODU5NzIsImVtYWlsIjoiemgtYmVib3BAb3V0bG9vay5jb20ifQ.E2Au2k4EOHUn8lr56nWaRaKF-y_aisaYEw4nToSjBBc
[2020/10/01-00:21:44][http-nio-8082-exec-7][INFO ][net.blog.interceptor.ApiInterceptor]:method name == > parseToken
[2020/10/01-00:21:44][http-nio-8082-exec-7][INFO ][net.blog.services.impl.UserServiceImpl]:checkUser tokenKey == > p_8b446e7e6a85d1b99607f823e549eb3e
[2020/10/01-00:21:44][http-nio-8082-exec-7][INFO ][net.blog.services.impl.UserServiceImpl]:parseByTokenKey token == >eyJhbGciOiJIUzI1NiJ9.eyJ1c2VyX25hbWUiOiJjaHVhbmNhaSIsInJvbGVzIjoicm9sZV9ub3JtYWwiLCJzaWduIjoiIiwiZnJvbSI6InBfIiwiaWQiOiI3NDE2MjY3NjE4NDU5MzIwMzIiLCJhdmF0YXIiOiJodHRwczovL2F2YXRhcnMwLmdpdGh1YnVzZXJjb250ZW50LmNvbS91LzQyMjkzNzU4P3M9NDYwJnU9MjFiNjcyZmZmNmUzNDcxNzJiMWRmOWQ3ZWJmMjE2ZTljNGM5YzlmYiZ2PTQiLCJleHAiOjE2MDE0ODU5NzIsImVtYWlsIjoiemgtYmVib3BAb3V0bG9vay5jb20ifQ.E2Au2k4EOHUn8lr56nWaRaKF-y_aisaYEw4nToSjBBc
[2020/10/01-00:21:45][http-nio-8082-exec-3][INFO ][net.blog.interceptor.ApiInterceptor]:method name == > parseToken
[2020/10/01-00:21:45][http-nio-8082-exec-3][INFO ][net.blog.services.impl.UserServiceImpl]:checkUser tokenKey == > p_8b446e7e6a85d1b99607f823e549eb3e
[2020/10/01-00:21:45][http-nio-8082-exec-3][INFO ][net.blog.services.impl.UserServiceImpl]:parseByTokenKey token == >eyJhbGciOiJIUzI1NiJ9.eyJ1c2VyX25hbWUiOiJjaHVhbmNhaSIsInJvbGVzIjoicm9sZV9ub3JtYWwiLCJzaWduIjoiIiwiZnJvbSI6InBfIiwiaWQiOiI3NDE2MjY3NjE4NDU5MzIwMzIiLCJhdmF0YXIiOiJodHRwczovL2F2YXRhcnMwLmdpdGh1YnVzZXJjb250ZW50LmNvbS91LzQyMjkzNzU4P3M9NDYwJnU9MjFiNjcyZmZmNmUzNDcxNzJiMWRmOWQ3ZWJmMjE2ZTljNGM5YzlmYiZ2PTQiLCJleHAiOjE2MDE0ODU5NzIsImVtYWlsIjoiemgtYmVib3BAb3V0bG9vay5jb20ifQ.E2Au2k4EOHUn8lr56nWaRaKF-y_aisaYEw4nToSjBBc
[2020/10/01-00:21:45][http-nio-8082-exec-4][INFO ][net.blog.interceptor.ApiInterceptor]:method name == > getWebSiteTitle
[2020/10/01-00:21:45][http-nio-8082-exec-8][INFO ][net.blog.interceptor.ApiInterceptor]:method name == > getSeoInfo
[2020/10/01-00:21:45][http-nio-8082-exec-4][INFO ][net.blog.services.impl.UserServiceImpl]:checkUser tokenKey == > p_8b446e7e6a85d1b99607f823e549eb3e
[2020/10/01-00:21:45][http-nio-8082-exec-8][INFO ][net.blog.services.impl.UserServiceImpl]:checkUser tokenKey == > p_8b446e7e6a85d1b99607f823e549eb3e
[2020/10/01-00:21:45][http-nio-8082-exec-4][INFO ][net.blog.services.impl.UserServiceImpl]:parseByTokenKey token == >eyJhbGciOiJIUzI1NiJ9.eyJ1c2VyX25hbWUiOiJjaHVhbmNhaSIsInJvbGVzIjoicm9sZV9ub3JtYWwiLCJzaWduIjoiIiwiZnJvbSI6InBfIiwiaWQiOiI3NDE2MjY3NjE4NDU5MzIwMzIiLCJhdmF0YXIiOiJodHRwczovL2F2YXRhcnMwLmdpdGh1YnVzZXJjb250ZW50LmNvbS91LzQyMjkzNzU4P3M9NDYwJnU9MjFiNjcyZmZmNmUzNDcxNzJiMWRmOWQ3ZWJmMjE2ZTljNGM5YzlmYiZ2PTQiLCJleHAiOjE2MDE0ODU5NzIsImVtYWlsIjoiemgtYmVib3BAb3V0bG9vay5jb20ifQ.E2Au2k4EOHUn8lr56nWaRaKF-y_aisaYEw4nToSjBBc
[2020/10/01-00:21:45][http-nio-8082-exec-8][INFO ][net.blog.services.impl.UserServiceImpl]:parseByTokenKey token == >eyJhbGciOiJIUzI1NiJ9.eyJ1c2VyX25hbWUiOiJjaHVhbmNhaSIsInJvbGVzIjoicm9sZV9ub3JtYWwiLCJzaWduIjoiIiwiZnJvbSI6InBfIiwiaWQiOiI3NDE2MjY3NjE4NDU5MzIwMzIiLCJhdmF0YXIiOiJodHRwczovL2F2YXRhcnMwLmdpdGh1YnVzZXJjb250ZW50LmNvbS91LzQyMjkzNzU4P3M9NDYwJnU9MjFiNjcyZmZmNmUzNDcxNzJiMWRmOWQ3ZWJmMjE2ZTljNGM5YzlmYiZ2PTQiLCJleHAiOjE2MDE0ODU5NzIsImVtYWlsIjoiemgtYmVib3BAb3V0bG9vay5jb20ifQ.E2Au2k4EOHUn8lr56nWaRaKF-y_aisaYEw4nToSjBBc
[2020/10/01-00:21:45][http-nio-8082-exec-4][INFO ][net.blog.interceptor.ApiInterceptor]:method name == > page403
[2020/10/01-00:21:45][http-nio-8082-exec-8][INFO ][net.blog.interceptor.ApiInterceptor]:method name == > page403
[2020/10/01-00:21:46][http-nio-8082-exec-5][INFO ][net.blog.interceptor.ApiInterceptor]:method name == > parseToken
[2020/10/01-00:21:46][http-nio-8082-exec-5][INFO ][net.blog.services.impl.UserServiceImpl]:checkUser tokenKey == > p_8b446e7e6a85d1b99607f823e549eb3e
[2020/10/01-00:21:46][http-nio-8082-exec-5][INFO ][net.blog.services.impl.UserServiceImpl]:parseByTokenKey token == >eyJhbGciOiJIUzI1NiJ9.eyJ1c2VyX25hbWUiOiJjaHVhbmNhaSIsInJvbGVzIjoicm9sZV9ub3JtYWwiLCJzaWduIjoiIiwiZnJvbSI6InBfIiwiaWQiOiI3NDE2MjY3NjE4NDU5MzIwMzIiLCJhdmF0YXIiOiJodHRwczovL2F2YXRhcnMwLmdpdGh1YnVzZXJjb250ZW50LmNvbS91LzQyMjkzNzU4P3M9NDYwJnU9MjFiNjcyZmZmNmUzNDcxNzJiMWRmOWQ3ZWJmMjE2ZTljNGM5YzlmYiZ2PTQiLCJleHAiOjE2MDE0ODU5NzIsImVtYWlsIjoiemgtYmVib3BAb3V0bG9vay5jb20ifQ.E2Au2k4EOHUn8lr56nWaRaKF-y_aisaYEw4nToSjBBc
[2020/10/01-00:21:46][http-nio-8082-exec-6][INFO ][net.blog.interceptor.ApiInterceptor]:method name == > listFriendLinks
[2020/10/01-00:21:46][http-nio-8082-exec-6][INFO ][net.blog.services.impl.UserServiceImpl]:checkUser tokenKey == > p_8b446e7e6a85d1b99607f823e549eb3e
[2020/10/01-00:21:46][http-nio-8082-exec-6][INFO ][net.blog.services.impl.UserServiceImpl]:parseByTokenKey token == >eyJhbGciOiJIUzI1NiJ9.eyJ1c2VyX25hbWUiOiJjaHVhbmNhaSIsInJvbGVzIjoicm9sZV9ub3JtYWwiLCJzaWduIjoiIiwiZnJvbSI6InBfIiwiaWQiOiI3NDE2MjY3NjE4NDU5MzIwMzIiLCJhdmF0YXIiOiJodHRwczovL2F2YXRhcnMwLmdpdGh1YnVzZXJjb250ZW50LmNvbS91LzQyMjkzNzU4P3M9NDYwJnU9MjFiNjcyZmZmNmUzNDcxNzJiMWRmOWQ3ZWJmMjE2ZTljNGM5YzlmYiZ2PTQiLCJleHAiOjE2MDE0ODU5NzIsImVtYWlsIjoiemgtYmVib3BAb3V0bG9vay5jb20ifQ.E2Au2k4EOHUn8lr56nWaRaKF-y_aisaYEw4nToSjBBc
[2020/10/01-00:21:46][http-nio-8082-exec-6][INFO ][net.blog.interceptor.ApiInterceptor]:method name == > page403
