[2020/08/04-12:29:03][main][INFO ][net.blog.BlogApplication]:BlogApplication run...
[2020/08/04-12:29:04][main][INFO ][net.blog.BlogApplication]:Starting BlogApplication on Innovation with PID 7104 (D:\Codes\BlogSystem\target\classes started by ETNJL in D:\Codes\BlogSystem)
[2020/08/04-12:29:04][main][INFO ][net.blog.BlogApplication]:No active profile set, falling back to default profiles: default
[2020/08/04-12:29:10][main][INFO ][net.blog.BlogApplication]:Started BlogApplication in 6.942 seconds (JVM running for 9.821)
[2020/08/04-12:34:20][http-nio-8080-exec-1][INFO ][net.blog.controller.user.UserApi]:user name ==> chuan
[2020/08/04-12:34:20][http-nio-8080-exec-1][INFO ][net.blog.controller.user.UserApi]:password ==> 123456
[2020/08/04-12:34:20][http-nio-8080-exec-1][INFO ][net.blog.controller.user.UserApi]:email ==> chuan@example.com
[2020/08/04-12:50:12][main][INFO ][net.blog.BlogApplication]:BlogApplication run...
[2020/08/04-12:50:13][main][INFO ][net.blog.BlogApplication]:Starting BlogApplication on Innovation with PID 10800 (D:\Codes\BlogSystem\target\classes started by ETNJL in D:\Codes\BlogSystem)
[2020/08/04-12:50:13][main][INFO ][net.blog.BlogApplication]:No active profile set, falling back to default profiles: default
[2020/08/04-12:50:20][main][INFO ][net.blog.BlogApplication]:Started BlogApplication in 8.09 seconds (JVM running for 9.31)
[2020/08/04-12:50:29][http-nio-8080-exec-1][INFO ][net.blog.controller.user.UserApi]:user name ==> chuan
[2020/08/04-12:50:29][http-nio-8080-exec-1][INFO ][net.blog.controller.user.UserApi]:password ==> 123456
[2020/08/04-12:50:29][http-nio-8080-exec-1][INFO ][net.blog.controller.user.UserApi]:email ==> chuan@example.com
[2020/08/04-12:50:30][http-nio-8080-exec-1][INFO ][net.blog.services.impl.UserServiceImpl]:remoteAddr ==>0:0:0:0:0:0:0:1
[2020/08/04-12:50:30][http-nio-8080-exec-1][INFO ][net.blog.services.impl.UserServiceImpl]:localAddr ==>0:0:0:0:0:0:0:1
[2020/08/04-12:51:55][http-nio-8080-exec-3][INFO ][net.blog.controller.user.UserApi]:user name ==> chuan
[2020/08/04-12:51:55][http-nio-8080-exec-3][INFO ][net.blog.controller.user.UserApi]:password ==> 123456
[2020/08/04-12:51:55][http-nio-8080-exec-3][INFO ][net.blog.controller.user.UserApi]:email ==> chuan@example.com
[2020/08/04-12:52:33][http-nio-8080-exec-4][INFO ][net.blog.controller.user.UserApi]:user name ==> chuan
[2020/08/04-12:52:33][http-nio-8080-exec-4][INFO ][net.blog.controller.user.UserApi]:password ==> 123456
[2020/08/04-12:52:33][http-nio-8080-exec-4][INFO ][net.blog.controller.user.UserApi]:email ==> chuan@example.com
[2020/08/04-12:52:33][http-nio-8080-exec-4][INFO ][net.blog.services.impl.UserServiceImpl]:remoteAddr ==>0:0:0:0:0:0:0:1
[2020/08/04-12:52:33][http-nio-8080-exec-4][INFO ][net.blog.services.impl.UserServiceImpl]:localAddr ==>0:0:0:0:0:0:0:1
[2020/08/04-12:53:30][http-nio-8080-exec-5][INFO ][net.blog.controller.user.UserApi]:user name ==> chuan
[2020/08/04-12:53:30][http-nio-8080-exec-5][INFO ][net.blog.controller.user.UserApi]:password ==> null
[2020/08/04-12:53:30][http-nio-8080-exec-5][INFO ][net.blog.controller.user.UserApi]:email ==> chuan@example.com
