[2020/08/07-12:33:18][main][INFO ][net.blog.BlogApplication]:BlogApplication run...
[2020/08/07-12:33:18][main][INFO ][net.blog.BlogApplication]:Starting BlogApplication on Innovation with PID 1612 (D:\Codes\BlogSystem\target\classes started by ETNJL in D:\Codes\BlogSystem)
[2020/08/07-12:33:18][main][INFO ][net.blog.BlogApplication]:No active profile set, falling back to default profiles: default
[2020/08/07-12:33:29][main][INFO ][net.blog.BlogApplication]:Started BlogApplication in 10.849 seconds (JVM running for 13.781)
[2020/08/07-12:33:41][http-nio-8081-exec-1][INFO ][net.blog.services.impl.UserServiceImpl]:captcha font type index ==> 1
[2020/08/07-12:33:41][http-nio-8081-exec-1][INFO ][net.blog.services.impl.UserServiceImpl]:captcha content == > nrsgp
[2020/08/07-12:34:59][main][INFO ][net.blog.BlogApplication]:BlogApplication run...
[2020/08/07-12:35:00][main][INFO ][net.blog.BlogApplication]:Starting BlogApplication on Innovation with PID 2476 (D:\Codes\BlogSystem\target\classes started by ETNJL in D:\Codes\BlogSystem)
[2020/08/07-12:35:00][main][INFO ][net.blog.BlogApplication]:No active profile set, falling back to default profiles: default
[2020/08/07-12:35:06][main][INFO ][net.blog.BlogApplication]:Started BlogApplication in 6.83 seconds (JVM running for 8.019)
[2020/08/07-12:39:28][http-nio-8081-exec-8][INFO ][net.blog.services.impl.UserServiceImpl]:captcha font type index ==> 9
[2020/08/07-12:39:28][http-nio-8081-exec-8][INFO ][net.blog.services.impl.UserServiceImpl]:captcha content == > 8ttgp
[2020/08/07-12:40:38][http-nio-8081-exec-1][INFO ][net.blog.controller.user.UserApi]:email ==>zh-bebop@outlook.com
[2020/08/07-12:40:38][http-nio-8081-exec-1][INFO ][net.blog.services.impl.UserServiceImpl]:sendEmail ==>  ip ==> 0:0:0:0:0:0:0:1
[2020/08/07-12:40:38][http-nio-8081-exec-1][INFO ][net.blog.services.impl.UserServiceImpl]:sendEmail ==> 342678
[2020/08/07-12:41:30][http-nio-8081-exec-2][INFO ][net.blog.controller.user.UserApi]:email ==>zh-bebop@outlook.com
[2020/08/07-12:41:30][http-nio-8081-exec-2][INFO ][net.blog.services.impl.UserServiceImpl]:sendEmail ==>  ip ==> 0:0:0:0:0:0:0:1
[2020/08/07-12:41:30][http-nio-8081-exec-2][INFO ][net.blog.services.impl.UserServiceImpl]:sendEmail ==> 184660
[2020/08/07-12:41:31][blog_task_worker-2][INFO ][net.blog.utils.EmailSender]:email send...
[2020/08/07-12:43:13][http-nio-8081-exec-7][INFO ][net.blog.services.impl.UserServiceImpl]:captcha font type index ==> 2
[2020/08/07-12:43:14][http-nio-8081-exec-7][INFO ][net.blog.services.impl.UserServiceImpl]:captcha content == > 0
[2020/08/07-12:45:20][http-nio-8081-exec-5][INFO ][net.blog.controller.user.UserApi]:email ==>zh-bebop@outlook.com
[2020/08/07-12:45:20][http-nio-8081-exec-5][INFO ][net.blog.services.impl.UserServiceImpl]:sendEmail ==>  ip ==> 0:0:0:0:0:0:0:1
[2020/08/07-12:45:20][http-nio-8081-exec-5][INFO ][net.blog.services.impl.UserServiceImpl]:sendEmail ==> 542317
[2020/08/07-12:45:21][blog_task_worker-1][INFO ][net.blog.utils.EmailSender]:email send...
[2020/08/07-12:45:44][http-nio-8081-exec-7][INFO ][net.blog.services.impl.UserServiceImpl]:captcha font type index ==> 9
[2020/08/07-12:45:44][http-nio-8081-exec-7][INFO ][net.blog.services.impl.UserServiceImpl]:captcha content == > rcdnz
[2020/08/07-12:51:07][http-nio-8081-exec-5][INFO ][net.blog.services.impl.UserServiceImpl]:captcha font type index ==> 7
[2020/08/07-12:51:07][http-nio-8081-exec-5][INFO ][net.blog.services.impl.UserServiceImpl]:captcha content == > kecje
[2020/08/07-12:52:36][http-nio-8081-exec-10][INFO ][net.blog.services.impl.UserServiceImpl]:captcha font type index ==> 1
[2020/08/07-12:52:36][http-nio-8081-exec-10][INFO ][net.blog.services.impl.UserServiceImpl]:captcha content == > p7ued
[2020/08/07-12:54:32][http-nio-8081-exec-7][INFO ][net.blog.services.impl.UserServiceImpl]:captcha font type index ==> 3
[2020/08/07-12:54:32][http-nio-8081-exec-7][INFO ][net.blog.services.impl.UserServiceImpl]:captcha content == > 2jj6h
[2020/08/07-12:54:40][main][INFO ][net.blog.BlogApplication]:BlogApplication run...
[2020/08/07-12:54:41][main][INFO ][net.blog.BlogApplication]:Starting BlogApplication on Innovation with PID 13984 (D:\Codes\BlogSystem\target\classes started by ETNJL in D:\Codes\BlogSystem)
[2020/08/07-12:54:41][main][INFO ][net.blog.BlogApplication]:No active profile set, falling back to default profiles: default
[2020/08/07-12:54:47][main][INFO ][net.blog.BlogApplication]:Started BlogApplication in 6.676 seconds (JVM running for 7.676)
[2020/08/07-12:54:59][http-nio-8081-exec-4][INFO ][net.blog.services.impl.UserServiceImpl]:captcha font type index ==> 6
[2020/08/07-12:54:59][http-nio-8081-exec-4][INFO ][net.blog.services.impl.UserServiceImpl]:captcha content == > 2zsrs
[2020/08/07-12:56:40][http-nio-8081-exec-1][INFO ][net.blog.services.impl.UserServiceImpl]:captcha font type index ==> 9
[2020/08/07-12:56:40][http-nio-8081-exec-1][INFO ][net.blog.services.impl.UserServiceImpl]:captcha content == > ezn5z
[2020/08/07-12:58:49][http-nio-8081-exec-6][INFO ][net.blog.controller.user.UserApi]:user name ==> LOL
[2020/08/07-12:58:49][http-nio-8081-exec-6][INFO ][net.blog.controller.user.UserApi]:password ==> 123456
[2020/08/07-12:58:49][http-nio-8081-exec-6][INFO ][net.blog.controller.user.UserApi]:email ==> admin@example.com
[2020/08/07-12:58:49][http-nio-8081-exec-6][INFO ][net.blog.services.impl.UserServiceImpl]:remoteAddr ==>0:0:0:0:0:0:0:1
[2020/08/07-12:58:49][http-nio-8081-exec-6][INFO ][net.blog.services.impl.UserServiceImpl]:localAddr ==>0:0:0:0:0:0:0:1
[2020/08/07-12:58:57][http-nio-8081-exec-9][INFO ][net.blog.services.impl.UserServiceImpl]:captcha font type index ==> 2
[2020/08/07-12:58:57][http-nio-8081-exec-9][INFO ][net.blog.services.impl.UserServiceImpl]:captcha content == > qbddf
[2020/08/07-13:02:27][main][INFO ][net.blog.BlogApplication]:BlogApplication run...
[2020/08/07-13:02:28][main][INFO ][net.blog.BlogApplication]:Starting BlogApplication on Innovation with PID 7992 (D:\Codes\BlogSystem\target\classes started by ETNJL in D:\Codes\BlogSystem)
[2020/08/07-13:02:28][main][INFO ][net.blog.BlogApplication]:No active profile set, falling back to default profiles: default
[2020/08/07-13:02:35][main][INFO ][net.blog.BlogApplication]:Started BlogApplication in 7.855 seconds (JVM running for 9.144)
[2020/08/07-13:03:02][http-nio-8081-exec-2][INFO ][net.blog.services.impl.UserServiceImpl]:captcha font type index ==> 2
[2020/08/07-13:03:02][http-nio-8081-exec-2][INFO ][net.blog.services.impl.UserServiceImpl]:captcha content == > 6
[2020/08/07-13:13:52][main][INFO ][net.blog.BlogApplication]:BlogApplication run...
[2020/08/07-13:13:53][main][INFO ][net.blog.BlogApplication]:Starting BlogApplication on Innovation with PID 11540 (D:\Codes\BlogSystem\target\classes started by ETNJL in D:\Codes\BlogSystem)
[2020/08/07-13:13:53][main][INFO ][net.blog.BlogApplication]:No active profile set, falling back to default profiles: default
[2020/08/07-13:13:59][main][INFO ][net.blog.BlogApplication]:Started BlogApplication in 7.081 seconds (JVM running for 8.384)
[2020/08/07-13:14:01][http-nio-8081-exec-2][INFO ][net.blog.services.impl.UserServiceImpl]:captcha font type index ==> 3
[2020/08/07-13:14:01][http-nio-8081-exec-2][INFO ][net.blog.services.impl.UserServiceImpl]:captcha content == > 6rr7c
[2020/08/07-13:14:19][http-nio-8081-exec-4][INFO ][net.blog.services.impl.UserServiceImpl]:captcha font type index ==> 8
[2020/08/07-13:14:19][http-nio-8081-exec-4][INFO ][net.blog.services.impl.UserServiceImpl]:captcha content == > 6ufzn
[2020/08/07-13:18:50][main][INFO ][net.blog.BlogApplication]:BlogApplication run...
[2020/08/07-13:18:51][main][INFO ][net.blog.BlogApplication]:Starting BlogApplication on Innovation with PID 13456 (D:\Codes\BlogSystem\target\classes started by ETNJL in D:\Codes\BlogSystem)
[2020/08/07-13:18:51][main][INFO ][net.blog.BlogApplication]:No active profile set, falling back to default profiles: default
[2020/08/07-13:18:58][main][INFO ][net.blog.BlogApplication]:Started BlogApplication in 7.513 seconds (JVM running for 8.724)
[2020/08/07-13:19:00][http-nio-8081-exec-2][INFO ][net.blog.services.impl.UserServiceImpl]:captcha font type index ==> 6
[2020/08/07-13:19:00][http-nio-8081-exec-2][INFO ][net.blog.services.impl.UserServiceImpl]:captcha content == > jdz7h
[2020/08/07-13:23:07][main][INFO ][net.blog.BlogApplication]:BlogApplication run...
[2020/08/07-13:23:08][main][INFO ][net.blog.BlogApplication]:Starting BlogApplication on Innovation with PID 14648 (D:\Codes\BlogSystem\target\classes started by ETNJL in D:\Codes\BlogSystem)
[2020/08/07-13:23:08][main][INFO ][net.blog.BlogApplication]:No active profile set, falling back to default profiles: default
[2020/08/07-13:23:15][main][INFO ][net.blog.BlogApplication]:Started BlogApplication in 7.625 seconds (JVM running for 8.844)
[2020/08/07-13:23:29][http-nio-8081-exec-3][INFO ][net.blog.services.impl.UserServiceImpl]:captcha font type index ==> 4
[2020/08/07-13:23:29][http-nio-8081-exec-3][INFO ][net.blog.services.impl.UserServiceImpl]:captcha content == > gfnbh
[2020/08/07-13:30:17][main][INFO ][net.blog.BlogApplication]:BlogApplication run...
[2020/08/07-13:30:18][main][INFO ][net.blog.BlogApplication]:Starting BlogApplication on Innovation with PID 6388 (D:\Codes\BlogSystem\target\classes started by ETNJL in D:\Codes\BlogSystem)
[2020/08/07-13:30:18][main][INFO ][net.blog.BlogApplication]:No active profile set, falling back to default profiles: default
[2020/08/07-13:30:24][main][INFO ][net.blog.BlogApplication]:Started BlogApplication in 6.538 seconds (JVM running for 7.538)
[2020/08/07-13:30:26][http-nio-8081-exec-2][INFO ][net.blog.services.impl.UserServiceImpl]:captcha font type index ==> 2
[2020/08/07-13:30:26][http-nio-8081-exec-2][INFO ][net.blog.services.impl.UserServiceImpl]:captcha content == > cvynf
[2020/08/07-13:53:29][main][INFO ][net.blog.BlogApplication]:BlogApplication run...
[2020/08/07-13:53:29][main][INFO ][net.blog.BlogApplication]:Starting BlogApplication on Innovation with PID 3840 (D:\Codes\BlogSystem\target\classes started by ETNJL in D:\Codes\BlogSystem)
[2020/08/07-13:53:29][main][INFO ][net.blog.BlogApplication]:No active profile set, falling back to default profiles: default
[2020/08/07-13:53:36][main][INFO ][net.blog.BlogApplication]:Started BlogApplication in 6.8 seconds (JVM running for 7.984)
[2020/08/07-13:53:40][http-nio-8081-exec-1][INFO ][net.blog.services.impl.UserServiceImpl]:captcha font type index ==> 3
[2020/08/07-13:53:40][http-nio-8081-exec-1][INFO ][net.blog.services.impl.UserServiceImpl]:captcha content == > fh2d4
[2020/08/07-14:05:06][main][INFO ][net.blog.BlogApplication]:BlogApplication run...
[2020/08/07-14:05:06][main][INFO ][net.blog.BlogApplication]:Starting BlogApplication on Innovation with PID 15028 (D:\Codes\BlogSystem\target\classes started by ETNJL in D:\Codes\BlogSystem)
[2020/08/07-14:05:06][main][INFO ][net.blog.BlogApplication]:No active profile set, falling back to default profiles: default
[2020/08/07-14:05:14][main][INFO ][net.blog.BlogApplication]:Started BlogApplication in 7.822 seconds (JVM running for 9.069)
[2020/08/07-14:19:45][main][INFO ][net.blog.BlogApplication]:BlogApplication run...
[2020/08/07-14:19:46][main][INFO ][net.blog.BlogApplication]:Starting BlogApplication on Innovation with PID 5496 (D:\Codes\BlogSystem\target\classes started by ETNJL in D:\Codes\BlogSystem)
[2020/08/07-14:19:46][main][INFO ][net.blog.BlogApplication]:No active profile set, falling back to default profiles: default
[2020/08/07-14:19:52][main][INFO ][net.blog.BlogApplication]:Started BlogApplication in 6.306 seconds (JVM running for 7.328)
[2020/08/07-14:19:58][http-nio-8081-exec-2][INFO ][net.blog.services.impl.UserServiceImpl]:captcha font type index ==> 6
[2020/08/07-14:19:58][http-nio-8081-exec-2][INFO ][net.blog.services.impl.UserServiceImpl]:captcha content == > 4
[2020/08/07-14:25:21][main][INFO ][net.blog.BlogApplication]:BlogApplication run...
[2020/08/07-14:25:22][main][INFO ][net.blog.BlogApplication]:Starting BlogApplication on Innovation with PID 5700 (D:\Codes\BlogSystem\target\classes started by ETNJL in D:\Codes\BlogSystem)
[2020/08/07-14:25:22][main][INFO ][net.blog.BlogApplication]:No active profile set, falling back to default profiles: default
[2020/08/07-14:25:28][main][INFO ][net.blog.BlogApplication]:Started BlogApplication in 6.173 seconds (JVM running for 7.259)
[2020/08/07-14:25:32][http-nio-8081-exec-1][INFO ][net.blog.services.impl.UserServiceImpl]:captcha font type index ==> 6
[2020/08/07-14:25:32][http-nio-8081-exec-1][INFO ][net.blog.services.impl.UserServiceImpl]:captcha content == > h5hqe
[2020/08/07-14:28:27][main][INFO ][net.blog.BlogApplication]:BlogApplication run...
[2020/08/07-14:28:28][main][INFO ][net.blog.BlogApplication]:Starting BlogApplication on Innovation with PID 2152 (D:\Codes\BlogSystem\target\classes started by ETNJL in D:\Codes\BlogSystem)
[2020/08/07-14:28:28][main][INFO ][net.blog.BlogApplication]:No active profile set, falling back to default profiles: default
[2020/08/07-14:28:34][main][INFO ][net.blog.BlogApplication]:Started BlogApplication in 6.518 seconds (JVM running for 7.708)
[2020/08/07-14:28:39][http-nio-8081-exec-2][INFO ][net.blog.services.impl.UserServiceImpl]:captcha font type index ==> 5
[2020/08/07-14:28:40][http-nio-8081-exec-2][INFO ][net.blog.services.impl.UserServiceImpl]:captcha content == > 18
[2020/08/07-14:29:06][main][INFO ][net.blog.BlogApplication]:BlogApplication run...
[2020/08/07-14:29:07][main][INFO ][net.blog.BlogApplication]:Starting BlogApplication on Innovation with PID 2504 (D:\Codes\BlogSystem\target\classes started by ETNJL in D:\Codes\BlogSystem)
[2020/08/07-14:29:07][main][INFO ][net.blog.BlogApplication]:No active profile set, falling back to default profiles: default
[2020/08/07-14:29:13][main][INFO ][net.blog.BlogApplication]:Started BlogApplication in 6.147 seconds (JVM running for 7.316)
[2020/08/07-14:32:18][main][INFO ][net.blog.BlogApplication]:BlogApplication run...
[2020/08/07-14:32:19][main][INFO ][net.blog.BlogApplication]:Starting BlogApplication on Innovation with PID 14988 (D:\Codes\BlogSystem\target\classes started by ETNJL in D:\Codes\BlogSystem)
[2020/08/07-14:32:19][main][INFO ][net.blog.BlogApplication]:No active profile set, falling back to default profiles: default
[2020/08/07-14:32:24][main][INFO ][net.blog.BlogApplication]:Started BlogApplication in 6.172 seconds (JVM running for 7.155)
[2020/08/07-14:32:29][http-nio-8081-exec-1][INFO ][net.blog.services.impl.UserServiceImpl]:captcha font type index ==> 6
[2020/08/07-14:32:29][http-nio-8081-exec-1][INFO ][net.blog.services.impl.UserServiceImpl]:captcha content == > 81
[2020/08/07-19:46:00][main][INFO ][net.blog.BlogApplication]:BlogApplication run...
[2020/08/07-19:46:01][main][INFO ][net.blog.BlogApplication]:Starting BlogApplication on Innovation with PID 3940 (D:\Codes\BlogSystem\target\classes started by ETNJL in D:\Codes\BlogSystem)
[2020/08/07-19:46:01][main][INFO ][net.blog.BlogApplication]:No active profile set, falling back to default profiles: default
[2020/08/07-19:46:07][main][INFO ][net.blog.BlogApplication]:Started BlogApplication in 6.656 seconds (JVM running for 7.879)
[2020/08/07-19:46:11][http-nio-8081-exec-1][INFO ][net.blog.services.impl.UserServiceImpl]:captcha font type index ==> 8
[2020/08/07-19:46:11][http-nio-8081-exec-1][INFO ][net.blog.services.impl.UserServiceImpl]:captcha content == > 6dmhp
[2020/08/07-19:48:37][main][INFO ][net.blog.BlogApplication]:BlogApplication run...
[2020/08/07-19:48:38][main][INFO ][net.blog.BlogApplication]:Starting BlogApplication on Innovation with PID 2772 (D:\Codes\BlogSystem\target\classes started by ETNJL in D:\Codes\BlogSystem)
[2020/08/07-19:48:38][main][INFO ][net.blog.BlogApplication]:No active profile set, falling back to default profiles: default
[2020/08/07-19:48:44][main][INFO ][net.blog.BlogApplication]:Started BlogApplication in 6.36 seconds (JVM running for 7.425)
[2020/08/07-19:48:53][http-nio-8081-exec-4][INFO ][net.blog.services.impl.UserServiceImpl]:captcha font type index ==> 0
[2020/08/07-19:48:53][http-nio-8081-exec-4][INFO ][net.blog.services.impl.UserServiceImpl]:captcha content == > 4
[2020/08/07-19:50:55][main][INFO ][net.blog.BlogApplication]:BlogApplication run...
[2020/08/07-19:50:56][main][INFO ][net.blog.BlogApplication]:Starting BlogApplication on Innovation with PID 15012 (D:\Codes\BlogSystem\target\classes started by ETNJL in D:\Codes\BlogSystem)
[2020/08/07-19:50:56][main][INFO ][net.blog.BlogApplication]:No active profile set, falling back to default profiles: default
[2020/08/07-19:51:01][main][INFO ][net.blog.BlogApplication]:Started BlogApplication in 6.434 seconds (JVM running for 7.516)
[2020/08/07-19:52:26][main][INFO ][net.blog.BlogApplication]:BlogApplication run...
[2020/08/07-19:52:27][main][INFO ][net.blog.BlogApplication]:Starting BlogApplication on Innovation with PID 9068 (D:\Codes\BlogSystem\target\classes started by ETNJL in D:\Codes\BlogSystem)
[2020/08/07-19:52:27][main][INFO ][net.blog.BlogApplication]:No active profile set, falling back to default profiles: default
[2020/08/07-19:52:33][main][INFO ][net.blog.BlogApplication]:Started BlogApplication in 6.389 seconds (JVM running for 7.843)
[2020/08/07-19:52:33][http-nio-8081-exec-1][INFO ][net.blog.services.impl.UserServiceImpl]:captcha font type index ==> 5
[2020/08/07-19:52:33][http-nio-8081-exec-1][INFO ][net.blog.services.impl.UserServiceImpl]:captcha content == > 7
[2020/08/07-19:52:35][http-nio-8081-exec-2][INFO ][net.blog.services.impl.UserServiceImpl]:captcha font type index ==> 2
[2020/08/07-19:52:35][http-nio-8081-exec-2][INFO ][net.blog.services.impl.UserServiceImpl]:captcha content == > gwxdw
[2020/08/07-19:56:10][main][INFO ][net.blog.BlogApplication]:BlogApplication run...
[2020/08/07-19:56:11][main][INFO ][net.blog.BlogApplication]:Starting BlogApplication on Innovation with PID 6004 (D:\Codes\BlogSystem\target\classes started by ETNJL in D:\Codes\BlogSystem)
[2020/08/07-19:56:11][main][INFO ][net.blog.BlogApplication]:No active profile set, falling back to default profiles: default
[2020/08/07-19:56:17][main][INFO ][net.blog.BlogApplication]:Started BlogApplication in 6.326 seconds (JVM running for 7.31)
[2020/08/07-19:56:24][http-nio-8081-exec-2][INFO ][net.blog.services.impl.UserServiceImpl]:captcha font type index ==> 5
[2020/08/07-19:56:24][http-nio-8081-exec-2][INFO ][net.blog.services.impl.UserServiceImpl]:captcha content == > s6nnr
[2020/08/07-19:57:35][main][INFO ][net.blog.BlogApplication]:BlogApplication run...
[2020/08/07-19:57:36][main][INFO ][net.blog.BlogApplication]:Starting BlogApplication on Innovation with PID 8764 (D:\Codes\BlogSystem\target\classes started by ETNJL in D:\Codes\BlogSystem)
[2020/08/07-19:57:36][main][INFO ][net.blog.BlogApplication]:No active profile set, falling back to default profiles: default
[2020/08/07-19:57:41][main][INFO ][net.blog.BlogApplication]:Started BlogApplication in 6.07 seconds (JVM running for 7.077)
[2020/08/07-19:57:50][http-nio-8081-exec-4][INFO ][net.blog.services.impl.UserServiceImpl]:captcha font type index ==> 3
[2020/08/07-19:57:50][http-nio-8081-exec-4][INFO ][net.blog.services.impl.UserServiceImpl]:captcha content == > vtbc5
[2020/08/07-20:00:47][main][INFO ][net.blog.BlogApplication]:BlogApplication run...
[2020/08/07-20:00:48][main][INFO ][net.blog.BlogApplication]:Starting BlogApplication on Innovation with PID 6976 (D:\Codes\BlogSystem\target\classes started by ETNJL in D:\Codes\BlogSystem)
[2020/08/07-20:00:48][main][INFO ][net.blog.BlogApplication]:No active profile set, falling back to default profiles: default
[2020/08/07-20:00:54][main][INFO ][net.blog.BlogApplication]:Started BlogApplication in 6.406 seconds (JVM running for 7.404)
[2020/08/07-20:00:55][http-nio-8081-exec-2][INFO ][net.blog.services.impl.UserServiceImpl]:captcha font type index ==> 8
[2020/08/07-20:00:55][http-nio-8081-exec-2][INFO ][net.blog.services.impl.UserServiceImpl]:captcha content == > tyxgd
[2020/08/07-20:08:38][main][INFO ][net.blog.BlogApplication]:BlogApplication run...
[2020/08/07-20:08:39][main][INFO ][net.blog.BlogApplication]:Starting BlogApplication on Innovation with PID 13196 (D:\Codes\BlogSystem\target\classes started by ETNJL in D:\Codes\BlogSystem)
[2020/08/07-20:08:39][main][INFO ][net.blog.BlogApplication]:No active profile set, falling back to default profiles: default
[2020/08/07-20:08:44][main][INFO ][net.blog.BlogApplication]:Started BlogApplication in 6.077 seconds (JVM running for 7.02)
[2020/08/07-20:08:48][http-nio-8081-exec-2][INFO ][net.blog.services.impl.UserServiceImpl]:captcha font type index ==> 0
[2020/08/07-20:08:48][http-nio-8081-exec-2][INFO ][net.blog.services.impl.UserServiceImpl]:captcha content == > jwrec
[2020/08/07-20:19:52][main][INFO ][net.blog.BlogApplication]:BlogApplication run...
[2020/08/07-20:19:53][main][INFO ][net.blog.BlogApplication]:Starting BlogApplication on Innovation with PID 6236 (D:\Codes\BlogSystem\target\classes started by ETNJL in D:\Codes\BlogSystem)
[2020/08/07-20:19:53][main][INFO ][net.blog.BlogApplication]:No active profile set, falling back to default profiles: default
[2020/08/07-20:19:59][main][INFO ][net.blog.BlogApplication]:Started BlogApplication in 6.513 seconds (JVM running for 7.535)
[2020/08/07-20:20:00][http-nio-8081-exec-1][INFO ][net.blog.services.impl.UserServiceImpl]:captcha font type index ==> 1
[2020/08/07-20:20:01][http-nio-8081-exec-1][INFO ][net.blog.services.impl.UserServiceImpl]:captcha content == > 1
[2020/08/07-20:20:36][main][INFO ][net.blog.BlogApplication]:BlogApplication run...
[2020/08/07-20:20:36][main][INFO ][net.blog.BlogApplication]:Starting BlogApplication on Innovation with PID 3912 (D:\Codes\BlogSystem\target\classes started by ETNJL in D:\Codes\BlogSystem)
[2020/08/07-20:20:36][main][INFO ][net.blog.BlogApplication]:No active profile set, falling back to default profiles: default
[2020/08/07-20:20:42][main][INFO ][net.blog.BlogApplication]:Started BlogApplication in 5.873 seconds (JVM running for 6.809)
[2020/08/07-20:20:45][http-nio-8081-exec-2][INFO ][net.blog.services.impl.UserServiceImpl]:captcha font type index ==> 1
[2020/08/07-20:20:45][http-nio-8081-exec-2][INFO ][net.blog.services.impl.UserServiceImpl]:captcha content == > cpr8e
[2020/08/07-20:26:18][main][INFO ][net.blog.BlogApplication]:BlogApplication run...
[2020/08/07-20:26:19][main][INFO ][net.blog.BlogApplication]:Starting BlogApplication on Innovation with PID 2768 (D:\Codes\BlogSystem\target\classes started by ETNJL in D:\Codes\BlogSystem)
[2020/08/07-20:26:19][main][INFO ][net.blog.BlogApplication]:No active profile set, falling back to default profiles: default
[2020/08/07-20:26:25][main][INFO ][net.blog.BlogApplication]:Started BlogApplication in 6.529 seconds (JVM running for 7.653)
[2020/08/07-20:26:27][http-nio-8081-exec-2][INFO ][net.blog.services.impl.UserServiceImpl]:captcha font type index ==> 3
[2020/08/07-20:26:27][http-nio-8081-exec-2][INFO ][net.blog.services.impl.UserServiceImpl]:captcha content == > j8y4n
[2020/08/07-20:37:06][main][INFO ][net.blog.BlogApplication]:BlogApplication run...
[2020/08/07-20:37:06][main][INFO ][net.blog.BlogApplication]:Starting BlogApplication on Innovation with PID 2720 (D:\Codes\BlogSystem\target\classes started by ETNJL in D:\Codes\BlogSystem)
[2020/08/07-20:37:06][main][INFO ][net.blog.BlogApplication]:No active profile set, falling back to default profiles: default
[2020/08/07-20:37:13][main][INFO ][net.blog.BlogApplication]:Started BlogApplication in 7.102 seconds (JVM running for 8.197)
[2020/08/07-20:37:15][http-nio-8081-exec-2][INFO ][net.blog.services.impl.UserServiceImpl]:captcha font type index ==> 2
[2020/08/07-20:37:15][http-nio-8081-exec-2][INFO ][net.blog.services.impl.UserServiceImpl]:captcha content == > 6j7fn
[2020/08/07-20:46:51][main][INFO ][net.blog.BlogApplication]:BlogApplication run...
[2020/08/07-20:46:52][main][INFO ][net.blog.BlogApplication]:Starting BlogApplication on Innovation with PID 9840 (D:\Codes\BlogSystem\target\classes started by ETNJL in D:\Codes\BlogSystem)
[2020/08/07-20:46:52][main][INFO ][net.blog.BlogApplication]:No active profile set, falling back to default profiles: default
[2020/08/07-20:46:59][main][INFO ][net.blog.BlogApplication]:Started BlogApplication in 7.473 seconds (JVM running for 8.617)
[2020/08/07-20:47:00][http-nio-8081-exec-2][INFO ][net.blog.services.impl.UserServiceImpl]:captcha font type index ==> 2
[2020/08/07-20:47:00][http-nio-8081-exec-2][INFO ][net.blog.services.impl.UserServiceImpl]:captcha content == > -6
[2020/08/07-20:52:58][main][INFO ][net.blog.BlogApplication]:BlogApplication run...
[2020/08/07-20:52:59][main][INFO ][net.blog.BlogApplication]:Starting BlogApplication on Innovation with PID 5796 (D:\Codes\BlogSystem\target\classes started by ETNJL in D:\Codes\BlogSystem)
[2020/08/07-20:52:59][main][INFO ][net.blog.BlogApplication]:No active profile set, falling back to default profiles: default
[2020/08/07-21:01:40][main][INFO ][net.blog.BlogApplication]:BlogApplication run...
[2020/08/07-21:01:41][main][INFO ][net.blog.BlogApplication]:Starting BlogApplication on Innovation with PID 6348 (D:\Codes\BlogSystem\target\classes started by ETNJL in D:\Codes\BlogSystem)
[2020/08/07-21:01:41][main][INFO ][net.blog.BlogApplication]:No active profile set, falling back to default profiles: default
[2020/08/07-21:01:48][main][INFO ][net.blog.BlogApplication]:Started BlogApplication in 8.065 seconds (JVM running for 9.461)
[2020/08/07-21:01:53][http-nio-8081-exec-1][INFO ][net.blog.services.impl.UserServiceImpl]:captcha font type index ==> 8
[2020/08/07-21:01:53][http-nio-8081-exec-1][INFO ][net.blog.services.impl.UserServiceImpl]:captcha content == > g6sqs
[2020/08/07-21:09:20][main][INFO ][net.blog.BlogApplication]:BlogApplication run...
[2020/08/07-21:09:21][main][INFO ][net.blog.BlogApplication]:Starting BlogApplication on Innovation with PID 3988 (D:\Codes\BlogSystem\target\classes started by ETNJL in D:\Codes\BlogSystem)
[2020/08/07-21:09:21][main][INFO ][net.blog.BlogApplication]:No active profile set, falling back to default profiles: default
[2020/08/07-21:09:28][main][INFO ][net.blog.BlogApplication]:Started BlogApplication in 7.845 seconds (JVM running for 9.011)
[2020/08/07-21:09:40][http-nio-8081-exec-1][INFO ][net.blog.services.impl.UserServiceImpl]:captcha font type index ==> 1
[2020/08/07-21:09:40][http-nio-8081-exec-1][INFO ][net.blog.services.impl.UserServiceImpl]:captcha content == > 2kxhz
[2020/08/07-21:11:05][main][INFO ][net.blog.BlogApplication]:BlogApplication run...
[2020/08/07-21:11:06][main][INFO ][net.blog.BlogApplication]:Starting BlogApplication on Innovation with PID 7972 (D:\Codes\BlogSystem\target\classes started by ETNJL in D:\Codes\BlogSystem)
[2020/08/07-21:11:06][main][INFO ][net.blog.BlogApplication]:No active profile set, falling back to default profiles: default
[2020/08/07-21:23:50][main][INFO ][net.blog.BlogApplication]:BlogApplication run...
[2020/08/07-21:23:51][main][INFO ][net.blog.BlogApplication]:Starting BlogApplication on Innovation with PID 6968 (D:\Codes\BlogSystem\target\classes started by ETNJL in D:\Codes\BlogSystem)
[2020/08/07-21:23:51][main][INFO ][net.blog.BlogApplication]:No active profile set, falling back to default profiles: default
[2020/08/07-21:23:57][main][INFO ][net.blog.BlogApplication]:Started BlogApplication in 6.899 seconds (JVM running for 8.008)
[2020/08/07-21:24:48][http-nio-8081-exec-1][INFO ][net.blog.controller.user.UserApi]:email ==>zh-bebop@outlook.com
[2020/08/07-21:24:48][http-nio-8081-exec-1][INFO ][net.blog.services.impl.UserServiceImpl]:sendEmail ==>  ip ==> 0:0:0:0:0:0:0:1
[2020/08/07-21:24:49][http-nio-8081-exec-1][INFO ][net.blog.services.impl.UserServiceImpl]:sendEmail ==> 784983
[2020/08/07-21:24:50][blog_task_worker-1][INFO ][net.blog.utils.EmailSender]:email send...
[2020/08/07-21:26:18][http-nio-8081-exec-6][INFO ][net.blog.services.impl.UserServiceImpl]:captcha font type index ==> 4
[2020/08/07-21:26:18][http-nio-8081-exec-6][INFO ][net.blog.services.impl.UserServiceImpl]:captcha content == > f5tkm
[2020/08/07-21:46:50][main][INFO ][net.blog.BlogApplication]:BlogApplication run...
[2020/08/07-21:46:51][main][INFO ][net.blog.BlogApplication]:Starting BlogApplication on Innovation with PID 11892 (D:\Codes\BlogSystem\target\classes started by ETNJL in D:\Codes\BlogSystem)
[2020/08/07-21:46:51][main][INFO ][net.blog.BlogApplication]:No active profile set, falling back to default profiles: default
[2020/08/07-21:46:58][main][INFO ][net.blog.BlogApplication]:Started BlogApplication in 7.903 seconds (JVM running for 9.086)
[2020/08/07-21:47:05][http-nio-8081-exec-3][INFO ][net.blog.services.impl.UserServiceImpl]:captcha font type index ==> 0
[2020/08/07-21:47:05][http-nio-8081-exec-3][INFO ][net.blog.services.impl.UserServiceImpl]:captcha content == > 0
