[2020/09/15-22:44:53][main][INFO ][net.blog.BlogApplication]:BlogApplication run...
[2020/09/15-22:44:54][main][INFO ][net.blog.BlogApplication]:Starting BlogApplication on Innovation with PID 444 (D:\Codes\BlogSystem\target\classes started by ETNJL in D:\Codes\BlogSystem)
[2020/09/15-22:44:54][main][INFO ][net.blog.BlogApplication]:The following profiles are active: prod
[2020/09/15-22:45:03][main][INFO ][net.blog.BlogApplication]:Started BlogApplication in 9.687 seconds (JVM running for 10.628)
[2020/09/15-22:49:44][http-nio-8082-exec-6][INFO ][net.blog.interceptor.ApiInterceptor]:method name == > uiConfiguration
[2020/09/15-22:49:44][http-nio-8082-exec-1][INFO ][net.blog.interceptor.ApiInterceptor]:method name == > securityConfiguration
[2020/09/15-22:49:44][http-nio-8082-exec-5][INFO ][net.blog.interceptor.ApiInterceptor]:method name == > swaggerResources
[2020/09/15-22:49:44][http-nio-8082-exec-9][INFO ][net.blog.interceptor.ApiInterceptor]:method name == > page404
[2020/09/15-22:49:45][http-nio-8082-exec-2][INFO ][net.blog.interceptor.ApiInterceptor]:method name == > page404
[2020/09/15-23:08:36][http-nio-8082-exec-1][INFO ][net.blog.interceptor.ApiInterceptor]:method name == > parseToken
[2020/09/15-23:08:36][http-nio-8082-exec-1][INFO ][net.blog.services.impl.UserServiceImpl]:checkUser tokenKey == > p_ebbb9532d5bfbc0942f058d1ed073475
[2020/09/15-23:08:37][http-nio-8082-exec-1][INFO ][net.blog.services.impl.UserServiceImpl]:parseByTokenKey token == >null
[2020/09/15-23:08:37][http-nio-8082-exec-1][INFO ][net.blog.services.impl.UserServiceImpl]:create new token and refresh token...
[2020/09/15-23:08:37][http-nio-8082-exec-1][INFO ][net.blog.services.impl.UserServiceImpl]:parseByTokenKey token == >eyJhbGciOiJIUzI1NiJ9.eyJ1c2VyX25hbWUiOiJBZG1pbkNodWFuIiwicm9sZXMiOiJyb2xlX2FkbWluIiwic2lnbiI6IkxCV05CMTIzIiwiZnJvbSI6InBfIiwiaWQiOiI3NDE2MjY0ODU1Mzc3Njc0MjQiLCJhdmF0YXIiOiJodHRwOi8vbG9jYWxob3N0OjgwODIvcG9ydGFsL2ltYWdlLzE1OTkwMjE2MDg5NzJfNzUwNjk2NTY3NTUxMjk1NDg4LnBuZyIsImV4cCI6MTYwMDE4NjExNywiZW1haWwiOiJldG5qbEBvdXRsb29rLmNvbSJ9.SXaeKyJOuT5rT65T6XwmC701zz4TktDECi1JS5nRn1A
[2020/09/15-23:56:23][http-nio-8082-exec-7][INFO ][net.blog.interceptor.ApiInterceptor]:method name == > parseToken
[2020/09/15-23:56:23][http-nio-8082-exec-7][INFO ][net.blog.services.impl.UserServiceImpl]:checkUser tokenKey == > p_9078111d491d297fd2e6099bb177418f
[2020/09/15-23:56:23][http-nio-8082-exec-7][INFO ][net.blog.services.impl.UserServiceImpl]:parseByTokenKey token == >eyJhbGciOiJIUzI1NiJ9.eyJ1c2VyX25hbWUiOiJBZG1pbkNodWFuIiwicm9sZXMiOiJyb2xlX2FkbWluIiwic2lnbiI6IkxCV05CMTIzIiwiZnJvbSI6InBfIiwiaWQiOiI3NDE2MjY0ODU1Mzc3Njc0MjQiLCJhdmF0YXIiOiJodHRwOi8vbG9jYWxob3N0OjgwODIvcG9ydGFsL2ltYWdlLzE1OTkwMjE2MDg5NzJfNzUwNjk2NTY3NTUxMjk1NDg4LnBuZyIsImV4cCI6MTYwMDE4NjExNywiZW1haWwiOiJldG5qbEBvdXRsb29rLmNvbSJ9.SXaeKyJOuT5rT65T6XwmC701zz4TktDECi1JS5nRn1A
[2020/09/15-23:56:23][http-nio-8082-exec-3][INFO ][net.blog.interceptor.ApiInterceptor]:method name == > listCategories
[2020/09/15-23:56:23][http-nio-8082-exec-10][INFO ][net.blog.interceptor.ApiInterceptor]:method name == > listImages
[2020/09/15-23:56:24][http-nio-8082-exec-3][INFO ][net.blog.services.impl.UserServiceImpl]:checkUser tokenKey == > p_9078111d491d297fd2e6099bb177418f
[2020/09/15-23:56:24][http-nio-8082-exec-3][INFO ][net.blog.services.impl.UserServiceImpl]:parseByTokenKey token == >eyJhbGciOiJIUzI1NiJ9.eyJ1c2VyX25hbWUiOiJBZG1pbkNodWFuIiwicm9sZXMiOiJyb2xlX2FkbWluIiwic2lnbiI6IkxCV05CMTIzIiwiZnJvbSI6InBfIiwiaWQiOiI3NDE2MjY0ODU1Mzc3Njc0MjQiLCJhdmF0YXIiOiJodHRwOi8vbG9jYWxob3N0OjgwODIvcG9ydGFsL2ltYWdlLzE1OTkwMjE2MDg5NzJfNzUwNjk2NTY3NTUxMjk1NDg4LnBuZyIsImV4cCI6MTYwMDE4NjExNywiZW1haWwiOiJldG5qbEBvdXRsb29rLmNvbSJ9.SXaeKyJOuT5rT65T6XwmC701zz4TktDECi1JS5nRn1A
[2020/09/15-23:56:24][http-nio-8082-exec-10][INFO ][net.blog.services.impl.UserServiceImpl]:checkUser tokenKey == > p_9078111d491d297fd2e6099bb177418f
[2020/09/15-23:56:24][http-nio-8082-exec-10][INFO ][net.blog.services.impl.UserServiceImpl]:parseByTokenKey token == >eyJhbGciOiJIUzI1NiJ9.eyJ1c2VyX25hbWUiOiJBZG1pbkNodWFuIiwicm9sZXMiOiJyb2xlX2FkbWluIiwic2lnbiI6IkxCV05CMTIzIiwiZnJvbSI6InBfIiwiaWQiOiI3NDE2MjY0ODU1Mzc3Njc0MjQiLCJhdmF0YXIiOiJodHRwOi8vbG9jYWxob3N0OjgwODIvcG9ydGFsL2ltYWdlLzE1OTkwMjE2MDg5NzJfNzUwNjk2NTY3NTUxMjk1NDg4LnBuZyIsImV4cCI6MTYwMDE4NjExNywiZW1haWwiOiJldG5qbEBvdXRsb29rLmNvbSJ9.SXaeKyJOuT5rT65T6XwmC701zz4TktDECi1JS5nRn1A
[2020/09/15-23:56:24][http-nio-8082-exec-3][INFO ][net.blog.services.impl.UserServiceImpl]:checkUser tokenKey == > p_9078111d491d297fd2e6099bb177418f
[2020/09/15-23:56:24][http-nio-8082-exec-3][INFO ][net.blog.services.impl.UserServiceImpl]:parseByTokenKey token == >eyJhbGciOiJIUzI1NiJ9.eyJ1c2VyX25hbWUiOiJBZG1pbkNodWFuIiwicm9sZXMiOiJyb2xlX2FkbWluIiwic2lnbiI6IkxCV05CMTIzIiwiZnJvbSI6InBfIiwiaWQiOiI3NDE2MjY0ODU1Mzc3Njc0MjQiLCJhdmF0YXIiOiJodHRwOi8vbG9jYWxob3N0OjgwODIvcG9ydGFsL2ltYWdlLzE1OTkwMjE2MDg5NzJfNzUwNjk2NTY3NTUxMjk1NDg4LnBuZyIsImV4cCI6MTYwMDE4NjExNywiZW1haWwiOiJldG5qbEBvdXRsb29rLmNvbSJ9.SXaeKyJOuT5rT65T6XwmC701zz4TktDECi1JS5nRn1A
[2020/09/15-23:56:24][http-nio-8082-exec-10][INFO ][net.blog.services.impl.UserServiceImpl]:checkUser tokenKey == > p_9078111d491d297fd2e6099bb177418f
[2020/09/15-23:56:24][http-nio-8082-exec-10][INFO ][net.blog.services.impl.UserServiceImpl]:parseByTokenKey token == >eyJhbGciOiJIUzI1NiJ9.eyJ1c2VyX25hbWUiOiJBZG1pbkNodWFuIiwicm9sZXMiOiJyb2xlX2FkbWluIiwic2lnbiI6IkxCV05CMTIzIiwiZnJvbSI6InBfIiwiaWQiOiI3NDE2MjY0ODU1Mzc3Njc0MjQiLCJhdmF0YXIiOiJodHRwOi8vbG9jYWxob3N0OjgwODIvcG9ydGFsL2ltYWdlLzE1OTkwMjE2MDg5NzJfNzUwNjk2NTY3NTUxMjk1NDg4LnBuZyIsImV4cCI6MTYwMDE4NjExNywiZW1haWwiOiJldG5qbEBvdXRsb29rLmNvbSJ9.SXaeKyJOuT5rT65T6XwmC701zz4TktDECi1JS5nRn1A
[2020/09/15-23:56:25][http-nio-8082-exec-4][INFO ][net.blog.interceptor.ApiInterceptor]:method name == > parseToken
[2020/09/15-23:56:25][http-nio-8082-exec-4][INFO ][net.blog.services.impl.UserServiceImpl]:checkUser tokenKey == > p_9078111d491d297fd2e6099bb177418f
[2020/09/15-23:56:25][http-nio-8082-exec-4][INFO ][net.blog.services.impl.UserServiceImpl]:parseByTokenKey token == >eyJhbGciOiJIUzI1NiJ9.eyJ1c2VyX25hbWUiOiJBZG1pbkNodWFuIiwicm9sZXMiOiJyb2xlX2FkbWluIiwic2lnbiI6IkxCV05CMTIzIiwiZnJvbSI6InBfIiwiaWQiOiI3NDE2MjY0ODU1Mzc3Njc0MjQiLCJhdmF0YXIiOiJodHRwOi8vbG9jYWxob3N0OjgwODIvcG9ydGFsL2ltYWdlLzE1OTkwMjE2MDg5NzJfNzUwNjk2NTY3NTUxMjk1NDg4LnBuZyIsImV4cCI6MTYwMDE4NjExNywiZW1haWwiOiJldG5qbEBvdXRsb29rLmNvbSJ9.SXaeKyJOuT5rT65T6XwmC701zz4TktDECi1JS5nRn1A
[2020/09/15-23:56:25][http-nio-8082-exec-6][INFO ][net.blog.interceptor.ApiInterceptor]:method name == > listUser
[2020/09/15-23:56:25][http-nio-8082-exec-6][INFO ][net.blog.services.impl.UserServiceImpl]:checkUser tokenKey == > p_9078111d491d297fd2e6099bb177418f
[2020/09/15-23:56:25][http-nio-8082-exec-6][INFO ][net.blog.services.impl.UserServiceImpl]:parseByTokenKey token == >eyJhbGciOiJIUzI1NiJ9.eyJ1c2VyX25hbWUiOiJBZG1pbkNodWFuIiwicm9sZXMiOiJyb2xlX2FkbWluIiwic2lnbiI6IkxCV05CMTIzIiwiZnJvbSI6InBfIiwiaWQiOiI3NDE2MjY0ODU1Mzc3Njc0MjQiLCJhdmF0YXIiOiJodHRwOi8vbG9jYWxob3N0OjgwODIvcG9ydGFsL2ltYWdlLzE1OTkwMjE2MDg5NzJfNzUwNjk2NTY3NTUxMjk1NDg4LnBuZyIsImV4cCI6MTYwMDE4NjExNywiZW1haWwiOiJldG5qbEBvdXRsb29rLmNvbSJ9.SXaeKyJOuT5rT65T6XwmC701zz4TktDECi1JS5nRn1A
[2020/09/15-23:56:25][http-nio-8082-exec-1][INFO ][net.blog.interceptor.ApiInterceptor]:method name == > getImage
[2020/09/15-23:56:25][http-nio-8082-exec-1][INFO ][net.blog.services.impl.ImageServiceImpl]:viewImage format == >2020_09_02
[2020/09/15-23:56:25][http-nio-8082-exec-1][INFO ][net.blog.services.impl.ImageServiceImpl]:get image target path == >D:\Codes\BlogSystem\logs\images\2020_09_02\png\750696567551295488.png
[2020/09/15-23:56:27][http-nio-8082-exec-5][INFO ][net.blog.interceptor.ApiInterceptor]:method name == > parseToken
[2020/09/15-23:56:27][http-nio-8082-exec-5][INFO ][net.blog.services.impl.UserServiceImpl]:checkUser tokenKey == > p_9078111d491d297fd2e6099bb177418f
[2020/09/15-23:56:27][http-nio-8082-exec-5][INFO ][net.blog.services.impl.UserServiceImpl]:parseByTokenKey token == >eyJhbGciOiJIUzI1NiJ9.eyJ1c2VyX25hbWUiOiJBZG1pbkNodWFuIiwicm9sZXMiOiJyb2xlX2FkbWluIiwic2lnbiI6IkxCV05CMTIzIiwiZnJvbSI6InBfIiwiaWQiOiI3NDE2MjY0ODU1Mzc3Njc0MjQiLCJhdmF0YXIiOiJodHRwOi8vbG9jYWxob3N0OjgwODIvcG9ydGFsL2ltYWdlLzE1OTkwMjE2MDg5NzJfNzUwNjk2NTY3NTUxMjk1NDg4LnBuZyIsImV4cCI6MTYwMDE4NjExNywiZW1haWwiOiJldG5qbEBvdXRsb29rLmNvbSJ9.SXaeKyJOuT5rT65T6XwmC701zz4TktDECi1JS5nRn1A
[2020/09/15-23:56:27][http-nio-8082-exec-8][INFO ][net.blog.interceptor.ApiInterceptor]:method name == > listImages
[2020/09/15-23:56:27][http-nio-8082-exec-2][INFO ][net.blog.interceptor.ApiInterceptor]:method name == > listCategories
[2020/09/15-23:56:27][http-nio-8082-exec-2][INFO ][net.blog.services.impl.UserServiceImpl]:checkUser tokenKey == > p_9078111d491d297fd2e6099bb177418f
[2020/09/15-23:56:27][http-nio-8082-exec-8][INFO ][net.blog.services.impl.UserServiceImpl]:checkUser tokenKey == > p_9078111d491d297fd2e6099bb177418f
[2020/09/15-23:56:27][http-nio-8082-exec-2][INFO ][net.blog.services.impl.UserServiceImpl]:parseByTokenKey token == >eyJhbGciOiJIUzI1NiJ9.eyJ1c2VyX25hbWUiOiJBZG1pbkNodWFuIiwicm9sZXMiOiJyb2xlX2FkbWluIiwic2lnbiI6IkxCV05CMTIzIiwiZnJvbSI6InBfIiwiaWQiOiI3NDE2MjY0ODU1Mzc3Njc0MjQiLCJhdmF0YXIiOiJodHRwOi8vbG9jYWxob3N0OjgwODIvcG9ydGFsL2ltYWdlLzE1OTkwMjE2MDg5NzJfNzUwNjk2NTY3NTUxMjk1NDg4LnBuZyIsImV4cCI6MTYwMDE4NjExNywiZW1haWwiOiJldG5qbEBvdXRsb29rLmNvbSJ9.SXaeKyJOuT5rT65T6XwmC701zz4TktDECi1JS5nRn1A
[2020/09/15-23:56:27][http-nio-8082-exec-8][INFO ][net.blog.services.impl.UserServiceImpl]:parseByTokenKey token == >eyJhbGciOiJIUzI1NiJ9.eyJ1c2VyX25hbWUiOiJBZG1pbkNodWFuIiwicm9sZXMiOiJyb2xlX2FkbWluIiwic2lnbiI6IkxCV05CMTIzIiwiZnJvbSI6InBfIiwiaWQiOiI3NDE2MjY0ODU1Mzc3Njc0MjQiLCJhdmF0YXIiOiJodHRwOi8vbG9jYWxob3N0OjgwODIvcG9ydGFsL2ltYWdlLzE1OTkwMjE2MDg5NzJfNzUwNjk2NTY3NTUxMjk1NDg4LnBuZyIsImV4cCI6MTYwMDE4NjExNywiZW1haWwiOiJldG5qbEBvdXRsb29rLmNvbSJ9.SXaeKyJOuT5rT65T6XwmC701zz4TktDECi1JS5nRn1A
[2020/09/15-23:56:27][http-nio-8082-exec-8][INFO ][net.blog.services.impl.UserServiceImpl]:checkUser tokenKey == > p_9078111d491d297fd2e6099bb177418f
[2020/09/15-23:56:27][http-nio-8082-exec-2][INFO ][net.blog.services.impl.UserServiceImpl]:checkUser tokenKey == > p_9078111d491d297fd2e6099bb177418f
[2020/09/15-23:56:27][http-nio-8082-exec-8][INFO ][net.blog.services.impl.UserServiceImpl]:parseByTokenKey token == >eyJhbGciOiJIUzI1NiJ9.eyJ1c2VyX25hbWUiOiJBZG1pbkNodWFuIiwicm9sZXMiOiJyb2xlX2FkbWluIiwic2lnbiI6IkxCV05CMTIzIiwiZnJvbSI6InBfIiwiaWQiOiI3NDE2MjY0ODU1Mzc3Njc0MjQiLCJhdmF0YXIiOiJodHRwOi8vbG9jYWxob3N0OjgwODIvcG9ydGFsL2ltYWdlLzE1OTkwMjE2MDg5NzJfNzUwNjk2NTY3NTUxMjk1NDg4LnBuZyIsImV4cCI6MTYwMDE4NjExNywiZW1haWwiOiJldG5qbEBvdXRsb29rLmNvbSJ9.SXaeKyJOuT5rT65T6XwmC701zz4TktDECi1JS5nRn1A
[2020/09/15-23:56:27][http-nio-8082-exec-2][INFO ][net.blog.services.impl.UserServiceImpl]:parseByTokenKey token == >eyJhbGciOiJIUzI1NiJ9.eyJ1c2VyX25hbWUiOiJBZG1pbkNodWFuIiwicm9sZXMiOiJyb2xlX2FkbWluIiwic2lnbiI6IkxCV05CMTIzIiwiZnJvbSI6InBfIiwiaWQiOiI3NDE2MjY0ODU1Mzc3Njc0MjQiLCJhdmF0YXIiOiJodHRwOi8vbG9jYWxob3N0OjgwODIvcG9ydGFsL2ltYWdlLzE1OTkwMjE2MDg5NzJfNzUwNjk2NTY3NTUxMjk1NDg4LnBuZyIsImV4cCI6MTYwMDE4NjExNywiZW1haWwiOiJldG5qbEBvdXRsb29rLmNvbSJ9.SXaeKyJOuT5rT65T6XwmC701zz4TktDECi1JS5nRn1A
[2020/09/15-23:56:27][http-nio-8082-exec-9][INFO ][net.blog.interceptor.ApiInterceptor]:method name == > parseToken
[2020/09/15-23:56:27][http-nio-8082-exec-9][INFO ][net.blog.services.impl.UserServiceImpl]:checkUser tokenKey == > p_9078111d491d297fd2e6099bb177418f
[2020/09/15-23:56:27][http-nio-8082-exec-9][INFO ][net.blog.services.impl.UserServiceImpl]:parseByTokenKey token == >eyJhbGciOiJIUzI1NiJ9.eyJ1c2VyX25hbWUiOiJBZG1pbkNodWFuIiwicm9sZXMiOiJyb2xlX2FkbWluIiwic2lnbiI6IkxCV05CMTIzIiwiZnJvbSI6InBfIiwiaWQiOiI3NDE2MjY0ODU1Mzc3Njc0MjQiLCJhdmF0YXIiOiJodHRwOi8vbG9jYWxob3N0OjgwODIvcG9ydGFsL2ltYWdlLzE1OTkwMjE2MDg5NzJfNzUwNjk2NTY3NTUxMjk1NDg4LnBuZyIsImV4cCI6MTYwMDE4NjExNywiZW1haWwiOiJldG5qbEBvdXRsb29rLmNvbSJ9.SXaeKyJOuT5rT65T6XwmC701zz4TktDECi1JS5nRn1A
[2020/09/15-23:56:27][http-nio-8082-exec-7][INFO ][net.blog.interceptor.ApiInterceptor]:method name == > listArticles
[2020/09/15-23:56:27][http-nio-8082-exec-7][INFO ][net.blog.services.impl.UserServiceImpl]:checkUser tokenKey == > p_9078111d491d297fd2e6099bb177418f
[2020/09/15-23:56:27][http-nio-8082-exec-7][INFO ][net.blog.services.impl.UserServiceImpl]:parseByTokenKey token == >eyJhbGciOiJIUzI1NiJ9.eyJ1c2VyX25hbWUiOiJBZG1pbkNodWFuIiwicm9sZXMiOiJyb2xlX2FkbWluIiwic2lnbiI6IkxCV05CMTIzIiwiZnJvbSI6InBfIiwiaWQiOiI3NDE2MjY0ODU1Mzc3Njc0MjQiLCJhdmF0YXIiOiJodHRwOi8vbG9jYWxob3N0OjgwODIvcG9ydGFsL2ltYWdlLzE1OTkwMjE2MDg5NzJfNzUwNjk2NTY3NTUxMjk1NDg4LnBuZyIsImV4cCI6MTYwMDE4NjExNywiZW1haWwiOiJldG5qbEBvdXRsb29rLmNvbSJ9.SXaeKyJOuT5rT65T6XwmC701zz4TktDECi1JS5nRn1A
[2020/09/15-23:56:28][http-nio-8082-exec-3][INFO ][net.blog.interceptor.ApiInterceptor]:method name == > parseToken
[2020/09/15-23:56:28][http-nio-8082-exec-3][INFO ][net.blog.services.impl.UserServiceImpl]:checkUser tokenKey == > p_9078111d491d297fd2e6099bb177418f
[2020/09/15-23:56:28][http-nio-8082-exec-3][INFO ][net.blog.services.impl.UserServiceImpl]:parseByTokenKey token == >eyJhbGciOiJIUzI1NiJ9.eyJ1c2VyX25hbWUiOiJBZG1pbkNodWFuIiwicm9sZXMiOiJyb2xlX2FkbWluIiwic2lnbiI6IkxCV05CMTIzIiwiZnJvbSI6InBfIiwiaWQiOiI3NDE2MjY0ODU1Mzc3Njc0MjQiLCJhdmF0YXIiOiJodHRwOi8vbG9jYWxob3N0OjgwODIvcG9ydGFsL2ltYWdlLzE1OTkwMjE2MDg5NzJfNzUwNjk2NTY3NTUxMjk1NDg4LnBuZyIsImV4cCI6MTYwMDE4NjExNywiZW1haWwiOiJldG5qbEBvdXRsb29rLmNvbSJ9.SXaeKyJOuT5rT65T6XwmC701zz4TktDECi1JS5nRn1A
[2020/09/15-23:56:33][http-nio-8082-exec-10][INFO ][net.blog.interceptor.ApiInterceptor]:method name == > parseToken
[2020/09/15-23:56:33][http-nio-8082-exec-10][INFO ][net.blog.services.impl.UserServiceImpl]:checkUser tokenKey == > p_9078111d491d297fd2e6099bb177418f
[2020/09/15-23:56:33][http-nio-8082-exec-10][INFO ][net.blog.services.impl.UserServiceImpl]:parseByTokenKey token == >eyJhbGciOiJIUzI1NiJ9.eyJ1c2VyX25hbWUiOiJBZG1pbkNodWFuIiwicm9sZXMiOiJyb2xlX2FkbWluIiwic2lnbiI6IkxCV05CMTIzIiwiZnJvbSI6InBfIiwiaWQiOiI3NDE2MjY0ODU1Mzc3Njc0MjQiLCJhdmF0YXIiOiJodHRwOi8vbG9jYWxob3N0OjgwODIvcG9ydGFsL2ltYWdlLzE1OTkwMjE2MDg5NzJfNzUwNjk2NTY3NTUxMjk1NDg4LnBuZyIsImV4cCI6MTYwMDE4NjExNywiZW1haWwiOiJldG5qbEBvdXRsb29rLmNvbSJ9.SXaeKyJOuT5rT65T6XwmC701zz4TktDECi1JS5nRn1A
[2020/09/15-23:56:33][http-nio-8082-exec-4][INFO ][net.blog.interceptor.ApiInterceptor]:method name == > listArticles
[2020/09/15-23:56:33][http-nio-8082-exec-4][INFO ][net.blog.services.impl.UserServiceImpl]:checkUser tokenKey == > p_9078111d491d297fd2e6099bb177418f
[2020/09/15-23:56:33][http-nio-8082-exec-4][INFO ][net.blog.services.impl.UserServiceImpl]:parseByTokenKey token == >eyJhbGciOiJIUzI1NiJ9.eyJ1c2VyX25hbWUiOiJBZG1pbkNodWFuIiwicm9sZXMiOiJyb2xlX2FkbWluIiwic2lnbiI6IkxCV05CMTIzIiwiZnJvbSI6InBfIiwiaWQiOiI3NDE2MjY0ODU1Mzc3Njc0MjQiLCJhdmF0YXIiOiJodHRwOi8vbG9jYWxob3N0OjgwODIvcG9ydGFsL2ltYWdlLzE1OTkwMjE2MDg5NzJfNzUwNjk2NTY3NTUxMjk1NDg4LnBuZyIsImV4cCI6MTYwMDE4NjExNywiZW1haWwiOiJldG5qbEBvdXRsb29rLmNvbSJ9.SXaeKyJOuT5rT65T6XwmC701zz4TktDECi1JS5nRn1A
[2020/09/15-23:56:33][http-nio-8082-exec-4][INFO ][net.blog.services.impl.ArticleServiceImpl]:article list first page from redis
[2020/09/15-23:56:41][http-nio-8082-exec-6][INFO ][net.blog.interceptor.ApiInterceptor]:method name == > parseToken
[2020/09/15-23:56:41][http-nio-8082-exec-6][INFO ][net.blog.services.impl.UserServiceImpl]:checkUser tokenKey == > p_9078111d491d297fd2e6099bb177418f
[2020/09/15-23:56:41][http-nio-8082-exec-6][INFO ][net.blog.services.impl.UserServiceImpl]:parseByTokenKey token == >eyJhbGciOiJIUzI1NiJ9.eyJ1c2VyX25hbWUiOiJBZG1pbkNodWFuIiwicm9sZXMiOiJyb2xlX2FkbWluIiwic2lnbiI6IkxCV05CMTIzIiwiZnJvbSI6InBfIiwiaWQiOiI3NDE2MjY0ODU1Mzc3Njc0MjQiLCJhdmF0YXIiOiJodHRwOi8vbG9jYWxob3N0OjgwODIvcG9ydGFsL2ltYWdlLzE1OTkwMjE2MDg5NzJfNzUwNjk2NTY3NTUxMjk1NDg4LnBuZyIsImV4cCI6MTYwMDE4NjExNywiZW1haWwiOiJldG5qbEBvdXRsb29rLmNvbSJ9.SXaeKyJOuT5rT65T6XwmC701zz4TktDECi1JS5nRn1A
[2020/09/15-23:56:42][http-nio-8082-exec-1][INFO ][net.blog.interceptor.ApiInterceptor]:method name == > listArticles
[2020/09/15-23:56:42][http-nio-8082-exec-1][INFO ][net.blog.services.impl.UserServiceImpl]:checkUser tokenKey == > p_9078111d491d297fd2e6099bb177418f
[2020/09/15-23:56:42][http-nio-8082-exec-1][INFO ][net.blog.services.impl.UserServiceImpl]:parseByTokenKey token == >eyJhbGciOiJIUzI1NiJ9.eyJ1c2VyX25hbWUiOiJBZG1pbkNodWFuIiwicm9sZXMiOiJyb2xlX2FkbWluIiwic2lnbiI6IkxCV05CMTIzIiwiZnJvbSI6InBfIiwiaWQiOiI3NDE2MjY0ODU1Mzc3Njc0MjQiLCJhdmF0YXIiOiJodHRwOi8vbG9jYWxob3N0OjgwODIvcG9ydGFsL2ltYWdlLzE1OTkwMjE2MDg5NzJfNzUwNjk2NTY3NTUxMjk1NDg4LnBuZyIsImV4cCI6MTYwMDE4NjExNywiZW1haWwiOiJldG5qbEBvdXRsb29rLmNvbSJ9.SXaeKyJOuT5rT65T6XwmC701zz4TktDECi1JS5nRn1A
[2020/09/15-23:56:42][http-nio-8082-exec-1][INFO ][net.blog.services.impl.ArticleServiceImpl]:article list first page from redis
[2020/09/15-23:56:45][http-nio-8082-exec-5][INFO ][net.blog.interceptor.ApiInterceptor]:method name == > parseToken
[2020/09/15-23:56:45][http-nio-8082-exec-5][INFO ][net.blog.services.impl.UserServiceImpl]:checkUser tokenKey == > p_9078111d491d297fd2e6099bb177418f
[2020/09/15-23:56:45][http-nio-8082-exec-5][INFO ][net.blog.services.impl.UserServiceImpl]:parseByTokenKey token == >eyJhbGciOiJIUzI1NiJ9.eyJ1c2VyX25hbWUiOiJBZG1pbkNodWFuIiwicm9sZXMiOiJyb2xlX2FkbWluIiwic2lnbiI6IkxCV05CMTIzIiwiZnJvbSI6InBfIiwiaWQiOiI3NDE2MjY0ODU1Mzc3Njc0MjQiLCJhdmF0YXIiOiJodHRwOi8vbG9jYWxob3N0OjgwODIvcG9ydGFsL2ltYWdlLzE1OTkwMjE2MDg5NzJfNzUwNjk2NTY3NTUxMjk1NDg4LnBuZyIsImV4cCI6MTYwMDE4NjExNywiZW1haWwiOiJldG5qbEBvdXRsb29rLmNvbSJ9.SXaeKyJOuT5rT65T6XwmC701zz4TktDECi1JS5nRn1A
[2020/09/15-23:56:46][http-nio-8082-exec-2][INFO ][net.blog.interceptor.ApiInterceptor]:method name == > parseToken
[2020/09/15-23:56:46][http-nio-8082-exec-2][INFO ][net.blog.services.impl.UserServiceImpl]:checkUser tokenKey == > p_9078111d491d297fd2e6099bb177418f
[2020/09/15-23:56:46][http-nio-8082-exec-2][INFO ][net.blog.services.impl.UserServiceImpl]:parseByTokenKey token == >eyJhbGciOiJIUzI1NiJ9.eyJ1c2VyX25hbWUiOiJBZG1pbkNodWFuIiwicm9sZXMiOiJyb2xlX2FkbWluIiwic2lnbiI6IkxCV05CMTIzIiwiZnJvbSI6InBfIiwiaWQiOiI3NDE2MjY0ODU1Mzc3Njc0MjQiLCJhdmF0YXIiOiJodHRwOi8vbG9jYWxob3N0OjgwODIvcG9ydGFsL2ltYWdlLzE1OTkwMjE2MDg5NzJfNzUwNjk2NTY3NTUxMjk1NDg4LnBuZyIsImV4cCI6MTYwMDE4NjExNywiZW1haWwiOiJldG5qbEBvdXRsb29rLmNvbSJ9.SXaeKyJOuT5rT65T6XwmC701zz4TktDECi1JS5nRn1A
[2020/09/15-23:56:46][http-nio-8082-exec-8][INFO ][net.blog.interceptor.ApiInterceptor]:method name == > listArticles
[2020/09/15-23:56:46][http-nio-8082-exec-8][INFO ][net.blog.services.impl.UserServiceImpl]:checkUser tokenKey == > p_9078111d491d297fd2e6099bb177418f
[2020/09/15-23:56:46][http-nio-8082-exec-8][INFO ][net.blog.services.impl.UserServiceImpl]:parseByTokenKey token == >eyJhbGciOiJIUzI1NiJ9.eyJ1c2VyX25hbWUiOiJBZG1pbkNodWFuIiwicm9sZXMiOiJyb2xlX2FkbWluIiwic2lnbiI6IkxCV05CMTIzIiwiZnJvbSI6InBfIiwiaWQiOiI3NDE2MjY0ODU1Mzc3Njc0MjQiLCJhdmF0YXIiOiJodHRwOi8vbG9jYWxob3N0OjgwODIvcG9ydGFsL2ltYWdlLzE1OTkwMjE2MDg5NzJfNzUwNjk2NTY3NTUxMjk1NDg4LnBuZyIsImV4cCI6MTYwMDE4NjExNywiZW1haWwiOiJldG5qbEBvdXRsb29rLmNvbSJ9.SXaeKyJOuT5rT65T6XwmC701zz4TktDECi1JS5nRn1A
[2020/09/15-23:56:46][http-nio-8082-exec-8][INFO ][net.blog.services.impl.ArticleServiceImpl]:article list first page from redis
[2020/09/15-23:56:46][http-nio-8082-exec-9][INFO ][net.blog.interceptor.ApiInterceptor]:method name == > parseToken
[2020/09/15-23:56:46][http-nio-8082-exec-9][INFO ][net.blog.services.impl.UserServiceImpl]:checkUser tokenKey == > p_9078111d491d297fd2e6099bb177418f
[2020/09/15-23:56:46][http-nio-8082-exec-9][INFO ][net.blog.services.impl.UserServiceImpl]:parseByTokenKey token == >eyJhbGciOiJIUzI1NiJ9.eyJ1c2VyX25hbWUiOiJBZG1pbkNodWFuIiwicm9sZXMiOiJyb2xlX2FkbWluIiwic2lnbiI6IkxCV05CMTIzIiwiZnJvbSI6InBfIiwiaWQiOiI3NDE2MjY0ODU1Mzc3Njc0MjQiLCJhdmF0YXIiOiJodHRwOi8vbG9jYWxob3N0OjgwODIvcG9ydGFsL2ltYWdlLzE1OTkwMjE2MDg5NzJfNzUwNjk2NTY3NTUxMjk1NDg4LnBuZyIsImV4cCI6MTYwMDE4NjExNywiZW1haWwiOiJldG5qbEBvdXRsb29rLmNvbSJ9.SXaeKyJOuT5rT65T6XwmC701zz4TktDECi1JS5nRn1A
[2020/09/15-23:56:46][http-nio-8082-exec-7][INFO ][net.blog.interceptor.ApiInterceptor]:method name == > listCategories
[2020/09/15-23:56:46][http-nio-8082-exec-3][INFO ][net.blog.interceptor.ApiInterceptor]:method name == > listImages
[2020/09/15-23:56:46][http-nio-8082-exec-7][INFO ][net.blog.services.impl.UserServiceImpl]:checkUser tokenKey == > p_9078111d491d297fd2e6099bb177418f
[2020/09/15-23:56:46][http-nio-8082-exec-3][INFO ][net.blog.services.impl.UserServiceImpl]:checkUser tokenKey == > p_9078111d491d297fd2e6099bb177418f
[2020/09/15-23:56:46][http-nio-8082-exec-7][INFO ][net.blog.services.impl.UserServiceImpl]:parseByTokenKey token == >eyJhbGciOiJIUzI1NiJ9.eyJ1c2VyX25hbWUiOiJBZG1pbkNodWFuIiwicm9sZXMiOiJyb2xlX2FkbWluIiwic2lnbiI6IkxCV05CMTIzIiwiZnJvbSI6InBfIiwiaWQiOiI3NDE2MjY0ODU1Mzc3Njc0MjQiLCJhdmF0YXIiOiJodHRwOi8vbG9jYWxob3N0OjgwODIvcG9ydGFsL2ltYWdlLzE1OTkwMjE2MDg5NzJfNzUwNjk2NTY3NTUxMjk1NDg4LnBuZyIsImV4cCI6MTYwMDE4NjExNywiZW1haWwiOiJldG5qbEBvdXRsb29rLmNvbSJ9.SXaeKyJOuT5rT65T6XwmC701zz4TktDECi1JS5nRn1A
[2020/09/15-23:56:46][http-nio-8082-exec-3][INFO ][net.blog.services.impl.UserServiceImpl]:parseByTokenKey token == >eyJhbGciOiJIUzI1NiJ9.eyJ1c2VyX25hbWUiOiJBZG1pbkNodWFuIiwicm9sZXMiOiJyb2xlX2FkbWluIiwic2lnbiI6IkxCV05CMTIzIiwiZnJvbSI6InBfIiwiaWQiOiI3NDE2MjY0ODU1Mzc3Njc0MjQiLCJhdmF0YXIiOiJodHRwOi8vbG9jYWxob3N0OjgwODIvcG9ydGFsL2ltYWdlLzE1OTkwMjE2MDg5NzJfNzUwNjk2NTY3NTUxMjk1NDg4LnBuZyIsImV4cCI6MTYwMDE4NjExNywiZW1haWwiOiJldG5qbEBvdXRsb29rLmNvbSJ9.SXaeKyJOuT5rT65T6XwmC701zz4TktDECi1JS5nRn1A
[2020/09/15-23:56:46][http-nio-8082-exec-7][INFO ][net.blog.services.impl.UserServiceImpl]:checkUser tokenKey == > p_9078111d491d297fd2e6099bb177418f
[2020/09/15-23:56:46][http-nio-8082-exec-3][INFO ][net.blog.services.impl.UserServiceImpl]:checkUser tokenKey == > p_9078111d491d297fd2e6099bb177418f
[2020/09/15-23:56:46][http-nio-8082-exec-7][INFO ][net.blog.services.impl.UserServiceImpl]:parseByTokenKey token == >eyJhbGciOiJIUzI1NiJ9.eyJ1c2VyX25hbWUiOiJBZG1pbkNodWFuIiwicm9sZXMiOiJyb2xlX2FkbWluIiwic2lnbiI6IkxCV05CMTIzIiwiZnJvbSI6InBfIiwiaWQiOiI3NDE2MjY0ODU1Mzc3Njc0MjQiLCJhdmF0YXIiOiJodHRwOi8vbG9jYWxob3N0OjgwODIvcG9ydGFsL2ltYWdlLzE1OTkwMjE2MDg5NzJfNzUwNjk2NTY3NTUxMjk1NDg4LnBuZyIsImV4cCI6MTYwMDE4NjExNywiZW1haWwiOiJldG5qbEBvdXRsb29rLmNvbSJ9.SXaeKyJOuT5rT65T6XwmC701zz4TktDECi1JS5nRn1A
[2020/09/15-23:56:46][http-nio-8082-exec-3][INFO ][net.blog.services.impl.UserServiceImpl]:parseByTokenKey token == >eyJhbGciOiJIUzI1NiJ9.eyJ1c2VyX25hbWUiOiJBZG1pbkNodWFuIiwicm9sZXMiOiJyb2xlX2FkbWluIiwic2lnbiI6IkxCV05CMTIzIiwiZnJvbSI6InBfIiwiaWQiOiI3NDE2MjY0ODU1Mzc3Njc0MjQiLCJhdmF0YXIiOiJodHRwOi8vbG9jYWxob3N0OjgwODIvcG9ydGFsL2ltYWdlLzE1OTkwMjE2MDg5NzJfNzUwNjk2NTY3NTUxMjk1NDg4LnBuZyIsImV4cCI6MTYwMDE4NjExNywiZW1haWwiOiJldG5qbEBvdXRsb29rLmNvbSJ9.SXaeKyJOuT5rT65T6XwmC701zz4TktDECi1JS5nRn1A
[2020/09/15-23:56:47][http-nio-8082-exec-10][INFO ][net.blog.interceptor.ApiInterceptor]:method name == > parseToken
[2020/09/15-23:56:47][http-nio-8082-exec-10][INFO ][net.blog.services.impl.UserServiceImpl]:checkUser tokenKey == > p_9078111d491d297fd2e6099bb177418f
[2020/09/15-23:56:47][http-nio-8082-exec-10][INFO ][net.blog.services.impl.UserServiceImpl]:parseByTokenKey token == >eyJhbGciOiJIUzI1NiJ9.eyJ1c2VyX25hbWUiOiJBZG1pbkNodWFuIiwicm9sZXMiOiJyb2xlX2FkbWluIiwic2lnbiI6IkxCV05CMTIzIiwiZnJvbSI6InBfIiwiaWQiOiI3NDE2MjY0ODU1Mzc3Njc0MjQiLCJhdmF0YXIiOiJodHRwOi8vbG9jYWxob3N0OjgwODIvcG9ydGFsL2ltYWdlLzE1OTkwMjE2MDg5NzJfNzUwNjk2NTY3NTUxMjk1NDg4LnBuZyIsImV4cCI6MTYwMDE4NjExNywiZW1haWwiOiJldG5qbEBvdXRsb29rLmNvbSJ9.SXaeKyJOuT5rT65T6XwmC701zz4TktDECi1JS5nRn1A
[2020/09/15-23:56:47][http-nio-8082-exec-4][INFO ][net.blog.interceptor.ApiInterceptor]:method name == > listArticles
[2020/09/15-23:56:47][http-nio-8082-exec-4][INFO ][net.blog.services.impl.UserServiceImpl]:checkUser tokenKey == > p_9078111d491d297fd2e6099bb177418f
[2020/09/15-23:56:47][http-nio-8082-exec-4][INFO ][net.blog.services.impl.UserServiceImpl]:parseByTokenKey token == >eyJhbGciOiJIUzI1NiJ9.eyJ1c2VyX25hbWUiOiJBZG1pbkNodWFuIiwicm9sZXMiOiJyb2xlX2FkbWluIiwic2lnbiI6IkxCV05CMTIzIiwiZnJvbSI6InBfIiwiaWQiOiI3NDE2MjY0ODU1Mzc3Njc0MjQiLCJhdmF0YXIiOiJodHRwOi8vbG9jYWxob3N0OjgwODIvcG9ydGFsL2ltYWdlLzE1OTkwMjE2MDg5NzJfNzUwNjk2NTY3NTUxMjk1NDg4LnBuZyIsImV4cCI6MTYwMDE4NjExNywiZW1haWwiOiJldG5qbEBvdXRsb29rLmNvbSJ9.SXaeKyJOuT5rT65T6XwmC701zz4TktDECi1JS5nRn1A
[2020/09/15-23:56:47][http-nio-8082-exec-4][INFO ][net.blog.services.impl.ArticleServiceImpl]:article list first page from redis
[2020/09/15-23:56:47][http-nio-8082-exec-6][INFO ][net.blog.interceptor.ApiInterceptor]:method name == > parseToken
[2020/09/15-23:56:47][http-nio-8082-exec-6][INFO ][net.blog.services.impl.UserServiceImpl]:checkUser tokenKey == > p_9078111d491d297fd2e6099bb177418f
[2020/09/15-23:56:47][http-nio-8082-exec-6][INFO ][net.blog.services.impl.UserServiceImpl]:parseByTokenKey token == >eyJhbGciOiJIUzI1NiJ9.eyJ1c2VyX25hbWUiOiJBZG1pbkNodWFuIiwicm9sZXMiOiJyb2xlX2FkbWluIiwic2lnbiI6IkxCV05CMTIzIiwiZnJvbSI6InBfIiwiaWQiOiI3NDE2MjY0ODU1Mzc3Njc0MjQiLCJhdmF0YXIiOiJodHRwOi8vbG9jYWxob3N0OjgwODIvcG9ydGFsL2ltYWdlLzE1OTkwMjE2MDg5NzJfNzUwNjk2NTY3NTUxMjk1NDg4LnBuZyIsImV4cCI6MTYwMDE4NjExNywiZW1haWwiOiJldG5qbEBvdXRsb29rLmNvbSJ9.SXaeKyJOuT5rT65T6XwmC701zz4TktDECi1JS5nRn1A
[2020/09/15-23:56:48][http-nio-8082-exec-1][INFO ][net.blog.interceptor.ApiInterceptor]:method name == > parseToken
[2020/09/15-23:56:48][http-nio-8082-exec-1][INFO ][net.blog.services.impl.UserServiceImpl]:checkUser tokenKey == > p_9078111d491d297fd2e6099bb177418f
[2020/09/15-23:56:48][http-nio-8082-exec-1][INFO ][net.blog.services.impl.UserServiceImpl]:parseByTokenKey token == >eyJhbGciOiJIUzI1NiJ9.eyJ1c2VyX25hbWUiOiJBZG1pbkNodWFuIiwicm9sZXMiOiJyb2xlX2FkbWluIiwic2lnbiI6IkxCV05CMTIzIiwiZnJvbSI6InBfIiwiaWQiOiI3NDE2MjY0ODU1Mzc3Njc0MjQiLCJhdmF0YXIiOiJodHRwOi8vbG9jYWxob3N0OjgwODIvcG9ydGFsL2ltYWdlLzE1OTkwMjE2MDg5NzJfNzUwNjk2NTY3NTUxMjk1NDg4LnBuZyIsImV4cCI6MTYwMDE4NjExNywiZW1haWwiOiJldG5qbEBvdXRsb29rLmNvbSJ9.SXaeKyJOuT5rT65T6XwmC701zz4TktDECi1JS5nRn1A
[2020/09/15-23:56:49][http-nio-8082-exec-5][INFO ][net.blog.interceptor.ApiInterceptor]:method name == > parseToken
[2020/09/15-23:56:49][http-nio-8082-exec-5][INFO ][net.blog.services.impl.UserServiceImpl]:checkUser tokenKey == > p_9078111d491d297fd2e6099bb177418f
[2020/09/15-23:56:49][http-nio-8082-exec-5][INFO ][net.blog.services.impl.UserServiceImpl]:parseByTokenKey token == >eyJhbGciOiJIUzI1NiJ9.eyJ1c2VyX25hbWUiOiJBZG1pbkNodWFuIiwicm9sZXMiOiJyb2xlX2FkbWluIiwic2lnbiI6IkxCV05CMTIzIiwiZnJvbSI6InBfIiwiaWQiOiI3NDE2MjY0ODU1Mzc3Njc0MjQiLCJhdmF0YXIiOiJodHRwOi8vbG9jYWxob3N0OjgwODIvcG9ydGFsL2ltYWdlLzE1OTkwMjE2MDg5NzJfNzUwNjk2NTY3NTUxMjk1NDg4LnBuZyIsImV4cCI6MTYwMDE4NjExNywiZW1haWwiOiJldG5qbEBvdXRsb29rLmNvbSJ9.SXaeKyJOuT5rT65T6XwmC701zz4TktDECi1JS5nRn1A
[2020/09/15-23:56:49][http-nio-8082-exec-2][INFO ][net.blog.interceptor.ApiInterceptor]:method name == > listUser
[2020/09/15-23:56:49][http-nio-8082-exec-2][INFO ][net.blog.services.impl.UserServiceImpl]:checkUser tokenKey == > p_9078111d491d297fd2e6099bb177418f
[2020/09/15-23:56:49][http-nio-8082-exec-2][INFO ][net.blog.services.impl.UserServiceImpl]:parseByTokenKey token == >eyJhbGciOiJIUzI1NiJ9.eyJ1c2VyX25hbWUiOiJBZG1pbkNodWFuIiwicm9sZXMiOiJyb2xlX2FkbWluIiwic2lnbiI6IkxCV05CMTIzIiwiZnJvbSI6InBfIiwiaWQiOiI3NDE2MjY0ODU1Mzc3Njc0MjQiLCJhdmF0YXIiOiJodHRwOi8vbG9jYWxob3N0OjgwODIvcG9ydGFsL2ltYWdlLzE1OTkwMjE2MDg5NzJfNzUwNjk2NTY3NTUxMjk1NDg4LnBuZyIsImV4cCI6MTYwMDE4NjExNywiZW1haWwiOiJldG5qbEBvdXRsb29rLmNvbSJ9.SXaeKyJOuT5rT65T6XwmC701zz4TktDECi1JS5nRn1A
[2020/09/15-23:56:49][http-nio-8082-exec-8][INFO ][net.blog.interceptor.ApiInterceptor]:method name == > getImage
[2020/09/15-23:56:49][http-nio-8082-exec-8][INFO ][net.blog.services.impl.ImageServiceImpl]:viewImage format == >2020_09_02
[2020/09/15-23:56:49][http-nio-8082-exec-8][INFO ][net.blog.services.impl.ImageServiceImpl]:get image target path == >D:\Codes\BlogSystem\logs\images\2020_09_02\png\750696567551295488.png
[2020/09/15-23:56:51][http-nio-8082-exec-9][INFO ][net.blog.interceptor.ApiInterceptor]:method name == > parseToken
[2020/09/15-23:56:51][http-nio-8082-exec-9][INFO ][net.blog.services.impl.UserServiceImpl]:checkUser tokenKey == > p_9078111d491d297fd2e6099bb177418f
[2020/09/15-23:56:51][http-nio-8082-exec-9][INFO ][net.blog.services.impl.UserServiceImpl]:parseByTokenKey token == >eyJhbGciOiJIUzI1NiJ9.eyJ1c2VyX25hbWUiOiJBZG1pbkNodWFuIiwicm9sZXMiOiJyb2xlX2FkbWluIiwic2lnbiI6IkxCV05CMTIzIiwiZnJvbSI6InBfIiwiaWQiOiI3NDE2MjY0ODU1Mzc3Njc0MjQiLCJhdmF0YXIiOiJodHRwOi8vbG9jYWxob3N0OjgwODIvcG9ydGFsL2ltYWdlLzE1OTkwMjE2MDg5NzJfNzUwNjk2NTY3NTUxMjk1NDg4LnBuZyIsImV4cCI6MTYwMDE4NjExNywiZW1haWwiOiJldG5qbEBvdXRsb29rLmNvbSJ9.SXaeKyJOuT5rT65T6XwmC701zz4TktDECi1JS5nRn1A
[2020/09/15-23:56:51][http-nio-8082-exec-7][INFO ][net.blog.interceptor.ApiInterceptor]:method name == > listCategories
[2020/09/15-23:56:51][http-nio-8082-exec-3][INFO ][net.blog.interceptor.ApiInterceptor]:method name == > listImages
[2020/09/15-23:56:51][http-nio-8082-exec-7][INFO ][net.blog.services.impl.UserServiceImpl]:checkUser tokenKey == > p_9078111d491d297fd2e6099bb177418f
[2020/09/15-23:56:51][http-nio-8082-exec-3][INFO ][net.blog.services.impl.UserServiceImpl]:checkUser tokenKey == > p_9078111d491d297fd2e6099bb177418f
[2020/09/15-23:56:51][http-nio-8082-exec-7][INFO ][net.blog.services.impl.UserServiceImpl]:parseByTokenKey token == >eyJhbGciOiJIUzI1NiJ9.eyJ1c2VyX25hbWUiOiJBZG1pbkNodWFuIiwicm9sZXMiOiJyb2xlX2FkbWluIiwic2lnbiI6IkxCV05CMTIzIiwiZnJvbSI6InBfIiwiaWQiOiI3NDE2MjY0ODU1Mzc3Njc0MjQiLCJhdmF0YXIiOiJodHRwOi8vbG9jYWxob3N0OjgwODIvcG9ydGFsL2ltYWdlLzE1OTkwMjE2MDg5NzJfNzUwNjk2NTY3NTUxMjk1NDg4LnBuZyIsImV4cCI6MTYwMDE4NjExNywiZW1haWwiOiJldG5qbEBvdXRsb29rLmNvbSJ9.SXaeKyJOuT5rT65T6XwmC701zz4TktDECi1JS5nRn1A
[2020/09/15-23:56:51][http-nio-8082-exec-3][INFO ][net.blog.services.impl.UserServiceImpl]:parseByTokenKey token == >eyJhbGciOiJIUzI1NiJ9.eyJ1c2VyX25hbWUiOiJBZG1pbkNodWFuIiwicm9sZXMiOiJyb2xlX2FkbWluIiwic2lnbiI6IkxCV05CMTIzIiwiZnJvbSI6InBfIiwiaWQiOiI3NDE2MjY0ODU1Mzc3Njc0MjQiLCJhdmF0YXIiOiJodHRwOi8vbG9jYWxob3N0OjgwODIvcG9ydGFsL2ltYWdlLzE1OTkwMjE2MDg5NzJfNzUwNjk2NTY3NTUxMjk1NDg4LnBuZyIsImV4cCI6MTYwMDE4NjExNywiZW1haWwiOiJldG5qbEBvdXRsb29rLmNvbSJ9.SXaeKyJOuT5rT65T6XwmC701zz4TktDECi1JS5nRn1A
[2020/09/15-23:56:51][http-nio-8082-exec-3][INFO ][net.blog.services.impl.UserServiceImpl]:checkUser tokenKey == > p_9078111d491d297fd2e6099bb177418f
[2020/09/15-23:56:51][http-nio-8082-exec-7][INFO ][net.blog.services.impl.UserServiceImpl]:checkUser tokenKey == > p_9078111d491d297fd2e6099bb177418f
[2020/09/15-23:56:51][http-nio-8082-exec-7][INFO ][net.blog.services.impl.UserServiceImpl]:parseByTokenKey token == >eyJhbGciOiJIUzI1NiJ9.eyJ1c2VyX25hbWUiOiJBZG1pbkNodWFuIiwicm9sZXMiOiJyb2xlX2FkbWluIiwic2lnbiI6IkxCV05CMTIzIiwiZnJvbSI6InBfIiwiaWQiOiI3NDE2MjY0ODU1Mzc3Njc0MjQiLCJhdmF0YXIiOiJodHRwOi8vbG9jYWxob3N0OjgwODIvcG9ydGFsL2ltYWdlLzE1OTkwMjE2MDg5NzJfNzUwNjk2NTY3NTUxMjk1NDg4LnBuZyIsImV4cCI6MTYwMDE4NjExNywiZW1haWwiOiJldG5qbEBvdXRsb29rLmNvbSJ9.SXaeKyJOuT5rT65T6XwmC701zz4TktDECi1JS5nRn1A
[2020/09/15-23:56:51][http-nio-8082-exec-3][INFO ][net.blog.services.impl.UserServiceImpl]:parseByTokenKey token == >eyJhbGciOiJIUzI1NiJ9.eyJ1c2VyX25hbWUiOiJBZG1pbkNodWFuIiwicm9sZXMiOiJyb2xlX2FkbWluIiwic2lnbiI6IkxCV05CMTIzIiwiZnJvbSI6InBfIiwiaWQiOiI3NDE2MjY0ODU1Mzc3Njc0MjQiLCJhdmF0YXIiOiJodHRwOi8vbG9jYWxob3N0OjgwODIvcG9ydGFsL2ltYWdlLzE1OTkwMjE2MDg5NzJfNzUwNjk2NTY3NTUxMjk1NDg4LnBuZyIsImV4cCI6MTYwMDE4NjExNywiZW1haWwiOiJldG5qbEBvdXRsb29rLmNvbSJ9.SXaeKyJOuT5rT65T6XwmC701zz4TktDECi1JS5nRn1A
[2020/09/15-23:56:52][http-nio-8082-exec-10][INFO ][net.blog.interceptor.ApiInterceptor]:method name == > parseToken
[2020/09/15-23:56:52][http-nio-8082-exec-10][INFO ][net.blog.services.impl.UserServiceImpl]:checkUser tokenKey == > p_9078111d491d297fd2e6099bb177418f
[2020/09/15-23:56:52][http-nio-8082-exec-10][INFO ][net.blog.services.impl.UserServiceImpl]:parseByTokenKey token == >eyJhbGciOiJIUzI1NiJ9.eyJ1c2VyX25hbWUiOiJBZG1pbkNodWFuIiwicm9sZXMiOiJyb2xlX2FkbWluIiwic2lnbiI6IkxCV05CMTIzIiwiZnJvbSI6InBfIiwiaWQiOiI3NDE2MjY0ODU1Mzc3Njc0MjQiLCJhdmF0YXIiOiJodHRwOi8vbG9jYWxob3N0OjgwODIvcG9ydGFsL2ltYWdlLzE1OTkwMjE2MDg5NzJfNzUwNjk2NTY3NTUxMjk1NDg4LnBuZyIsImV4cCI6MTYwMDE4NjExNywiZW1haWwiOiJldG5qbEBvdXRsb29rLmNvbSJ9.SXaeKyJOuT5rT65T6XwmC701zz4TktDECi1JS5nRn1A
[2020/09/15-23:56:52][http-nio-8082-exec-4][INFO ][net.blog.interceptor.ApiInterceptor]:method name == > listArticles
[2020/09/15-23:56:52][http-nio-8082-exec-4][INFO ][net.blog.services.impl.UserServiceImpl]:checkUser tokenKey == > p_9078111d491d297fd2e6099bb177418f
[2020/09/15-23:56:52][http-nio-8082-exec-4][INFO ][net.blog.services.impl.UserServiceImpl]:parseByTokenKey token == >eyJhbGciOiJIUzI1NiJ9.eyJ1c2VyX25hbWUiOiJBZG1pbkNodWFuIiwicm9sZXMiOiJyb2xlX2FkbWluIiwic2lnbiI6IkxCV05CMTIzIiwiZnJvbSI6InBfIiwiaWQiOiI3NDE2MjY0ODU1Mzc3Njc0MjQiLCJhdmF0YXIiOiJodHRwOi8vbG9jYWxob3N0OjgwODIvcG9ydGFsL2ltYWdlLzE1OTkwMjE2MDg5NzJfNzUwNjk2NTY3NTUxMjk1NDg4LnBuZyIsImV4cCI6MTYwMDE4NjExNywiZW1haWwiOiJldG5qbEBvdXRsb29rLmNvbSJ9.SXaeKyJOuT5rT65T6XwmC701zz4TktDECi1JS5nRn1A
[2020/09/15-23:56:52][http-nio-8082-exec-4][INFO ][net.blog.services.impl.ArticleServiceImpl]:article list first page from redis
[2020/09/15-23:57:12][http-nio-8082-exec-1][INFO ][net.blog.interceptor.ApiInterceptor]:method name == > listCategories
[2020/09/15-23:57:12][http-nio-8082-exec-6][INFO ][net.blog.interceptor.ApiInterceptor]:method name == > listArticles
[2020/09/15-23:57:12][http-nio-8082-exec-1][INFO ][net.blog.services.impl.UserServiceImpl]:checkUser tokenKey == > p_9078111d491d297fd2e6099bb177418f
[2020/09/15-23:57:12][http-nio-8082-exec-1][INFO ][net.blog.services.impl.UserServiceImpl]:parseByTokenKey token == >eyJhbGciOiJIUzI1NiJ9.eyJ1c2VyX25hbWUiOiJBZG1pbkNodWFuIiwicm9sZXMiOiJyb2xlX2FkbWluIiwic2lnbiI6IkxCV05CMTIzIiwiZnJvbSI6InBfIiwiaWQiOiI3NDE2MjY0ODU1Mzc3Njc0MjQiLCJhdmF0YXIiOiJodHRwOi8vbG9jYWxob3N0OjgwODIvcG9ydGFsL2ltYWdlLzE1OTkwMjE2MDg5NzJfNzUwNjk2NTY3NTUxMjk1NDg4LnBuZyIsImV4cCI6MTYwMDE4NjExNywiZW1haWwiOiJldG5qbEBvdXRsb29rLmNvbSJ9.SXaeKyJOuT5rT65T6XwmC701zz4TktDECi1JS5nRn1A
[2020/09/15-23:57:12][http-nio-8082-exec-6][INFO ][net.blog.services.impl.UserServiceImpl]:checkUser tokenKey == > p_9078111d491d297fd2e6099bb177418f
[2020/09/15-23:57:12][http-nio-8082-exec-6][INFO ][net.blog.services.impl.UserServiceImpl]:parseByTokenKey token == >eyJhbGciOiJIUzI1NiJ9.eyJ1c2VyX25hbWUiOiJBZG1pbkNodWFuIiwicm9sZXMiOiJyb2xlX2FkbWluIiwic2lnbiI6IkxCV05CMTIzIiwiZnJvbSI6InBfIiwiaWQiOiI3NDE2MjY0ODU1Mzc3Njc0MjQiLCJhdmF0YXIiOiJodHRwOi8vbG9jYWxob3N0OjgwODIvcG9ydGFsL2ltYWdlLzE1OTkwMjE2MDg5NzJfNzUwNjk2NTY3NTUxMjk1NDg4LnBuZyIsImV4cCI6MTYwMDE4NjExNywiZW1haWwiOiJldG5qbEBvdXRsb29rLmNvbSJ9.SXaeKyJOuT5rT65T6XwmC701zz4TktDECi1JS5nRn1A
[2020/09/15-23:57:12][http-nio-8082-exec-1][INFO ][net.blog.services.impl.UserServiceImpl]:checkUser tokenKey == > p_9078111d491d297fd2e6099bb177418f
[2020/09/15-23:57:12][http-nio-8082-exec-1][INFO ][net.blog.services.impl.UserServiceImpl]:parseByTokenKey token == >eyJhbGciOiJIUzI1NiJ9.eyJ1c2VyX25hbWUiOiJBZG1pbkNodWFuIiwicm9sZXMiOiJyb2xlX2FkbWluIiwic2lnbiI6IkxCV05CMTIzIiwiZnJvbSI6InBfIiwiaWQiOiI3NDE2MjY0ODU1Mzc3Njc0MjQiLCJhdmF0YXIiOiJodHRwOi8vbG9jYWxob3N0OjgwODIvcG9ydGFsL2ltYWdlLzE1OTkwMjE2MDg5NzJfNzUwNjk2NTY3NTUxMjk1NDg4LnBuZyIsImV4cCI6MTYwMDE4NjExNywiZW1haWwiOiJldG5qbEBvdXRsb29rLmNvbSJ9.SXaeKyJOuT5rT65T6XwmC701zz4TktDECi1JS5nRn1A
[2020/09/15-23:57:12][http-nio-8082-exec-6][INFO ][net.blog.services.impl.ArticleServiceImpl]:article list first page from redis
[2020/09/15-23:57:35][http-nio-8082-exec-5][INFO ][net.blog.interceptor.ApiInterceptor]:method name == > parseToken
[2020/09/15-23:57:35][http-nio-8082-exec-5][INFO ][net.blog.services.impl.UserServiceImpl]:checkUser tokenKey == > p_9078111d491d297fd2e6099bb177418f
[2020/09/15-23:57:35][http-nio-8082-exec-5][INFO ][net.blog.services.impl.UserServiceImpl]:parseByTokenKey token == >eyJhbGciOiJIUzI1NiJ9.eyJ1c2VyX25hbWUiOiJBZG1pbkNodWFuIiwicm9sZXMiOiJyb2xlX2FkbWluIiwic2lnbiI6IkxCV05CMTIzIiwiZnJvbSI6InBfIiwiaWQiOiI3NDE2MjY0ODU1Mzc3Njc0MjQiLCJhdmF0YXIiOiJodHRwOi8vbG9jYWxob3N0OjgwODIvcG9ydGFsL2ltYWdlLzE1OTkwMjE2MDg5NzJfNzUwNjk2NTY3NTUxMjk1NDg4LnBuZyIsImV4cCI6MTYwMDE4NjExNywiZW1haWwiOiJldG5qbEBvdXRsb29rLmNvbSJ9.SXaeKyJOuT5rT65T6XwmC701zz4TktDECi1JS5nRn1A
[2020/09/15-23:57:36][http-nio-8082-exec-2][INFO ][net.blog.interceptor.ApiInterceptor]:method name == > listArticles
[2020/09/15-23:57:36][http-nio-8082-exec-8][INFO ][net.blog.interceptor.ApiInterceptor]:method name == > listCategories
[2020/09/15-23:57:36][http-nio-8082-exec-2][INFO ][net.blog.services.impl.UserServiceImpl]:checkUser tokenKey == > p_9078111d491d297fd2e6099bb177418f
[2020/09/15-23:57:36][http-nio-8082-exec-8][INFO ][net.blog.services.impl.UserServiceImpl]:checkUser tokenKey == > p_9078111d491d297fd2e6099bb177418f
[2020/09/15-23:57:36][http-nio-8082-exec-2][INFO ][net.blog.services.impl.UserServiceImpl]:parseByTokenKey token == >eyJhbGciOiJIUzI1NiJ9.eyJ1c2VyX25hbWUiOiJBZG1pbkNodWFuIiwicm9sZXMiOiJyb2xlX2FkbWluIiwic2lnbiI6IkxCV05CMTIzIiwiZnJvbSI6InBfIiwiaWQiOiI3NDE2MjY0ODU1Mzc3Njc0MjQiLCJhdmF0YXIiOiJodHRwOi8vbG9jYWxob3N0OjgwODIvcG9ydGFsL2ltYWdlLzE1OTkwMjE2MDg5NzJfNzUwNjk2NTY3NTUxMjk1NDg4LnBuZyIsImV4cCI6MTYwMDE4NjExNywiZW1haWwiOiJldG5qbEBvdXRsb29rLmNvbSJ9.SXaeKyJOuT5rT65T6XwmC701zz4TktDECi1JS5nRn1A
[2020/09/15-23:57:36][http-nio-8082-exec-8][INFO ][net.blog.services.impl.UserServiceImpl]:parseByTokenKey token == >eyJhbGciOiJIUzI1NiJ9.eyJ1c2VyX25hbWUiOiJBZG1pbkNodWFuIiwicm9sZXMiOiJyb2xlX2FkbWluIiwic2lnbiI6IkxCV05CMTIzIiwiZnJvbSI6InBfIiwiaWQiOiI3NDE2MjY0ODU1Mzc3Njc0MjQiLCJhdmF0YXIiOiJodHRwOi8vbG9jYWxob3N0OjgwODIvcG9ydGFsL2ltYWdlLzE1OTkwMjE2MDg5NzJfNzUwNjk2NTY3NTUxMjk1NDg4LnBuZyIsImV4cCI6MTYwMDE4NjExNywiZW1haWwiOiJldG5qbEBvdXRsb29rLmNvbSJ9.SXaeKyJOuT5rT65T6XwmC701zz4TktDECi1JS5nRn1A
[2020/09/15-23:57:36][http-nio-8082-exec-8][INFO ][net.blog.services.impl.UserServiceImpl]:checkUser tokenKey == > p_9078111d491d297fd2e6099bb177418f
[2020/09/15-23:57:36][http-nio-8082-exec-2][INFO ][net.blog.services.impl.ArticleServiceImpl]:article list first page from redis
[2020/09/15-23:57:36][http-nio-8082-exec-8][INFO ][net.blog.services.impl.UserServiceImpl]:parseByTokenKey token == >eyJhbGciOiJIUzI1NiJ9.eyJ1c2VyX25hbWUiOiJBZG1pbkNodWFuIiwicm9sZXMiOiJyb2xlX2FkbWluIiwic2lnbiI6IkxCV05CMTIzIiwiZnJvbSI6InBfIiwiaWQiOiI3NDE2MjY0ODU1Mzc3Njc0MjQiLCJhdmF0YXIiOiJodHRwOi8vbG9jYWxob3N0OjgwODIvcG9ydGFsL2ltYWdlLzE1OTkwMjE2MDg5NzJfNzUwNjk2NTY3NTUxMjk1NDg4LnBuZyIsImV4cCI6MTYwMDE4NjExNywiZW1haWwiOiJldG5qbEBvdXRsb29rLmNvbSJ9.SXaeKyJOuT5rT65T6XwmC701zz4TktDECi1JS5nRn1A
[2020/09/15-23:57:39][http-nio-8082-exec-9][INFO ][net.blog.interceptor.ApiInterceptor]:method name == > parseToken
[2020/09/15-23:57:39][http-nio-8082-exec-9][INFO ][net.blog.services.impl.UserServiceImpl]:checkUser tokenKey == > p_9078111d491d297fd2e6099bb177418f
[2020/09/15-23:57:39][http-nio-8082-exec-9][INFO ][net.blog.services.impl.UserServiceImpl]:parseByTokenKey token == >eyJhbGciOiJIUzI1NiJ9.eyJ1c2VyX25hbWUiOiJBZG1pbkNodWFuIiwicm9sZXMiOiJyb2xlX2FkbWluIiwic2lnbiI6IkxCV05CMTIzIiwiZnJvbSI6InBfIiwiaWQiOiI3NDE2MjY0ODU1Mzc3Njc0MjQiLCJhdmF0YXIiOiJodHRwOi8vbG9jYWxob3N0OjgwODIvcG9ydGFsL2ltYWdlLzE1OTkwMjE2MDg5NzJfNzUwNjk2NTY3NTUxMjk1NDg4LnBuZyIsImV4cCI6MTYwMDE4NjExNywiZW1haWwiOiJldG5qbEBvdXRsb29rLmNvbSJ9.SXaeKyJOuT5rT65T6XwmC701zz4TktDECi1JS5nRn1A
[2020/09/15-23:57:40][http-nio-8082-exec-7][INFO ][net.blog.interceptor.ApiInterceptor]:method name == > parseToken
[2020/09/15-23:57:40][http-nio-8082-exec-7][INFO ][net.blog.services.impl.UserServiceImpl]:checkUser tokenKey == > p_9078111d491d297fd2e6099bb177418f
[2020/09/15-23:57:40][http-nio-8082-exec-7][INFO ][net.blog.services.impl.UserServiceImpl]:parseByTokenKey token == >eyJhbGciOiJIUzI1NiJ9.eyJ1c2VyX25hbWUiOiJBZG1pbkNodWFuIiwicm9sZXMiOiJyb2xlX2FkbWluIiwic2lnbiI6IkxCV05CMTIzIiwiZnJvbSI6InBfIiwiaWQiOiI3NDE2MjY0ODU1Mzc3Njc0MjQiLCJhdmF0YXIiOiJodHRwOi8vbG9jYWxob3N0OjgwODIvcG9ydGFsL2ltYWdlLzE1OTkwMjE2MDg5NzJfNzUwNjk2NTY3NTUxMjk1NDg4LnBuZyIsImV4cCI6MTYwMDE4NjExNywiZW1haWwiOiJldG5qbEBvdXRsb29rLmNvbSJ9.SXaeKyJOuT5rT65T6XwmC701zz4TktDECi1JS5nRn1A
[2020/09/15-23:57:40][http-nio-8082-exec-10][INFO ][net.blog.interceptor.ApiInterceptor]:method name == > listCategories
[2020/09/15-23:57:40][http-nio-8082-exec-3][INFO ][net.blog.interceptor.ApiInterceptor]:method name == > listArticles
[2020/09/15-23:57:40][http-nio-8082-exec-3][INFO ][net.blog.services.impl.UserServiceImpl]:checkUser tokenKey == > p_9078111d491d297fd2e6099bb177418f
[2020/09/15-23:57:40][http-nio-8082-exec-10][INFO ][net.blog.services.impl.UserServiceImpl]:checkUser tokenKey == > p_9078111d491d297fd2e6099bb177418f
[2020/09/15-23:57:40][http-nio-8082-exec-3][INFO ][net.blog.services.impl.UserServiceImpl]:parseByTokenKey token == >eyJhbGciOiJIUzI1NiJ9.eyJ1c2VyX25hbWUiOiJBZG1pbkNodWFuIiwicm9sZXMiOiJyb2xlX2FkbWluIiwic2lnbiI6IkxCV05CMTIzIiwiZnJvbSI6InBfIiwiaWQiOiI3NDE2MjY0ODU1Mzc3Njc0MjQiLCJhdmF0YXIiOiJodHRwOi8vbG9jYWxob3N0OjgwODIvcG9ydGFsL2ltYWdlLzE1OTkwMjE2MDg5NzJfNzUwNjk2NTY3NTUxMjk1NDg4LnBuZyIsImV4cCI6MTYwMDE4NjExNywiZW1haWwiOiJldG5qbEBvdXRsb29rLmNvbSJ9.SXaeKyJOuT5rT65T6XwmC701zz4TktDECi1JS5nRn1A
[2020/09/15-23:57:40][http-nio-8082-exec-10][INFO ][net.blog.services.impl.UserServiceImpl]:parseByTokenKey token == >eyJhbGciOiJIUzI1NiJ9.eyJ1c2VyX25hbWUiOiJBZG1pbkNodWFuIiwicm9sZXMiOiJyb2xlX2FkbWluIiwic2lnbiI6IkxCV05CMTIzIiwiZnJvbSI6InBfIiwiaWQiOiI3NDE2MjY0ODU1Mzc3Njc0MjQiLCJhdmF0YXIiOiJodHRwOi8vbG9jYWxob3N0OjgwODIvcG9ydGFsL2ltYWdlLzE1OTkwMjE2MDg5NzJfNzUwNjk2NTY3NTUxMjk1NDg4LnBuZyIsImV4cCI6MTYwMDE4NjExNywiZW1haWwiOiJldG5qbEBvdXRsb29rLmNvbSJ9.SXaeKyJOuT5rT65T6XwmC701zz4TktDECi1JS5nRn1A
[2020/09/15-23:57:40][http-nio-8082-exec-3][INFO ][net.blog.services.impl.ArticleServiceImpl]:article list first page from redis
[2020/09/15-23:57:40][http-nio-8082-exec-10][INFO ][net.blog.services.impl.UserServiceImpl]:checkUser tokenKey == > p_9078111d491d297fd2e6099bb177418f
[2020/09/15-23:57:40][http-nio-8082-exec-10][INFO ][net.blog.services.impl.UserServiceImpl]:parseByTokenKey token == >eyJhbGciOiJIUzI1NiJ9.eyJ1c2VyX25hbWUiOiJBZG1pbkNodWFuIiwicm9sZXMiOiJyb2xlX2FkbWluIiwic2lnbiI6IkxCV05CMTIzIiwiZnJvbSI6InBfIiwiaWQiOiI3NDE2MjY0ODU1Mzc3Njc0MjQiLCJhdmF0YXIiOiJodHRwOi8vbG9jYWxob3N0OjgwODIvcG9ydGFsL2ltYWdlLzE1OTkwMjE2MDg5NzJfNzUwNjk2NTY3NTUxMjk1NDg4LnBuZyIsImV4cCI6MTYwMDE4NjExNywiZW1haWwiOiJldG5qbEBvdXRsb29rLmNvbSJ9.SXaeKyJOuT5rT65T6XwmC701zz4TktDECi1JS5nRn1A
[2020/09/15-23:57:40][http-nio-8082-exec-4][INFO ][net.blog.interceptor.ApiInterceptor]:method name == > parseToken
[2020/09/15-23:57:40][http-nio-8082-exec-4][INFO ][net.blog.services.impl.UserServiceImpl]:checkUser tokenKey == > p_9078111d491d297fd2e6099bb177418f
[2020/09/15-23:57:40][http-nio-8082-exec-4][INFO ][net.blog.services.impl.UserServiceImpl]:parseByTokenKey token == >eyJhbGciOiJIUzI1NiJ9.eyJ1c2VyX25hbWUiOiJBZG1pbkNodWFuIiwicm9sZXMiOiJyb2xlX2FkbWluIiwic2lnbiI6IkxCV05CMTIzIiwiZnJvbSI6InBfIiwiaWQiOiI3NDE2MjY0ODU1Mzc3Njc0MjQiLCJhdmF0YXIiOiJodHRwOi8vbG9jYWxob3N0OjgwODIvcG9ydGFsL2ltYWdlLzE1OTkwMjE2MDg5NzJfNzUwNjk2NTY3NTUxMjk1NDg4LnBuZyIsImV4cCI6MTYwMDE4NjExNywiZW1haWwiOiJldG5qbEBvdXRsb29rLmNvbSJ9.SXaeKyJOuT5rT65T6XwmC701zz4TktDECi1JS5nRn1A
[2020/09/15-23:57:42][http-nio-8082-exec-6][INFO ][net.blog.interceptor.ApiInterceptor]:method name == > parseToken
[2020/09/15-23:57:42][http-nio-8082-exec-6][INFO ][net.blog.services.impl.UserServiceImpl]:checkUser tokenKey == > p_9078111d491d297fd2e6099bb177418f
[2020/09/15-23:57:42][http-nio-8082-exec-6][INFO ][net.blog.services.impl.UserServiceImpl]:parseByTokenKey token == >eyJhbGciOiJIUzI1NiJ9.eyJ1c2VyX25hbWUiOiJBZG1pbkNodWFuIiwicm9sZXMiOiJyb2xlX2FkbWluIiwic2lnbiI6IkxCV05CMTIzIiwiZnJvbSI6InBfIiwiaWQiOiI3NDE2MjY0ODU1Mzc3Njc0MjQiLCJhdmF0YXIiOiJodHRwOi8vbG9jYWxob3N0OjgwODIvcG9ydGFsL2ltYWdlLzE1OTkwMjE2MDg5NzJfNzUwNjk2NTY3NTUxMjk1NDg4LnBuZyIsImV4cCI6MTYwMDE4NjExNywiZW1haWwiOiJldG5qbEBvdXRsb29rLmNvbSJ9.SXaeKyJOuT5rT65T6XwmC701zz4TktDECi1JS5nRn1A
[2020/09/15-23:57:42][http-nio-8082-exec-1][INFO ][net.blog.interceptor.ApiInterceptor]:method name == > listUser
[2020/09/15-23:57:42][http-nio-8082-exec-1][INFO ][net.blog.services.impl.UserServiceImpl]:checkUser tokenKey == > p_9078111d491d297fd2e6099bb177418f
[2020/09/15-23:57:42][http-nio-8082-exec-1][INFO ][net.blog.services.impl.UserServiceImpl]:parseByTokenKey token == >eyJhbGciOiJIUzI1NiJ9.eyJ1c2VyX25hbWUiOiJBZG1pbkNodWFuIiwicm9sZXMiOiJyb2xlX2FkbWluIiwic2lnbiI6IkxCV05CMTIzIiwiZnJvbSI6InBfIiwiaWQiOiI3NDE2MjY0ODU1Mzc3Njc0MjQiLCJhdmF0YXIiOiJodHRwOi8vbG9jYWxob3N0OjgwODIvcG9ydGFsL2ltYWdlLzE1OTkwMjE2MDg5NzJfNzUwNjk2NTY3NTUxMjk1NDg4LnBuZyIsImV4cCI6MTYwMDE4NjExNywiZW1haWwiOiJldG5qbEBvdXRsb29rLmNvbSJ9.SXaeKyJOuT5rT65T6XwmC701zz4TktDECi1JS5nRn1A
[2020/09/15-23:57:42][http-nio-8082-exec-5][INFO ][net.blog.interceptor.ApiInterceptor]:method name == > getImage
[2020/09/15-23:57:42][http-nio-8082-exec-5][INFO ][net.blog.services.impl.ImageServiceImpl]:viewImage format == >2020_09_02
[2020/09/15-23:57:42][http-nio-8082-exec-5][INFO ][net.blog.services.impl.ImageServiceImpl]:get image target path == >D:\Codes\BlogSystem\logs\images\2020_09_02\png\750696567551295488.png
[2020/09/15-23:57:43][http-nio-8082-exec-2][INFO ][net.blog.interceptor.ApiInterceptor]:method name == > parseToken
[2020/09/15-23:57:43][http-nio-8082-exec-2][INFO ][net.blog.services.impl.UserServiceImpl]:checkUser tokenKey == > p_9078111d491d297fd2e6099bb177418f
[2020/09/15-23:57:43][http-nio-8082-exec-2][INFO ][net.blog.services.impl.UserServiceImpl]:parseByTokenKey token == >eyJhbGciOiJIUzI1NiJ9.eyJ1c2VyX25hbWUiOiJBZG1pbkNodWFuIiwicm9sZXMiOiJyb2xlX2FkbWluIiwic2lnbiI6IkxCV05CMTIzIiwiZnJvbSI6InBfIiwiaWQiOiI3NDE2MjY0ODU1Mzc3Njc0MjQiLCJhdmF0YXIiOiJodHRwOi8vbG9jYWxob3N0OjgwODIvcG9ydGFsL2ltYWdlLzE1OTkwMjE2MDg5NzJfNzUwNjk2NTY3NTUxMjk1NDg4LnBuZyIsImV4cCI6MTYwMDE4NjExNywiZW1haWwiOiJldG5qbEBvdXRsb29rLmNvbSJ9.SXaeKyJOuT5rT65T6XwmC701zz4TktDECi1JS5nRn1A
[2020/09/15-23:57:43][http-nio-8082-exec-8][INFO ][net.blog.interceptor.ApiInterceptor]:method name == > listCategories
[2020/09/15-23:57:43][http-nio-8082-exec-8][INFO ][net.blog.services.impl.UserServiceImpl]:checkUser tokenKey == > p_9078111d491d297fd2e6099bb177418f
[2020/09/15-23:57:43][http-nio-8082-exec-8][INFO ][net.blog.services.impl.UserServiceImpl]:parseByTokenKey token == >eyJhbGciOiJIUzI1NiJ9.eyJ1c2VyX25hbWUiOiJBZG1pbkNodWFuIiwicm9sZXMiOiJyb2xlX2FkbWluIiwic2lnbiI6IkxCV05CMTIzIiwiZnJvbSI6InBfIiwiaWQiOiI3NDE2MjY0ODU1Mzc3Njc0MjQiLCJhdmF0YXIiOiJodHRwOi8vbG9jYWxob3N0OjgwODIvcG9ydGFsL2ltYWdlLzE1OTkwMjE2MDg5NzJfNzUwNjk2NTY3NTUxMjk1NDg4LnBuZyIsImV4cCI6MTYwMDE4NjExNywiZW1haWwiOiJldG5qbEBvdXRsb29rLmNvbSJ9.SXaeKyJOuT5rT65T6XwmC701zz4TktDECi1JS5nRn1A
[2020/09/15-23:57:43][http-nio-8082-exec-8][INFO ][net.blog.services.impl.UserServiceImpl]:checkUser tokenKey == > p_9078111d491d297fd2e6099bb177418f
[2020/09/15-23:57:43][http-nio-8082-exec-8][INFO ][net.blog.services.impl.UserServiceImpl]:parseByTokenKey token == >eyJhbGciOiJIUzI1NiJ9.eyJ1c2VyX25hbWUiOiJBZG1pbkNodWFuIiwicm9sZXMiOiJyb2xlX2FkbWluIiwic2lnbiI6IkxCV05CMTIzIiwiZnJvbSI6InBfIiwiaWQiOiI3NDE2MjY0ODU1Mzc3Njc0MjQiLCJhdmF0YXIiOiJodHRwOi8vbG9jYWxob3N0OjgwODIvcG9ydGFsL2ltYWdlLzE1OTkwMjE2MDg5NzJfNzUwNjk2NTY3NTUxMjk1NDg4LnBuZyIsImV4cCI6MTYwMDE4NjExNywiZW1haWwiOiJldG5qbEBvdXRsb29rLmNvbSJ9.SXaeKyJOuT5rT65T6XwmC701zz4TktDECi1JS5nRn1A
[2020/09/15-23:57:43][http-nio-8082-exec-9][INFO ][net.blog.interceptor.ApiInterceptor]:method name == > parseToken
[2020/09/15-23:57:43][http-nio-8082-exec-9][INFO ][net.blog.services.impl.UserServiceImpl]:checkUser tokenKey == > p_9078111d491d297fd2e6099bb177418f
[2020/09/15-23:57:43][http-nio-8082-exec-9][INFO ][net.blog.services.impl.UserServiceImpl]:parseByTokenKey token == >eyJhbGciOiJIUzI1NiJ9.eyJ1c2VyX25hbWUiOiJBZG1pbkNodWFuIiwicm9sZXMiOiJyb2xlX2FkbWluIiwic2lnbiI6IkxCV05CMTIzIiwiZnJvbSI6InBfIiwiaWQiOiI3NDE2MjY0ODU1Mzc3Njc0MjQiLCJhdmF0YXIiOiJodHRwOi8vbG9jYWxob3N0OjgwODIvcG9ydGFsL2ltYWdlLzE1OTkwMjE2MDg5NzJfNzUwNjk2NTY3NTUxMjk1NDg4LnBuZyIsImV4cCI6MTYwMDE4NjExNywiZW1haWwiOiJldG5qbEBvdXRsb29rLmNvbSJ9.SXaeKyJOuT5rT65T6XwmC701zz4TktDECi1JS5nRn1A
[2020/09/15-23:57:43][http-nio-8082-exec-7][INFO ][net.blog.interceptor.ApiInterceptor]:method name == > listLoops
[2020/09/15-23:57:43][http-nio-8082-exec-7][INFO ][net.blog.services.impl.UserServiceImpl]:checkUser tokenKey == > p_9078111d491d297fd2e6099bb177418f
[2020/09/15-23:57:43][http-nio-8082-exec-7][INFO ][net.blog.services.impl.UserServiceImpl]:parseByTokenKey token == >eyJhbGciOiJIUzI1NiJ9.eyJ1c2VyX25hbWUiOiJBZG1pbkNodWFuIiwicm9sZXMiOiJyb2xlX2FkbWluIiwic2lnbiI6IkxCV05CMTIzIiwiZnJvbSI6InBfIiwiaWQiOiI3NDE2MjY0ODU1Mzc3Njc0MjQiLCJhdmF0YXIiOiJodHRwOi8vbG9jYWxob3N0OjgwODIvcG9ydGFsL2ltYWdlLzE1OTkwMjE2MDg5NzJfNzUwNjk2NTY3NTUxMjk1NDg4LnBuZyIsImV4cCI6MTYwMDE4NjExNywiZW1haWwiOiJldG5qbEBvdXRsb29rLmNvbSJ9.SXaeKyJOuT5rT65T6XwmC701zz4TktDECi1JS5nRn1A
[2020/09/15-23:57:43][http-nio-8082-exec-7][INFO ][net.blog.services.impl.UserServiceImpl]:checkUser tokenKey == > p_9078111d491d297fd2e6099bb177418f
[2020/09/15-23:57:43][http-nio-8082-exec-7][INFO ][net.blog.services.impl.UserServiceImpl]:parseByTokenKey token == >eyJhbGciOiJIUzI1NiJ9.eyJ1c2VyX25hbWUiOiJBZG1pbkNodWFuIiwicm9sZXMiOiJyb2xlX2FkbWluIiwic2lnbiI6IkxCV05CMTIzIiwiZnJvbSI6InBfIiwiaWQiOiI3NDE2MjY0ODU1Mzc3Njc0MjQiLCJhdmF0YXIiOiJodHRwOi8vbG9jYWxob3N0OjgwODIvcG9ydGFsL2ltYWdlLzE1OTkwMjE2MDg5NzJfNzUwNjk2NTY3NTUxMjk1NDg4LnBuZyIsImV4cCI6MTYwMDE4NjExNywiZW1haWwiOiJldG5qbEBvdXRsb29rLmNvbSJ9.SXaeKyJOuT5rT65T6XwmC701zz4TktDECi1JS5nRn1A
[2020/09/15-23:57:43][http-nio-8082-exec-3][INFO ][net.blog.interceptor.ApiInterceptor]:method name == > getImage
[2020/09/15-23:57:43][http-nio-8082-exec-10][INFO ][net.blog.interceptor.ApiInterceptor]:method name == > getImage
[2020/09/15-23:57:43][http-nio-8082-exec-4][INFO ][net.blog.interceptor.ApiInterceptor]:method name == > getImage
[2020/09/15-23:57:43][http-nio-8082-exec-1][INFO ][net.blog.interceptor.ApiInterceptor]:method name == > getImage
[2020/09/15-23:57:43][http-nio-8082-exec-10][INFO ][net.blog.services.impl.ImageServiceImpl]:viewImage format == >2020_08_29
[2020/09/15-23:57:43][http-nio-8082-exec-10][INFO ][net.blog.services.impl.ImageServiceImpl]:get image target path == >D:\Codes\BlogSystem\logs\images\2020_08_29\png\749365461111537664.png
[2020/09/15-23:57:43][http-nio-8082-exec-6][INFO ][net.blog.interceptor.ApiInterceptor]:method name == > getImage
[2020/09/15-23:57:43][http-nio-8082-exec-3][INFO ][net.blog.services.impl.ImageServiceImpl]:viewImage format == >2020_09_04
[2020/09/15-23:57:43][http-nio-8082-exec-3][INFO ][net.blog.services.impl.ImageServiceImpl]:get image target path == >D:\Codes\BlogSystem\logs\images\2020_09_04\png\751530439163772928.png
[2020/09/15-23:57:43][http-nio-8082-exec-1][INFO ][net.blog.services.impl.ImageServiceImpl]:viewImage format == >2020_08_29
[2020/09/15-23:57:43][http-nio-8082-exec-1][INFO ][net.blog.services.impl.ImageServiceImpl]:get image target path == >D:\Codes\BlogSystem\logs\images\2020_08_29\jpg\749191451585282048.jpg
[2020/09/15-23:57:43][http-nio-8082-exec-4][INFO ][net.blog.services.impl.ImageServiceImpl]:viewImage format == >2020_08_29
[2020/09/15-23:57:43][http-nio-8082-exec-4][INFO ][net.blog.services.impl.ImageServiceImpl]:get image target path == >D:\Codes\BlogSystem\logs\images\2020_08_29\jpg\749295826957762560.jpg
[2020/09/15-23:57:43][http-nio-8082-exec-3][INFO ][net.blog.interceptor.ApiInterceptor]:method name == > getImage
[2020/09/15-23:57:44][http-nio-8082-exec-3][INFO ][net.blog.services.impl.ImageServiceImpl]:viewImage format == >2020_08_29
[2020/09/15-23:57:44][http-nio-8082-exec-6][INFO ][net.blog.services.impl.ImageServiceImpl]:viewImage format == >2020_08_29
[2020/09/15-23:57:44][http-nio-8082-exec-3][INFO ][net.blog.services.impl.ImageServiceImpl]:get image target path == >D:\Codes\BlogSystem\logs\images\2020_08_29\png\749365461111537664.png
[2020/09/15-23:57:44][http-nio-8082-exec-6][INFO ][net.blog.services.impl.ImageServiceImpl]:get image target path == >D:\Codes\BlogSystem\logs\images\2020_08_29\jpg\749191415946280960.jpg
[2020/09/15-23:57:44][http-nio-8082-exec-4][INFO ][net.blog.interceptor.ApiInterceptor]:method name == > getImage
[2020/09/15-23:57:44][http-nio-8082-exec-4][INFO ][net.blog.services.impl.ImageServiceImpl]:viewImage format == >2020_09_04
[2020/09/15-23:57:44][http-nio-8082-exec-4][INFO ][net.blog.services.impl.ImageServiceImpl]:get image target path == >D:\Codes\BlogSystem\logs\images\2020_09_04\png\751530439163772928.png
[2020/09/15-23:57:44][http-nio-8082-exec-5][INFO ][net.blog.interceptor.ApiInterceptor]:method name == > getImage
[2020/09/15-23:57:44][http-nio-8082-exec-2][INFO ][net.blog.interceptor.ApiInterceptor]:method name == > getImage
[2020/09/15-23:57:44][http-nio-8082-exec-2][INFO ][net.blog.services.impl.ImageServiceImpl]:viewImage format == >2020_08_29
[2020/09/15-23:57:44][http-nio-8082-exec-2][INFO ][net.blog.services.impl.ImageServiceImpl]:get image target path == >D:\Codes\BlogSystem\logs\images\2020_08_29\jpg\749191451585282048.jpg
[2020/09/15-23:57:44][http-nio-8082-exec-5][INFO ][net.blog.services.impl.ImageServiceImpl]:viewImage format == >2020_08_29
[2020/09/15-23:57:44][http-nio-8082-exec-5][INFO ][net.blog.services.impl.ImageServiceImpl]:get image target path == >D:\Codes\BlogSystem\logs\images\2020_08_29\jpg\749295826957762560.jpg
[2020/09/15-23:57:44][http-nio-8082-exec-8][INFO ][net.blog.interceptor.ApiInterceptor]:method name == > getImage
[2020/09/15-23:57:44][http-nio-8082-exec-8][INFO ][net.blog.services.impl.ImageServiceImpl]:viewImage format == >2020_08_29
[2020/09/15-23:57:44][http-nio-8082-exec-8][INFO ][net.blog.services.impl.ImageServiceImpl]:get image target path == >D:\Codes\BlogSystem\logs\images\2020_08_29\jpg\749191415946280960.jpg
[2020/09/15-23:57:44][http-nio-8082-exec-9][INFO ][net.blog.interceptor.ApiInterceptor]:method name == > parseToken
[2020/09/15-23:57:44][http-nio-8082-exec-9][INFO ][net.blog.services.impl.UserServiceImpl]:checkUser tokenKey == > p_9078111d491d297fd2e6099bb177418f
[2020/09/15-23:57:44][http-nio-8082-exec-9][INFO ][net.blog.services.impl.UserServiceImpl]:parseByTokenKey token == >eyJhbGciOiJIUzI1NiJ9.eyJ1c2VyX25hbWUiOiJBZG1pbkNodWFuIiwicm9sZXMiOiJyb2xlX2FkbWluIiwic2lnbiI6IkxCV05CMTIzIiwiZnJvbSI6InBfIiwiaWQiOiI3NDE2MjY0ODU1Mzc3Njc0MjQiLCJhdmF0YXIiOiJodHRwOi8vbG9jYWxob3N0OjgwODIvcG9ydGFsL2ltYWdlLzE1OTkwMjE2MDg5NzJfNzUwNjk2NTY3NTUxMjk1NDg4LnBuZyIsImV4cCI6MTYwMDE4NjExNywiZW1haWwiOiJldG5qbEBvdXRsb29rLmNvbSJ9.SXaeKyJOuT5rT65T6XwmC701zz4TktDECi1JS5nRn1A
[2020/09/15-23:57:44][http-nio-8082-exec-7][INFO ][net.blog.interceptor.ApiInterceptor]:method name == > listCategories
[2020/09/15-23:57:44][http-nio-8082-exec-7][INFO ][net.blog.services.impl.UserServiceImpl]:checkUser tokenKey == > p_9078111d491d297fd2e6099bb177418f
[2020/09/15-23:57:44][http-nio-8082-exec-7][INFO ][net.blog.services.impl.UserServiceImpl]:parseByTokenKey token == >eyJhbGciOiJIUzI1NiJ9.eyJ1c2VyX25hbWUiOiJBZG1pbkNodWFuIiwicm9sZXMiOiJyb2xlX2FkbWluIiwic2lnbiI6IkxCV05CMTIzIiwiZnJvbSI6InBfIiwiaWQiOiI3NDE2MjY0ODU1Mzc3Njc0MjQiLCJhdmF0YXIiOiJodHRwOi8vbG9jYWxob3N0OjgwODIvcG9ydGFsL2ltYWdlLzE1OTkwMjE2MDg5NzJfNzUwNjk2NTY3NTUxMjk1NDg4LnBuZyIsImV4cCI6MTYwMDE4NjExNywiZW1haWwiOiJldG5qbEBvdXRsb29rLmNvbSJ9.SXaeKyJOuT5rT65T6XwmC701zz4TktDECi1JS5nRn1A
[2020/09/15-23:57:44][http-nio-8082-exec-7][INFO ][net.blog.services.impl.UserServiceImpl]:checkUser tokenKey == > p_9078111d491d297fd2e6099bb177418f
[2020/09/15-23:57:44][http-nio-8082-exec-7][INFO ][net.blog.services.impl.UserServiceImpl]:parseByTokenKey token == >eyJhbGciOiJIUzI1NiJ9.eyJ1c2VyX25hbWUiOiJBZG1pbkNodWFuIiwicm9sZXMiOiJyb2xlX2FkbWluIiwic2lnbiI6IkxCV05CMTIzIiwiZnJvbSI6InBfIiwiaWQiOiI3NDE2MjY0ODU1Mzc3Njc0MjQiLCJhdmF0YXIiOiJodHRwOi8vbG9jYWxob3N0OjgwODIvcG9ydGFsL2ltYWdlLzE1OTkwMjE2MDg5NzJfNzUwNjk2NTY3NTUxMjk1NDg4LnBuZyIsImV4cCI6MTYwMDE4NjExNywiZW1haWwiOiJldG5qbEBvdXRsb29rLmNvbSJ9.SXaeKyJOuT5rT65T6XwmC701zz4TktDECi1JS5nRn1A
[2020/09/15-23:57:45][http-nio-8082-exec-10][INFO ][net.blog.interceptor.ApiInterceptor]:method name == > parseToken
[2020/09/15-23:57:45][http-nio-8082-exec-10][INFO ][net.blog.services.impl.UserServiceImpl]:checkUser tokenKey == > p_9078111d491d297fd2e6099bb177418f
[2020/09/15-23:57:45][http-nio-8082-exec-10][INFO ][net.blog.services.impl.UserServiceImpl]:parseByTokenKey token == >eyJhbGciOiJIUzI1NiJ9.eyJ1c2VyX25hbWUiOiJBZG1pbkNodWFuIiwicm9sZXMiOiJyb2xlX2FkbWluIiwic2lnbiI6IkxCV05CMTIzIiwiZnJvbSI6InBfIiwiaWQiOiI3NDE2MjY0ODU1Mzc3Njc0MjQiLCJhdmF0YXIiOiJodHRwOi8vbG9jYWxob3N0OjgwODIvcG9ydGFsL2ltYWdlLzE1OTkwMjE2MDg5NzJfNzUwNjk2NTY3NTUxMjk1NDg4LnBuZyIsImV4cCI6MTYwMDE4NjExNywiZW1haWwiOiJldG5qbEBvdXRsb29rLmNvbSJ9.SXaeKyJOuT5rT65T6XwmC701zz4TktDECi1JS5nRn1A
[2020/09/15-23:57:45][http-nio-8082-exec-1][INFO ][net.blog.interceptor.ApiInterceptor]:method name == > listLoops
[2020/09/15-23:57:45][http-nio-8082-exec-1][INFO ][net.blog.services.impl.UserServiceImpl]:checkUser tokenKey == > p_9078111d491d297fd2e6099bb177418f
[2020/09/15-23:57:45][http-nio-8082-exec-1][INFO ][net.blog.services.impl.UserServiceImpl]:parseByTokenKey token == >eyJhbGciOiJIUzI1NiJ9.eyJ1c2VyX25hbWUiOiJBZG1pbkNodWFuIiwicm9sZXMiOiJyb2xlX2FkbWluIiwic2lnbiI6IkxCV05CMTIzIiwiZnJvbSI6InBfIiwiaWQiOiI3NDE2MjY0ODU1Mzc3Njc0MjQiLCJhdmF0YXIiOiJodHRwOi8vbG9jYWxob3N0OjgwODIvcG9ydGFsL2ltYWdlLzE1OTkwMjE2MDg5NzJfNzUwNjk2NTY3NTUxMjk1NDg4LnBuZyIsImV4cCI6MTYwMDE4NjExNywiZW1haWwiOiJldG5qbEBvdXRsb29rLmNvbSJ9.SXaeKyJOuT5rT65T6XwmC701zz4TktDECi1JS5nRn1A
[2020/09/15-23:57:45][http-nio-8082-exec-1][INFO ][net.blog.services.impl.UserServiceImpl]:checkUser tokenKey == > p_9078111d491d297fd2e6099bb177418f
[2020/09/15-23:57:45][http-nio-8082-exec-1][INFO ][net.blog.services.impl.UserServiceImpl]:parseByTokenKey token == >eyJhbGciOiJIUzI1NiJ9.eyJ1c2VyX25hbWUiOiJBZG1pbkNodWFuIiwicm9sZXMiOiJyb2xlX2FkbWluIiwic2lnbiI6IkxCV05CMTIzIiwiZnJvbSI6InBfIiwiaWQiOiI3NDE2MjY0ODU1Mzc3Njc0MjQiLCJhdmF0YXIiOiJodHRwOi8vbG9jYWxob3N0OjgwODIvcG9ydGFsL2ltYWdlLzE1OTkwMjE2MDg5NzJfNzUwNjk2NTY3NTUxMjk1NDg4LnBuZyIsImV4cCI6MTYwMDE4NjExNywiZW1haWwiOiJldG5qbEBvdXRsb29rLmNvbSJ9.SXaeKyJOuT5rT65T6XwmC701zz4TktDECi1JS5nRn1A
[2020/09/15-23:57:45][http-nio-8082-exec-4][INFO ][net.blog.interceptor.ApiInterceptor]:method name == > getImage
[2020/09/15-23:57:45][http-nio-8082-exec-6][INFO ][net.blog.interceptor.ApiInterceptor]:method name == > getImage
[2020/09/15-23:57:45][http-nio-8082-exec-3][INFO ][net.blog.interceptor.ApiInterceptor]:method name == > getImage
[2020/09/15-23:57:45][http-nio-8082-exec-2][INFO ][net.blog.interceptor.ApiInterceptor]:method name == > getImage
[2020/09/15-23:57:45][http-nio-8082-exec-5][INFO ][net.blog.interceptor.ApiInterceptor]:method name == > getImage
[2020/09/15-23:57:45][http-nio-8082-exec-6][INFO ][net.blog.services.impl.ImageServiceImpl]:viewImage format == >2020_08_29
[2020/09/15-23:57:45][http-nio-8082-exec-6][INFO ][net.blog.services.impl.ImageServiceImpl]:get image target path == >D:\Codes\BlogSystem\logs\images\2020_08_29\jpg\749191451585282048.jpg
[2020/09/15-23:57:45][http-nio-8082-exec-5][INFO ][net.blog.services.impl.ImageServiceImpl]:viewImage format == >2020_08_29
[2020/09/15-23:57:45][http-nio-8082-exec-5][INFO ][net.blog.services.impl.ImageServiceImpl]:get image target path == >D:\Codes\BlogSystem\logs\images\2020_08_29\jpg\749191415946280960.jpg
[2020/09/15-23:57:45][http-nio-8082-exec-2][INFO ][net.blog.services.impl.ImageServiceImpl]:viewImage format == >2020_08_29
[2020/09/15-23:57:45][http-nio-8082-exec-2][INFO ][net.blog.services.impl.ImageServiceImpl]:get image target path == >D:\Codes\BlogSystem\logs\images\2020_08_29\jpg\749295826957762560.jpg
[2020/09/15-23:57:45][http-nio-8082-exec-3][INFO ][net.blog.services.impl.ImageServiceImpl]:viewImage format == >2020_09_04
[2020/09/15-23:57:45][http-nio-8082-exec-3][INFO ][net.blog.services.impl.ImageServiceImpl]:get image target path == >D:\Codes\BlogSystem\logs\images\2020_09_04\png\751530439163772928.png
[2020/09/15-23:57:45][http-nio-8082-exec-4][INFO ][net.blog.services.impl.ImageServiceImpl]:viewImage format == >2020_08_29
[2020/09/15-23:57:45][http-nio-8082-exec-4][INFO ][net.blog.services.impl.ImageServiceImpl]:get image target path == >D:\Codes\BlogSystem\logs\images\2020_08_29\png\749365461111537664.png
[2020/09/15-23:57:45][http-nio-8082-exec-8][INFO ][net.blog.interceptor.ApiInterceptor]:method name == > getImage
[2020/09/15-23:57:45][http-nio-8082-exec-9][INFO ][net.blog.interceptor.ApiInterceptor]:method name == > getImage
[2020/09/15-23:57:45][http-nio-8082-exec-8][INFO ][net.blog.services.impl.ImageServiceImpl]:viewImage format == >2020_08_29
[2020/09/15-23:57:45][http-nio-8082-exec-8][INFO ][net.blog.services.impl.ImageServiceImpl]:get image target path == >D:\Codes\BlogSystem\logs\images\2020_08_29\jpg\749295826957762560.jpg
[2020/09/15-23:57:45][http-nio-8082-exec-9][INFO ][net.blog.services.impl.ImageServiceImpl]:viewImage format == >2020_08_29
[2020/09/15-23:57:45][http-nio-8082-exec-9][INFO ][net.blog.services.impl.ImageServiceImpl]:get image target path == >D:\Codes\BlogSystem\logs\images\2020_08_29\jpg\749191451585282048.jpg
[2020/09/15-23:57:45][http-nio-8082-exec-9][INFO ][net.blog.interceptor.ApiInterceptor]:method name == > getImage
[2020/09/15-23:57:45][http-nio-8082-exec-9][INFO ][net.blog.services.impl.ImageServiceImpl]:viewImage format == >2020_08_29
[2020/09/15-23:57:45][http-nio-8082-exec-9][INFO ][net.blog.services.impl.ImageServiceImpl]:get image target path == >D:\Codes\BlogSystem\logs\images\2020_08_29\jpg\749191415946280960.jpg
[2020/09/15-23:57:45][http-nio-8082-exec-7][INFO ][net.blog.interceptor.ApiInterceptor]:method name == > getImage
[2020/09/15-23:57:45][http-nio-8082-exec-7][INFO ][net.blog.services.impl.ImageServiceImpl]:viewImage format == >2020_09_04
[2020/09/15-23:57:45][http-nio-8082-exec-7][INFO ][net.blog.services.impl.ImageServiceImpl]:get image target path == >D:\Codes\BlogSystem\logs\images\2020_09_04\png\751530439163772928.png
[2020/09/15-23:57:45][http-nio-8082-exec-10][INFO ][net.blog.interceptor.ApiInterceptor]:method name == > getImage
[2020/09/15-23:57:45][http-nio-8082-exec-10][INFO ][net.blog.services.impl.ImageServiceImpl]:viewImage format == >2020_08_29
[2020/09/15-23:57:45][http-nio-8082-exec-10][INFO ][net.blog.services.impl.ImageServiceImpl]:get image target path == >D:\Codes\BlogSystem\logs\images\2020_08_29\png\749365461111537664.png
[2020/09/15-23:57:46][http-nio-8082-exec-1][INFO ][net.blog.interceptor.ApiInterceptor]:method name == > parseToken
[2020/09/15-23:57:46][http-nio-8082-exec-1][INFO ][net.blog.services.impl.UserServiceImpl]:checkUser tokenKey == > p_9078111d491d297fd2e6099bb177418f
[2020/09/15-23:57:46][http-nio-8082-exec-1][INFO ][net.blog.services.impl.UserServiceImpl]:parseByTokenKey token == >eyJhbGciOiJIUzI1NiJ9.eyJ1c2VyX25hbWUiOiJBZG1pbkNodWFuIiwicm9sZXMiOiJyb2xlX2FkbWluIiwic2lnbiI6IkxCV05CMTIzIiwiZnJvbSI6InBfIiwiaWQiOiI3NDE2MjY0ODU1Mzc3Njc0MjQiLCJhdmF0YXIiOiJodHRwOi8vbG9jYWxob3N0OjgwODIvcG9ydGFsL2ltYWdlLzE1OTkwMjE2MDg5NzJfNzUwNjk2NTY3NTUxMjk1NDg4LnBuZyIsImV4cCI6MTYwMDE4NjExNywiZW1haWwiOiJldG5qbEBvdXRsb29rLmNvbSJ9.SXaeKyJOuT5rT65T6XwmC701zz4TktDECi1JS5nRn1A
[2020/09/15-23:57:46][http-nio-8082-exec-6][INFO ][net.blog.interceptor.ApiInterceptor]:method name == > parseToken
[2020/09/15-23:57:46][http-nio-8082-exec-6][INFO ][net.blog.services.impl.UserServiceImpl]:checkUser tokenKey == > p_9078111d491d297fd2e6099bb177418f
[2020/09/15-23:57:46][http-nio-8082-exec-6][INFO ][net.blog.services.impl.UserServiceImpl]:parseByTokenKey token == >eyJhbGciOiJIUzI1NiJ9.eyJ1c2VyX25hbWUiOiJBZG1pbkNodWFuIiwicm9sZXMiOiJyb2xlX2FkbWluIiwic2lnbiI6IkxCV05CMTIzIiwiZnJvbSI6InBfIiwiaWQiOiI3NDE2MjY0ODU1Mzc3Njc0MjQiLCJhdmF0YXIiOiJodHRwOi8vbG9jYWxob3N0OjgwODIvcG9ydGFsL2ltYWdlLzE1OTkwMjE2MDg5NzJfNzUwNjk2NTY3NTUxMjk1NDg4LnBuZyIsImV4cCI6MTYwMDE4NjExNywiZW1haWwiOiJldG5qbEBvdXRsb29rLmNvbSJ9.SXaeKyJOuT5rT65T6XwmC701zz4TktDECi1JS5nRn1A
[2020/09/15-23:57:46][http-nio-8082-exec-2][INFO ][net.blog.interceptor.ApiInterceptor]:method name == > parseToken
[2020/09/15-23:57:46][http-nio-8082-exec-2][INFO ][net.blog.services.impl.UserServiceImpl]:checkUser tokenKey == > p_9078111d491d297fd2e6099bb177418f
[2020/09/15-23:57:46][http-nio-8082-exec-2][INFO ][net.blog.services.impl.UserServiceImpl]:parseByTokenKey token == >eyJhbGciOiJIUzI1NiJ9.eyJ1c2VyX25hbWUiOiJBZG1pbkNodWFuIiwicm9sZXMiOiJyb2xlX2FkbWluIiwic2lnbiI6IkxCV05CMTIzIiwiZnJvbSI6InBfIiwiaWQiOiI3NDE2MjY0ODU1Mzc3Njc0MjQiLCJhdmF0YXIiOiJodHRwOi8vbG9jYWxob3N0OjgwODIvcG9ydGFsL2ltYWdlLzE1OTkwMjE2MDg5NzJfNzUwNjk2NTY3NTUxMjk1NDg4LnBuZyIsImV4cCI6MTYwMDE4NjExNywiZW1haWwiOiJldG5qbEBvdXRsb29rLmNvbSJ9.SXaeKyJOuT5rT65T6XwmC701zz4TktDECi1JS5nRn1A
[2020/09/15-23:57:46][http-nio-8082-exec-5][INFO ][net.blog.interceptor.ApiInterceptor]:method name == > getImage
[2020/09/15-23:57:46][http-nio-8082-exec-5][INFO ][net.blog.services.impl.ImageServiceImpl]:viewImage format == >2020_09_02
[2020/09/15-23:57:46][http-nio-8082-exec-5][INFO ][net.blog.services.impl.ImageServiceImpl]:get image target path == >D:\Codes\BlogSystem\logs\images\2020_09_02\png\750696567551295488.png
[2020/09/15-23:57:47][http-nio-8082-exec-3][INFO ][net.blog.interceptor.ApiInterceptor]:method name == > parseToken
[2020/09/15-23:57:47][http-nio-8082-exec-3][INFO ][net.blog.services.impl.UserServiceImpl]:checkUser tokenKey == > p_9078111d491d297fd2e6099bb177418f
[2020/09/15-23:57:47][http-nio-8082-exec-3][INFO ][net.blog.services.impl.UserServiceImpl]:parseByTokenKey token == >eyJhbGciOiJIUzI1NiJ9.eyJ1c2VyX25hbWUiOiJBZG1pbkNodWFuIiwicm9sZXMiOiJyb2xlX2FkbWluIiwic2lnbiI6IkxCV05CMTIzIiwiZnJvbSI6InBfIiwiaWQiOiI3NDE2MjY0ODU1Mzc3Njc0MjQiLCJhdmF0YXIiOiJodHRwOi8vbG9jYWxob3N0OjgwODIvcG9ydGFsL2ltYWdlLzE1OTkwMjE2MDg5NzJfNzUwNjk2NTY3NTUxMjk1NDg4LnBuZyIsImV4cCI6MTYwMDE4NjExNywiZW1haWwiOiJldG5qbEBvdXRsb29rLmNvbSJ9.SXaeKyJOuT5rT65T6XwmC701zz4TktDECi1JS5nRn1A
[2020/09/15-23:57:47][http-nio-8082-exec-8][INFO ][net.blog.interceptor.ApiInterceptor]:method name == > getWebSiteTitle
[2020/09/15-23:57:47][http-nio-8082-exec-4][INFO ][net.blog.interceptor.ApiInterceptor]:method name == > getSeoInfo
[2020/09/15-23:57:47][http-nio-8082-exec-8][INFO ][net.blog.services.impl.UserServiceImpl]:checkUser tokenKey == > p_9078111d491d297fd2e6099bb177418f
[2020/09/15-23:57:47][http-nio-8082-exec-4][INFO ][net.blog.services.impl.UserServiceImpl]:checkUser tokenKey == > p_9078111d491d297fd2e6099bb177418f
[2020/09/15-23:57:47][http-nio-8082-exec-8][INFO ][net.blog.services.impl.UserServiceImpl]:parseByTokenKey token == >eyJhbGciOiJIUzI1NiJ9.eyJ1c2VyX25hbWUiOiJBZG1pbkNodWFuIiwicm9sZXMiOiJyb2xlX2FkbWluIiwic2lnbiI6IkxCV05CMTIzIiwiZnJvbSI6InBfIiwiaWQiOiI3NDE2MjY0ODU1Mzc3Njc0MjQiLCJhdmF0YXIiOiJodHRwOi8vbG9jYWxob3N0OjgwODIvcG9ydGFsL2ltYWdlLzE1OTkwMjE2MDg5NzJfNzUwNjk2NTY3NTUxMjk1NDg4LnBuZyIsImV4cCI6MTYwMDE4NjExNywiZW1haWwiOiJldG5qbEBvdXRsb29rLmNvbSJ9.SXaeKyJOuT5rT65T6XwmC701zz4TktDECi1JS5nRn1A
[2020/09/15-23:57:47][http-nio-8082-exec-4][INFO ][net.blog.services.impl.UserServiceImpl]:parseByTokenKey token == >eyJhbGciOiJIUzI1NiJ9.eyJ1c2VyX25hbWUiOiJBZG1pbkNodWFuIiwicm9sZXMiOiJyb2xlX2FkbWluIiwic2lnbiI6IkxCV05CMTIzIiwiZnJvbSI6InBfIiwiaWQiOiI3NDE2MjY0ODU1Mzc3Njc0MjQiLCJhdmF0YXIiOiJodHRwOi8vbG9jYWxob3N0OjgwODIvcG9ydGFsL2ltYWdlLzE1OTkwMjE2MDg5NzJfNzUwNjk2NTY3NTUxMjk1NDg4LnBuZyIsImV4cCI6MTYwMDE4NjExNywiZW1haWwiOiJldG5qbEBvdXRsb29rLmNvbSJ9.SXaeKyJOuT5rT65T6XwmC701zz4TktDECi1JS5nRn1A
[2020/09/15-23:57:47][http-nio-8082-exec-9][INFO ][net.blog.interceptor.ApiInterceptor]:method name == > parseToken
[2020/09/15-23:57:47][http-nio-8082-exec-9][INFO ][net.blog.services.impl.UserServiceImpl]:checkUser tokenKey == > p_9078111d491d297fd2e6099bb177418f
[2020/09/15-23:57:47][http-nio-8082-exec-9][INFO ][net.blog.services.impl.UserServiceImpl]:parseByTokenKey token == >eyJhbGciOiJIUzI1NiJ9.eyJ1c2VyX25hbWUiOiJBZG1pbkNodWFuIiwicm9sZXMiOiJyb2xlX2FkbWluIiwic2lnbiI6IkxCV05CMTIzIiwiZnJvbSI6InBfIiwiaWQiOiI3NDE2MjY0ODU1Mzc3Njc0MjQiLCJhdmF0YXIiOiJodHRwOi8vbG9jYWxob3N0OjgwODIvcG9ydGFsL2ltYWdlLzE1OTkwMjE2MDg5NzJfNzUwNjk2NTY3NTUxMjk1NDg4LnBuZyIsImV4cCI6MTYwMDE4NjExNywiZW1haWwiOiJldG5qbEBvdXRsb29rLmNvbSJ9.SXaeKyJOuT5rT65T6XwmC701zz4TktDECi1JS5nRn1A
[2020/09/15-23:57:47][http-nio-8082-exec-7][INFO ][net.blog.interceptor.ApiInterceptor]:method name == > listFriendLinks
[2020/09/15-23:57:47][http-nio-8082-exec-7][INFO ][net.blog.services.impl.UserServiceImpl]:checkUser tokenKey == > p_9078111d491d297fd2e6099bb177418f
[2020/09/15-23:57:47][http-nio-8082-exec-7][INFO ][net.blog.services.impl.UserServiceImpl]:parseByTokenKey token == >eyJhbGciOiJIUzI1NiJ9.eyJ1c2VyX25hbWUiOiJBZG1pbkNodWFuIiwicm9sZXMiOiJyb2xlX2FkbWluIiwic2lnbiI6IkxCV05CMTIzIiwiZnJvbSI6InBfIiwiaWQiOiI3NDE2MjY0ODU1Mzc3Njc0MjQiLCJhdmF0YXIiOiJodHRwOi8vbG9jYWxob3N0OjgwODIvcG9ydGFsL2ltYWdlLzE1OTkwMjE2MDg5NzJfNzUwNjk2NTY3NTUxMjk1NDg4LnBuZyIsImV4cCI6MTYwMDE4NjExNywiZW1haWwiOiJldG5qbEBvdXRsb29rLmNvbSJ9.SXaeKyJOuT5rT65T6XwmC701zz4TktDECi1JS5nRn1A
[2020/09/15-23:57:47][http-nio-8082-exec-7][INFO ][net.blog.services.impl.UserServiceImpl]:checkUser tokenKey == > p_9078111d491d297fd2e6099bb177418f
[2020/09/15-23:57:47][http-nio-8082-exec-7][INFO ][net.blog.services.impl.UserServiceImpl]:parseByTokenKey token == >eyJhbGciOiJIUzI1NiJ9.eyJ1c2VyX25hbWUiOiJBZG1pbkNodWFuIiwicm9sZXMiOiJyb2xlX2FkbWluIiwic2lnbiI6IkxCV05CMTIzIiwiZnJvbSI6InBfIiwiaWQiOiI3NDE2MjY0ODU1Mzc3Njc0MjQiLCJhdmF0YXIiOiJodHRwOi8vbG9jYWxob3N0OjgwODIvcG9ydGFsL2ltYWdlLzE1OTkwMjE2MDg5NzJfNzUwNjk2NTY3NTUxMjk1NDg4LnBuZyIsImV4cCI6MTYwMDE4NjExNywiZW1haWwiOiJldG5qbEBvdXRsb29rLmNvbSJ9.SXaeKyJOuT5rT65T6XwmC701zz4TktDECi1JS5nRn1A
[2020/09/15-23:57:47][http-nio-8082-exec-1][INFO ][net.blog.interceptor.ApiInterceptor]:method name == > getImage
[2020/09/15-23:57:47][http-nio-8082-exec-10][INFO ][net.blog.interceptor.ApiInterceptor]:method name == > getImage
[2020/09/15-23:57:47][http-nio-8082-exec-10][INFO ][net.blog.services.impl.ImageServiceImpl]:viewImage format == >2020_09_05
[2020/09/15-23:57:47][http-nio-8082-exec-10][INFO ][net.blog.services.impl.ImageServiceImpl]:get image target path == >D:\Codes\BlogSystem\logs\images\2020_09_05\png\751774744944050176.png
[2020/09/15-23:57:47][http-nio-8082-exec-1][INFO ][net.blog.services.impl.ImageServiceImpl]:viewImage format == >2020_09_05
[2020/09/15-23:57:47][http-nio-8082-exec-1][INFO ][net.blog.services.impl.ImageServiceImpl]:get image target path == >D:\Codes\BlogSystem\logs\images\2020_09_05\png\751755521169555456.png
[2020/09/15-23:57:47][http-nio-8082-exec-2][INFO ][net.blog.interceptor.ApiInterceptor]:method name == > getImage
[2020/09/15-23:57:47][http-nio-8082-exec-6][INFO ][net.blog.interceptor.ApiInterceptor]:method name == > getImage
[2020/09/15-23:57:47][http-nio-8082-exec-2][INFO ][net.blog.services.impl.ImageServiceImpl]:viewImage format == >2020_09_05
[2020/09/15-23:57:47][http-nio-8082-exec-2][INFO ][net.blog.services.impl.ImageServiceImpl]:get image target path == >D:\Codes\BlogSystem\logs\images\2020_09_05\png\751755521169555456.png
[2020/09/15-23:57:47][http-nio-8082-exec-6][INFO ][net.blog.services.impl.ImageServiceImpl]:viewImage format == >2020_09_05
[2020/09/15-23:57:47][http-nio-8082-exec-6][INFO ][net.blog.services.impl.ImageServiceImpl]:get image target path == >D:\Codes\BlogSystem\logs\images\2020_09_05\png\751774744944050176.png
[2020/09/15-23:57:49][http-nio-8082-exec-5][INFO ][net.blog.interceptor.ApiInterceptor]:method name == > parseToken
[2020/09/15-23:57:49][http-nio-8082-exec-5][INFO ][net.blog.services.impl.UserServiceImpl]:checkUser tokenKey == > p_9078111d491d297fd2e6099bb177418f
[2020/09/15-23:57:49][http-nio-8082-exec-5][INFO ][net.blog.services.impl.UserServiceImpl]:parseByTokenKey token == >eyJhbGciOiJIUzI1NiJ9.eyJ1c2VyX25hbWUiOiJBZG1pbkNodWFuIiwicm9sZXMiOiJyb2xlX2FkbWluIiwic2lnbiI6IkxCV05CMTIzIiwiZnJvbSI6InBfIiwiaWQiOiI3NDE2MjY0ODU1Mzc3Njc0MjQiLCJhdmF0YXIiOiJodHRwOi8vbG9jYWxob3N0OjgwODIvcG9ydGFsL2ltYWdlLzE1OTkwMjE2MDg5NzJfNzUwNjk2NTY3NTUxMjk1NDg4LnBuZyIsImV4cCI6MTYwMDE4NjExNywiZW1haWwiOiJldG5qbEBvdXRsb29rLmNvbSJ9.SXaeKyJOuT5rT65T6XwmC701zz4TktDECi1JS5nRn1A
[2020/09/15-23:57:49][http-nio-8082-exec-3][INFO ][net.blog.interceptor.ApiInterceptor]:method name == > listUser
[2020/09/15-23:57:49][http-nio-8082-exec-3][INFO ][net.blog.services.impl.UserServiceImpl]:checkUser tokenKey == > p_9078111d491d297fd2e6099bb177418f
[2020/09/15-23:57:49][http-nio-8082-exec-3][INFO ][net.blog.services.impl.UserServiceImpl]:parseByTokenKey token == >eyJhbGciOiJIUzI1NiJ9.eyJ1c2VyX25hbWUiOiJBZG1pbkNodWFuIiwicm9sZXMiOiJyb2xlX2FkbWluIiwic2lnbiI6IkxCV05CMTIzIiwiZnJvbSI6InBfIiwiaWQiOiI3NDE2MjY0ODU1Mzc3Njc0MjQiLCJhdmF0YXIiOiJodHRwOi8vbG9jYWxob3N0OjgwODIvcG9ydGFsL2ltYWdlLzE1OTkwMjE2MDg5NzJfNzUwNjk2NTY3NTUxMjk1NDg4LnBuZyIsImV4cCI6MTYwMDE4NjExNywiZW1haWwiOiJldG5qbEBvdXRsb29rLmNvbSJ9.SXaeKyJOuT5rT65T6XwmC701zz4TktDECi1JS5nRn1A
[2020/09/15-23:57:49][http-nio-8082-exec-8][INFO ][net.blog.interceptor.ApiInterceptor]:method name == > getImage
[2020/09/15-23:57:49][http-nio-8082-exec-8][INFO ][net.blog.services.impl.ImageServiceImpl]:viewImage format == >2020_09_02
[2020/09/15-23:57:49][http-nio-8082-exec-8][INFO ][net.blog.services.impl.ImageServiceImpl]:get image target path == >D:\Codes\BlogSystem\logs\images\2020_09_02\png\750696567551295488.png
[2020/09/15-23:57:51][http-nio-8082-exec-4][INFO ][net.blog.interceptor.ApiInterceptor]:method name == > parseToken
[2020/09/15-23:57:51][http-nio-8082-exec-4][INFO ][net.blog.services.impl.UserServiceImpl]:checkUser tokenKey == > p_9078111d491d297fd2e6099bb177418f
[2020/09/15-23:57:51][http-nio-8082-exec-4][INFO ][net.blog.services.impl.UserServiceImpl]:parseByTokenKey token == >eyJhbGciOiJIUzI1NiJ9.eyJ1c2VyX25hbWUiOiJBZG1pbkNodWFuIiwicm9sZXMiOiJyb2xlX2FkbWluIiwic2lnbiI6IkxCV05CMTIzIiwiZnJvbSI6InBfIiwiaWQiOiI3NDE2MjY0ODU1Mzc3Njc0MjQiLCJhdmF0YXIiOiJodHRwOi8vbG9jYWxob3N0OjgwODIvcG9ydGFsL2ltYWdlLzE1OTkwMjE2MDg5NzJfNzUwNjk2NTY3NTUxMjk1NDg4LnBuZyIsImV4cCI6MTYwMDE4NjExNywiZW1haWwiOiJldG5qbEBvdXRsb29rLmNvbSJ9.SXaeKyJOuT5rT65T6XwmC701zz4TktDECi1JS5nRn1A
[2020/09/15-23:57:51][http-nio-8082-exec-9][INFO ][net.blog.interceptor.ApiInterceptor]:method name == > listCategories
[2020/09/15-23:57:51][http-nio-8082-exec-7][INFO ][net.blog.interceptor.ApiInterceptor]:method name == > listImages
[2020/09/15-23:57:51][http-nio-8082-exec-9][INFO ][net.blog.services.impl.UserServiceImpl]:checkUser tokenKey == > p_9078111d491d297fd2e6099bb177418f
[2020/09/15-23:57:51][http-nio-8082-exec-7][INFO ][net.blog.services.impl.UserServiceImpl]:checkUser tokenKey == > p_9078111d491d297fd2e6099bb177418f
[2020/09/15-23:57:51][http-nio-8082-exec-9][INFO ][net.blog.services.impl.UserServiceImpl]:parseByTokenKey token == >eyJhbGciOiJIUzI1NiJ9.eyJ1c2VyX25hbWUiOiJBZG1pbkNodWFuIiwicm9sZXMiOiJyb2xlX2FkbWluIiwic2lnbiI6IkxCV05CMTIzIiwiZnJvbSI6InBfIiwiaWQiOiI3NDE2MjY0ODU1Mzc3Njc0MjQiLCJhdmF0YXIiOiJodHRwOi8vbG9jYWxob3N0OjgwODIvcG9ydGFsL2ltYWdlLzE1OTkwMjE2MDg5NzJfNzUwNjk2NTY3NTUxMjk1NDg4LnBuZyIsImV4cCI6MTYwMDE4NjExNywiZW1haWwiOiJldG5qbEBvdXRsb29rLmNvbSJ9.SXaeKyJOuT5rT65T6XwmC701zz4TktDECi1JS5nRn1A
[2020/09/15-23:57:51][http-nio-8082-exec-7][INFO ][net.blog.services.impl.UserServiceImpl]:parseByTokenKey token == >eyJhbGciOiJIUzI1NiJ9.eyJ1c2VyX25hbWUiOiJBZG1pbkNodWFuIiwicm9sZXMiOiJyb2xlX2FkbWluIiwic2lnbiI6IkxCV05CMTIzIiwiZnJvbSI6InBfIiwiaWQiOiI3NDE2MjY0ODU1Mzc3Njc0MjQiLCJhdmF0YXIiOiJodHRwOi8vbG9jYWxob3N0OjgwODIvcG9ydGFsL2ltYWdlLzE1OTkwMjE2MDg5NzJfNzUwNjk2NTY3NTUxMjk1NDg4LnBuZyIsImV4cCI6MTYwMDE4NjExNywiZW1haWwiOiJldG5qbEBvdXRsb29rLmNvbSJ9.SXaeKyJOuT5rT65T6XwmC701zz4TktDECi1JS5nRn1A
[2020/09/15-23:57:51][http-nio-8082-exec-7][INFO ][net.blog.services.impl.UserServiceImpl]:checkUser tokenKey == > p_9078111d491d297fd2e6099bb177418f
[2020/09/15-23:57:51][http-nio-8082-exec-7][INFO ][net.blog.services.impl.UserServiceImpl]:parseByTokenKey token == >eyJhbGciOiJIUzI1NiJ9.eyJ1c2VyX25hbWUiOiJBZG1pbkNodWFuIiwicm9sZXMiOiJyb2xlX2FkbWluIiwic2lnbiI6IkxCV05CMTIzIiwiZnJvbSI6InBfIiwiaWQiOiI3NDE2MjY0ODU1Mzc3Njc0MjQiLCJhdmF0YXIiOiJodHRwOi8vbG9jYWxob3N0OjgwODIvcG9ydGFsL2ltYWdlLzE1OTkwMjE2MDg5NzJfNzUwNjk2NTY3NTUxMjk1NDg4LnBuZyIsImV4cCI6MTYwMDE4NjExNywiZW1haWwiOiJldG5qbEBvdXRsb29rLmNvbSJ9.SXaeKyJOuT5rT65T6XwmC701zz4TktDECi1JS5nRn1A
[2020/09/15-23:57:51][http-nio-8082-exec-9][INFO ][net.blog.services.impl.UserServiceImpl]:checkUser tokenKey == > p_9078111d491d297fd2e6099bb177418f
[2020/09/15-23:57:51][http-nio-8082-exec-9][INFO ][net.blog.services.impl.UserServiceImpl]:parseByTokenKey token == >eyJhbGciOiJIUzI1NiJ9.eyJ1c2VyX25hbWUiOiJBZG1pbkNodWFuIiwicm9sZXMiOiJyb2xlX2FkbWluIiwic2lnbiI6IkxCV05CMTIzIiwiZnJvbSI6InBfIiwiaWQiOiI3NDE2MjY0ODU1Mzc3Njc0MjQiLCJhdmF0YXIiOiJodHRwOi8vbG9jYWxob3N0OjgwODIvcG9ydGFsL2ltYWdlLzE1OTkwMjE2MDg5NzJfNzUwNjk2NTY3NTUxMjk1NDg4LnBuZyIsImV4cCI6MTYwMDE4NjExNywiZW1haWwiOiJldG5qbEBvdXRsb29rLmNvbSJ9.SXaeKyJOuT5rT65T6XwmC701zz4TktDECi1JS5nRn1A
[2020/09/15-23:57:51][http-nio-8082-exec-1][INFO ][net.blog.interceptor.ApiInterceptor]:method name == > parseToken
[2020/09/15-23:57:51][http-nio-8082-exec-1][INFO ][net.blog.services.impl.UserServiceImpl]:checkUser tokenKey == > p_9078111d491d297fd2e6099bb177418f
[2020/09/15-23:57:51][http-nio-8082-exec-1][INFO ][net.blog.services.impl.UserServiceImpl]:parseByTokenKey token == >eyJhbGciOiJIUzI1NiJ9.eyJ1c2VyX25hbWUiOiJBZG1pbkNodWFuIiwicm9sZXMiOiJyb2xlX2FkbWluIiwic2lnbiI6IkxCV05CMTIzIiwiZnJvbSI6InBfIiwiaWQiOiI3NDE2MjY0ODU1Mzc3Njc0MjQiLCJhdmF0YXIiOiJodHRwOi8vbG9jYWxob3N0OjgwODIvcG9ydGFsL2ltYWdlLzE1OTkwMjE2MDg5NzJfNzUwNjk2NTY3NTUxMjk1NDg4LnBuZyIsImV4cCI6MTYwMDE4NjExNywiZW1haWwiOiJldG5qbEBvdXRsb29rLmNvbSJ9.SXaeKyJOuT5rT65T6XwmC701zz4TktDECi1JS5nRn1A
[2020/09/15-23:57:51][http-nio-8082-exec-6][INFO ][net.blog.interceptor.ApiInterceptor]:method name == > listCategories
[2020/09/15-23:57:51][http-nio-8082-exec-10][INFO ][net.blog.interceptor.ApiInterceptor]:method name == > listArticles
[2020/09/15-23:57:51][http-nio-8082-exec-6][INFO ][net.blog.services.impl.UserServiceImpl]:checkUser tokenKey == > p_9078111d491d297fd2e6099bb177418f
[2020/09/15-23:57:51][http-nio-8082-exec-10][INFO ][net.blog.services.impl.UserServiceImpl]:checkUser tokenKey == > p_9078111d491d297fd2e6099bb177418f
[2020/09/15-23:57:51][http-nio-8082-exec-6][INFO ][net.blog.services.impl.UserServiceImpl]:parseByTokenKey token == >eyJhbGciOiJIUzI1NiJ9.eyJ1c2VyX25hbWUiOiJBZG1pbkNodWFuIiwicm9sZXMiOiJyb2xlX2FkbWluIiwic2lnbiI6IkxCV05CMTIzIiwiZnJvbSI6InBfIiwiaWQiOiI3NDE2MjY0ODU1Mzc3Njc0MjQiLCJhdmF0YXIiOiJodHRwOi8vbG9jYWxob3N0OjgwODIvcG9ydGFsL2ltYWdlLzE1OTkwMjE2MDg5NzJfNzUwNjk2NTY3NTUxMjk1NDg4LnBuZyIsImV4cCI6MTYwMDE4NjExNywiZW1haWwiOiJldG5qbEBvdXRsb29rLmNvbSJ9.SXaeKyJOuT5rT65T6XwmC701zz4TktDECi1JS5nRn1A
[2020/09/15-23:57:51][http-nio-8082-exec-10][INFO ][net.blog.services.impl.UserServiceImpl]:parseByTokenKey token == >eyJhbGciOiJIUzI1NiJ9.eyJ1c2VyX25hbWUiOiJBZG1pbkNodWFuIiwicm9sZXMiOiJyb2xlX2FkbWluIiwic2lnbiI6IkxCV05CMTIzIiwiZnJvbSI6InBfIiwiaWQiOiI3NDE2MjY0ODU1Mzc3Njc0MjQiLCJhdmF0YXIiOiJodHRwOi8vbG9jYWxob3N0OjgwODIvcG9ydGFsL2ltYWdlLzE1OTkwMjE2MDg5NzJfNzUwNjk2NTY3NTUxMjk1NDg4LnBuZyIsImV4cCI6MTYwMDE4NjExNywiZW1haWwiOiJldG5qbEBvdXRsb29rLmNvbSJ9.SXaeKyJOuT5rT65T6XwmC701zz4TktDECi1JS5nRn1A
[2020/09/15-23:57:51][http-nio-8082-exec-6][INFO ][net.blog.services.impl.UserServiceImpl]:checkUser tokenKey == > p_9078111d491d297fd2e6099bb177418f
[2020/09/15-23:57:51][http-nio-8082-exec-6][INFO ][net.blog.services.impl.UserServiceImpl]:parseByTokenKey token == >eyJhbGciOiJIUzI1NiJ9.eyJ1c2VyX25hbWUiOiJBZG1pbkNodWFuIiwicm9sZXMiOiJyb2xlX2FkbWluIiwic2lnbiI6IkxCV05CMTIzIiwiZnJvbSI6InBfIiwiaWQiOiI3NDE2MjY0ODU1Mzc3Njc0MjQiLCJhdmF0YXIiOiJodHRwOi8vbG9jYWxob3N0OjgwODIvcG9ydGFsL2ltYWdlLzE1OTkwMjE2MDg5NzJfNzUwNjk2NTY3NTUxMjk1NDg4LnBuZyIsImV4cCI6MTYwMDE4NjExNywiZW1haWwiOiJldG5qbEBvdXRsb29rLmNvbSJ9.SXaeKyJOuT5rT65T6XwmC701zz4TktDECi1JS5nRn1A
[2020/09/15-23:57:51][http-nio-8082-exec-10][INFO ][net.blog.services.impl.ArticleServiceImpl]:article list first page from redis
[2020/09/15-23:59:51][http-nio-8082-exec-9][INFO ][net.blog.interceptor.ApiInterceptor]:method name == > listArticles
[2020/09/15-23:59:51][http-nio-8082-exec-7][INFO ][net.blog.interceptor.ApiInterceptor]:method name == > listCategories
[2020/09/15-23:59:51][http-nio-8082-exec-7][INFO ][net.blog.services.impl.UserServiceImpl]:checkUser tokenKey == > p_9078111d491d297fd2e6099bb177418f
[2020/09/15-23:59:51][http-nio-8082-exec-7][INFO ][net.blog.services.impl.UserServiceImpl]:parseByTokenKey token == >eyJhbGciOiJIUzI1NiJ9.eyJ1c2VyX25hbWUiOiJBZG1pbkNodWFuIiwicm9sZXMiOiJyb2xlX2FkbWluIiwic2lnbiI6IkxCV05CMTIzIiwiZnJvbSI6InBfIiwiaWQiOiI3NDE2MjY0ODU1Mzc3Njc0MjQiLCJhdmF0YXIiOiJodHRwOi8vbG9jYWxob3N0OjgwODIvcG9ydGFsL2ltYWdlLzE1OTkwMjE2MDg5NzJfNzUwNjk2NTY3NTUxMjk1NDg4LnBuZyIsImV4cCI6MTYwMDE4NjExNywiZW1haWwiOiJldG5qbEBvdXRsb29rLmNvbSJ9.SXaeKyJOuT5rT65T6XwmC701zz4TktDECi1JS5nRn1A
[2020/09/15-23:59:51][http-nio-8082-exec-9][INFO ][net.blog.services.impl.UserServiceImpl]:checkUser tokenKey == > p_9078111d491d297fd2e6099bb177418f
[2020/09/15-23:59:51][http-nio-8082-exec-9][INFO ][net.blog.services.impl.UserServiceImpl]:parseByTokenKey token == >eyJhbGciOiJIUzI1NiJ9.eyJ1c2VyX25hbWUiOiJBZG1pbkNodWFuIiwicm9sZXMiOiJyb2xlX2FkbWluIiwic2lnbiI6IkxCV05CMTIzIiwiZnJvbSI6InBfIiwiaWQiOiI3NDE2MjY0ODU1Mzc3Njc0MjQiLCJhdmF0YXIiOiJodHRwOi8vbG9jYWxob3N0OjgwODIvcG9ydGFsL2ltYWdlLzE1OTkwMjE2MDg5NzJfNzUwNjk2NTY3NTUxMjk1NDg4LnBuZyIsImV4cCI6MTYwMDE4NjExNywiZW1haWwiOiJldG5qbEBvdXRsb29rLmNvbSJ9.SXaeKyJOuT5rT65T6XwmC701zz4TktDECi1JS5nRn1A
[2020/09/15-23:59:51][http-nio-8082-exec-7][INFO ][net.blog.services.impl.UserServiceImpl]:checkUser tokenKey == > p_9078111d491d297fd2e6099bb177418f
[2020/09/15-23:59:51][http-nio-8082-exec-7][INFO ][net.blog.services.impl.UserServiceImpl]:parseByTokenKey token == >eyJhbGciOiJIUzI1NiJ9.eyJ1c2VyX25hbWUiOiJBZG1pbkNodWFuIiwicm9sZXMiOiJyb2xlX2FkbWluIiwic2lnbiI6IkxCV05CMTIzIiwiZnJvbSI6InBfIiwiaWQiOiI3NDE2MjY0ODU1Mzc3Njc0MjQiLCJhdmF0YXIiOiJodHRwOi8vbG9jYWxob3N0OjgwODIvcG9ydGFsL2ltYWdlLzE1OTkwMjE2MDg5NzJfNzUwNjk2NTY3NTUxMjk1NDg4LnBuZyIsImV4cCI6MTYwMDE4NjExNywiZW1haWwiOiJldG5qbEBvdXRsb29rLmNvbSJ9.SXaeKyJOuT5rT65T6XwmC701zz4TktDECi1JS5nRn1A
[2020/09/15-23:59:51][http-nio-8082-exec-9][INFO ][net.blog.services.impl.ArticleServiceImpl]:article list first page from redis
