[2020/08/10-13:58:51][main][INFO ][net.blog.BlogApplication]:BlogApplication run...
[2020/08/10-13:58:52][main][INFO ][net.blog.BlogApplication]:Starting BlogApplication on Innovation with PID 3552 (D:\Codes\BlogSystem\target\classes started by ETNJL in D:\Codes\BlogSystem)
[2020/08/10-13:58:52][main][INFO ][net.blog.BlogApplication]:No active profile set, falling back to default profiles: default
[2020/08/10-13:58:58][main][INFO ][net.blog.BlogApplication]:Started BlogApplication in 6.619 seconds (JVM running for 8.009)
[2020/08/10-13:59:03][main][INFO ][net.blog.BlogApplication]:BlogApplication run...
[2020/08/10-13:59:04][main][INFO ][net.blog.BlogApplication]:Starting BlogApplication on Innovation with PID 3020 (D:\Codes\BlogSystem\target\classes started by ETNJL in D:\Codes\BlogSystem)
[2020/08/10-13:59:04][main][INFO ][net.blog.BlogApplication]:No active profile set, falling back to default profiles: default
[2020/08/10-13:59:10][main][INFO ][net.blog.BlogApplication]:Started BlogApplication in 6.567 seconds (JVM running for 8.44)
[2020/08/10-14:05:49][main][INFO ][net.blog.BlogApplication]:BlogApplication run...
[2020/08/10-14:05:50][main][INFO ][net.blog.BlogApplication]:Starting BlogApplication on Innovation with PID 1712 (D:\Codes\BlogSystem\target\classes started by ETNJL in D:\Codes\BlogSystem)
[2020/08/10-14:05:50][main][INFO ][net.blog.BlogApplication]:No active profile set, falling back to default profiles: default
[2020/08/10-14:05:57][main][INFO ][net.blog.BlogApplication]:Started BlogApplication in 7.043 seconds (JVM running for 8.204)
[2020/08/10-14:06:04][http-nio-8081-exec-1][INFO ][net.blog.services.impl.UserServiceImpl]:captcha font type index ==> 1
[2020/08/10-14:06:04][http-nio-8081-exec-1][INFO ][net.blog.services.impl.UserServiceImpl]:captcha content == > se6vd
[2020/08/10-14:06:12][http-nio-8081-exec-3][INFO ][net.blog.services.impl.UserServiceImpl]:deleteResult of refresh token...1
[2020/08/10-14:06:20][http-nio-8081-exec-4][INFO ][net.blog.controller.user.UserApi]:email ==>zh-bebop@outlook.com
[2020/08/10-14:06:20][http-nio-8081-exec-4][INFO ][net.blog.services.impl.UserServiceImpl]:sendEmail ==>  ip ==> 0:0:0:0:0:0:0:1
[2020/08/10-14:06:20][http-nio-8081-exec-4][INFO ][net.blog.services.impl.UserServiceImpl]:sendEmail ==> 104124
[2020/08/10-14:06:21][blog_task_worker-1][INFO ][net.blog.utils.EmailSender]:email send...
[2020/08/10-14:06:35][http-nio-8081-exec-5][INFO ][net.blog.services.impl.UserServiceImpl]:checkUser tokenKey == > f1006778cb7f58018ec7dcfa61706b38
[2020/08/10-14:06:35][http-nio-8081-exec-5][INFO ][net.blog.services.impl.UserServiceImpl]:parseByTokenKey token == >eyJhbGciOiJIUzI1NiJ9.eyJ1c2VyX25hbWUiOiJjaHVhbmNhaSIsInJvbGVzIjoicm9sZV9ub3JtYWwiLCJzaWduIjoid3VsaXRhb3RhbyIsImlkIjoiNzQxNjI2NzYxODQ1OTMyMDMyIiwiYXZhdGFyIjoiaHR0cHM6Ly9hdmF0YXJzMC5naXRodWJ1c2VyY29udGVudC5jb20vdS80MjI5Mzc1OD9zPTQ2MCZ1PTIxYjY3MmZmZjZlMzQ3MTcyYjFkZjlkN2ViZjIxNmU5YzRjOWM5ZmImdj00IiwiZXhwIjoxNTk3MDQzMTcyLCJlbWFpbCI6InpoLWJlYm9wQG91dGxvb2suY29tIn0.FdLhyxHTYOob594C8AhUHA6e0jsnsfi5cLWO6l_6YXI
[2020/08/10-14:06:39][http-nio-8081-exec-6][INFO ][net.blog.controller.user.UserApi]:email ==>zh-bebop@outlook.com
[2020/08/10-14:06:39][http-nio-8081-exec-6][INFO ][net.blog.services.impl.UserServiceImpl]:sendEmail ==>  ip ==> 0:0:0:0:0:0:0:1
[2020/08/10-14:07:44][http-nio-8081-exec-9][INFO ][net.blog.controller.user.UserApi]:email ==>zh-bebop111@outlook.com
[2020/08/10-14:07:44][http-nio-8081-exec-9][INFO ][net.blog.services.impl.UserServiceImpl]:sendEmail ==>  ip ==> 0:0:0:0:0:0:0:1
[2020/08/10-14:07:44][http-nio-8081-exec-9][INFO ][net.blog.services.impl.UserServiceImpl]:sendEmail ==> 778974
[2020/08/10-14:07:45][blog_task_worker-2][INFO ][net.blog.utils.EmailSender]:email send...
[2020/08/10-14:07:53][http-nio-8081-exec-10][INFO ][net.blog.services.impl.UserServiceImpl]:checkUser tokenKey == > f1006778cb7f58018ec7dcfa61706b38
[2020/08/10-14:07:53][http-nio-8081-exec-10][INFO ][net.blog.services.impl.UserServiceImpl]:parseByTokenKey token == >eyJhbGciOiJIUzI1NiJ9.eyJ1c2VyX25hbWUiOiJjaHVhbmNhaSIsInJvbGVzIjoicm9sZV9ub3JtYWwiLCJzaWduIjoid3VsaXRhb3RhbyIsImlkIjoiNzQxNjI2NzYxODQ1OTMyMDMyIiwiYXZhdGFyIjoiaHR0cHM6Ly9hdmF0YXJzMC5naXRodWJ1c2VyY29udGVudC5jb20vdS80MjI5Mzc1OD9zPTQ2MCZ1PTIxYjY3MmZmZjZlMzQ3MTcyYjFkZjlkN2ViZjIxNmU5YzRjOWM5ZmImdj00IiwiZXhwIjoxNTk3MDQzMTcyLCJlbWFpbCI6InpoLWJlYm9wQG91dGxvb2suY29tIn0.FdLhyxHTYOob594C8AhUHA6e0jsnsfi5cLWO6l_6YXI
[2020/08/10-14:08:03][http-nio-8081-exec-2][INFO ][net.blog.services.impl.UserServiceImpl]:checkUser tokenKey == > f1006778cb7f58018ec7dcfa61706b38
[2020/08/10-14:08:03][http-nio-8081-exec-2][INFO ][net.blog.services.impl.UserServiceImpl]:parseByTokenKey token == >eyJhbGciOiJIUzI1NiJ9.eyJ1c2VyX25hbWUiOiJjaHVhbmNhaSIsInJvbGVzIjoicm9sZV9ub3JtYWwiLCJzaWduIjoid3VsaXRhb3RhbyIsImlkIjoiNzQxNjI2NzYxODQ1OTMyMDMyIiwiYXZhdGFyIjoiaHR0cHM6Ly9hdmF0YXJzMC5naXRodWJ1c2VyY29udGVudC5jb20vdS80MjI5Mzc1OD9zPTQ2MCZ1PTIxYjY3MmZmZjZlMzQ3MTcyYjFkZjlkN2ViZjIxNmU5YzRjOWM5ZmImdj00IiwiZXhwIjoxNTk3MDQzMTcyLCJlbWFpbCI6InpoLWJlYm9wQG91dGxvb2suY29tIn0.FdLhyxHTYOob594C8AhUHA6e0jsnsfi5cLWO6l_6YXI
[2020/08/10-14:27:15][main][INFO ][net.blog.BlogApplication]:BlogApplication run...
[2020/08/10-14:27:16][main][INFO ][net.blog.BlogApplication]:Starting BlogApplication on Innovation with PID 4448 (D:\Codes\BlogSystem\target\classes started by ETNJL in D:\Codes\BlogSystem)
[2020/08/10-14:27:16][main][INFO ][net.blog.BlogApplication]:No active profile set, falling back to default profiles: default
[2020/08/10-14:29:29][main][INFO ][net.blog.BlogApplication]:BlogApplication run...
[2020/08/10-14:29:29][main][INFO ][net.blog.BlogApplication]:Starting BlogApplication on Innovation with PID 7204 (D:\Codes\BlogSystem\target\classes started by ETNJL in D:\Codes\BlogSystem)
[2020/08/10-14:29:29][main][INFO ][net.blog.BlogApplication]:No active profile set, falling back to default profiles: default
[2020/08/10-14:31:43][main][INFO ][net.blog.BlogApplication]:BlogApplication run...
[2020/08/10-14:31:43][main][INFO ][net.blog.BlogApplication]:Starting BlogApplication on Innovation with PID 1756 (D:\Codes\BlogSystem\target\classes started by ETNJL in D:\Codes\BlogSystem)
[2020/08/10-14:31:43][main][INFO ][net.blog.BlogApplication]:No active profile set, falling back to default profiles: default
[2020/08/10-14:31:49][main][INFO ][net.blog.BlogApplication]:Started BlogApplication in 5.785 seconds (JVM running for 6.758)
[2020/08/10-14:31:57][http-nio-8081-exec-1][INFO ][net.blog.services.impl.UserServiceImpl]:captcha font type index ==> 3
[2020/08/10-14:31:57][http-nio-8081-exec-1][INFO ][net.blog.services.impl.UserServiceImpl]:captcha content == > dtwbt
[2020/08/10-14:32:05][http-nio-8081-exec-3][INFO ][net.blog.services.impl.UserServiceImpl]:deleteResult of refresh token...1
[2020/08/10-14:32:36][http-nio-8081-exec-4][INFO ][net.blog.services.impl.UserServiceImpl]:checkUser tokenKey == > fd959378cbe90528f3c337802362a6e6
[2020/08/10-14:32:36][http-nio-8081-exec-4][INFO ][net.blog.services.impl.UserServiceImpl]:parseByTokenKey token == >eyJhbGciOiJIUzI1NiJ9.eyJ1c2VyX25hbWUiOiJjaHVhbmNhaSIsInJvbGVzIjoicm9sZV9ub3JtYWwiLCJzaWduIjoid3VsaXRhb3RhbyIsImlkIjoiNzQxNjI2NzYxODQ1OTMyMDMyIiwiYXZhdGFyIjoiaHR0cHM6Ly9hdmF0YXJzMC5naXRodWJ1c2VyY29udGVudC5jb20vdS80MjI5Mzc1OD9zPTQ2MCZ1PTIxYjY3MmZmZjZlMzQ3MTcyYjFkZjlkN2ViZjIxNmU5YzRjOWM5ZmImdj00IiwiZXhwIjoxNTk3MDQ0NzI1LCJlbWFpbCI6InpoLWJlYm9wQG91dGxvb2suY29tIn0.RAeccAW1hyP4JyATc6vP5gCDRIn-oV5gRR1NWArnPN8
[2020/08/10-14:33:20][http-nio-8081-exec-5][INFO ][net.blog.services.impl.UserServiceImpl]:deleteResult of refresh token...1
[2020/08/10-14:33:25][http-nio-8081-exec-6][INFO ][net.blog.services.impl.UserServiceImpl]:checkUser tokenKey == > c70da0017c8a97cc7a4e84733516465a
[2020/08/10-14:33:25][http-nio-8081-exec-6][INFO ][net.blog.services.impl.UserServiceImpl]:parseByTokenKey token == >eyJhbGciOiJIUzI1NiJ9.eyJ1c2VyX25hbWUiOiJBZG1pbkNodWFuIiwicm9sZXMiOiJyb2xlX2FkbWluIiwic2lnbiI6IkxCV05CIiwiaWQiOiI3NDE2MjY0ODU1Mzc3Njc0MjQiLCJhdmF0YXIiOiJodHRwczovL2F2YXRhcnMwLmdpdGh1YnVzZXJjb250ZW50LmNvbS91LzQyMjkzNzU4P3M9NDYwJnU9MjFiNjcyZmZmNmUzNDcxNzJiMWRmOWQ3ZWJmMjE2ZTljNGM5YzlmYiZ2PTQiLCJleHAiOjE1OTcwNDQ4MDAsImVtYWlsIjoiYWRtaW5AZXhhbXBsZS5jb20ifQ.k-acHgpZeQ9pylI8ovJx3QT2uJOBp2Ewz1qowveAuDM
[2020/08/10-14:33:50][http-nio-8081-exec-8][INFO ][net.blog.services.impl.UserServiceImpl]:checkUser tokenKey == > c70da0017c8a97cc7a4e84733516465a
[2020/08/10-14:33:50][http-nio-8081-exec-8][INFO ][net.blog.services.impl.UserServiceImpl]:parseByTokenKey token == >null
[2020/08/10-14:33:50][http-nio-8081-exec-8][INFO ][net.blog.services.impl.UserServiceImpl]:refresh token is null...
[2020/08/10-14:35:42][http-nio-8081-exec-10][INFO ][net.blog.services.impl.UserServiceImpl]:checkUser tokenKey == > c70da0017c8a97cc7a4e84733516465a
[2020/08/10-14:35:42][http-nio-8081-exec-10][INFO ][net.blog.services.impl.UserServiceImpl]:parseByTokenKey token == >null
[2020/08/10-14:35:42][http-nio-8081-exec-10][INFO ][net.blog.services.impl.UserServiceImpl]:refresh token is null...
[2020/08/10-14:37:47][main][INFO ][net.blog.BlogApplication]:BlogApplication run...
[2020/08/10-14:37:47][main][INFO ][net.blog.BlogApplication]:Starting BlogApplication on Innovation with PID 1124 (D:\Codes\BlogSystem\target\classes started by ETNJL in D:\Codes\BlogSystem)
[2020/08/10-14:37:47][main][INFO ][net.blog.BlogApplication]:No active profile set, falling back to default profiles: default
[2020/08/10-14:37:53][main][INFO ][net.blog.BlogApplication]:Started BlogApplication in 6.665 seconds (JVM running for 7.747)
[2020/08/10-14:37:55][http-nio-8081-exec-1][INFO ][net.blog.controller.TestController]:comment content == >niupia
[2020/08/10-14:37:55][http-nio-8081-exec-1][INFO ][net.blog.services.impl.UserServiceImpl]:checkUser tokenKey == > c70da0017c8a97cc7a4e84733516465a
[2020/08/10-14:37:56][http-nio-8081-exec-1][INFO ][net.blog.services.impl.UserServiceImpl]:parseByTokenKey token == >null
[2020/08/10-14:37:56][http-nio-8081-exec-1][INFO ][net.blog.services.impl.UserServiceImpl]:refresh token is null...
[2020/08/10-14:37:58][http-nio-8081-exec-3][INFO ][net.blog.services.impl.UserServiceImpl]:captcha font type index ==> 9
[2020/08/10-14:37:59][http-nio-8081-exec-3][INFO ][net.blog.services.impl.UserServiceImpl]:captcha content == > -2
[2020/08/10-14:38:10][http-nio-8081-exec-4][INFO ][net.blog.services.impl.UserServiceImpl]:deleteResult of refresh token...0
[2020/08/10-14:54:25][main][INFO ][net.blog.BlogApplication]:BlogApplication run...
[2020/08/10-14:54:26][main][INFO ][net.blog.BlogApplication]:Starting BlogApplication on Innovation with PID 1872 (D:\Codes\BlogSystem\target\classes started by ETNJL in D:\Codes\BlogSystem)
[2020/08/10-14:54:26][main][INFO ][net.blog.BlogApplication]:No active profile set, falling back to default profiles: default
[2020/08/10-14:54:32][main][INFO ][net.blog.BlogApplication]:Started BlogApplication in 6.072 seconds (JVM running for 7.054)
[2020/08/10-15:22:14][main][INFO ][net.blog.BlogApplication]:BlogApplication run...
[2020/08/10-15:22:14][main][INFO ][net.blog.BlogApplication]:Starting BlogApplication on Innovation with PID 14340 (D:\Codes\BlogSystem\target\classes started by ETNJL in D:\Codes\BlogSystem)
[2020/08/10-15:22:14][main][INFO ][net.blog.BlogApplication]:No active profile set, falling back to default profiles: default
[2020/08/10-15:22:21][main][INFO ][net.blog.BlogApplication]:Started BlogApplication in 7.279 seconds (JVM running for 8.364)
[2020/08/10-15:22:24][http-nio-8081-exec-2][INFO ][net.blog.services.impl.UserServiceImpl]:captcha font type index ==> 3
[2020/08/10-15:22:24][http-nio-8081-exec-2][INFO ][net.blog.services.impl.UserServiceImpl]:captcha content == > eu9y4
[2020/08/10-15:23:46][http-nio-8081-exec-7][INFO ][net.blog.controller.TestController]:comment content == >niupia
[2020/08/10-15:24:42][main][INFO ][net.blog.BlogApplication]:BlogApplication run...
[2020/08/10-15:24:43][main][INFO ][net.blog.BlogApplication]:Starting BlogApplication on Innovation with PID 11824 (D:\Codes\BlogSystem\target\classes started by ETNJL in D:\Codes\BlogSystem)
[2020/08/10-15:24:43][main][INFO ][net.blog.BlogApplication]:No active profile set, falling back to default profiles: default
[2020/08/10-15:24:48][main][INFO ][net.blog.BlogApplication]:Started BlogApplication in 5.894 seconds (JVM running for 6.881)
[2020/08/10-15:25:00][http-nio-8081-exec-1][INFO ][net.blog.services.impl.UserServiceImpl]:captcha font type index ==> 5
[2020/08/10-15:25:00][http-nio-8081-exec-1][INFO ][net.blog.services.impl.UserServiceImpl]:captcha content == > snjdm
[2020/08/10-15:25:51][http-nio-8081-exec-4][INFO ][net.blog.services.impl.UserServiceImpl]:deleteResult of refresh token...1
[2020/08/10-15:27:43][http-nio-8081-exec-8][INFO ][net.blog.services.impl.UserServiceImpl]:checkUser tokenKey == > c2b1064385812c21f148a43d839848a2
[2020/08/10-15:27:43][http-nio-8081-exec-8][INFO ][net.blog.services.impl.UserServiceImpl]:parseByTokenKey token == >eyJhbGciOiJIUzI1NiJ9.eyJ1c2VyX25hbWUiOiJBZG1pbkNodWFuIiwicm9sZXMiOiJyb2xlX2FkbWluIiwic2lnbiI6IkxCV05CIiwiaWQiOiI3NDE2MjY0ODU1Mzc3Njc0MjQiLCJhdmF0YXIiOiJodHRwczovL2F2YXRhcnMwLmdpdGh1YnVzZXJjb250ZW50LmNvbS91LzQyMjkzNzU4P3M9NDYwJnU9MjFiNjcyZmZmNmUzNDcxNzJiMWRmOWQ3ZWJmMjE2ZTljNGM5YzlmYiZ2PTQiLCJleHAiOjE1OTcwNDc5NTEsImVtYWlsIjoiYWRtaW5AZXhhbXBsZS5jb20ifQ.12_riPZtGEtUBscbyrXt83ZMookBiOf3lNtbiUm4Fuk
[2020/08/10-18:42:24][main][INFO ][net.blog.BlogApplication]:BlogApplication run...
[2020/08/10-18:42:25][main][INFO ][net.blog.BlogApplication]:Starting BlogApplication on Innovation with PID 5680 (D:\Codes\BlogSystem\target\classes started by ETNJL in D:\Codes\BlogSystem)
[2020/08/10-18:42:25][main][INFO ][net.blog.BlogApplication]:No active profile set, falling back to default profiles: default
[2020/08/10-19:59:15][main][INFO ][net.blog.BlogApplication]:BlogApplication run...
[2020/08/10-19:59:15][main][INFO ][net.blog.BlogApplication]:Starting BlogApplication on Innovation with PID 12472 (D:\Codes\BlogSystem\target\classes started by ETNJL in D:\Codes\BlogSystem)
[2020/08/10-19:59:15][main][INFO ][net.blog.BlogApplication]:No active profile set, falling back to default profiles: default
[2020/08/10-19:59:21][main][INFO ][net.blog.BlogApplication]:Started BlogApplication in 6.564 seconds (JVM running for 7.799)
[2020/08/10-19:59:34][http-nio-8081-exec-1][INFO ][net.blog.services.impl.UserServiceImpl]:captcha font type index ==> 2
[2020/08/10-19:59:34][http-nio-8081-exec-1][INFO ][net.blog.services.impl.UserServiceImpl]:captcha content == > hh284
[2020/08/10-19:59:46][http-nio-8081-exec-4][INFO ][net.blog.services.impl.UserServiceImpl]:deleteResult of refresh token...1
[2020/08/10-20:01:14][http-nio-8081-exec-8][INFO ][net.blog.services.impl.UserServiceImpl]:checkUser tokenKey == > 65b7e80791021133802cf000e6bc300b
[2020/08/10-20:01:14][http-nio-8081-exec-8][INFO ][net.blog.services.impl.UserServiceImpl]:parseByTokenKey token == >eyJhbGciOiJIUzI1NiJ9.eyJ1c2VyX25hbWUiOiJBZG1pbkNodWFuIiwicm9sZXMiOiJyb2xlX2FkbWluIiwic2lnbiI6IkxCV05CIiwiaWQiOiI3NDE2MjY0ODU1Mzc3Njc0MjQiLCJhdmF0YXIiOiJodHRwczovL2F2YXRhcnMwLmdpdGh1YnVzZXJjb250ZW50LmNvbS91LzQyMjkzNzU4P3M9NDYwJnU9MjFiNjcyZmZmNmUzNDcxNzJiMWRmOWQ3ZWJmMjE2ZTljNGM5YzlmYiZ2PTQiLCJleHAiOjE1OTcwNjQzODYsImVtYWlsIjoiYWRtaW5AZXhhbXBsZS5jb20ifQ.IqDE1t-JHSQrzi9Xbk2dYCbiYUq68eLTt98IoyHFFa8
[2020/08/10-20:19:54][main][INFO ][net.blog.BlogApplication]:BlogApplication run...
[2020/08/10-20:19:55][main][INFO ][net.blog.BlogApplication]:Starting BlogApplication on Innovation with PID 4720 (D:\Codes\BlogSystem\target\classes started by ETNJL in D:\Codes\BlogSystem)
[2020/08/10-20:19:55][main][INFO ][net.blog.BlogApplication]:No active profile set, falling back to default profiles: default
[2020/08/10-20:20:01][main][INFO ][net.blog.BlogApplication]:Started BlogApplication in 6.694 seconds (JVM running for 7.713)
[2020/08/10-20:21:38][http-nio-8081-exec-7][INFO ][net.blog.services.impl.UserServiceImpl]:captcha font type index ==> 8
[2020/08/10-20:21:38][http-nio-8081-exec-7][INFO ][net.blog.services.impl.UserServiceImpl]:captcha content == > v48jh
[2020/08/10-20:21:49][http-nio-8081-exec-10][INFO ][net.blog.services.impl.UserServiceImpl]:deleteResult of refresh token...1
[2020/08/10-20:24:29][http-nio-8081-exec-10][INFO ][net.blog.services.impl.UserServiceImpl]:checkUser tokenKey == > 57f97f7ac34aeff7c89461eb4bcff3fd
[2020/08/10-20:24:29][http-nio-8081-exec-10][INFO ][net.blog.services.impl.UserServiceImpl]:parseByTokenKey token == >eyJhbGciOiJIUzI1NiJ9.eyJ1c2VyX25hbWUiOiJBZG1pbkNodWFuIiwicm9sZXMiOiJyb2xlX2FkbWluIiwic2lnbiI6IkxCV05CIiwiaWQiOiI3NDE2MjY0ODU1Mzc3Njc0MjQiLCJhdmF0YXIiOiJodHRwczovL2F2YXRhcnMwLmdpdGh1YnVzZXJjb250ZW50LmNvbS91LzQyMjkzNzU4P3M9NDYwJnU9MjFiNjcyZmZmNmUzNDcxNzJiMWRmOWQ3ZWJmMjE2ZTljNGM5YzlmYiZ2PTQiLCJleHAiOjE1OTcwNjU3MDksImVtYWlsIjoiYWRtaW5AZXhhbXBsZS5jb20ifQ.jDwBirPdyztzb2K1eJdcdXyUqzo1aV2vL885aTXR-FU
[2020/08/10-20:24:43][http-nio-8081-exec-5][INFO ][net.blog.services.impl.UserServiceImpl]:checkUser tokenKey == > 57f97f7ac34aeff7c89461eb4bcff3fd
[2020/08/10-20:24:43][http-nio-8081-exec-5][INFO ][net.blog.services.impl.UserServiceImpl]:parseByTokenKey token == >eyJhbGciOiJIUzI1NiJ9.eyJ1c2VyX25hbWUiOiJBZG1pbkNodWFuIiwicm9sZXMiOiJyb2xlX2FkbWluIiwic2lnbiI6IkxCV05CIiwiaWQiOiI3NDE2MjY0ODU1Mzc3Njc0MjQiLCJhdmF0YXIiOiJodHRwczovL2F2YXRhcnMwLmdpdGh1YnVzZXJjb250ZW50LmNvbS91LzQyMjkzNzU4P3M9NDYwJnU9MjFiNjcyZmZmNmUzNDcxNzJiMWRmOWQ3ZWJmMjE2ZTljNGM5YzlmYiZ2PTQiLCJleHAiOjE1OTcwNjU3MDksImVtYWlsIjoiYWRtaW5AZXhhbXBsZS5jb20ifQ.jDwBirPdyztzb2K1eJdcdXyUqzo1aV2vL885aTXR-FU
[2020/08/10-20:24:49][http-nio-8081-exec-1][INFO ][net.blog.services.impl.UserServiceImpl]:checkUser tokenKey == > 57f97f7ac34aeff7c89461eb4bcff3fd
[2020/08/10-20:24:49][http-nio-8081-exec-1][INFO ][net.blog.services.impl.UserServiceImpl]:parseByTokenKey token == >eyJhbGciOiJIUzI1NiJ9.eyJ1c2VyX25hbWUiOiJBZG1pbkNodWFuIiwicm9sZXMiOiJyb2xlX2FkbWluIiwic2lnbiI6IkxCV05CIiwiaWQiOiI3NDE2MjY0ODU1Mzc3Njc0MjQiLCJhdmF0YXIiOiJodHRwczovL2F2YXRhcnMwLmdpdGh1YnVzZXJjb250ZW50LmNvbS91LzQyMjkzNzU4P3M9NDYwJnU9MjFiNjcyZmZmNmUzNDcxNzJiMWRmOWQ3ZWJmMjE2ZTljNGM5YzlmYiZ2PTQiLCJleHAiOjE1OTcwNjU3MDksImVtYWlsIjoiYWRtaW5AZXhhbXBsZS5jb20ifQ.jDwBirPdyztzb2K1eJdcdXyUqzo1aV2vL885aTXR-FU
[2020/08/10-20:35:27][main][INFO ][net.blog.BlogApplication]:BlogApplication run...
[2020/08/10-20:35:28][main][INFO ][net.blog.BlogApplication]:Starting BlogApplication on Innovation with PID 11140 (D:\Codes\BlogSystem\target\classes started by ETNJL in D:\Codes\BlogSystem)
[2020/08/10-20:35:28][main][INFO ][net.blog.BlogApplication]:No active profile set, falling back to default profiles: default
[2020/08/10-20:35:34][main][INFO ][net.blog.BlogApplication]:Started BlogApplication in 6.815 seconds (JVM running for 7.874)
[2020/08/10-20:37:09][http-nio-8081-exec-8][INFO ][net.blog.services.impl.UserServiceImpl]:checkUser tokenKey == > 57f97f7ac34aeff7c89461eb4bcff3fd
[2020/08/10-20:37:10][http-nio-8081-exec-8][INFO ][net.blog.services.impl.UserServiceImpl]:parseByTokenKey token == >eyJhbGciOiJIUzI1NiJ9.eyJ1c2VyX25hbWUiOiJBZG1pbkNodWFuIiwicm9sZXMiOiJyb2xlX2FkbWluIiwic2lnbiI6IkxCV05CIiwiaWQiOiI3NDE2MjY0ODU1Mzc3Njc0MjQiLCJhdmF0YXIiOiJodHRwczovL2F2YXRhcnMwLmdpdGh1YnVzZXJjb250ZW50LmNvbS91LzQyMjkzNzU4P3M9NDYwJnU9MjFiNjcyZmZmNmUzNDcxNzJiMWRmOWQ3ZWJmMjE2ZTljNGM5YzlmYiZ2PTQiLCJleHAiOjE1OTcwNjU3MDksImVtYWlsIjoiYWRtaW5AZXhhbXBsZS5jb20ifQ.jDwBirPdyztzb2K1eJdcdXyUqzo1aV2vL885aTXR-FU
[2020/08/10-20:42:20][main][INFO ][net.blog.BlogApplication]:BlogApplication run...
[2020/08/10-20:42:21][main][INFO ][net.blog.BlogApplication]:Starting BlogApplication on Innovation with PID 3868 (D:\Codes\BlogSystem\target\classes started by ETNJL in D:\Codes\BlogSystem)
[2020/08/10-20:42:21][main][INFO ][net.blog.BlogApplication]:No active profile set, falling back to default profiles: default
[2020/08/10-20:42:27][main][INFO ][net.blog.BlogApplication]:Started BlogApplication in 6.714 seconds (JVM running for 7.844)
[2020/08/10-20:57:59][main][INFO ][net.blog.BlogApplication]:BlogApplication run...
[2020/08/10-20:57:59][main][INFO ][net.blog.BlogApplication]:Starting BlogApplication on Innovation with PID 2568 (D:\Codes\BlogSystem\target\classes started by ETNJL in D:\Codes\BlogSystem)
[2020/08/10-20:57:59][main][INFO ][net.blog.BlogApplication]:No active profile set, falling back to default profiles: default
[2020/08/10-20:58:06][main][INFO ][net.blog.BlogApplication]:Started BlogApplication in 6.657 seconds (JVM running for 7.675)
[2020/08/10-20:58:42][http-nio-8081-exec-8][INFO ][net.blog.services.impl.UserServiceImpl]:captcha font type index ==> 8
[2020/08/10-20:58:42][http-nio-8081-exec-8][INFO ][net.blog.services.impl.UserServiceImpl]:captcha content == > 2
[2020/08/10-20:58:51][http-nio-8081-exec-1][INFO ][net.blog.services.impl.UserServiceImpl]:deleteResult of refresh token...1
[2020/08/10-21:16:44][main][INFO ][net.blog.BlogApplication]:BlogApplication run...
[2020/08/10-21:16:44][main][INFO ][net.blog.BlogApplication]:Starting BlogApplication on Innovation with PID 8920 (D:\Codes\BlogSystem\target\classes started by ETNJL in D:\Codes\BlogSystem)
[2020/08/10-21:16:44][main][INFO ][net.blog.BlogApplication]:No active profile set, falling back to default profiles: default
[2020/08/10-21:16:51][main][INFO ][net.blog.BlogApplication]:Started BlogApplication in 6.567 seconds (JVM running for 7.661)
[2020/08/10-21:19:42][http-nio-8081-exec-3][INFO ][net.blog.services.impl.UserServiceImpl]:checkUser tokenKey == > f541d2ec9c4de0b922a891adb68c9868
[2020/08/10-21:19:43][http-nio-8081-exec-3][INFO ][net.blog.services.impl.UserServiceImpl]:parseByTokenKey token == >eyJhbGciOiJIUzI1NiJ9.eyJ1c2VyX25hbWUiOiJBZG1pbkNodWFuIiwicm9sZXMiOiJyb2xlX2FkbWluIiwic2lnbiI6IkxCV05CIiwiaWQiOiI3NDE2MjY0ODU1Mzc3Njc0MjQiLCJhdmF0YXIiOiJodHRwczovL2F2YXRhcnMwLmdpdGh1YnVzZXJjb250ZW50LmNvbS91LzQyMjkzNzU4P3M9NDYwJnU9MjFiNjcyZmZmNmUzNDcxNzJiMWRmOWQ3ZWJmMjE2ZTljNGM5YzlmYiZ2PTQiLCJleHAiOjE1OTcwNjQzMzUsImVtYWlsIjoiYWRtaW5AZXhhbXBsZS5jb20ifQ.Bdd1Fx2BVlT3pcSqYcPmm0tAu1f8a7Dlr9GNh3KdSic
[2020/08/10-21:19:43][http-nio-8081-exec-3][INFO ][net.blog.services.impl.UserServiceImpl]:parseByTokenKey == >f541d2ec9c4de0b922a891adb68c9868expired
[2020/08/10-21:19:43][http-nio-8081-exec-3][INFO ][net.blog.services.impl.UserServiceImpl]:deleteResult of refresh token...1
[2020/08/10-21:19:43][http-nio-8081-exec-3][INFO ][net.blog.services.impl.UserServiceImpl]:create new token and refresh token...
[2020/08/10-21:19:43][http-nio-8081-exec-3][INFO ][net.blog.services.impl.UserServiceImpl]:parseByTokenKey token == >eyJhbGciOiJIUzI1NiJ9.eyJ1c2VyX25hbWUiOiJBZG1pbkNodWFuIiwicm9sZXMiOiJyb2xlX2FkbWluIiwic2lnbiI6IkxCV05CIiwiaWQiOiI3NDE2MjY0ODU1Mzc3Njc0MjQiLCJhdmF0YXIiOiJodHRwczovL2F2YXRhcnMwLmdpdGh1YnVzZXJjb250ZW50LmNvbS91LzQyMjkzNzU4P3M9NDYwJnU9MjFiNjcyZmZmNmUzNDcxNzJiMWRmOWQ3ZWJmMjE2ZTljNGM5YzlmYiZ2PTQiLCJleHAiOjE1OTcwNjU1ODcsImVtYWlsIjoiYWRtaW5AZXhhbXBsZS5jb20ifQ.Gh23F2IJyCY8H2Z4kOxyLLhQiZEC-gdX5CqJ0Gemr0s
[2020/08/10-21:20:26][http-nio-8081-exec-7][INFO ][net.blog.services.impl.UserServiceImpl]:checkUser tokenKey == > d24b17403db7dec98b1524ff7849af3c
[2020/08/10-21:20:26][http-nio-8081-exec-7][INFO ][net.blog.services.impl.UserServiceImpl]:parseByTokenKey token == >eyJhbGciOiJIUzI1NiJ9.eyJ1c2VyX25hbWUiOiJBZG1pbkNodWFuIiwicm9sZXMiOiJyb2xlX2FkbWluIiwic2lnbiI6IkxCV05CIiwiaWQiOiI3NDE2MjY0ODU1Mzc3Njc0MjQiLCJhdmF0YXIiOiJodHRwczovL2F2YXRhcnMwLmdpdGh1YnVzZXJjb250ZW50LmNvbS91LzQyMjkzNzU4P3M9NDYwJnU9MjFiNjcyZmZmNmUzNDcxNzJiMWRmOWQ3ZWJmMjE2ZTljNGM5YzlmYiZ2PTQiLCJleHAiOjE1OTcwNjU1ODcsImVtYWlsIjoiYWRtaW5AZXhhbXBsZS5jb20ifQ.Gh23F2IJyCY8H2Z4kOxyLLhQiZEC-gdX5CqJ0Gemr0s
[2020/08/10-21:20:26][http-nio-8081-exec-7][INFO ][net.blog.services.impl.UserServiceImpl]:parseByTokenKey == >d24b17403db7dec98b1524ff7849af3cexpired
[2020/08/10-21:20:26][http-nio-8081-exec-7][INFO ][net.blog.services.impl.UserServiceImpl]:deleteResult of refresh token...1
[2020/08/10-21:20:26][http-nio-8081-exec-7][INFO ][net.blog.services.impl.UserServiceImpl]:create new token and refresh token...
[2020/08/10-21:20:26][http-nio-8081-exec-7][INFO ][net.blog.services.impl.UserServiceImpl]:parseByTokenKey token == >eyJhbGciOiJIUzI1NiJ9.eyJ1c2VyX25hbWUiOiJBZG1pbkNodWFuIiwicm9sZXMiOiJyb2xlX2FkbWluIiwic2lnbiI6IkxCV05CIiwiaWQiOiI3NDE2MjY0ODU1Mzc3Njc0MjQiLCJhdmF0YXIiOiJodHRwczovL2F2YXRhcnMwLmdpdGh1YnVzZXJjb250ZW50LmNvbS91LzQyMjkzNzU4P3M9NDYwJnU9MjFiNjcyZmZmNmUzNDcxNzJiMWRmOWQ3ZWJmMjE2ZTljNGM5YzlmYiZ2PTQiLCJleHAiOjE1OTcwNjU2MjksImVtYWlsIjoiYWRtaW5AZXhhbXBsZS5jb20ifQ.6RTXt-yR2piXA68zhjpSXKvpS5SPHnIfvD2oz9W6ZuE
[2020/08/10-21:20:39][http-nio-8081-exec-2][INFO ][net.blog.services.impl.UserServiceImpl]:checkUser tokenKey == > 058cb6d467c437ba8701ef3da3c83651
[2020/08/10-21:20:39][http-nio-8081-exec-2][INFO ][net.blog.services.impl.UserServiceImpl]:parseByTokenKey token == >eyJhbGciOiJIUzI1NiJ9.eyJ1c2VyX25hbWUiOiJBZG1pbkNodWFuIiwicm9sZXMiOiJyb2xlX2FkbWluIiwic2lnbiI6IkxCV05CIiwiaWQiOiI3NDE2MjY0ODU1Mzc3Njc0MjQiLCJhdmF0YXIiOiJodHRwczovL2F2YXRhcnMwLmdpdGh1YnVzZXJjb250ZW50LmNvbS91LzQyMjkzNzU4P3M9NDYwJnU9MjFiNjcyZmZmNmUzNDcxNzJiMWRmOWQ3ZWJmMjE2ZTljNGM5YzlmYiZ2PTQiLCJleHAiOjE1OTcwNjU2MjksImVtYWlsIjoiYWRtaW5AZXhhbXBsZS5jb20ifQ.6RTXt-yR2piXA68zhjpSXKvpS5SPHnIfvD2oz9W6ZuE
[2020/08/10-21:20:39][http-nio-8081-exec-2][INFO ][net.blog.services.impl.UserServiceImpl]:parseByTokenKey == >058cb6d467c437ba8701ef3da3c83651expired
[2020/08/10-21:20:39][http-nio-8081-exec-2][INFO ][net.blog.services.impl.UserServiceImpl]:deleteResult of refresh token...1
[2020/08/10-21:20:39][http-nio-8081-exec-2][INFO ][net.blog.services.impl.UserServiceImpl]:create new token and refresh token...
[2020/08/10-21:20:39][http-nio-8081-exec-2][INFO ][net.blog.services.impl.UserServiceImpl]:parseByTokenKey token == >eyJhbGciOiJIUzI1NiJ9.eyJ1c2VyX25hbWUiOiJBZG1pbkNodWFuIiwicm9sZXMiOiJyb2xlX2FkbWluIiwic2lnbiI6IkxCV05CIiwiaWQiOiI3NDE2MjY0ODU1Mzc3Njc0MjQiLCJhdmF0YXIiOiJodHRwczovL2F2YXRhcnMwLmdpdGh1YnVzZXJjb250ZW50LmNvbS91LzQyMjkzNzU4P3M9NDYwJnU9MjFiNjcyZmZmNmUzNDcxNzJiMWRmOWQ3ZWJmMjE2ZTljNGM5YzlmYiZ2PTQiLCJleHAiOjE1OTcwNjU2NDIsImVtYWlsIjoiYWRtaW5AZXhhbXBsZS5jb20ifQ.Vk8GppegsMEe3ue6LEqK0a8PJiMA8vRimn9AVJcIA9s
[2020/08/10-21:22:12][http-nio-8081-exec-4][INFO ][net.blog.services.impl.UserServiceImpl]:checkUser tokenKey == > 9785c479745fa8720181d635ce91477b
[2020/08/10-21:22:12][http-nio-8081-exec-4][INFO ][net.blog.services.impl.UserServiceImpl]:parseByTokenKey token == >eyJhbGciOiJIUzI1NiJ9.eyJ1c2VyX25hbWUiOiJBZG1pbkNodWFuIiwicm9sZXMiOiJyb2xlX2FkbWluIiwic2lnbiI6IkxCV05CIiwiaWQiOiI3NDE2MjY0ODU1Mzc3Njc0MjQiLCJhdmF0YXIiOiJodHRwczovL2F2YXRhcnMwLmdpdGh1YnVzZXJjb250ZW50LmNvbS91LzQyMjkzNzU4P3M9NDYwJnU9MjFiNjcyZmZmNmUzNDcxNzJiMWRmOWQ3ZWJmMjE2ZTljNGM5YzlmYiZ2PTQiLCJleHAiOjE1OTcwNjU2NDIsImVtYWlsIjoiYWRtaW5AZXhhbXBsZS5jb20ifQ.Vk8GppegsMEe3ue6LEqK0a8PJiMA8vRimn9AVJcIA9s
[2020/08/10-21:22:12][http-nio-8081-exec-4][INFO ][net.blog.services.impl.UserServiceImpl]:parseByTokenKey == >9785c479745fa8720181d635ce91477bexpired
[2020/08/10-21:22:12][http-nio-8081-exec-4][INFO ][net.blog.services.impl.UserServiceImpl]:deleteResult of refresh token...1
[2020/08/10-21:22:12][http-nio-8081-exec-4][INFO ][net.blog.services.impl.UserServiceImpl]:create new token and refresh token...
[2020/08/10-21:22:12][http-nio-8081-exec-4][INFO ][net.blog.services.impl.UserServiceImpl]:parseByTokenKey token == >eyJhbGciOiJIUzI1NiJ9.eyJ1c2VyX25hbWUiOiJBZG1pbkNodWFuIiwicm9sZXMiOiJyb2xlX2FkbWluIiwic2lnbiI6IkxCV05CIiwiaWQiOiI3NDE2MjY0ODU1Mzc3Njc0MjQiLCJhdmF0YXIiOiJodHRwczovL2F2YXRhcnMwLmdpdGh1YnVzZXJjb250ZW50LmNvbS91LzQyMjkzNzU4P3M9NDYwJnU9MjFiNjcyZmZmNmUzNDcxNzJiMWRmOWQ3ZWJmMjE2ZTljNGM5YzlmYiZ2PTQiLCJleHAiOjE1OTcwNjU3MzUsImVtYWlsIjoiYWRtaW5AZXhhbXBsZS5jb20ifQ.xRaUsaYooeooxo5_6J-8Gdl6llJXJCcNZx9jeYxTWPw
[2020/08/10-21:22:19][http-nio-8081-exec-8][INFO ][net.blog.services.impl.UserServiceImpl]:captcha font type index ==> 8
[2020/08/10-21:22:19][http-nio-8081-exec-8][INFO ][net.blog.services.impl.UserServiceImpl]:captcha content == > qtbet
[2020/08/10-21:22:26][http-nio-8081-exec-6][INFO ][net.blog.services.impl.UserServiceImpl]:deleteResult of refresh token...1
[2020/08/10-21:22:30][http-nio-8081-exec-3][INFO ][net.blog.services.impl.UserServiceImpl]:checkUser tokenKey == > 48448f1c820695e0e80d03e078c39c0d
[2020/08/10-21:22:30][http-nio-8081-exec-3][INFO ][net.blog.services.impl.UserServiceImpl]:parseByTokenKey token == >eyJhbGciOiJIUzI1NiJ9.eyJ1c2VyX25hbWUiOiJBZG1pbkNodWFuIiwicm9sZXMiOiJyb2xlX2FkbWluIiwic2lnbiI6IkxCV05CIiwiaWQiOiI3NDE2MjY0ODU1Mzc3Njc0MjQiLCJhdmF0YXIiOiJodHRwczovL2F2YXRhcnMwLmdpdGh1YnVzZXJjb250ZW50LmNvbS91LzQyMjkzNzU4P3M9NDYwJnU9MjFiNjcyZmZmNmUzNDcxNzJiMWRmOWQ3ZWJmMjE2ZTljNGM5YzlmYiZ2PTQiLCJleHAiOjE1OTcwNjU3NTAsImVtYWlsIjoiYWRtaW5AZXhhbXBsZS5jb20ifQ.sahodLA5vyXL7pXsJHV3PTfoezSVZx_wP-WUPAM4jMk
[2020/08/10-21:22:30][http-nio-8081-exec-3][INFO ][net.blog.services.impl.UserServiceImpl]:parseByTokenKey == >48448f1c820695e0e80d03e078c39c0dexpired
[2020/08/10-21:22:30][http-nio-8081-exec-3][INFO ][net.blog.services.impl.UserServiceImpl]:deleteResult of refresh token...1
[2020/08/10-21:22:30][http-nio-8081-exec-3][INFO ][net.blog.services.impl.UserServiceImpl]:create new token and refresh token...
[2020/08/10-21:22:30][http-nio-8081-exec-3][INFO ][net.blog.services.impl.UserServiceImpl]:parseByTokenKey token == >eyJhbGciOiJIUzI1NiJ9.eyJ1c2VyX25hbWUiOiJBZG1pbkNodWFuIiwicm9sZXMiOiJyb2xlX2FkbWluIiwic2lnbiI6IkxCV05CIiwiaWQiOiI3NDE2MjY0ODU1Mzc3Njc0MjQiLCJhdmF0YXIiOiJodHRwczovL2F2YXRhcnMwLmdpdGh1YnVzZXJjb250ZW50LmNvbS91LzQyMjkzNzU4P3M9NDYwJnU9MjFiNjcyZmZmNmUzNDcxNzJiMWRmOWQ3ZWJmMjE2ZTljNGM5YzlmYiZ2PTQiLCJleHAiOjE1OTcwNjU3NTQsImVtYWlsIjoiYWRtaW5AZXhhbXBsZS5jb20ifQ.LY7W5sD3BpopzhLo0NDkkrBeKdpyu7gXjnzzVWaBhu0
[2020/08/10-21:22:31][http-nio-8081-exec-7][INFO ][net.blog.services.impl.UserServiceImpl]:checkUser tokenKey == > 85136053315e55ea0c0bd30c727ab291
[2020/08/10-21:22:31][http-nio-8081-exec-7][INFO ][net.blog.services.impl.UserServiceImpl]:parseByTokenKey token == >eyJhbGciOiJIUzI1NiJ9.eyJ1c2VyX25hbWUiOiJBZG1pbkNodWFuIiwicm9sZXMiOiJyb2xlX2FkbWluIiwic2lnbiI6IkxCV05CIiwiaWQiOiI3NDE2MjY0ODU1Mzc3Njc0MjQiLCJhdmF0YXIiOiJodHRwczovL2F2YXRhcnMwLmdpdGh1YnVzZXJjb250ZW50LmNvbS91LzQyMjkzNzU4P3M9NDYwJnU9MjFiNjcyZmZmNmUzNDcxNzJiMWRmOWQ3ZWJmMjE2ZTljNGM5YzlmYiZ2PTQiLCJleHAiOjE1OTcwNjU3NTQsImVtYWlsIjoiYWRtaW5AZXhhbXBsZS5jb20ifQ.LY7W5sD3BpopzhLo0NDkkrBeKdpyu7gXjnzzVWaBhu0
[2020/08/10-21:22:32][http-nio-8081-exec-10][INFO ][net.blog.services.impl.UserServiceImpl]:checkUser tokenKey == > 85136053315e55ea0c0bd30c727ab291
[2020/08/10-21:22:32][http-nio-8081-exec-10][INFO ][net.blog.services.impl.UserServiceImpl]:parseByTokenKey token == >eyJhbGciOiJIUzI1NiJ9.eyJ1c2VyX25hbWUiOiJBZG1pbkNodWFuIiwicm9sZXMiOiJyb2xlX2FkbWluIiwic2lnbiI6IkxCV05CIiwiaWQiOiI3NDE2MjY0ODU1Mzc3Njc0MjQiLCJhdmF0YXIiOiJodHRwczovL2F2YXRhcnMwLmdpdGh1YnVzZXJjb250ZW50LmNvbS91LzQyMjkzNzU4P3M9NDYwJnU9MjFiNjcyZmZmNmUzNDcxNzJiMWRmOWQ3ZWJmMjE2ZTljNGM5YzlmYiZ2PTQiLCJleHAiOjE1OTcwNjU3NTQsImVtYWlsIjoiYWRtaW5AZXhhbXBsZS5jb20ifQ.LY7W5sD3BpopzhLo0NDkkrBeKdpyu7gXjnzzVWaBhu0
[2020/08/10-21:23:32][main][INFO ][net.blog.BlogApplication]:BlogApplication run...
[2020/08/10-21:23:32][main][INFO ][net.blog.BlogApplication]:Starting BlogApplication on Innovation with PID 11304 (D:\Codes\BlogSystem\target\classes started by ETNJL in D:\Codes\BlogSystem)
[2020/08/10-21:23:32][main][INFO ][net.blog.BlogApplication]:No active profile set, falling back to default profiles: default
[2020/08/10-21:23:38][main][INFO ][net.blog.BlogApplication]:Started BlogApplication in 6.275 seconds (JVM running for 7.242)
[2020/08/10-21:23:45][http-nio-8081-exec-1][INFO ][net.blog.services.impl.UserServiceImpl]:checkUser tokenKey == > 85136053315e55ea0c0bd30c727ab291
[2020/08/10-21:23:46][http-nio-8081-exec-1][INFO ][net.blog.services.impl.UserServiceImpl]:parseByTokenKey token == >eyJhbGciOiJIUzI1NiJ9.eyJ1c2VyX25hbWUiOiJBZG1pbkNodWFuIiwicm9sZXMiOiJyb2xlX2FkbWluIiwic2lnbiI6IkxCV05CIiwiaWQiOiI3NDE2MjY0ODU1Mzc3Njc0MjQiLCJhdmF0YXIiOiJodHRwczovL2F2YXRhcnMwLmdpdGh1YnVzZXJjb250ZW50LmNvbS91LzQyMjkzNzU4P3M9NDYwJnU9MjFiNjcyZmZmNmUzNDcxNzJiMWRmOWQ3ZWJmMjE2ZTljNGM5YzlmYiZ2PTQiLCJleHAiOjE1OTcwNjU3NTQsImVtYWlsIjoiYWRtaW5AZXhhbXBsZS5jb20ifQ.LY7W5sD3BpopzhLo0NDkkrBeKdpyu7gXjnzzVWaBhu0
[2020/08/10-21:23:46][http-nio-8081-exec-1][INFO ][net.blog.services.impl.UserServiceImpl]:parseByTokenKey == >85136053315e55ea0c0bd30c727ab291expired
[2020/08/10-21:23:46][http-nio-8081-exec-1][INFO ][net.blog.services.impl.UserServiceImpl]:deleteResult of refresh token...1
[2020/08/10-21:23:46][http-nio-8081-exec-1][INFO ][net.blog.services.impl.UserServiceImpl]:create new token and refresh token...
[2020/08/10-21:23:46][http-nio-8081-exec-1][INFO ][net.blog.services.impl.UserServiceImpl]:parseByTokenKey token == >eyJhbGciOiJIUzI1NiJ9.eyJ1c2VyX25hbWUiOiJBZG1pbkNodWFuIiwicm9sZXMiOiJyb2xlX2FkbWluIiwic2lnbiI6IkxCV05CIiwiaWQiOiI3NDE2MjY0ODU1Mzc3Njc0MjQiLCJhdmF0YXIiOiJodHRwczovL2F2YXRhcnMwLmdpdGh1YnVzZXJjb250ZW50LmNvbS91LzQyMjkzNzU4P3M9NDYwJnU9MjFiNjcyZmZmNmUzNDcxNzJiMWRmOWQ3ZWJmMjE2ZTljNGM5YzlmYiZ2PTQiLCJleHAiOjE1OTcwNjU4MjksImVtYWlsIjoiYWRtaW5AZXhhbXBsZS5jb20ifQ.lNCnbzvTE-uETLkDmDZAeZBQV5b4hvqPCCDLVJlgoew
[2020/08/10-21:25:28][http-nio-8081-exec-4][INFO ][net.blog.services.impl.UserServiceImpl]:checkUser tokenKey == > 1a3fc52ef6843d48ab2a760e380551e2
[2020/08/10-21:25:28][http-nio-8081-exec-4][INFO ][net.blog.services.impl.UserServiceImpl]:parseByTokenKey token == >eyJhbGciOiJIUzI1NiJ9.eyJ1c2VyX25hbWUiOiJBZG1pbkNodWFuIiwicm9sZXMiOiJyb2xlX2FkbWluIiwic2lnbiI6IkxCV05CIiwiaWQiOiI3NDE2MjY0ODU1Mzc3Njc0MjQiLCJhdmF0YXIiOiJodHRwczovL2F2YXRhcnMwLmdpdGh1YnVzZXJjb250ZW50LmNvbS91LzQyMjkzNzU4P3M9NDYwJnU9MjFiNjcyZmZmNmUzNDcxNzJiMWRmOWQ3ZWJmMjE2ZTljNGM5YzlmYiZ2PTQiLCJleHAiOjE1OTcwNjU4MjksImVtYWlsIjoiYWRtaW5AZXhhbXBsZS5jb20ifQ.lNCnbzvTE-uETLkDmDZAeZBQV5b4hvqPCCDLVJlgoew
[2020/08/10-21:25:28][http-nio-8081-exec-4][INFO ][net.blog.services.impl.UserServiceImpl]:parseByTokenKey == >1a3fc52ef6843d48ab2a760e380551e2expired
[2020/08/10-21:25:28][http-nio-8081-exec-4][INFO ][net.blog.services.impl.UserServiceImpl]:deleteResult of refresh token...1
[2020/08/10-21:25:28][http-nio-8081-exec-4][INFO ][net.blog.services.impl.UserServiceImpl]:create new token and refresh token...
[2020/08/10-21:25:28][http-nio-8081-exec-4][INFO ][net.blog.services.impl.UserServiceImpl]:parseByTokenKey token == >eyJhbGciOiJIUzI1NiJ9.eyJ1c2VyX25hbWUiOiJBZG1pbkNodWFuIiwicm9sZXMiOiJyb2xlX2FkbWluIiwic2lnbiI6IkxCV05CIiwiaWQiOiI3NDE2MjY0ODU1Mzc3Njc0MjQiLCJhdmF0YXIiOiJodHRwczovL2F2YXRhcnMwLmdpdGh1YnVzZXJjb250ZW50LmNvbS91LzQyMjkzNzU4P3M9NDYwJnU9MjFiNjcyZmZmNmUzNDcxNzJiMWRmOWQ3ZWJmMjE2ZTljNGM5YzlmYiZ2PTQiLCJleHAiOjE1OTcwNjU5MzEsImVtYWlsIjoiYWRtaW5AZXhhbXBsZS5jb20ifQ.d1a9UpzV-QFJwAKmOzusKcPSXpUL3fGn0AcPa4nCCPQ
[2020/08/10-21:25:29][http-nio-8081-exec-5][INFO ][net.blog.services.impl.UserServiceImpl]:checkUser tokenKey == > a543e81bdcb78f6a8d1204891b886094
[2020/08/10-21:25:29][http-nio-8081-exec-5][INFO ][net.blog.services.impl.UserServiceImpl]:parseByTokenKey token == >eyJhbGciOiJIUzI1NiJ9.eyJ1c2VyX25hbWUiOiJBZG1pbkNodWFuIiwicm9sZXMiOiJyb2xlX2FkbWluIiwic2lnbiI6IkxCV05CIiwiaWQiOiI3NDE2MjY0ODU1Mzc3Njc0MjQiLCJhdmF0YXIiOiJodHRwczovL2F2YXRhcnMwLmdpdGh1YnVzZXJjb250ZW50LmNvbS91LzQyMjkzNzU4P3M9NDYwJnU9MjFiNjcyZmZmNmUzNDcxNzJiMWRmOWQ3ZWJmMjE2ZTljNGM5YzlmYiZ2PTQiLCJleHAiOjE1OTcwNjU5MzEsImVtYWlsIjoiYWRtaW5AZXhhbXBsZS5jb20ifQ.d1a9UpzV-QFJwAKmOzusKcPSXpUL3fGn0AcPa4nCCPQ
[2020/08/10-21:26:31][main][INFO ][net.blog.BlogApplication]:BlogApplication run...
[2020/08/10-21:26:32][main][INFO ][net.blog.BlogApplication]:Starting BlogApplication on Innovation with PID 4308 (D:\Codes\BlogSystem\target\classes started by ETNJL in D:\Codes\BlogSystem)
[2020/08/10-21:26:32][main][INFO ][net.blog.BlogApplication]:No active profile set, falling back to default profiles: default
[2020/08/10-21:26:38][main][INFO ][net.blog.BlogApplication]:Started BlogApplication in 6.278 seconds (JVM running for 7.244)
[2020/08/10-21:26:41][http-nio-8081-exec-2][INFO ][net.blog.services.impl.UserServiceImpl]:checkUser tokenKey == > a543e81bdcb78f6a8d1204891b886094
[2020/08/10-21:26:41][http-nio-8081-exec-2][INFO ][net.blog.services.impl.UserServiceImpl]:parseByTokenKey token == >eyJhbGciOiJIUzI1NiJ9.eyJ1c2VyX25hbWUiOiJBZG1pbkNodWFuIiwicm9sZXMiOiJyb2xlX2FkbWluIiwic2lnbiI6IkxCV05CIiwiaWQiOiI3NDE2MjY0ODU1Mzc3Njc0MjQiLCJhdmF0YXIiOiJodHRwczovL2F2YXRhcnMwLmdpdGh1YnVzZXJjb250ZW50LmNvbS91LzQyMjkzNzU4P3M9NDYwJnU9MjFiNjcyZmZmNmUzNDcxNzJiMWRmOWQ3ZWJmMjE2ZTljNGM5YzlmYiZ2PTQiLCJleHAiOjE1OTcwNjU5MzEsImVtYWlsIjoiYWRtaW5AZXhhbXBsZS5jb20ifQ.d1a9UpzV-QFJwAKmOzusKcPSXpUL3fGn0AcPa4nCCPQ
[2020/08/10-21:26:41][http-nio-8081-exec-2][INFO ][net.blog.services.impl.UserServiceImpl]:parseByTokenKey == >a543e81bdcb78f6a8d1204891b886094expired
[2020/08/10-21:26:41][http-nio-8081-exec-2][INFO ][net.blog.services.impl.UserServiceImpl]:deleteResult of refresh token...1
[2020/08/10-21:26:41][http-nio-8081-exec-2][INFO ][net.blog.services.impl.UserServiceImpl]:create new token and refresh token...
[2020/08/10-21:26:41][http-nio-8081-exec-2][INFO ][net.blog.services.impl.UserServiceImpl]:parseByTokenKey token == >eyJhbGciOiJIUzI1NiJ9.eyJ1c2VyX25hbWUiOiJBZG1pbkNodWFuIiwicm9sZXMiOiJyb2xlX2FkbWluIiwic2lnbiI6IkxCV05CIiwiaWQiOiI3NDE2MjY0ODU1Mzc3Njc0MjQiLCJhdmF0YXIiOiJodHRwczovL2F2YXRhcnMwLmdpdGh1YnVzZXJjb250ZW50LmNvbS91LzQyMjkzNzU4P3M9NDYwJnU9MjFiNjcyZmZmNmUzNDcxNzJiMWRmOWQ3ZWJmMjE2ZTljNGM5YzlmYiZ2PTQiLCJleHAiOjE1OTcwNjYwMDUsImVtYWlsIjoiYWRtaW5AZXhhbXBsZS5jb20ifQ.PJ1KrpQL2gbywDcHZjHlBhBEEvNbXuHUKc9q8g7L-lQ
[2020/08/10-21:29:25][main][INFO ][net.blog.BlogApplication]:BlogApplication run...
[2020/08/10-21:29:25][main][INFO ][net.blog.BlogApplication]:Starting BlogApplication on Innovation with PID 2604 (D:\Codes\BlogSystem\target\classes started by ETNJL in D:\Codes\BlogSystem)
[2020/08/10-21:29:25][main][INFO ][net.blog.BlogApplication]:No active profile set, falling back to default profiles: default
[2020/08/10-21:29:31][main][INFO ][net.blog.BlogApplication]:Started BlogApplication in 6.366 seconds (JVM running for 7.45)
[2020/08/10-21:29:34][http-nio-8081-exec-2][INFO ][net.blog.services.impl.UserServiceImpl]:checkUser tokenKey == > 0dd0d22b006a2ecde386e04c261e19f1
[2020/08/10-21:29:35][http-nio-8081-exec-2][INFO ][net.blog.services.impl.UserServiceImpl]:parseByTokenKey token == >eyJhbGciOiJIUzI1NiJ9.eyJ1c2VyX25hbWUiOiJBZG1pbkNodWFuIiwicm9sZXMiOiJyb2xlX2FkbWluIiwic2lnbiI6IkxCV05CIiwiaWQiOiI3NDE2MjY0ODU1Mzc3Njc0MjQiLCJhdmF0YXIiOiJodHRwczovL2F2YXRhcnMwLmdpdGh1YnVzZXJjb250ZW50LmNvbS91LzQyMjkzNzU4P3M9NDYwJnU9MjFiNjcyZmZmNmUzNDcxNzJiMWRmOWQ3ZWJmMjE2ZTljNGM5YzlmYiZ2PTQiLCJleHAiOjE1OTcwNjYwMDUsImVtYWlsIjoiYWRtaW5AZXhhbXBsZS5jb20ifQ.PJ1KrpQL2gbywDcHZjHlBhBEEvNbXuHUKc9q8g7L-lQ
[2020/08/10-21:29:35][http-nio-8081-exec-2][INFO ][net.blog.services.impl.UserServiceImpl]:parseByTokenKey == >0dd0d22b006a2ecde386e04c261e19f1expired
[2020/08/10-21:29:35][http-nio-8081-exec-2][INFO ][net.blog.services.impl.UserServiceImpl]:deleteResult of refresh token...1
[2020/08/10-21:29:35][http-nio-8081-exec-2][INFO ][net.blog.services.impl.UserServiceImpl]:create new token and refresh token...
[2020/08/10-21:29:35][http-nio-8081-exec-2][INFO ][net.blog.services.impl.UserServiceImpl]:parseByTokenKey token == >eyJhbGciOiJIUzI1NiJ9.eyJ1c2VyX25hbWUiOiJBZG1pbkNodWFuIiwicm9sZXMiOiJyb2xlX2FkbWluIiwic2lnbiI6IkxCV05CIiwiaWQiOiI3NDE2MjY0ODU1Mzc3Njc0MjQiLCJhdmF0YXIiOiJodHRwczovL2F2YXRhcnMwLmdpdGh1YnVzZXJjb250ZW50LmNvbS91LzQyMjkzNzU4P3M9NDYwJnU9MjFiNjcyZmZmNmUzNDcxNzJiMWRmOWQ3ZWJmMjE2ZTljNGM5YzlmYiZ2PTQiLCJleHAiOjE1OTcwNjYxNzgsImVtYWlsIjoiYWRtaW5AZXhhbXBsZS5jb20ifQ.DGKU2UkX2hX9NmEfxkl46uwlHt4SabPv1cyO4fztnR0
[2020/08/10-21:30:45][main][INFO ][net.blog.BlogApplication]:BlogApplication run...
[2020/08/10-21:30:45][main][INFO ][net.blog.BlogApplication]:Starting BlogApplication on Innovation with PID 10652 (D:\Codes\BlogSystem\target\classes started by ETNJL in D:\Codes\BlogSystem)
[2020/08/10-21:30:45][main][INFO ][net.blog.BlogApplication]:No active profile set, falling back to default profiles: default
[2020/08/10-21:30:51][main][INFO ][net.blog.BlogApplication]:Started BlogApplication in 6.278 seconds (JVM running for 7.296)
[2020/08/10-21:31:12][http-nio-8081-exec-3][INFO ][net.blog.services.impl.UserServiceImpl]:captcha font type index ==> 3
[2020/08/10-21:31:12][http-nio-8081-exec-3][INFO ][net.blog.services.impl.UserServiceImpl]:captcha content == > atu5k
[2020/08/10-21:31:23][http-nio-8081-exec-4][INFO ][net.blog.services.impl.UserServiceImpl]:deleteResult of refresh token...1
[2020/08/10-21:32:31][http-nio-8081-exec-8][INFO ][net.blog.services.impl.UserServiceImpl]:checkUser tokenKey == > d9751aa294fb117884cdb1be4aff7f54
[2020/08/10-21:32:31][http-nio-8081-exec-8][INFO ][net.blog.services.impl.UserServiceImpl]:parseByTokenKey token == >eyJhbGciOiJIUzI1NiJ9.eyJ1c2VyX25hbWUiOiJBZG1pbkNodWFuIiwicm9sZXMiOiJyb2xlX2FkbWluIiwic2lnbiI6IkxCV05CIiwiaWQiOiI3NDE2MjY0ODU1Mzc3Njc0MjQiLCJhdmF0YXIiOiJodHRwczovL2F2YXRhcnMwLmdpdGh1YnVzZXJjb250ZW50LmNvbS91LzQyMjkzNzU4P3M9NDYwJnU9MjFiNjcyZmZmNmUzNDcxNzJiMWRmOWQ3ZWJmMjE2ZTljNGM5YzlmYiZ2PTQiLCJleHAiOjE1OTcwNjYyODYsImVtYWlsIjoiYWRtaW5AZXhhbXBsZS5jb20ifQ.OPfudEOtAgzuL1d3T7lXpI3CGW8Dd2JVyxos033yukg
[2020/08/10-21:32:31][http-nio-8081-exec-8][INFO ][net.blog.services.impl.UserServiceImpl]:parseByTokenKey == >d9751aa294fb117884cdb1be4aff7f54expired
[2020/08/10-21:32:31][http-nio-8081-exec-8][INFO ][net.blog.services.impl.UserServiceImpl]:deleteResult of refresh token...1
[2020/08/10-21:32:31][http-nio-8081-exec-8][INFO ][net.blog.services.impl.UserServiceImpl]:create new token and refresh token...
[2020/08/10-21:32:31][http-nio-8081-exec-8][INFO ][net.blog.services.impl.UserServiceImpl]:parseByTokenKey token == >eyJhbGciOiJIUzI1NiJ9.eyJ1c2VyX25hbWUiOiJBZG1pbkNodWFuIiwicm9sZXMiOiJyb2xlX2FkbWluIiwic2lnbiI6IkxCV05CIiwiaWQiOiI3NDE2MjY0ODU1Mzc3Njc0MjQiLCJhdmF0YXIiOiJodHRwczovL2F2YXRhcnMwLmdpdGh1YnVzZXJjb250ZW50LmNvbS91LzQyMjkzNzU4P3M9NDYwJnU9MjFiNjcyZmZmNmUzNDcxNzJiMWRmOWQ3ZWJmMjE2ZTljNGM5YzlmYiZ2PTQiLCJleHAiOjE1OTcwNjYzNTUsImVtYWlsIjoiYWRtaW5AZXhhbXBsZS5jb20ifQ.zm7zAL7ZqAw7-KricCscWoi0FCoOTHePJ_tDRUvB6M0
[2020/08/10-21:32:35][http-nio-8081-exec-10][INFO ][net.blog.services.impl.UserServiceImpl]:checkUser tokenKey == > 02e282ac4869b1ab1754b9d0192a170c
[2020/08/10-21:32:35][http-nio-8081-exec-10][INFO ][net.blog.services.impl.UserServiceImpl]:parseByTokenKey token == >eyJhbGciOiJIUzI1NiJ9.eyJ1c2VyX25hbWUiOiJBZG1pbkNodWFuIiwicm9sZXMiOiJyb2xlX2FkbWluIiwic2lnbiI6IkxCV05CIiwiaWQiOiI3NDE2MjY0ODU1Mzc3Njc0MjQiLCJhdmF0YXIiOiJodHRwczovL2F2YXRhcnMwLmdpdGh1YnVzZXJjb250ZW50LmNvbS91LzQyMjkzNzU4P3M9NDYwJnU9MjFiNjcyZmZmNmUzNDcxNzJiMWRmOWQ3ZWJmMjE2ZTljNGM5YzlmYiZ2PTQiLCJleHAiOjE1OTcwNjYzNTUsImVtYWlsIjoiYWRtaW5AZXhhbXBsZS5jb20ifQ.zm7zAL7ZqAw7-KricCscWoi0FCoOTHePJ_tDRUvB6M0
[2020/08/10-21:32:35][http-nio-8081-exec-10][INFO ][net.blog.services.impl.UserServiceImpl]:parseByTokenKey == >02e282ac4869b1ab1754b9d0192a170cexpired
[2020/08/10-21:32:35][http-nio-8081-exec-10][INFO ][net.blog.services.impl.UserServiceImpl]:deleteResult of refresh token...1
[2020/08/10-21:32:35][http-nio-8081-exec-10][INFO ][net.blog.services.impl.UserServiceImpl]:create new token and refresh token...
[2020/08/10-21:32:35][http-nio-8081-exec-10][INFO ][net.blog.services.impl.UserServiceImpl]:parseByTokenKey token == >eyJhbGciOiJIUzI1NiJ9.eyJ1c2VyX25hbWUiOiJBZG1pbkNodWFuIiwicm9sZXMiOiJyb2xlX2FkbWluIiwic2lnbiI6IkxCV05CIiwiaWQiOiI3NDE2MjY0ODU1Mzc3Njc0MjQiLCJhdmF0YXIiOiJodHRwczovL2F2YXRhcnMwLmdpdGh1YnVzZXJjb250ZW50LmNvbS91LzQyMjkzNzU4P3M9NDYwJnU9MjFiNjcyZmZmNmUzNDcxNzJiMWRmOWQ3ZWJmMjE2ZTljNGM5YzlmYiZ2PTQiLCJleHAiOjE1OTcwNjYzNTksImVtYWlsIjoiYWRtaW5AZXhhbXBsZS5jb20ifQ.-mzeWx6eNAAsGYizdjSQPzBMcoK1Ft0a4TyUjO530As
[2020/08/10-21:32:36][http-nio-8081-exec-2][INFO ][net.blog.services.impl.UserServiceImpl]:checkUser tokenKey == > 5fa424f7c25c57e072b4b66a15c03abb
[2020/08/10-21:32:36][http-nio-8081-exec-2][INFO ][net.blog.services.impl.UserServiceImpl]:parseByTokenKey token == >eyJhbGciOiJIUzI1NiJ9.eyJ1c2VyX25hbWUiOiJBZG1pbkNodWFuIiwicm9sZXMiOiJyb2xlX2FkbWluIiwic2lnbiI6IkxCV05CIiwiaWQiOiI3NDE2MjY0ODU1Mzc3Njc0MjQiLCJhdmF0YXIiOiJodHRwczovL2F2YXRhcnMwLmdpdGh1YnVzZXJjb250ZW50LmNvbS91LzQyMjkzNzU4P3M9NDYwJnU9MjFiNjcyZmZmNmUzNDcxNzJiMWRmOWQ3ZWJmMjE2ZTljNGM5YzlmYiZ2PTQiLCJleHAiOjE1OTcwNjYzNTksImVtYWlsIjoiYWRtaW5AZXhhbXBsZS5jb20ifQ.-mzeWx6eNAAsGYizdjSQPzBMcoK1Ft0a4TyUjO530As
[2020/08/10-21:33:05][main][INFO ][net.blog.BlogApplication]:BlogApplication run...
[2020/08/10-21:33:06][main][INFO ][net.blog.BlogApplication]:Starting BlogApplication on Innovation with PID 13536 (D:\Codes\BlogSystem\target\classes started by ETNJL in D:\Codes\BlogSystem)
[2020/08/10-21:33:06][main][INFO ][net.blog.BlogApplication]:No active profile set, falling back to default profiles: default
[2020/08/10-21:33:12][main][INFO ][net.blog.BlogApplication]:Started BlogApplication in 6.889 seconds (JVM running for 7.932)
[2020/08/10-21:34:01][main][INFO ][net.blog.BlogApplication]:BlogApplication run...
[2020/08/10-21:34:01][main][INFO ][net.blog.BlogApplication]:Starting BlogApplication on Innovation with PID 15280 (D:\Codes\BlogSystem\target\classes started by ETNJL in D:\Codes\BlogSystem)
[2020/08/10-21:34:01][main][INFO ][net.blog.BlogApplication]:No active profile set, falling back to default profiles: default
[2020/08/10-21:34:07][main][INFO ][net.blog.BlogApplication]:Started BlogApplication in 6.577 seconds (JVM running for 7.637)
[2020/08/10-21:34:16][http-nio-8081-exec-1][INFO ][net.blog.services.impl.UserServiceImpl]:checkUser tokenKey == > 5fa424f7c25c57e072b4b66a15c03abb
[2020/08/10-21:34:17][http-nio-8081-exec-1][INFO ][net.blog.services.impl.UserServiceImpl]:parseByTokenKey token == >eyJhbGciOiJIUzI1NiJ9.eyJ1c2VyX25hbWUiOiJBZG1pbkNodWFuIiwicm9sZXMiOiJyb2xlX2FkbWluIiwic2lnbiI6IkxCV05CIiwiaWQiOiI3NDE2MjY0ODU1Mzc3Njc0MjQiLCJhdmF0YXIiOiJodHRwczovL2F2YXRhcnMwLmdpdGh1YnVzZXJjb250ZW50LmNvbS91LzQyMjkzNzU4P3M9NDYwJnU9MjFiNjcyZmZmNmUzNDcxNzJiMWRmOWQ3ZWJmMjE2ZTljNGM5YzlmYiZ2PTQiLCJleHAiOjE1OTcwNjYzNTksImVtYWlsIjoiYWRtaW5AZXhhbXBsZS5jb20ifQ.-mzeWx6eNAAsGYizdjSQPzBMcoK1Ft0a4TyUjO530As
[2020/08/10-21:34:17][http-nio-8081-exec-1][INFO ][net.blog.services.impl.UserServiceImpl]:parseByTokenKey == >5fa424f7c25c57e072b4b66a15c03abbexpired
[2020/08/10-21:34:17][http-nio-8081-exec-1][INFO ][net.blog.services.impl.UserServiceImpl]:deleteResult of refresh token...1
[2020/08/10-21:34:17][http-nio-8081-exec-1][INFO ][net.blog.services.impl.UserServiceImpl]:create new token and refresh token...
[2020/08/10-21:34:17][http-nio-8081-exec-1][INFO ][net.blog.services.impl.UserServiceImpl]:parseByTokenKey token == >eyJhbGciOiJIUzI1NiJ9.eyJ1c2VyX25hbWUiOiJBZG1pbkNodWFuIiwicm9sZXMiOiJyb2xlX2FkbWluIiwic2lnbiI6IkxCV05CIiwiaWQiOiI3NDE2MjY0ODU1Mzc3Njc0MjQiLCJhdmF0YXIiOiJodHRwczovL2F2YXRhcnMwLmdpdGh1YnVzZXJjb250ZW50LmNvbS91LzQyMjkzNzU4P3M9NDYwJnU9MjFiNjcyZmZmNmUzNDcxNzJiMWRmOWQ3ZWJmMjE2ZTljNGM5YzlmYiZ2PTQiLCJleHAiOjE1OTcwNjY0NjEsImVtYWlsIjoiYWRtaW5AZXhhbXBsZS5jb20ifQ.OxrwnLlWuTIIYo83uWFq_fR9vw6S-v4mjrKZUafSva4
[2020/08/10-21:34:18][http-nio-8081-exec-3][INFO ][net.blog.services.impl.UserServiceImpl]:checkUser tokenKey == > 82701d719bed1d9bbd743edf7a09dc56
[2020/08/10-21:34:18][http-nio-8081-exec-3][INFO ][net.blog.services.impl.UserServiceImpl]:parseByTokenKey token == >eyJhbGciOiJIUzI1NiJ9.eyJ1c2VyX25hbWUiOiJBZG1pbkNodWFuIiwicm9sZXMiOiJyb2xlX2FkbWluIiwic2lnbiI6IkxCV05CIiwiaWQiOiI3NDE2MjY0ODU1Mzc3Njc0MjQiLCJhdmF0YXIiOiJodHRwczovL2F2YXRhcnMwLmdpdGh1YnVzZXJjb250ZW50LmNvbS91LzQyMjkzNzU4P3M9NDYwJnU9MjFiNjcyZmZmNmUzNDcxNzJiMWRmOWQ3ZWJmMjE2ZTljNGM5YzlmYiZ2PTQiLCJleHAiOjE1OTcwNjY0NjEsImVtYWlsIjoiYWRtaW5AZXhhbXBsZS5jb20ifQ.OxrwnLlWuTIIYo83uWFq_fR9vw6S-v4mjrKZUafSva4
[2020/08/10-21:34:19][http-nio-8081-exec-6][INFO ][net.blog.services.impl.UserServiceImpl]:checkUser tokenKey == > 82701d719bed1d9bbd743edf7a09dc56
[2020/08/10-21:34:19][http-nio-8081-exec-6][INFO ][net.blog.services.impl.UserServiceImpl]:parseByTokenKey token == >eyJhbGciOiJIUzI1NiJ9.eyJ1c2VyX25hbWUiOiJBZG1pbkNodWFuIiwicm9sZXMiOiJyb2xlX2FkbWluIiwic2lnbiI6IkxCV05CIiwiaWQiOiI3NDE2MjY0ODU1Mzc3Njc0MjQiLCJhdmF0YXIiOiJodHRwczovL2F2YXRhcnMwLmdpdGh1YnVzZXJjb250ZW50LmNvbS91LzQyMjkzNzU4P3M9NDYwJnU9MjFiNjcyZmZmNmUzNDcxNzJiMWRmOWQ3ZWJmMjE2ZTljNGM5YzlmYiZ2PTQiLCJleHAiOjE1OTcwNjY0NjEsImVtYWlsIjoiYWRtaW5AZXhhbXBsZS5jb20ifQ.OxrwnLlWuTIIYo83uWFq_fR9vw6S-v4mjrKZUafSva4
[2020/08/10-21:34:19][http-nio-8081-exec-7][INFO ][net.blog.services.impl.UserServiceImpl]:checkUser tokenKey == > 82701d719bed1d9bbd743edf7a09dc56
[2020/08/10-21:34:19][http-nio-8081-exec-7][INFO ][net.blog.services.impl.UserServiceImpl]:parseByTokenKey token == >eyJhbGciOiJIUzI1NiJ9.eyJ1c2VyX25hbWUiOiJBZG1pbkNodWFuIiwicm9sZXMiOiJyb2xlX2FkbWluIiwic2lnbiI6IkxCV05CIiwiaWQiOiI3NDE2MjY0ODU1Mzc3Njc0MjQiLCJhdmF0YXIiOiJodHRwczovL2F2YXRhcnMwLmdpdGh1YnVzZXJjb250ZW50LmNvbS91LzQyMjkzNzU4P3M9NDYwJnU9MjFiNjcyZmZmNmUzNDcxNzJiMWRmOWQ3ZWJmMjE2ZTljNGM5YzlmYiZ2PTQiLCJleHAiOjE1OTcwNjY0NjEsImVtYWlsIjoiYWRtaW5AZXhhbXBsZS5jb20ifQ.OxrwnLlWuTIIYo83uWFq_fR9vw6S-v4mjrKZUafSva4
[2020/08/10-21:35:53][main][INFO ][net.blog.BlogApplication]:BlogApplication run...
[2020/08/10-21:35:53][main][INFO ][net.blog.BlogApplication]:Starting BlogApplication on Innovation with PID 13204 (D:\Codes\BlogSystem\target\classes started by ETNJL in D:\Codes\BlogSystem)
[2020/08/10-21:35:53][main][INFO ][net.blog.BlogApplication]:No active profile set, falling back to default profiles: default
[2020/08/10-21:35:59][main][INFO ][net.blog.BlogApplication]:Started BlogApplication in 6.351 seconds (JVM running for 7.32)
[2020/08/10-21:36:00][http-nio-8081-exec-1][INFO ][net.blog.services.impl.UserServiceImpl]:checkUser tokenKey == > 82701d719bed1d9bbd743edf7a09dc56
[2020/08/10-21:36:00][http-nio-8081-exec-1][INFO ][net.blog.services.impl.UserServiceImpl]:parseByTokenKey token == >eyJhbGciOiJIUzI1NiJ9.eyJ1c2VyX25hbWUiOiJBZG1pbkNodWFuIiwicm9sZXMiOiJyb2xlX2FkbWluIiwic2lnbiI6IkxCV05CIiwiaWQiOiI3NDE2MjY0ODU1Mzc3Njc0MjQiLCJhdmF0YXIiOiJodHRwczovL2F2YXRhcnMwLmdpdGh1YnVzZXJjb250ZW50LmNvbS91LzQyMjkzNzU4P3M9NDYwJnU9MjFiNjcyZmZmNmUzNDcxNzJiMWRmOWQ3ZWJmMjE2ZTljNGM5YzlmYiZ2PTQiLCJleHAiOjE1OTcwNjY0NjEsImVtYWlsIjoiYWRtaW5AZXhhbXBsZS5jb20ifQ.OxrwnLlWuTIIYo83uWFq_fR9vw6S-v4mjrKZUafSva4
[2020/08/10-21:36:00][http-nio-8081-exec-1][INFO ][net.blog.services.impl.UserServiceImpl]:parseByTokenKey == >82701d719bed1d9bbd743edf7a09dc56expired
[2020/08/10-21:36:00][http-nio-8081-exec-1][INFO ][net.blog.services.impl.UserServiceImpl]:deleteResult of refresh token...1
[2020/08/10-21:36:00][http-nio-8081-exec-1][INFO ][net.blog.services.impl.UserServiceImpl]:create new token and refresh token...
[2020/08/10-21:36:00][http-nio-8081-exec-1][INFO ][net.blog.services.impl.UserServiceImpl]:parseByTokenKey token == >eyJhbGciOiJIUzI1NiJ9.eyJ1c2VyX25hbWUiOiJBZG1pbkNodWFuIiwicm9sZXMiOiJyb2xlX2FkbWluIiwic2lnbiI6IkxCV05CIiwiaWQiOiI3NDE2MjY0ODU1Mzc3Njc0MjQiLCJhdmF0YXIiOiJodHRwczovL2F2YXRhcnMwLmdpdGh1YnVzZXJjb250ZW50LmNvbS91LzQyMjkzNzU4P3M9NDYwJnU9MjFiNjcyZmZmNmUzNDcxNzJiMWRmOWQ3ZWJmMjE2ZTljNGM5YzlmYiZ2PTQiLCJleHAiOjE1OTcwNjY1NjQsImVtYWlsIjoiYWRtaW5AZXhhbXBsZS5jb20ifQ.g1bzh3SfqkpW_jNWp6Dtmd4a2Y-fWgjrqEsbvvF62ro
[2020/08/10-21:36:02][http-nio-8081-exec-2][INFO ][net.blog.services.impl.UserServiceImpl]:checkUser tokenKey == > d428e74e17badcd0c516fc9ce9353dce
[2020/08/10-21:36:02][http-nio-8081-exec-2][INFO ][net.blog.services.impl.UserServiceImpl]:parseByTokenKey token == >eyJhbGciOiJIUzI1NiJ9.eyJ1c2VyX25hbWUiOiJBZG1pbkNodWFuIiwicm9sZXMiOiJyb2xlX2FkbWluIiwic2lnbiI6IkxCV05CIiwiaWQiOiI3NDE2MjY0ODU1Mzc3Njc0MjQiLCJhdmF0YXIiOiJodHRwczovL2F2YXRhcnMwLmdpdGh1YnVzZXJjb250ZW50LmNvbS91LzQyMjkzNzU4P3M9NDYwJnU9MjFiNjcyZmZmNmUzNDcxNzJiMWRmOWQ3ZWJmMjE2ZTljNGM5YzlmYiZ2PTQiLCJleHAiOjE1OTcwNjY1NjQsImVtYWlsIjoiYWRtaW5AZXhhbXBsZS5jb20ifQ.g1bzh3SfqkpW_jNWp6Dtmd4a2Y-fWgjrqEsbvvF62ro
[2020/08/10-21:38:14][main][INFO ][net.blog.BlogApplication]:BlogApplication run...
[2020/08/10-21:38:15][main][INFO ][net.blog.BlogApplication]:Starting BlogApplication on Innovation with PID 2560 (D:\Codes\BlogSystem\target\classes started by ETNJL in D:\Codes\BlogSystem)
[2020/08/10-21:38:15][main][INFO ][net.blog.BlogApplication]:No active profile set, falling back to default profiles: default
[2020/08/10-21:38:21][main][INFO ][net.blog.BlogApplication]:Started BlogApplication in 6.34 seconds (JVM running for 7.335)
[2020/08/10-21:38:26][http-nio-8081-exec-2][INFO ][net.blog.services.impl.UserServiceImpl]:checkUser tokenKey == > d428e74e17badcd0c516fc9ce9353dce
[2020/08/10-21:38:26][http-nio-8081-exec-2][INFO ][net.blog.services.impl.UserServiceImpl]:parseByTokenKey token == >eyJhbGciOiJIUzI1NiJ9.eyJ1c2VyX25hbWUiOiJBZG1pbkNodWFuIiwicm9sZXMiOiJyb2xlX2FkbWluIiwic2lnbiI6IkxCV05CIiwiaWQiOiI3NDE2MjY0ODU1Mzc3Njc0MjQiLCJhdmF0YXIiOiJodHRwczovL2F2YXRhcnMwLmdpdGh1YnVzZXJjb250ZW50LmNvbS91LzQyMjkzNzU4P3M9NDYwJnU9MjFiNjcyZmZmNmUzNDcxNzJiMWRmOWQ3ZWJmMjE2ZTljNGM5YzlmYiZ2PTQiLCJleHAiOjE1OTcwNjY1NjQsImVtYWlsIjoiYWRtaW5AZXhhbXBsZS5jb20ifQ.g1bzh3SfqkpW_jNWp6Dtmd4a2Y-fWgjrqEsbvvF62ro
[2020/08/10-21:38:26][http-nio-8081-exec-2][INFO ][net.blog.services.impl.UserServiceImpl]:parseByTokenKey == >d428e74e17badcd0c516fc9ce9353dceexpired
[2020/08/10-21:38:26][http-nio-8081-exec-2][INFO ][net.blog.services.impl.UserServiceImpl]:deleteResult of refresh token...1
[2020/08/10-21:38:26][http-nio-8081-exec-2][INFO ][net.blog.services.impl.UserServiceImpl]:create new token and refresh token...
[2020/08/10-21:38:26][http-nio-8081-exec-2][INFO ][net.blog.services.impl.UserServiceImpl]:parseByTokenKey token == >eyJhbGciOiJIUzI1NiJ9.eyJ1c2VyX25hbWUiOiJBZG1pbkNodWFuIiwicm9sZXMiOiJyb2xlX2FkbWluIiwic2lnbiI6IkxCV05CIiwiaWQiOiI3NDE2MjY0ODU1Mzc3Njc0MjQiLCJhdmF0YXIiOiJodHRwczovL2F2YXRhcnMwLmdpdGh1YnVzZXJjb250ZW50LmNvbS91LzQyMjkzNzU4P3M9NDYwJnU9MjFiNjcyZmZmNmUzNDcxNzJiMWRmOWQ3ZWJmMjE2ZTljNGM5YzlmYiZ2PTQiLCJleHAiOjE1OTcwNjY3MTAsImVtYWlsIjoiYWRtaW5AZXhhbXBsZS5jb20ifQ.HbontYMCOKkglhMU61Bi8YKrXcTa6-qna5Kj1HDaWPc
[2020/08/10-21:40:16][main][INFO ][net.blog.BlogApplication]:BlogApplication run...
[2020/08/10-21:40:16][main][INFO ][net.blog.BlogApplication]:Starting BlogApplication on Innovation with PID 10928 (D:\Codes\BlogSystem\target\classes started by ETNJL in D:\Codes\BlogSystem)
[2020/08/10-21:40:16][main][INFO ][net.blog.BlogApplication]:No active profile set, falling back to default profiles: default
[2020/08/10-21:40:22][main][INFO ][net.blog.BlogApplication]:Started BlogApplication in 6.402 seconds (JVM running for 7.456)
[2020/08/10-21:40:25][http-nio-8081-exec-1][INFO ][net.blog.services.impl.UserServiceImpl]:captcha font type index ==> 3
[2020/08/10-21:40:25][http-nio-8081-exec-1][INFO ][net.blog.services.impl.UserServiceImpl]:captcha content == > rnyck
[2020/08/10-21:40:34][http-nio-8081-exec-3][INFO ][net.blog.services.impl.UserServiceImpl]:deleteResult of refresh token...1
[2020/08/10-21:40:39][http-nio-8081-exec-4][INFO ][net.blog.services.impl.UserServiceImpl]:checkUser tokenKey == > 248158d83012c1253460edf23da69011
[2020/08/10-21:40:39][http-nio-8081-exec-4][INFO ][net.blog.services.impl.UserServiceImpl]:parseByTokenKey token == >eyJhbGciOiJIUzI1NiJ9.eyJ1c2VyX25hbWUiOiJBZG1pbkNodWFuIiwicm9sZXMiOiJyb2xlX2FkbWluIiwic2lnbiI6IkxCV05CIiwiaWQiOiI3NDE2MjY0ODU1Mzc3Njc0MjQiLCJhdmF0YXIiOiJodHRwczovL2F2YXRhcnMwLmdpdGh1YnVzZXJjb250ZW50LmNvbS91LzQyMjkzNzU4P3M9NDYwJnU9MjFiNjcyZmZmNmUzNDcxNzJiMWRmOWQ3ZWJmMjE2ZTljNGM5YzlmYiZ2PTQiLCJleHAiOjE1OTcwNjY4MzgsImVtYWlsIjoiYWRtaW5AZXhhbXBsZS5jb20ifQ.SknjM3pamkO5Nsvboadt_G_SjZB_BfFSEnBFGTyZGoc
[2020/08/10-21:40:39][http-nio-8081-exec-4][INFO ][net.blog.services.impl.UserServiceImpl]:parseByTokenKey == >248158d83012c1253460edf23da69011expired
[2020/08/10-21:40:39][http-nio-8081-exec-4][INFO ][net.blog.services.impl.UserServiceImpl]:deleteResult of refresh token...1
[2020/08/10-21:40:39][http-nio-8081-exec-4][INFO ][net.blog.services.impl.UserServiceImpl]:create new token and refresh token...
[2020/08/10-21:40:39][http-nio-8081-exec-4][INFO ][net.blog.services.impl.UserServiceImpl]:parseByTokenKey token == >eyJhbGciOiJIUzI1NiJ9.eyJ1c2VyX25hbWUiOiJBZG1pbkNodWFuIiwicm9sZXMiOiJyb2xlX2FkbWluIiwic2lnbiI6IkxCV05CIiwiaWQiOiI3NDE2MjY0ODU1Mzc3Njc0MjQiLCJhdmF0YXIiOiJodHRwczovL2F2YXRhcnMwLmdpdGh1YnVzZXJjb250ZW50LmNvbS91LzQyMjkzNzU4P3M9NDYwJnU9MjFiNjcyZmZmNmUzNDcxNzJiMWRmOWQ3ZWJmMjE2ZTljNGM5YzlmYiZ2PTQiLCJleHAiOjE1OTcwNjY4NDIsImVtYWlsIjoiYWRtaW5AZXhhbXBsZS5jb20ifQ.aJhvIehSWN0JTHea5zU3K3d-28x4qRPLCVGkM4rxt9E
[2020/08/10-21:40:39][http-nio-8081-exec-6][INFO ][net.blog.services.impl.UserServiceImpl]:checkUser tokenKey == > 3182e49435c4e1cafae84724bd4dcee7
[2020/08/10-21:40:39][http-nio-8081-exec-6][INFO ][net.blog.services.impl.UserServiceImpl]:parseByTokenKey token == >eyJhbGciOiJIUzI1NiJ9.eyJ1c2VyX25hbWUiOiJBZG1pbkNodWFuIiwicm9sZXMiOiJyb2xlX2FkbWluIiwic2lnbiI6IkxCV05CIiwiaWQiOiI3NDE2MjY0ODU1Mzc3Njc0MjQiLCJhdmF0YXIiOiJodHRwczovL2F2YXRhcnMwLmdpdGh1YnVzZXJjb250ZW50LmNvbS91LzQyMjkzNzU4P3M9NDYwJnU9MjFiNjcyZmZmNmUzNDcxNzJiMWRmOWQ3ZWJmMjE2ZTljNGM5YzlmYiZ2PTQiLCJleHAiOjE1OTcwNjY4NDIsImVtYWlsIjoiYWRtaW5AZXhhbXBsZS5jb20ifQ.aJhvIehSWN0JTHea5zU3K3d-28x4qRPLCVGkM4rxt9E
[2020/08/10-21:41:25][http-nio-8081-exec-7][INFO ][net.blog.services.impl.UserServiceImpl]:checkUser tokenKey == > 3182e49435c4e1cafae84724bd4dcee7
[2020/08/10-21:41:25][http-nio-8081-exec-7][INFO ][net.blog.services.impl.UserServiceImpl]:parseByTokenKey token == >eyJhbGciOiJIUzI1NiJ9.eyJ1c2VyX25hbWUiOiJBZG1pbkNodWFuIiwicm9sZXMiOiJyb2xlX2FkbWluIiwic2lnbiI6IkxCV05CIiwiaWQiOiI3NDE2MjY0ODU1Mzc3Njc0MjQiLCJhdmF0YXIiOiJodHRwczovL2F2YXRhcnMwLmdpdGh1YnVzZXJjb250ZW50LmNvbS91LzQyMjkzNzU4P3M9NDYwJnU9MjFiNjcyZmZmNmUzNDcxNzJiMWRmOWQ3ZWJmMjE2ZTljNGM5YzlmYiZ2PTQiLCJleHAiOjE1OTcwNjY4NDIsImVtYWlsIjoiYWRtaW5AZXhhbXBsZS5jb20ifQ.aJhvIehSWN0JTHea5zU3K3d-28x4qRPLCVGkM4rxt9E
[2020/08/10-21:41:25][http-nio-8081-exec-7][INFO ][net.blog.services.impl.UserServiceImpl]:parseByTokenKey == >3182e49435c4e1cafae84724bd4dcee7expired
[2020/08/10-21:41:25][http-nio-8081-exec-7][INFO ][net.blog.services.impl.UserServiceImpl]:deleteResult of refresh token...1
[2020/08/10-21:41:25][http-nio-8081-exec-7][INFO ][net.blog.services.impl.UserServiceImpl]:create new token and refresh token...
[2020/08/10-21:41:25][http-nio-8081-exec-7][INFO ][net.blog.services.impl.UserServiceImpl]:parseByTokenKey token == >eyJhbGciOiJIUzI1NiJ9.eyJ1c2VyX25hbWUiOiJBZG1pbkNodWFuIiwicm9sZXMiOiJyb2xlX2FkbWluIiwic2lnbiI6IkxCV05CIiwiaWQiOiI3NDE2MjY0ODU1Mzc3Njc0MjQiLCJhdmF0YXIiOiJodHRwczovL2F2YXRhcnMwLmdpdGh1YnVzZXJjb250ZW50LmNvbS91LzQyMjkzNzU4P3M9NDYwJnU9MjFiNjcyZmZmNmUzNDcxNzJiMWRmOWQ3ZWJmMjE2ZTljNGM5YzlmYiZ2PTQiLCJleHAiOjE1OTcwNjY4ODgsImVtYWlsIjoiYWRtaW5AZXhhbXBsZS5jb20ifQ.VQSz2vNJnCBItK4Tpj79fslf1qkqbN2HL9phIiHRE9M
[2020/08/10-21:41:26][http-nio-8081-exec-5][INFO ][net.blog.services.impl.UserServiceImpl]:checkUser tokenKey == > 1b6bd0c617d67ed16d2b423e5ce37152
[2020/08/10-21:41:26][http-nio-8081-exec-5][INFO ][net.blog.services.impl.UserServiceImpl]:parseByTokenKey token == >eyJhbGciOiJIUzI1NiJ9.eyJ1c2VyX25hbWUiOiJBZG1pbkNodWFuIiwicm9sZXMiOiJyb2xlX2FkbWluIiwic2lnbiI6IkxCV05CIiwiaWQiOiI3NDE2MjY0ODU1Mzc3Njc0MjQiLCJhdmF0YXIiOiJodHRwczovL2F2YXRhcnMwLmdpdGh1YnVzZXJjb250ZW50LmNvbS91LzQyMjkzNzU4P3M9NDYwJnU9MjFiNjcyZmZmNmUzNDcxNzJiMWRmOWQ3ZWJmMjE2ZTljNGM5YzlmYiZ2PTQiLCJleHAiOjE1OTcwNjY4ODgsImVtYWlsIjoiYWRtaW5AZXhhbXBsZS5jb20ifQ.VQSz2vNJnCBItK4Tpj79fslf1qkqbN2HL9phIiHRE9M
[2020/08/10-21:43:10][main][INFO ][net.blog.BlogApplication]:BlogApplication run...
[2020/08/10-21:43:11][main][INFO ][net.blog.BlogApplication]:Starting BlogApplication on Innovation with PID 1264 (D:\Codes\BlogSystem\target\classes started by ETNJL in D:\Codes\BlogSystem)
[2020/08/10-21:43:11][main][INFO ][net.blog.BlogApplication]:No active profile set, falling back to default profiles: default
[2020/08/10-21:43:18][main][INFO ][net.blog.BlogApplication]:Started BlogApplication in 7.048 seconds (JVM running for 8.19)
[2020/08/10-21:43:25][http-nio-8081-exec-3][INFO ][net.blog.services.impl.UserServiceImpl]:captcha font type index ==> 3
[2020/08/10-21:43:25][http-nio-8081-exec-3][INFO ][net.blog.services.impl.UserServiceImpl]:captcha content == > 12
[2020/08/10-21:43:32][http-nio-8081-exec-4][INFO ][net.blog.services.impl.UserServiceImpl]:deleteResult of refresh token...1
[2020/08/10-21:44:05][http-nio-8081-exec-7][INFO ][net.blog.services.impl.UserServiceImpl]:checkUser tokenKey == > b194410f7e03f87673efa907f1092693
[2020/08/10-21:44:05][http-nio-8081-exec-7][INFO ][net.blog.services.impl.UserServiceImpl]:parseByTokenKey token == >eyJhbGciOiJIUzI1NiJ9.eyJ1c2VyX25hbWUiOiJBZG1pbkNodWFuIiwicm9sZXMiOiJyb2xlX2FkbWluIiwic2lnbiI6IkxCV05CIiwiaWQiOiI3NDE2MjY0ODU1Mzc3Njc0MjQiLCJhdmF0YXIiOiJodHRwczovL2F2YXRhcnMwLmdpdGh1YnVzZXJjb250ZW50LmNvbS91LzQyMjkzNzU4P3M9NDYwJnU9MjFiNjcyZmZmNmUzNDcxNzJiMWRmOWQ3ZWJmMjE2ZTljNGM5YzlmYiZ2PTQiLCJleHAiOjE1OTcwNjcwMTYsImVtYWlsIjoiYWRtaW5AZXhhbXBsZS5jb20ifQ.6Ai4c_-0xXDD7rXl_BNw3V-O9xZUkLRMH1Zef2UpJYU
[2020/08/10-21:44:05][http-nio-8081-exec-7][INFO ][net.blog.services.impl.UserServiceImpl]:parseByTokenKey == >b194410f7e03f87673efa907f1092693expired
[2020/08/10-21:44:05][http-nio-8081-exec-7][INFO ][net.blog.services.impl.UserServiceImpl]:deleteResult of refresh token...1
[2020/08/10-21:44:05][http-nio-8081-exec-7][INFO ][net.blog.services.impl.UserServiceImpl]:create new token and refresh token...
[2020/08/10-21:44:05][http-nio-8081-exec-7][INFO ][net.blog.services.impl.UserServiceImpl]:parseByTokenKey token == >eyJhbGciOiJIUzI1NiJ9.eyJ1c2VyX25hbWUiOiJBZG1pbkNodWFuIiwicm9sZXMiOiJyb2xlX2FkbWluIiwic2lnbiI6IkxCV05CIiwiaWQiOiI3NDE2MjY0ODU1Mzc3Njc0MjQiLCJhdmF0YXIiOiJodHRwczovL2F2YXRhcnMwLmdpdGh1YnVzZXJjb250ZW50LmNvbS91LzQyMjkzNzU4P3M9NDYwJnU9MjFiNjcyZmZmNmUzNDcxNzJiMWRmOWQ3ZWJmMjE2ZTljNGM5YzlmYiZ2PTQiLCJleHAiOjE1OTcwNjcwNDksImVtYWlsIjoiYWRtaW5AZXhhbXBsZS5jb20ifQ.OW_cQbZUeyhiJlufk7bQ7IQGqL_wtdrkx9dgYZWXSPk
[2020/08/10-21:47:23][main][INFO ][net.blog.BlogApplication]:BlogApplication run...
[2020/08/10-21:47:24][main][INFO ][net.blog.BlogApplication]:Starting BlogApplication on Innovation with PID 9000 (D:\Codes\BlogSystem\target\classes started by ETNJL in D:\Codes\BlogSystem)
[2020/08/10-21:47:24][main][INFO ][net.blog.BlogApplication]:No active profile set, falling back to default profiles: default
[2020/08/10-21:47:31][main][INFO ][net.blog.BlogApplication]:Started BlogApplication in 7.245 seconds (JVM running for 8.321)
[2020/08/10-21:47:34][http-nio-8081-exec-2][INFO ][net.blog.services.impl.UserServiceImpl]:checkUser tokenKey == > 9fd96e91b447038b1c57ec993de38e75
[2020/08/10-21:47:35][http-nio-8081-exec-2][INFO ][net.blog.services.impl.UserServiceImpl]:parseByTokenKey token == >eyJhbGciOiJIUzI1NiJ9.eyJ1c2VyX25hbWUiOiJBZG1pbkNodWFuIiwicm9sZXMiOiJyb2xlX2FkbWluIiwic2lnbiI6IkxCV05CIiwiaWQiOiI3NDE2MjY0ODU1Mzc3Njc0MjQiLCJhdmF0YXIiOiJodHRwczovL2F2YXRhcnMwLmdpdGh1YnVzZXJjb250ZW50LmNvbS91LzQyMjkzNzU4P3M9NDYwJnU9MjFiNjcyZmZmNmUzNDcxNzJiMWRmOWQ3ZWJmMjE2ZTljNGM5YzlmYiZ2PTQiLCJleHAiOjE1OTcwNjcwNDksImVtYWlsIjoiYWRtaW5AZXhhbXBsZS5jb20ifQ.OW_cQbZUeyhiJlufk7bQ7IQGqL_wtdrkx9dgYZWXSPk
[2020/08/10-21:47:35][http-nio-8081-exec-2][INFO ][net.blog.services.impl.UserServiceImpl]:parseByTokenKey == >9fd96e91b447038b1c57ec993de38e75expired
[2020/08/10-21:47:35][http-nio-8081-exec-2][INFO ][net.blog.services.impl.UserServiceImpl]:deleteResult of refresh token...1
[2020/08/10-21:47:35][http-nio-8081-exec-2][INFO ][net.blog.services.impl.UserServiceImpl]:create new token and refresh token...
[2020/08/10-21:47:35][http-nio-8081-exec-2][INFO ][net.blog.services.impl.UserServiceImpl]:parseByTokenKey token == >eyJhbGciOiJIUzI1NiJ9.eyJ1c2VyX25hbWUiOiJBZG1pbkNodWFuIiwicm9sZXMiOiJyb2xlX2FkbWluIiwic2lnbiI6IkxCV05CIiwiaWQiOiI3NDE2MjY0ODU1Mzc3Njc0MjQiLCJhdmF0YXIiOiJodHRwczovL2F2YXRhcnMwLmdpdGh1YnVzZXJjb250ZW50LmNvbS91LzQyMjkzNzU4P3M9NDYwJnU9MjFiNjcyZmZmNmUzNDcxNzJiMWRmOWQ3ZWJmMjE2ZTljNGM5YzlmYiZ2PTQiLCJleHAiOjE1OTcwNjcyNTgsImVtYWlsIjoiYWRtaW5AZXhhbXBsZS5jb20ifQ.k_aaRERiY8oMpJW3qnM0ePwB-ZliuN9tbMHSxA4_iL8
[2020/08/10-21:47:36][http-nio-8081-exec-4][INFO ][net.blog.services.impl.UserServiceImpl]:checkUser tokenKey == > c43a7e9bf717b1fdc566bf9e7299071b
[2020/08/10-21:47:36][http-nio-8081-exec-4][INFO ][net.blog.services.impl.UserServiceImpl]:parseByTokenKey token == >eyJhbGciOiJIUzI1NiJ9.eyJ1c2VyX25hbWUiOiJBZG1pbkNodWFuIiwicm9sZXMiOiJyb2xlX2FkbWluIiwic2lnbiI6IkxCV05CIiwiaWQiOiI3NDE2MjY0ODU1Mzc3Njc0MjQiLCJhdmF0YXIiOiJodHRwczovL2F2YXRhcnMwLmdpdGh1YnVzZXJjb250ZW50LmNvbS91LzQyMjkzNzU4P3M9NDYwJnU9MjFiNjcyZmZmNmUzNDcxNzJiMWRmOWQ3ZWJmMjE2ZTljNGM5YzlmYiZ2PTQiLCJleHAiOjE1OTcwNjcyNTgsImVtYWlsIjoiYWRtaW5AZXhhbXBsZS5jb20ifQ.k_aaRERiY8oMpJW3qnM0ePwB-ZliuN9tbMHSxA4_iL8
[2020/08/10-21:47:36][http-nio-8081-exec-5][INFO ][net.blog.services.impl.UserServiceImpl]:checkUser tokenKey == > c43a7e9bf717b1fdc566bf9e7299071b
[2020/08/10-21:47:36][http-nio-8081-exec-5][INFO ][net.blog.services.impl.UserServiceImpl]:parseByTokenKey token == >eyJhbGciOiJIUzI1NiJ9.eyJ1c2VyX25hbWUiOiJBZG1pbkNodWFuIiwicm9sZXMiOiJyb2xlX2FkbWluIiwic2lnbiI6IkxCV05CIiwiaWQiOiI3NDE2MjY0ODU1Mzc3Njc0MjQiLCJhdmF0YXIiOiJodHRwczovL2F2YXRhcnMwLmdpdGh1YnVzZXJjb250ZW50LmNvbS91LzQyMjkzNzU4P3M9NDYwJnU9MjFiNjcyZmZmNmUzNDcxNzJiMWRmOWQ3ZWJmMjE2ZTljNGM5YzlmYiZ2PTQiLCJleHAiOjE1OTcwNjcyNTgsImVtYWlsIjoiYWRtaW5AZXhhbXBsZS5jb20ifQ.k_aaRERiY8oMpJW3qnM0ePwB-ZliuN9tbMHSxA4_iL8
[2020/08/10-21:47:37][http-nio-8081-exec-8][INFO ][net.blog.services.impl.UserServiceImpl]:checkUser tokenKey == > c43a7e9bf717b1fdc566bf9e7299071b
[2020/08/10-21:47:37][http-nio-8081-exec-8][INFO ][net.blog.services.impl.UserServiceImpl]:parseByTokenKey token == >eyJhbGciOiJIUzI1NiJ9.eyJ1c2VyX25hbWUiOiJBZG1pbkNodWFuIiwicm9sZXMiOiJyb2xlX2FkbWluIiwic2lnbiI6IkxCV05CIiwiaWQiOiI3NDE2MjY0ODU1Mzc3Njc0MjQiLCJhdmF0YXIiOiJodHRwczovL2F2YXRhcnMwLmdpdGh1YnVzZXJjb250ZW50LmNvbS91LzQyMjkzNzU4P3M9NDYwJnU9MjFiNjcyZmZmNmUzNDcxNzJiMWRmOWQ3ZWJmMjE2ZTljNGM5YzlmYiZ2PTQiLCJleHAiOjE1OTcwNjcyNTgsImVtYWlsIjoiYWRtaW5AZXhhbXBsZS5jb20ifQ.k_aaRERiY8oMpJW3qnM0ePwB-ZliuN9tbMHSxA4_iL8
[2020/08/10-21:49:38][main][INFO ][net.blog.BlogApplication]:BlogApplication run...
[2020/08/10-21:49:38][main][INFO ][net.blog.BlogApplication]:Starting BlogApplication on Innovation with PID 2364 (D:\Codes\BlogSystem\target\classes started by ETNJL in D:\Codes\BlogSystem)
[2020/08/10-21:49:38][main][INFO ][net.blog.BlogApplication]:No active profile set, falling back to default profiles: default
[2020/08/10-21:49:45][main][INFO ][net.blog.BlogApplication]:Started BlogApplication in 6.876 seconds (JVM running for 7.99)
[2020/08/10-21:49:53][http-nio-8081-exec-2][INFO ][net.blog.services.impl.UserServiceImpl]:checkUser tokenKey == > c43a7e9bf717b1fdc566bf9e7299071b
[2020/08/10-21:49:54][http-nio-8081-exec-2][INFO ][net.blog.services.impl.UserServiceImpl]:parseByTokenKey token == >eyJhbGciOiJIUzI1NiJ9.eyJ1c2VyX25hbWUiOiJBZG1pbkNodWFuIiwicm9sZXMiOiJyb2xlX2FkbWluIiwic2lnbiI6IkxCV05CIiwiaWQiOiI3NDE2MjY0ODU1Mzc3Njc0MjQiLCJhdmF0YXIiOiJodHRwczovL2F2YXRhcnMwLmdpdGh1YnVzZXJjb250ZW50LmNvbS91LzQyMjkzNzU4P3M9NDYwJnU9MjFiNjcyZmZmNmUzNDcxNzJiMWRmOWQ3ZWJmMjE2ZTljNGM5YzlmYiZ2PTQiLCJleHAiOjE1OTcwNjcyNTgsImVtYWlsIjoiYWRtaW5AZXhhbXBsZS5jb20ifQ.k_aaRERiY8oMpJW3qnM0ePwB-ZliuN9tbMHSxA4_iL8
[2020/08/10-21:49:54][http-nio-8081-exec-2][INFO ][net.blog.services.impl.UserServiceImpl]:parseByTokenKey == >c43a7e9bf717b1fdc566bf9e7299071bexpired
[2020/08/10-21:49:54][http-nio-8081-exec-2][INFO ][net.blog.services.impl.UserServiceImpl]:deleteResult of refresh token...1
[2020/08/10-21:49:54][http-nio-8081-exec-2][INFO ][net.blog.services.impl.UserServiceImpl]:create new token and refresh token...
[2020/08/10-21:49:54][http-nio-8081-exec-2][INFO ][net.blog.services.impl.UserServiceImpl]:parseByTokenKey token == >eyJhbGciOiJIUzI1NiJ9.eyJ1c2VyX25hbWUiOiJBZG1pbkNodWFuIiwicm9sZXMiOiJyb2xlX2FkbWluIiwic2lnbiI6IkxCV05CIiwiaWQiOiI3NDE2MjY0ODU1Mzc3Njc0MjQiLCJhdmF0YXIiOiJodHRwczovL2F2YXRhcnMwLmdpdGh1YnVzZXJjb250ZW50LmNvbS91LzQyMjkzNzU4P3M9NDYwJnU9MjFiNjcyZmZmNmUzNDcxNzJiMWRmOWQ3ZWJmMjE2ZTljNGM5YzlmYiZ2PTQiLCJleHAiOjE1OTcwNjczOTgsImVtYWlsIjoiYWRtaW5AZXhhbXBsZS5jb20ifQ.fo7ToBztneW495ZsnPIwPTa_8aHaK9PLJHDd4cDHsBc
[2020/08/10-21:50:40][http-nio-8081-exec-3][INFO ][net.blog.services.impl.UserServiceImpl]:checkUser tokenKey == > 8720a54f84b18270427d7f03d42b0202
[2020/08/10-21:50:40][http-nio-8081-exec-3][INFO ][net.blog.services.impl.UserServiceImpl]:parseByTokenKey token == >eyJhbGciOiJIUzI1NiJ9.eyJ1c2VyX25hbWUiOiJBZG1pbkNodWFuIiwicm9sZXMiOiJyb2xlX2FkbWluIiwic2lnbiI6IkxCV05CIiwiaWQiOiI3NDE2MjY0ODU1Mzc3Njc0MjQiLCJhdmF0YXIiOiJodHRwczovL2F2YXRhcnMwLmdpdGh1YnVzZXJjb250ZW50LmNvbS91LzQyMjkzNzU4P3M9NDYwJnU9MjFiNjcyZmZmNmUzNDcxNzJiMWRmOWQ3ZWJmMjE2ZTljNGM5YzlmYiZ2PTQiLCJleHAiOjE1OTcwNjczOTgsImVtYWlsIjoiYWRtaW5AZXhhbXBsZS5jb20ifQ.fo7ToBztneW495ZsnPIwPTa_8aHaK9PLJHDd4cDHsBc
[2020/08/10-21:50:40][http-nio-8081-exec-3][INFO ][net.blog.services.impl.UserServiceImpl]:parseByTokenKey == >8720a54f84b18270427d7f03d42b0202expired
[2020/08/10-21:50:40][http-nio-8081-exec-3][INFO ][net.blog.services.impl.UserServiceImpl]:deleteResult of refresh token...1
[2020/08/10-21:50:40][http-nio-8081-exec-3][INFO ][net.blog.services.impl.UserServiceImpl]:create new token and refresh token...
[2020/08/10-21:50:40][http-nio-8081-exec-3][INFO ][net.blog.services.impl.UserServiceImpl]:parseByTokenKey token == >eyJhbGciOiJIUzI1NiJ9.eyJ1c2VyX25hbWUiOiJBZG1pbkNodWFuIiwicm9sZXMiOiJyb2xlX2FkbWluIiwic2lnbiI6IkxCV05CIiwiaWQiOiI3NDE2MjY0ODU1Mzc3Njc0MjQiLCJhdmF0YXIiOiJodHRwczovL2F2YXRhcnMwLmdpdGh1YnVzZXJjb250ZW50LmNvbS91LzQyMjkzNzU4P3M9NDYwJnU9MjFiNjcyZmZmNmUzNDcxNzJiMWRmOWQ3ZWJmMjE2ZTljNGM5YzlmYiZ2PTQiLCJleHAiOjE1OTcwNjc0NDMsImVtYWlsIjoiYWRtaW5AZXhhbXBsZS5jb20ifQ.Qh7sp92C3lua-8Ua-6BfTlfp4-bYG0TUR_LpEoV-VNo
[2020/08/10-22:07:47][main][INFO ][net.blog.BlogApplication]:BlogApplication run...
[2020/08/10-22:07:47][main][INFO ][net.blog.BlogApplication]:Starting BlogApplication on Innovation with PID 6552 (D:\Codes\BlogSystem\target\classes started by ETNJL in D:\Codes\BlogSystem)
[2020/08/10-22:07:47][main][INFO ][net.blog.BlogApplication]:No active profile set, falling back to default profiles: default
[2020/08/10-22:07:55][main][INFO ][net.blog.BlogApplication]:Started BlogApplication in 7.93 seconds (JVM running for 9.093)
[2020/08/10-22:08:23][http-nio-8081-exec-1][INFO ][net.blog.services.impl.UserServiceImpl]:checkUser tokenKey == > bf8e83f5b20622eeee76eaae144ae48c
[2020/08/10-22:08:24][http-nio-8081-exec-1][INFO ][net.blog.services.impl.UserServiceImpl]:parseByTokenKey token == >eyJhbGciOiJIUzI1NiJ9.eyJ1c2VyX25hbWUiOiJBZG1pbkNodWFuIiwicm9sZXMiOiJyb2xlX2FkbWluIiwic2lnbiI6IkxCV05CIiwiaWQiOiI3NDE2MjY0ODU1Mzc3Njc0MjQiLCJhdmF0YXIiOiJodHRwczovL2F2YXRhcnMwLmdpdGh1YnVzZXJjb250ZW50LmNvbS91LzQyMjkzNzU4P3M9NDYwJnU9MjFiNjcyZmZmNmUzNDcxNzJiMWRmOWQ3ZWJmMjE2ZTljNGM5YzlmYiZ2PTQiLCJleHAiOjE1OTcwNjc0NDMsImVtYWlsIjoiYWRtaW5AZXhhbXBsZS5jb20ifQ.Qh7sp92C3lua-8Ua-6BfTlfp4-bYG0TUR_LpEoV-VNo
[2020/08/10-22:08:24][http-nio-8081-exec-1][INFO ][net.blog.services.impl.UserServiceImpl]:parseByTokenKey == >bf8e83f5b20622eeee76eaae144ae48cexpired
[2020/08/10-22:08:24][http-nio-8081-exec-1][INFO ][net.blog.services.impl.UserServiceImpl]:deleteResult of refresh token...1
[2020/08/10-22:08:24][http-nio-8081-exec-1][INFO ][net.blog.services.impl.UserServiceImpl]:create new token and refresh token...
[2020/08/10-22:08:24][http-nio-8081-exec-1][INFO ][net.blog.services.impl.UserServiceImpl]:parseByTokenKey token == >eyJhbGciOiJIUzI1NiJ9.eyJ1c2VyX25hbWUiOiJBZG1pbkNodWFuIiwicm9sZXMiOiJyb2xlX2FkbWluIiwic2lnbiI6IkxCV05CIiwiaWQiOiI3NDE2MjY0ODU1Mzc3Njc0MjQiLCJhdmF0YXIiOiJodHRwczovL2F2YXRhcnMwLmdpdGh1YnVzZXJjb250ZW50LmNvbS91LzQyMjkzNzU4P3M9NDYwJnU9MjFiNjcyZmZmNmUzNDcxNzJiMWRmOWQ3ZWJmMjE2ZTljNGM5YzlmYiZ2PTQiLCJleHAiOjE1OTcwNjg1MDgsImVtYWlsIjoiYWRtaW5AZXhhbXBsZS5jb20ifQ.TsjmEXuCWEzofrQKzj8tarDg01zF3ZzgusS3NoRyWAY
[2020/08/10-22:08:34][http-nio-8081-exec-3][INFO ][net.blog.services.impl.UserServiceImpl]:checkUser tokenKey == > 8b3640469d3354c500c4ed41b5d060c5
[2020/08/10-22:08:34][http-nio-8081-exec-3][INFO ][net.blog.services.impl.UserServiceImpl]:parseByTokenKey token == >eyJhbGciOiJIUzI1NiJ9.eyJ1c2VyX25hbWUiOiJBZG1pbkNodWFuIiwicm9sZXMiOiJyb2xlX2FkbWluIiwic2lnbiI6IkxCV05CIiwiaWQiOiI3NDE2MjY0ODU1Mzc3Njc0MjQiLCJhdmF0YXIiOiJodHRwczovL2F2YXRhcnMwLmdpdGh1YnVzZXJjb250ZW50LmNvbS91LzQyMjkzNzU4P3M9NDYwJnU9MjFiNjcyZmZmNmUzNDcxNzJiMWRmOWQ3ZWJmMjE2ZTljNGM5YzlmYiZ2PTQiLCJleHAiOjE1OTcwNjg1MDgsImVtYWlsIjoiYWRtaW5AZXhhbXBsZS5jb20ifQ.TsjmEXuCWEzofrQKzj8tarDg01zF3ZzgusS3NoRyWAY
[2020/08/10-22:08:34][http-nio-8081-exec-3][INFO ][net.blog.services.impl.UserServiceImpl]:parseByTokenKey == >8b3640469d3354c500c4ed41b5d060c5expired
[2020/08/10-22:08:34][http-nio-8081-exec-3][INFO ][net.blog.services.impl.UserServiceImpl]:deleteResult of refresh token...1
[2020/08/10-22:08:34][http-nio-8081-exec-3][INFO ][net.blog.services.impl.UserServiceImpl]:create new token and refresh token...
[2020/08/10-22:08:34][http-nio-8081-exec-3][INFO ][net.blog.services.impl.UserServiceImpl]:parseByTokenKey token == >eyJhbGciOiJIUzI1NiJ9.eyJ1c2VyX25hbWUiOiJBZG1pbkNodWFuIiwicm9sZXMiOiJyb2xlX2FkbWluIiwic2lnbiI6IkxCV05CIiwiaWQiOiI3NDE2MjY0ODU1Mzc3Njc0MjQiLCJhdmF0YXIiOiJodHRwczovL2F2YXRhcnMwLmdpdGh1YnVzZXJjb250ZW50LmNvbS91LzQyMjkzNzU4P3M9NDYwJnU9MjFiNjcyZmZmNmUzNDcxNzJiMWRmOWQ3ZWJmMjE2ZTljNGM5YzlmYiZ2PTQiLCJleHAiOjE1OTcwNjg1MTgsImVtYWlsIjoiYWRtaW5AZXhhbXBsZS5jb20ifQ.vkB_ch_K95tb6njL-sutSJjFARKb_YkuFRifWgISv1c
[2020/08/10-22:09:21][http-nio-8081-exec-9][INFO ][net.blog.services.impl.UserServiceImpl]:checkUser tokenKey == > 6b44e8ae1faff6d36d32446fc7cd4821
[2020/08/10-22:09:21][http-nio-8081-exec-9][INFO ][net.blog.services.impl.UserServiceImpl]:parseByTokenKey token == >eyJhbGciOiJIUzI1NiJ9.eyJ1c2VyX25hbWUiOiJBZG1pbkNodWFuIiwicm9sZXMiOiJyb2xlX2FkbWluIiwic2lnbiI6IkxCV05CIiwiaWQiOiI3NDE2MjY0ODU1Mzc3Njc0MjQiLCJhdmF0YXIiOiJodHRwczovL2F2YXRhcnMwLmdpdGh1YnVzZXJjb250ZW50LmNvbS91LzQyMjkzNzU4P3M9NDYwJnU9MjFiNjcyZmZmNmUzNDcxNzJiMWRmOWQ3ZWJmMjE2ZTljNGM5YzlmYiZ2PTQiLCJleHAiOjE1OTcwNjg1MTgsImVtYWlsIjoiYWRtaW5AZXhhbXBsZS5jb20ifQ.vkB_ch_K95tb6njL-sutSJjFARKb_YkuFRifWgISv1c
[2020/08/10-22:09:21][http-nio-8081-exec-9][INFO ][net.blog.services.impl.UserServiceImpl]:parseByTokenKey == >6b44e8ae1faff6d36d32446fc7cd4821expired
[2020/08/10-22:09:21][http-nio-8081-exec-9][INFO ][net.blog.services.impl.UserServiceImpl]:deleteResult of refresh token...1
[2020/08/10-22:09:21][http-nio-8081-exec-9][INFO ][net.blog.services.impl.UserServiceImpl]:create new token and refresh token...
[2020/08/10-22:09:21][http-nio-8081-exec-9][INFO ][net.blog.services.impl.UserServiceImpl]:parseByTokenKey token == >eyJhbGciOiJIUzI1NiJ9.eyJ1c2VyX25hbWUiOiJBZG1pbkNodWFuIiwicm9sZXMiOiJyb2xlX2FkbWluIiwic2lnbiI6IkxCV05CIiwiaWQiOiI3NDE2MjY0ODU1Mzc3Njc0MjQiLCJhdmF0YXIiOiJodHRwczovL2F2YXRhcnMwLmdpdGh1YnVzZXJjb250ZW50LmNvbS91LzQyMjkzNzU4P3M9NDYwJnU9MjFiNjcyZmZmNmUzNDcxNzJiMWRmOWQ3ZWJmMjE2ZTljNGM5YzlmYiZ2PTQiLCJleHAiOjE1OTcwNjg1NjUsImVtYWlsIjoiYWRtaW5AZXhhbXBsZS5jb20ifQ.ImQkXn9uuCwAdEAk-q63GueDJh-5Qi_N4U9k9IzDgkc
[2020/08/10-22:09:27][http-nio-8081-exec-10][INFO ][net.blog.services.impl.UserServiceImpl]:checkUser tokenKey == > 00a6f1d1572bc3b45c1343f2f499239b
[2020/08/10-22:09:27][http-nio-8081-exec-10][INFO ][net.blog.services.impl.UserServiceImpl]:parseByTokenKey token == >eyJhbGciOiJIUzI1NiJ9.eyJ1c2VyX25hbWUiOiJBZG1pbkNodWFuIiwicm9sZXMiOiJyb2xlX2FkbWluIiwic2lnbiI6IkxCV05CIiwiaWQiOiI3NDE2MjY0ODU1Mzc3Njc0MjQiLCJhdmF0YXIiOiJodHRwczovL2F2YXRhcnMwLmdpdGh1YnVzZXJjb250ZW50LmNvbS91LzQyMjkzNzU4P3M9NDYwJnU9MjFiNjcyZmZmNmUzNDcxNzJiMWRmOWQ3ZWJmMjE2ZTljNGM5YzlmYiZ2PTQiLCJleHAiOjE1OTcwNjg1NjUsImVtYWlsIjoiYWRtaW5AZXhhbXBsZS5jb20ifQ.ImQkXn9uuCwAdEAk-q63GueDJh-5Qi_N4U9k9IzDgkc
[2020/08/10-22:09:27][http-nio-8081-exec-10][INFO ][net.blog.services.impl.UserServiceImpl]:parseByTokenKey == >00a6f1d1572bc3b45c1343f2f499239bexpired
[2020/08/10-22:09:27][http-nio-8081-exec-10][INFO ][net.blog.services.impl.UserServiceImpl]:deleteResult of refresh token...1
[2020/08/10-22:09:27][http-nio-8081-exec-10][INFO ][net.blog.services.impl.UserServiceImpl]:create new token and refresh token...
[2020/08/10-22:09:27][http-nio-8081-exec-10][INFO ][net.blog.services.impl.UserServiceImpl]:parseByTokenKey token == >eyJhbGciOiJIUzI1NiJ9.eyJ1c2VyX25hbWUiOiJBZG1pbkNodWFuIiwicm9sZXMiOiJyb2xlX2FkbWluIiwic2lnbiI6IkxCV05CIiwiaWQiOiI3NDE2MjY0ODU1Mzc3Njc0MjQiLCJhdmF0YXIiOiJodHRwczovL2F2YXRhcnMwLmdpdGh1YnVzZXJjb250ZW50LmNvbS91LzQyMjkzNzU4P3M9NDYwJnU9MjFiNjcyZmZmNmUzNDcxNzJiMWRmOWQ3ZWJmMjE2ZTljNGM5YzlmYiZ2PTQiLCJleHAiOjE1OTcwNjg1NzAsImVtYWlsIjoiYWRtaW5AZXhhbXBsZS5jb20ifQ.Ojf8FnmEx7Iew1y6T1G672L3JW1mJs8k13IZHKUwcBM
